<?xml version="1.0" encoding="UTF-8" ?>
<testsuite tests="2" failures="0" name="com.jk.ndt.etl.controller.AdminTest" time="0.231" errors="2" skipped="0">
  <properties>
    <property name="java.runtime.name" value="Java(TM) SE Runtime Environment"/>
    <property name="sun.boot.library.path" value="E:\Program Files\Java\jdk1.8.0_131\jre\bin"/>
    <property name="java.vm.version" value="25.131-b11"/>
    <property name="java.vm.vendor" value="Oracle Corporation"/>
    <property name="maven.multiModuleProjectDirectory" value="F:\working\code\ndt-etl"/>
    <property name="java.vendor.url" value="http://java.oracle.com/"/>
    <property name="path.separator" value=";"/>
    <property name="guice.disable.misplaced.annotation.check" value="true"/>
    <property name="java.vm.name" value="Java HotSpot(TM) 64-Bit Server VM"/>
    <property name="file.encoding.pkg" value="sun.io"/>
    <property name="user.script" value=""/>
    <property name="user.country" value="CN"/>
    <property name="sun.java.launcher" value="SUN_STANDARD"/>
    <property name="sun.os.patch.level" value="Service Pack 1"/>
    <property name="java.vm.specification.name" value="Java Virtual Machine Specification"/>
    <property name="user.dir" value="F:\working\code\ndt-etl"/>
    <property name="java.runtime.version" value="1.8.0_131-b11"/>
    <property name="java.awt.graphicsenv" value="sun.awt.Win32GraphicsEnvironment"/>
    <property name="java.endorsed.dirs" value="E:\Program Files\Java\jdk1.8.0_131\jre\lib\endorsed"/>
    <property name="os.arch" value="amd64"/>
    <property name="java.io.tmpdir" value="C:\Users\hasee\AppData\Local\Temp\"/>
    <property name="line.separator" value="
"/>
    <property name="java.vm.specification.vendor" value="Oracle Corporation"/>
    <property name="user.variant" value=""/>
    <property name="os.name" value="Windows 7"/>
    <property name="classworlds.conf" value="E:\workthings\developtools\workspace\.metadata\.plugins\org.eclipse.m2e.launching\launches\m2conf5952116365179954811.tmp"/>
    <property name="sun.jnu.encoding" value="GBK"/>
    <property name="java.library.path" value="E:\Program Files\Java\jdk1.8.0_131\bin;C:\Windows\Sun\Java\bin;C:\Windows\system32;C:\Windows;E:/Program Files/Java/jre1.8.0_131/bin/server;E:/Program Files/Java/jre1.8.0_131/bin;E:/Program Files/Java/jre1.8.0_131/lib/amd64;C:\ProgramData\Oracle\Java\javapath;C:\Program Files (x86)\NVIDIA Corporation\PhysX\Common;C:\Program Files (x86)\Intel\iCLS Client\;C:\Program Files\Intel\iCLS Client\;C:\Windows\system32;C:\Windows;C:\Windows\System32\Wbem;C:\Windows\System32\WindowsPowerShell\v1.0\;C:\Program Files\Intel\Intel(R) Management Engine Components\DAL;C:\Program Files\Intel\Intel(R) Management Engine Components\IPT;C:\Program Files (x86)\Intel\Intel(R) Management Engine Components\DAL;C:\Program Files (x86)\Intel\Intel(R) Management Engine Components\IPT;C:\Program Files\Intel\WiFi\bin\;C:\Program Files\Common Files\Intel\WirelessCommon\;E:\Program Files\Java\jdk1.8.0_131\bin;E:\Program Files\Java\jdk1.8.0_131\jre\bin;F:\apache-tomcat-8.0.44\lib;F:\apache-tomcat-8.0.44\bin;E:\Program Files\TortoiseSVN\bin;C:\Program Files\Intel\WiFi\bin\;C:\Program Files\Common Files\Intel\WirelessCommon\;F:\eclipse;;."/>
    <property name="java.specification.name" value="Java Platform API Specification"/>
    <property name="java.class.version" value="52.0"/>
    <property name="sun.management.compiler" value="HotSpot 64-Bit Tiered Compilers"/>
    <property name="os.version" value="6.1"/>
    <property name="user.home" value="C:\Users\hasee"/>
    <property name="user.timezone" value="Asia/Shanghai"/>
    <property name="java.awt.printerjob" value="sun.awt.windows.WPrinterJob"/>
    <property name="java.specification.version" value="1.8"/>
    <property name="file.encoding" value="UTF-8"/>
    <property name="user.name" value="hasee"/>
    <property name="java.class.path" value="/F:/eclipse/plugins/org.eclipse.m2e.maven.runtime_1.6.2.20150902-0001/jars/plexus-classworlds-2.5.2.jar"/>
    <property name="java.vm.specification.version" value="1.8"/>
    <property name="sun.arch.data.model" value="64"/>
    <property name="java.home" value="E:\Program Files\Java\jdk1.8.0_131\jre"/>
    <property name="sun.java.command" value="org.codehaus.plexus.classworlds.launcher.Launcher -B install"/>
    <property name="java.specification.vendor" value="Oracle Corporation"/>
    <property name="user.language" value="zh"/>
    <property name="awt.toolkit" value="sun.awt.windows.WToolkit"/>
    <property name="java.vm.info" value="mixed mode"/>
    <property name="java.version" value="1.8.0_131"/>
    <property name="java.ext.dirs" value="E:\Program Files\Java\jdk1.8.0_131\jre\lib\ext;C:\Windows\Sun\Java\lib\ext"/>
    <property name="sun.boot.class.path" value="E:\Program Files\Java\jdk1.8.0_131\jre\lib\resources.jar;E:\Program Files\Java\jdk1.8.0_131\jre\lib\rt.jar;E:\Program Files\Java\jdk1.8.0_131\jre\lib\sunrsasign.jar;E:\Program Files\Java\jdk1.8.0_131\jre\lib\jsse.jar;E:\Program Files\Java\jdk1.8.0_131\jre\lib\jce.jar;E:\Program Files\Java\jdk1.8.0_131\jre\lib\charsets.jar;E:\Program Files\Java\jdk1.8.0_131\jre\lib\jfr.jar;E:\Program Files\Java\jdk1.8.0_131\jre\classes"/>
    <property name="java.vendor" value="Oracle Corporation"/>
    <property name="maven.home" value="F:\working\code\ndt-etl\EMBEDDED"/>
    <property name="file.separator" value="\"/>
    <property name="java.vendor.url.bug" value="http://bugreport.sun.com/bugreport/"/>
    <property name="sun.cpu.endian" value="little"/>
    <property name="sun.io.unicode.encoding" value="UnicodeLittle"/>
    <property name="sun.desktop" value="windows"/>
    <property name="sun.cpu.isalist" value="amd64"/>
  </properties>
  <testcase classname="com.jk.ndt.etl.controller.AdminTest" name="getName" time="0.228">
    <error message="
### Error querying database.  Cause: java.sql.SQLSyntaxErrorException: ORA-00942: 表或视图不存在

### The error may exist in com/jk/ndt/etl/dao/system/AdminDao.xml
### The error may involve com.jk.ndt.etl.dao.system.AdminDao.getByName-Inline
### The error occurred while setting parameters
### SQL: SELECT  a.id,a.name,a.password,a.is_active,r.id role_id,r.name role_name,r.permissions from etl_admin a            LEFT JOIN  etl_roles r ON  r.id IN (             SELECT role_id FROM  etl_admin_role where admin_id=a.id            )            where a.name=? AND r.is_active=1
### Cause: java.sql.SQLSyntaxErrorException: ORA-00942: 表或视图不存在

; bad SQL grammar []; nested exception is java.sql.SQLSyntaxErrorException: ORA-00942: 表或视图不存在
" type="org.springframework.jdbc.BadSqlGrammarException">org.springframework.jdbc.BadSqlGrammarException: 
### Error querying database.  Cause: java.sql.SQLSyntaxErrorException: ORA-00942: 表或视图不存在

### The error may exist in com/jk/ndt/etl/dao/system/AdminDao.xml
### The error may involve com.jk.ndt.etl.dao.system.AdminDao.getByName-Inline
### The error occurred while setting parameters
### SQL: SELECT  a.id,a.name,a.password,a.is_active,r.id role_id,r.name role_name,r.permissions from etl_admin a            LEFT JOIN  etl_roles r ON  r.id IN (             SELECT role_id FROM  etl_admin_role where admin_id=a.id            )            where a.name=? AND r.is_active=1
### Cause: java.sql.SQLSyntaxErrorException: ORA-00942: 表或视图不存在

; bad SQL grammar []; nested exception is java.sql.SQLSyntaxErrorException: ORA-00942: 表或视图不存在

	at org.springframework.jdbc.support.SQLErrorCodeSQLExceptionTranslator.doTranslate(SQLErrorCodeSQLExceptionTranslator.java:231)
	at org.springframework.jdbc.support.AbstractFallbackSQLExceptionTranslator.translate(AbstractFallbackSQLExceptionTranslator.java:73)
	at org.mybatis.spring.MyBatisExceptionTranslator.translateExceptionIfPossible(MyBatisExceptionTranslator.java:73)
	at org.mybatis.spring.SqlSessionTemplate$SqlSessionInterceptor.invoke(SqlSessionTemplate.java:371)
	at com.sun.proxy.$Proxy25.selectOne(Unknown Source)
	at org.mybatis.spring.SqlSessionTemplate.selectOne(SqlSessionTemplate.java:163)
	at org.apache.ibatis.binding.MapperMethod.execute(MapperMethod.java:68)
	at org.apache.ibatis.binding.MapperProxy.invoke(MapperProxy.java:52)
	at com.sun.proxy.$Proxy27.getByName(Unknown Source)
	at com.jk.ndt.etl.service.system.impl.AdminServiceImpl.getByName(AdminServiceImpl.java:27)
	at com.jk.ndt.etl.service.system.impl.AdminServiceImpl$$FastClassBySpringCGLIB$$a811f92f.invoke(&lt;generated&gt;)
	at org.springframework.cglib.proxy.MethodProxy.invoke(MethodProxy.java:204)
	at org.springframework.aop.framework.CglibAopProxy$CglibMethodInvocation.invokeJoinpoint(CglibAopProxy.java:717)
	at org.springframework.aop.framework.ReflectiveMethodInvocation.proceed(ReflectiveMethodInvocation.java:157)
	at org.springframework.transaction.interceptor.TransactionInterceptor$1.proceedWithInvocation(TransactionInterceptor.java:98)
	at org.springframework.transaction.interceptor.TransactionAspectSupport.invokeWithinTransaction(TransactionAspectSupport.java:266)
	at org.springframework.transaction.interceptor.TransactionInterceptor.invoke(TransactionInterceptor.java:95)
	at org.springframework.aop.framework.ReflectiveMethodInvocation.proceed(ReflectiveMethodInvocation.java:179)
	at org.springframework.aop.interceptor.ExposeInvocationInterceptor.invoke(ExposeInvocationInterceptor.java:92)
	at org.springframework.aop.framework.ReflectiveMethodInvocation.proceed(ReflectiveMethodInvocation.java:179)
	at org.springframework.aop.framework.CglibAopProxy$DynamicAdvisedInterceptor.intercept(CglibAopProxy.java:653)
	at com.jk.ndt.etl.service.system.impl.AdminServiceImpl$$EnhancerBySpringCGLIB$$b5c848ca.getByName(&lt;generated&gt;)
	at com.jk.ndt.etl.controller.AdminTest.getName(AdminTest.java:31)
	at sun.reflect.NativeMethodAccessorImpl.invoke0(Native Method)
	at sun.reflect.NativeMethodAccessorImpl.invoke(NativeMethodAccessorImpl.java:62)
	at sun.reflect.DelegatingMethodAccessorImpl.invoke(DelegatingMethodAccessorImpl.java:43)
	at java.lang.reflect.Method.invoke(Method.java:498)
	at org.junit.runners.model.FrameworkMethod$1.runReflectiveCall(FrameworkMethod.java:50)
	at org.junit.internal.runners.model.ReflectiveCallable.run(ReflectiveCallable.java:12)
	at org.junit.runners.model.FrameworkMethod.invokeExplosively(FrameworkMethod.java:47)
	at org.junit.internal.runners.statements.InvokeMethod.evaluate(InvokeMethod.java:17)
	at org.springframework.test.context.junit4.statements.RunBeforeTestMethodCallbacks.evaluate(RunBeforeTestMethodCallbacks.java:72)
	at org.springframework.test.context.junit4.statements.RunAfterTestMethodCallbacks.evaluate(RunAfterTestMethodCallbacks.java:81)
	at org.springframework.test.context.junit4.statements.SpringRepeat.evaluate(SpringRepeat.java:72)
	at org.junit.runners.ParentRunner.runLeaf(ParentRunner.java:325)
	at org.springframework.test.context.junit4.SpringJUnit4ClassRunner.runChild(SpringJUnit4ClassRunner.java:216)
	at org.springframework.test.context.junit4.SpringJUnit4ClassRunner.runChild(SpringJUnit4ClassRunner.java:82)
	at org.junit.runners.ParentRunner$3.run(ParentRunner.java:290)
	at org.junit.runners.ParentRunner$1.schedule(ParentRunner.java:71)
	at org.junit.runners.ParentRunner.runChildren(ParentRunner.java:288)
	at org.junit.runners.ParentRunner.access$000(ParentRunner.java:58)
	at org.junit.runners.ParentRunner$2.evaluate(ParentRunner.java:268)
	at org.springframework.test.context.junit4.statements.RunBeforeTestClassCallbacks.evaluate(RunBeforeTestClassCallbacks.java:60)
	at org.springframework.test.context.junit4.statements.RunAfterTestClassCallbacks.evaluate(RunAfterTestClassCallbacks.java:67)
	at org.junit.runners.ParentRunner.run(ParentRunner.java:363)
	at org.springframework.test.context.junit4.SpringJUnit4ClassRunner.run(SpringJUnit4ClassRunner.java:162)
	at org.apache.maven.surefire.junit4.JUnit4Provider.execute(JUnit4Provider.java:252)
	at org.apache.maven.surefire.junit4.JUnit4Provider.executeTestSet(JUnit4Provider.java:141)
	at org.apache.maven.surefire.junit4.JUnit4Provider.invoke(JUnit4Provider.java:112)
	at sun.reflect.NativeMethodAccessorImpl.invoke0(Native Method)
	at sun.reflect.NativeMethodAccessorImpl.invoke(NativeMethodAccessorImpl.java:62)
	at sun.reflect.DelegatingMethodAccessorImpl.invoke(DelegatingMethodAccessorImpl.java:43)
	at java.lang.reflect.Method.invoke(Method.java:498)
	at org.apache.maven.surefire.util.ReflectionUtils.invokeMethodWithArray(ReflectionUtils.java:189)
	at org.apache.maven.surefire.booter.ProviderFactory$ProviderProxy.invoke(ProviderFactory.java:165)
	at org.apache.maven.surefire.booter.ProviderFactory.invokeProvider(ProviderFactory.java:85)
	at org.apache.maven.surefire.booter.ForkedBooter.runSuitesInProcess(ForkedBooter.java:115)
	at org.apache.maven.surefire.booter.ForkedBooter.main(ForkedBooter.java:75)
Caused by: java.sql.SQLSyntaxErrorException: ORA-00942: 表或视图不存在

	at oracle.jdbc.driver.T4CTTIoer.processError(T4CTTIoer.java:450)
	at oracle.jdbc.driver.T4CTTIoer.processError(T4CTTIoer.java:399)
	at oracle.jdbc.driver.T4C8Oall.processError(T4C8Oall.java:1059)
	at oracle.jdbc.driver.T4CTTIfun.receive(T4CTTIfun.java:522)
	at oracle.jdbc.driver.T4CTTIfun.doRPC(T4CTTIfun.java:257)
	at oracle.jdbc.driver.T4C8Oall.doOALL(T4C8Oall.java:587)
	at oracle.jdbc.driver.T4CPreparedStatement.doOall8(T4CPreparedStatement.java:225)
	at oracle.jdbc.driver.T4CPreparedStatement.doOall8(T4CPreparedStatement.java:53)
	at oracle.jdbc.driver.T4CPreparedStatement.executeForDescribe(T4CPreparedStatement.java:774)
	at oracle.jdbc.driver.OracleStatement.executeMaybeDescribe(OracleStatement.java:925)
	at oracle.jdbc.driver.OracleStatement.doExecuteWithTimeout(OracleStatement.java:1111)
	at oracle.jdbc.driver.OraclePreparedStatement.executeInternal(OraclePreparedStatement.java:4798)
	at oracle.jdbc.driver.OraclePreparedStatement.execute(OraclePreparedStatement.java:4901)
	at oracle.jdbc.driver.OraclePreparedStatementWrapper.execute(OraclePreparedStatementWrapper.java:1385)
	at com.alibaba.druid.pool.DruidPooledPreparedStatement.execute(DruidPooledPreparedStatement.java:493)
	at sun.reflect.NativeMethodAccessorImpl.invoke0(Native Method)
	at sun.reflect.NativeMethodAccessorImpl.invoke(NativeMethodAccessorImpl.java:62)
	at sun.reflect.DelegatingMethodAccessorImpl.invoke(DelegatingMethodAccessorImpl.java:43)
	at java.lang.reflect.Method.invoke(Method.java:498)
	at org.apache.ibatis.logging.jdbc.PreparedStatementLogger.invoke(PreparedStatementLogger.java:62)
	at com.sun.proxy.$Proxy51.execute(Unknown Source)
	at org.apache.ibatis.executor.statement.PreparedStatementHandler.query(PreparedStatementHandler.java:59)
	at org.apache.ibatis.executor.statement.RoutingStatementHandler.query(RoutingStatementHandler.java:73)
	at org.apache.ibatis.executor.SimpleExecutor.doQuery(SimpleExecutor.java:60)
	at org.apache.ibatis.executor.BaseExecutor.queryFromDatabase(BaseExecutor.java:267)
	at org.apache.ibatis.executor.BaseExecutor.query(BaseExecutor.java:137)
	at org.apache.ibatis.executor.CachingExecutor.query(CachingExecutor.java:96)
	at org.apache.ibatis.executor.CachingExecutor.query(CachingExecutor.java:77)
	at sun.reflect.NativeMethodAccessorImpl.invoke0(Native Method)
	at sun.reflect.NativeMethodAccessorImpl.invoke(NativeMethodAccessorImpl.java:62)
	at sun.reflect.DelegatingMethodAccessorImpl.invoke(DelegatingMethodAccessorImpl.java:43)
	at java.lang.reflect.Method.invoke(Method.java:498)
	at org.apache.ibatis.plugin.Invocation.proceed(Invocation.java:49)
	at com.github.pagehelper.PageHelper.intercept(PageHelper.java:135)
	at org.apache.ibatis.plugin.Plugin.invoke(Plugin.java:60)
	at com.sun.proxy.$Proxy49.query(Unknown Source)
	at org.apache.ibatis.session.defaults.DefaultSqlSession.selectList(DefaultSqlSession.java:108)
	at org.apache.ibatis.session.defaults.DefaultSqlSession.selectList(DefaultSqlSession.java:102)
	at org.apache.ibatis.session.defaults.DefaultSqlSession.selectOne(DefaultSqlSession.java:66)
	at sun.reflect.NativeMethodAccessorImpl.invoke0(Native Method)
	at sun.reflect.NativeMethodAccessorImpl.invoke(NativeMethodAccessorImpl.java:62)
	at sun.reflect.DelegatingMethodAccessorImpl.invoke(DelegatingMethodAccessorImpl.java:43)
	at java.lang.reflect.Method.invoke(Method.java:498)
	at org.mybatis.spring.SqlSessionTemplate$SqlSessionInterceptor.invoke(SqlSessionTemplate.java:358)
	... 54 more
</error>
    <system-out>DEBUG (org.springframework.test.context.junit4.SpringJUnit4ClassRunner:112) - SpringJUnit4ClassRunner constructor called with [class com.jk.ndt.etl.controller.AdminTest].
DEBUG (org.springframework.test.context.BootstrapUtils:77) - Instantiating TestContextBootstrapper from class [org.springframework.test.context.support.DefaultTestContextBootstrapper]
DEBUG (org.springframework.test.context.support.AbstractDelegatingSmartContextLoader:96) - Delegating to GenericXmlContextLoader to process context configuration [ContextConfigurationAttributes@d8355a8 declaringClass = &apos;com.jk.ndt.etl.SpringTest&apos;, classes = &apos;{}&apos;, locations = &apos;{classpath*:spring*.xml}&apos;, inheritLocations = true, initializers = &apos;{}&apos;, inheritInitializers = true, name = [null], contextLoaderClass = &apos;org.springframework.test.context.ContextLoader&apos;].
DEBUG (org.springframework.test.context.support.ActiveProfilesUtils:82) - Could not find an &apos;annotation declaring class&apos; for annotation type [org.springframework.test.context.ActiveProfiles] and class [com.jk.ndt.etl.controller.AdminTest]
DEBUG (org.springframework.test.context.support.DefaultTestContextBootstrapper:112) - @TestExecutionListeners is not present for class [com.jk.ndt.etl.controller.AdminTest]: using defaults.
 INFO (org.springframework.test.context.support.DefaultTestContextBootstrapper:255) - Loaded default TestExecutionListener class names from location [META-INF/spring.factories]: [org.springframework.test.context.web.ServletTestExecutionListener, org.springframework.test.context.support.DependencyInjectionTestExecutionListener, org.springframework.test.context.support.DirtiesContextTestExecutionListener, org.springframework.test.context.transaction.TransactionalTestExecutionListener, org.springframework.test.context.jdbc.SqlScriptsTestExecutionListener]
 INFO (org.springframework.test.context.support.DefaultTestContextBootstrapper:181) - Using TestExecutionListeners: [org.springframework.test.context.web.ServletTestExecutionListener@3327bd23, org.springframework.test.context.support.DependencyInjectionTestExecutionListener@4e1d422d, org.springframework.test.context.support.DirtiesContextTestExecutionListener@66480dd7, org.springframework.test.context.transaction.TransactionalTestExecutionListener@52a86356, org.springframework.test.context.jdbc.SqlScriptsTestExecutionListener@5ce81285]
DEBUG (org.springframework.test.annotation.ProfileValueUtils:70) - Retrieved @ProfileValueSourceConfiguration [null] for test class [com.jk.ndt.etl.controller.AdminTest]
DEBUG (org.springframework.test.annotation.ProfileValueUtils:82) - Retrieved ProfileValueSource type [class org.springframework.test.annotation.SystemProfileValueSource] for class [com.jk.ndt.etl.controller.AdminTest]
DEBUG (org.springframework.test.annotation.ProfileValueUtils:70) - Retrieved @ProfileValueSourceConfiguration [null] for test class [com.jk.ndt.etl.controller.AdminTest]
DEBUG (org.springframework.test.annotation.ProfileValueUtils:82) - Retrieved ProfileValueSource type [class org.springframework.test.annotation.SystemProfileValueSource] for class [com.jk.ndt.etl.controller.AdminTest]
DEBUG (org.springframework.test.annotation.ProfileValueUtils:70) - Retrieved @ProfileValueSourceConfiguration [null] for test class [com.jk.ndt.etl.controller.AdminTest]
DEBUG (org.springframework.test.annotation.ProfileValueUtils:82) - Retrieved ProfileValueSource type [class org.springframework.test.annotation.SystemProfileValueSource] for class [com.jk.ndt.etl.controller.AdminTest]
DEBUG (org.springframework.test.context.support.DependencyInjectionTestExecutionListener:80) - Performing dependency injection for test context [[DefaultTestContext@eec5a4a testClass = AdminTest, testInstance = com.jk.ndt.etl.controller.AdminTest@2b2948e2, testMethod = [null], testException = [null], mergedContextConfiguration = [MergedContextConfiguration@6ddf90b0 testClass = AdminTest, locations = &apos;{classpath*:spring*.xml}&apos;, classes = &apos;{}&apos;, contextInitializerClasses = &apos;[]&apos;, activeProfiles = &apos;{}&apos;, propertySourceLocations = &apos;{}&apos;, propertySourceProperties = &apos;{}&apos;, contextLoader = &apos;org.springframework.test.context.support.DelegatingSmartContextLoader&apos;, parent = [null]]]].
DEBUG (org.springframework.test.context.support.AbstractDelegatingSmartContextLoader:106) - Delegating to GenericXmlContextLoader to load context from [MergedContextConfiguration@6ddf90b0 testClass = AdminTest, locations = &apos;{classpath*:spring*.xml}&apos;, classes = &apos;{}&apos;, contextInitializerClasses = &apos;[]&apos;, activeProfiles = &apos;{}&apos;, propertySourceLocations = &apos;{}&apos;, propertySourceProperties = &apos;{}&apos;, contextLoader = &apos;org.springframework.test.context.support.DelegatingSmartContextLoader&apos;, parent = [null]].
DEBUG (org.springframework.test.context.support.AbstractGenericContextLoader:107) - Loading ApplicationContext for merged context configuration [[MergedContextConfiguration@6ddf90b0 testClass = AdminTest, locations = &apos;{classpath*:spring*.xml}&apos;, classes = &apos;{}&apos;, contextInitializerClasses = &apos;[]&apos;, activeProfiles = &apos;{}&apos;, propertySourceLocations = &apos;{}&apos;, propertySourceProperties = &apos;{}&apos;, contextLoader = &apos;org.springframework.test.context.support.DelegatingSmartContextLoader&apos;, parent = [null]]].
DEBUG (org.springframework.core.env.StandardEnvironment:111) - Adding [systemProperties] PropertySource with lowest search precedence
DEBUG (org.springframework.core.env.StandardEnvironment:111) - Adding [systemEnvironment] PropertySource with lowest search precedence
DEBUG (org.springframework.core.env.StandardEnvironment:126) - Initialized StandardEnvironment with PropertySources [systemProperties,systemEnvironment]
DEBUG (org.springframework.core.io.support.PathMatchingResourcePatternResolver:610) - Looking for matching resources in directory tree [F:\working\code\ndt-etl\target\test-classes]
DEBUG (org.springframework.core.io.support.PathMatchingResourcePatternResolver:672) - Searching directory [F:\working\code\ndt-etl\target\test-classes] for files matching pattern [F:/working/code/ndt-etl/target/test-classes/spring*.xml]
DEBUG (org.springframework.core.io.support.PathMatchingResourcePatternResolver:610) - Looking for matching resources in directory tree [F:\working\code\ndt-etl\target\classes]
DEBUG (org.springframework.core.io.support.PathMatchingResourcePatternResolver:672) - Searching directory [F:\working\code\ndt-etl\target\classes] for files matching pattern [F:/working/code/ndt-etl/target/classes/spring*.xml]
DEBUG (org.springframework.core.io.support.PathMatchingResourcePatternResolver:524) - Looking for matching resources in jar file [file:/F:/working/code/ndt-etl/target/surefire/surefirebooter576458419204205464.jar]
DEBUG (org.springframework.core.io.support.PathMatchingResourcePatternResolver:524) - Looking for matching resources in jar file [file:/E:/Program%20Files/Java/jdk1.8.0_131/jre/lib/ext/access-bridge-64.jar]
DEBUG (org.springframework.core.io.support.PathMatchingResourcePatternResolver:524) - Looking for matching resources in jar file [file:/E:/Program%20Files/Java/jdk1.8.0_131/jre/lib/ext/cldrdata.jar]
DEBUG (org.springframework.core.io.support.PathMatchingResourcePatternResolver:524) - Looking for matching resources in jar file [file:/E:/Program%20Files/Java/jdk1.8.0_131/jre/lib/ext/dnsns.jar]
DEBUG (org.springframework.core.io.support.PathMatchingResourcePatternResolver:524) - Looking for matching resources in jar file [file:/E:/Program%20Files/Java/jdk1.8.0_131/jre/lib/ext/jaccess.jar]
DEBUG (org.springframework.core.io.support.PathMatchingResourcePatternResolver:524) - Looking for matching resources in jar file [file:/E:/Program%20Files/Java/jdk1.8.0_131/jre/lib/ext/jfxrt.jar]
DEBUG (org.springframework.core.io.support.PathMatchingResourcePatternResolver:524) - Looking for matching resources in jar file [file:/E:/Program%20Files/Java/jdk1.8.0_131/jre/lib/ext/localedata.jar]
DEBUG (org.springframework.core.io.support.PathMatchingResourcePatternResolver:524) - Looking for matching resources in jar file [file:/E:/Program%20Files/Java/jdk1.8.0_131/jre/lib/ext/nashorn.jar]
DEBUG (org.springframework.core.io.support.PathMatchingResourcePatternResolver:524) - Looking for matching resources in jar file [file:/E:/Program%20Files/Java/jdk1.8.0_131/jre/lib/ext/sunec.jar]
DEBUG (org.springframework.core.io.support.PathMatchingResourcePatternResolver:524) - Looking for matching resources in jar file [file:/E:/Program%20Files/Java/jdk1.8.0_131/jre/lib/ext/sunjce_provider.jar]
DEBUG (org.springframework.core.io.support.PathMatchingResourcePatternResolver:524) - Looking for matching resources in jar file [file:/E:/Program%20Files/Java/jdk1.8.0_131/jre/lib/ext/sunmscapi.jar]
DEBUG (org.springframework.core.io.support.PathMatchingResourcePatternResolver:524) - Looking for matching resources in jar file [file:/E:/Program%20Files/Java/jdk1.8.0_131/jre/lib/ext/sunpkcs11.jar]
DEBUG (org.springframework.core.io.support.PathMatchingResourcePatternResolver:524) - Looking for matching resources in jar file [file:/E:/Program%20Files/Java/jdk1.8.0_131/jre/lib/ext/zipfs.jar]
DEBUG (org.springframework.core.io.support.PathMatchingResourcePatternResolver:411) - Resolved location pattern [classpath*:spring*.xml] to resources [file [F:\working\code\ndt-etl\target\classes\spring-mvc.xml], file [F:\working\code\ndt-etl\target\classes\spring.xml]]
 INFO (org.springframework.beans.factory.xml.XmlBeanDefinitionReader:316) - Loading XML bean definitions from file [F:\working\code\ndt-etl\target\classes\spring-mvc.xml]
DEBUG (org.springframework.beans.factory.xml.DefaultDocumentLoader:73) - Using JAXP provider [com.sun.org.apache.xerces.internal.jaxp.DocumentBuilderFactoryImpl]
DEBUG (org.springframework.beans.factory.xml.PluggableSchemaResolver:141) - Loading schema mappings from [META-INF/spring.schemas]
DEBUG (org.springframework.beans.factory.xml.PluggableSchemaResolver:147) - Loaded schema mappings: {http://www.springframework.org/schema/tx/spring-tx-2.5.xsd=org/springframework/transaction/config/spring-tx-2.5.xsd, http://www.springframework.org/schema/aop/spring-aop-4.1.xsd=org/springframework/aop/config/spring-aop-4.1.xsd, http://www.springframework.org/schema/context/spring-context-3.1.xsd=org/springframework/context/config/spring-context-3.1.xsd, http://www.springframework.org/schema/jdbc/spring-jdbc-4.1.xsd=org/springframework/jdbc/config/spring-jdbc-4.1.xsd, http://www.springframework.org/schema/mvc/spring-mvc-4.1.xsd=org/springframework/web/servlet/config/spring-mvc-4.1.xsd, http://www.springframework.org/schema/util/spring-util-3.0.xsd=org/springframework/beans/factory/xml/spring-util-3.0.xsd, http://mybatis.org/schema/mybatis-spring-1.2.xsd=org/mybatis/spring/config/mybatis-spring-1.2.xsd, http://www.springframework.org/schema/tool/spring-tool.xsd=org/springframework/beans/factory/xml/spring-tool-4.1.xsd, http://www.springframework.org/schema/aop/spring-aop-3.2.xsd=org/springframework/aop/config/spring-aop-3.2.xsd, http://www.springframework.org/schema/lang/spring-lang-4.1.xsd=org/springframework/scripting/config/spring-lang-4.1.xsd, http://www.springframework.org/schema/context/spring-context-4.0.xsd=org/springframework/context/config/spring-context-4.0.xsd, http://www.springframework.org/schema/mvc/spring-mvc-3.2.xsd=org/springframework/web/servlet/config/spring-mvc-3.2.xsd, http://www.springframework.org/schema/tool/spring-tool-4.1.xsd=org/springframework/beans/factory/xml/spring-tool-4.1.xsd, http://www.springframework.org/schema/lang/spring-lang-3.2.xsd=org/springframework/scripting/config/spring-lang-3.2.xsd, http://www.springframework.org/schema/cache/spring-cache-3.2.xsd=org/springframework/cache/config/spring-cache-3.2.xsd, http://www.springframework.org/schema/jee/spring-jee-4.1.xsd=org/springframework/ejb/config/spring-jee-4.1.xsd, http://www.springframework.org/schema/jdbc/spring-jdbc-3.1.xsd=org/springframework/jdbc/config/spring-jdbc-3.1.xsd, http://www.springframework.org/schema/util/spring-util-2.0.xsd=org/springframework/beans/factory/xml/spring-util-2.0.xsd, http://www.springframework.org/schema/tool/spring-tool-3.2.xsd=org/springframework/beans/factory/xml/spring-tool-3.2.xsd, http://www.springframework.org/schema/context/spring-context.xsd=org/springframework/context/config/spring-context-4.1.xsd, http://www.springframework.org/schema/cache/spring-cache-4.1.xsd=org/springframework/cache/config/spring-cache-4.1.xsd, http://www.springframework.org/schema/aop/spring-aop-4.0.xsd=org/springframework/aop/config/spring-aop-4.0.xsd, http://www.springframework.org/schema/jee/spring-jee-3.2.xsd=org/springframework/ejb/config/spring-jee-3.2.xsd, http://www.springframework.org/schema/context/spring-context-3.0.xsd=org/springframework/context/config/spring-context-3.0.xsd, http://www.springframework.org/schema/jdbc/spring-jdbc-4.0.xsd=org/springframework/jdbc/config/spring-jdbc-4.0.xsd, http://www.springframework.org/schema/mvc/spring-mvc-4.0.xsd=org/springframework/web/servlet/config/spring-mvc-4.0.xsd, http://www.springframework.org/schema/util/spring-util-2.5.xsd=org/springframework/beans/factory/xml/spring-util-2.5.xsd, http://www.springframework.org/schema/beans/spring-beans-3.2.xsd=org/springframework/beans/factory/xml/spring-beans-3.2.xsd, http://www.springframework.org/schema/aop/spring-aop-3.1.xsd=org/springframework/aop/config/spring-aop-3.1.xsd, http://www.springframework.org/schema/lang/spring-lang-4.0.xsd=org/springframework/scripting/config/spring-lang-4.0.xsd, http://www.springframework.org/schema/mvc/spring-mvc.xsd=org/springframework/web/servlet/config/spring-mvc-4.1.xsd, http://www.springframework.org/schema/mvc/spring-mvc-3.1.xsd=org/springframework/web/servlet/config/spring-mvc-3.1.xsd, http://www.springframework.org/schema/beans/spring-beans-4.1.xsd=org/springframework/beans/factory/xml/spring-beans-4.1.xsd, http://www.springframework.org/schema/tool/spring-tool-4.0.xsd=org/springframework/beans/factory/xml/spring-tool-4.0.xsd, http://www.springframework.org/schema/tx/spring-tx-3.2.xsd=org/springframework/transaction/config/spring-tx-3.2.xsd, http://www.springframework.org/schema/lang/spring-lang-3.1.xsd=org/springframework/scripting/config/spring-lang-3.1.xsd, http://www.springframework.org/schema/cache/spring-cache-3.1.xsd=org/springframework/cache/config/spring-cache-3.1.xsd, http://www.springframework.org/schema/jee/spring-jee-4.0.xsd=org/springframework/ejb/config/spring-jee-4.0.xsd, http://www.springframework.org/schema/jdbc/spring-jdbc-3.0.xsd=org/springframework/jdbc/config/spring-jdbc-3.0.xsd, http://www.springframework.org/schema/task/spring-task-4.1.xsd=org/springframework/scheduling/config/spring-task-4.1.xsd, http://www.springframework.org/schema/jdbc/spring-jdbc.xsd=org/springframework/jdbc/config/spring-jdbc-4.1.xsd, http://www.springframework.org/schema/tool/spring-tool-3.1.xsd=org/springframework/beans/factory/xml/spring-tool-3.1.xsd, http://www.springframework.org/schema/tx/spring-tx-4.1.xsd=org/springframework/transaction/config/spring-tx-4.1.xsd, http://www.springframework.org/schema/cache/spring-cache-4.0.xsd=org/springframework/cache/config/spring-cache-4.0.xsd, http://www.springframework.org/schema/jee/spring-jee-3.1.xsd=org/springframework/ejb/config/spring-jee-3.1.xsd, http://www.springframework.org/schema/task/spring-task-3.2.xsd=org/springframework/scheduling/config/spring-task-3.2.xsd, http://www.springframework.org/schema/beans/spring-beans-3.1.xsd=org/springframework/beans/factory/xml/spring-beans-3.1.xsd, http://www.springframework.org/schema/util/spring-util.xsd=org/springframework/beans/factory/xml/spring-util-4.1.xsd, http://www.springframework.org/schema/aop/spring-aop-3.0.xsd=org/springframework/aop/config/spring-aop-3.0.xsd, http://www.springframework.org/schema/mvc/spring-mvc-3.0.xsd=org/springframework/web/servlet/config/spring-mvc-3.0.xsd, http://www.springframework.org/schema/beans/spring-beans-4.0.xsd=org/springframework/beans/factory/xml/spring-beans-4.0.xsd, http://www.springframework.org/schema/beans/spring-beans.xsd=org/springframework/beans/factory/xml/spring-beans-4.1.xsd, http://mybatis.org/schema/mybatis-spring.xsd=org/mybatis/spring/config/mybatis-spring-1.2.xsd, http://www.springframework.org/schema/tx/spring-tx-3.1.xsd=org/springframework/transaction/config/spring-tx-3.1.xsd, http://www.springframework.org/schema/lang/spring-lang-3.0.xsd=org/springframework/scripting/config/spring-lang-3.0.xsd, http://www.springframework.org/schema/context/spring-context-2.5.xsd=org/springframework/context/config/spring-context-2.5.xsd, http://www.springframework.org/schema/task/spring-task-4.0.xsd=org/springframework/scheduling/config/spring-task-4.0.xsd, http://www.springframework.org/schema/tool/spring-tool-3.0.xsd=org/springframework/beans/factory/xml/spring-tool-3.0.xsd, http://www.springframework.org/schema/tx/spring-tx-4.0.xsd=org/springframework/transaction/config/spring-tx-4.0.xsd, http://www.springframework.org/schema/aop/spring-aop-2.0.xsd=org/springframework/aop/config/spring-aop-2.0.xsd, http://www.springframework.org/schema/jee/spring-jee-3.0.xsd=org/springframework/ejb/config/spring-jee-3.0.xsd, http://www.springframework.org/schema/util/spring-util-4.1.xsd=org/springframework/beans/factory/xml/spring-util-4.1.xsd, http://www.springframework.org/schema/task/spring-task-3.1.xsd=org/springframework/scheduling/config/spring-task-3.1.xsd, http://www.springframework.org/schema/beans/spring-beans-3.0.xsd=org/springframework/beans/factory/xml/spring-beans-3.0.xsd, http://www.springframework.org/schema/jee/spring-jee.xsd=org/springframework/ejb/config/spring-jee-4.1.xsd, http://www.springframework.org/schema/aop/spring-aop-2.5.xsd=org/springframework/aop/config/spring-aop-2.5.xsd, http://www.springframework.org/schema/lang/spring-lang-2.0.xsd=org/springframework/scripting/config/spring-lang-2.0.xsd, http://www.springframework.org/schema/util/spring-util-3.2.xsd=org/springframework/beans/factory/xml/spring-util-3.2.xsd, http://www.springframework.org/schema/task/spring-task.xsd=org/springframework/scheduling/config/spring-task-4.1.xsd, http://www.springframework.org/schema/tool/spring-tool-2.0.xsd=org/springframework/beans/factory/xml/spring-tool-2.0.xsd, http://www.springframework.org/schema/tx/spring-tx-3.0.xsd=org/springframework/transaction/config/spring-tx-3.0.xsd, http://www.springframework.org/schema/lang/spring-lang-2.5.xsd=org/springframework/scripting/config/spring-lang-2.5.xsd, http://www.springframework.org/schema/jee/spring-jee-2.0.xsd=org/springframework/ejb/config/spring-jee-2.0.xsd, http://www.springframework.org/schema/tool/spring-tool-2.5.xsd=org/springframework/beans/factory/xml/spring-tool-2.5.xsd, http://www.springframework.org/schema/jee/spring-jee-2.5.xsd=org/springframework/ejb/config/spring-jee-2.5.xsd, http://www.springframework.org/schema/util/spring-util-4.0.xsd=org/springframework/beans/factory/xml/spring-util-4.0.xsd, http://www.springframework.org/schema/task/spring-task-3.0.xsd=org/springframework/scheduling/config/spring-task-3.0.xsd, http://www.springframework.org/schema/lang/spring-lang.xsd=org/springframework/scripting/config/spring-lang-4.1.xsd, http://www.springframework.org/schema/context/spring-context-3.2.xsd=org/springframework/context/config/spring-context-3.2.xsd, http://www.springframework.org/schema/util/spring-util-3.1.xsd=org/springframework/beans/factory/xml/spring-util-3.1.xsd, http://www.springframework.org/schema/beans/spring-beans-2.0.xsd=org/springframework/beans/factory/xml/spring-beans-2.0.xsd, http://www.springframework.org/schema/cache/spring-cache.xsd=org/springframework/cache/config/spring-cache-4.1.xsd, http://www.springframework.org/schema/tx/spring-tx.xsd=org/springframework/transaction/config/spring-tx-4.1.xsd, http://www.springframework.org/schema/context/spring-context-4.1.xsd=org/springframework/context/config/spring-context-4.1.xsd, http://www.springframework.org/schema/beans/spring-beans-2.5.xsd=org/springframework/beans/factory/xml/spring-beans-2.5.xsd, http://www.springframework.org/schema/tx/spring-tx-2.0.xsd=org/springframework/transaction/config/spring-tx-2.0.xsd, http://www.alibaba.com/schema/stat.xsd=META-INF/stat.xsd, http://www.springframework.org/schema/jdbc/spring-jdbc-3.2.xsd=org/springframework/jdbc/config/spring-jdbc-3.2.xsd, http://www.springframework.org/schema/aop/spring-aop.xsd=org/springframework/aop/config/spring-aop-4.1.xsd}
DEBUG (org.springframework.beans.factory.xml.PluggableSchemaResolver:119) - Found XML schema [http://www.springframework.org/schema/beans/spring-beans.xsd] in classpath: org/springframework/beans/factory/xml/spring-beans-4.1.xsd
DEBUG (org.springframework.beans.factory.xml.PluggableSchemaResolver:119) - Found XML schema [http://www.springframework.org/schema/mvc/spring-mvc-4.1.xsd] in classpath: org/springframework/web/servlet/config/spring-mvc-4.1.xsd
DEBUG (org.springframework.beans.factory.xml.PluggableSchemaResolver:119) - Found XML schema [http://www.springframework.org/schema/tool/spring-tool-4.1.xsd] in classpath: org/springframework/beans/factory/xml/spring-tool-4.1.xsd
DEBUG (org.springframework.beans.factory.xml.PluggableSchemaResolver:119) - Found XML schema [http://www.springframework.org/schema/context/spring-context.xsd] in classpath: org/springframework/context/config/spring-context-4.1.xsd
DEBUG (org.springframework.beans.factory.xml.PluggableSchemaResolver:119) - Found XML schema [http://www.springframework.org/schema/aop/spring-aop-4.1.xsd] in classpath: org/springframework/aop/config/spring-aop-4.1.xsd
DEBUG (org.springframework.beans.factory.xml.DefaultBeanDefinitionDocumentReader:108) - Loading bean definitions
DEBUG (org.springframework.beans.factory.xml.DefaultNamespaceHandlerResolver:157) - Loaded NamespaceHandler mappings: {http://www.springframework.org/schema/p=org.springframework.beans.factory.xml.SimplePropertyNamespaceHandler, http://www.springframework.org/schema/mvc=org.springframework.web.servlet.config.MvcNamespaceHandler, http://www.springframework.org/schema/util=org.springframework.beans.factory.xml.UtilNamespaceHandler, http://www.alibaba.com/schema/stat=com.alibaba.druid.support.spring.stat.config.DruidStatNamespaceHandler, http://www.springframework.org/schema/jee=org.springframework.ejb.config.JeeNamespaceHandler, http://www.springframework.org/schema/aop=org.springframework.aop.config.AopNamespaceHandler, http://www.springframework.org/schema/jdbc=org.springframework.jdbc.config.JdbcNamespaceHandler, http://www.springframework.org/schema/cache=org.springframework.cache.config.CacheNamespaceHandler, http://mybatis.org/schema/mybatis-spring=org.mybatis.spring.config.NamespaceHandler, http://www.springframework.org/schema/c=org.springframework.beans.factory.xml.SimpleConstructorNamespaceHandler, http://www.springframework.org/schema/tx=org.springframework.transaction.config.TxNamespaceHandler, http://www.springframework.org/schema/task=org.springframework.scheduling.config.TaskNamespaceHandler, http://www.springframework.org/schema/lang=org.springframework.scripting.config.LangNamespaceHandler, http://www.springframework.org/schema/context=org.springframework.context.config.ContextNamespaceHandler}
DEBUG (org.springframework.core.io.support.PathMatchingResourcePatternResolver:610) - Looking for matching resources in directory tree [F:\working\code\ndt-etl\target\test-classes\com\jk\ndt\etl\controller]
DEBUG (org.springframework.core.io.support.PathMatchingResourcePatternResolver:672) - Searching directory [F:\working\code\ndt-etl\target\test-classes\com\jk\ndt\etl\controller] for files matching pattern [F:/working/code/ndt-etl/target/test-classes/com/jk/ndt/etl/controller/**/*.class]
DEBUG (org.springframework.core.io.support.PathMatchingResourcePatternResolver:610) - Looking for matching resources in directory tree [F:\working\code\ndt-etl\target\classes\com\jk\ndt\etl\controller]
DEBUG (org.springframework.core.io.support.PathMatchingResourcePatternResolver:672) - Searching directory [F:\working\code\ndt-etl\target\classes\com\jk\ndt\etl\controller] for files matching pattern [F:/working/code/ndt-etl/target/classes/com/jk/ndt/etl/controller/**/*.class]
DEBUG (org.springframework.core.io.support.PathMatchingResourcePatternResolver:672) - Searching directory [F:\working\code\ndt-etl\target\classes\com\jk\ndt\etl\controller\access] for files matching pattern [F:/working/code/ndt-etl/target/classes/com/jk/ndt/etl/controller/**/*.class]
DEBUG (org.springframework.core.io.support.PathMatchingResourcePatternResolver:672) - Searching directory [F:\working\code\ndt-etl\target\classes\com\jk\ndt\etl\controller\clean] for files matching pattern [F:/working/code/ndt-etl/target/classes/com/jk/ndt/etl/controller/**/*.class]
DEBUG (org.springframework.core.io.support.PathMatchingResourcePatternResolver:672) - Searching directory [F:\working\code\ndt-etl\target\classes\com\jk\ndt\etl\controller\mirror] for files matching pattern [F:/working/code/ndt-etl/target/classes/com/jk/ndt/etl/controller/**/*.class]
DEBUG (org.springframework.core.io.support.PathMatchingResourcePatternResolver:672) - Searching directory [F:\working\code\ndt-etl\target\classes\com\jk\ndt\etl\controller\monitor] for files matching pattern [F:/working/code/ndt-etl/target/classes/com/jk/ndt/etl/controller/**/*.class]
DEBUG (org.springframework.core.io.support.PathMatchingResourcePatternResolver:672) - Searching directory [F:\working\code\ndt-etl\target\classes\com\jk\ndt\etl\controller\presystem] for files matching pattern [F:/working/code/ndt-etl/target/classes/com/jk/ndt/etl/controller/**/*.class]
DEBUG (org.springframework.core.io.support.PathMatchingResourcePatternResolver:672) - Searching directory [F:\working\code\ndt-etl\target\classes\com\jk\ndt\etl\controller\system] for files matching pattern [F:/working/code/ndt-etl/target/classes/com/jk/ndt/etl/controller/**/*.class]
DEBUG (org.springframework.core.io.support.PathMatchingResourcePatternResolver:672) - Searching directory [F:\working\code\ndt-etl\target\classes\com\jk\ndt\etl\controller\transform] for files matching pattern [F:/working/code/ndt-etl/target/classes/com/jk/ndt/etl/controller/**/*.class]
DEBUG (org.springframework.core.io.support.PathMatchingResourcePatternResolver:672) - Searching directory [F:\working\code\ndt-etl\target\classes\com\jk\ndt\etl\controller\validate] for files matching pattern [F:/working/code/ndt-etl/target/classes/com/jk/ndt/etl/controller/**/*.class]
DEBUG (org.springframework.core.io.support.PathMatchingResourcePatternResolver:672) - Searching directory [F:\working\code\ndt-etl\target\classes\com\jk\ndt\etl\controller\verify] for files matching pattern [F:/working/code/ndt-etl/target/classes/com/jk/ndt/etl/controller/**/*.class]
DEBUG (org.springframework.core.io.support.PathMatchingResourcePatternResolver:411) - Resolved location pattern [classpath*:com/jk/ndt/etl/controller/**/*.class] to resources [file [F:\working\code\ndt-etl\target\test-classes\com\jk\ndt\etl\controller\AdminTest.class], file [F:\working\code\ndt-etl\target\classes\com\jk\ndt\etl\controller\access\CacheController.class], file [F:\working\code\ndt-etl\target\classes\com\jk\ndt\etl\controller\access\SheetController.class], file [F:\working\code\ndt-etl\target\classes\com\jk\ndt\etl\controller\access\UploadController.class], file [F:\working\code\ndt-etl\target\classes\com\jk\ndt\etl\controller\BaseController.class], file [F:\working\code\ndt-etl\target\classes\com\jk\ndt\etl\controller\clean\CleanerController.class], file [F:\working\code\ndt-etl\target\classes\com\jk\ndt\etl\controller\FirstController.class], file [F:\working\code\ndt-etl\target\classes\com\jk\ndt\etl\controller\mirror\MirrorTableController.class], file [F:\working\code\ndt-etl\target\classes\com\jk\ndt\etl\controller\monitor\AlarmRuleController.class], file [F:\working\code\ndt-etl\target\classes\com\jk\ndt\etl\controller\monitor\MonitorController.class], file [F:\working\code\ndt-etl\target\classes\com\jk\ndt\etl\controller\monitor\SeverHostController.class], file [F:\working\code\ndt-etl\target\classes\com\jk\ndt\etl\controller\MyRealm.class], file [F:\working\code\ndt-etl\target\classes\com\jk\ndt\etl\controller\presystem\PreSystemController.class], file [F:\working\code\ndt-etl\target\classes\com\jk\ndt\etl\controller\presystem\PreSystemServlet.class], file [F:\working\code\ndt-etl\target\classes\com\jk\ndt\etl\controller\presystem\PreSystemThread.class], file [F:\working\code\ndt-etl\target\classes\com\jk\ndt\etl\controller\system\AdminController.class], file [F:\working\code\ndt-etl\target\classes\com\jk\ndt\etl\controller\system\ResourceController.class], file [F:\working\code\ndt-etl\target\classes\com\jk\ndt\etl\controller\system\RoleController.class], file [F:\working\code\ndt-etl\target\classes\com\jk\ndt\etl\controller\system\UserController.class], file [F:\working\code\ndt-etl\target\classes\com\jk\ndt\etl\controller\transform\TransformController.class], file [F:\working\code\ndt-etl\target\classes\com\jk\ndt\etl\controller\validate\ValidateController.class], file [F:\working\code\ndt-etl\target\classes\com\jk\ndt\etl\controller\ValidateDemoController.class], file [F:\working\code\ndt-etl\target\classes\com\jk\ndt\etl\controller\verify\VerifyController.class]]
DEBUG (org.springframework.context.annotation.ClassPathBeanDefinitionScanner:284) - Identified candidate component class: file [F:\working\code\ndt-etl\target\classes\com\jk\ndt\etl\controller\access\CacheController.class]
DEBUG (org.springframework.context.annotation.ClassPathBeanDefinitionScanner:284) - Identified candidate component class: file [F:\working\code\ndt-etl\target\classes\com\jk\ndt\etl\controller\access\SheetController.class]
DEBUG (org.springframework.context.annotation.ClassPathBeanDefinitionScanner:284) - Identified candidate component class: file [F:\working\code\ndt-etl\target\classes\com\jk\ndt\etl\controller\access\UploadController.class]
DEBUG (org.springframework.context.annotation.ClassPathBeanDefinitionScanner:284) - Identified candidate component class: file [F:\working\code\ndt-etl\target\classes\com\jk\ndt\etl\controller\clean\CleanerController.class]
DEBUG (org.springframework.context.annotation.ClassPathBeanDefinitionScanner:284) - Identified candidate component class: file [F:\working\code\ndt-etl\target\classes\com\jk\ndt\etl\controller\FirstController.class]
DEBUG (org.springframework.context.annotation.ClassPathBeanDefinitionScanner:284) - Identified candidate component class: file [F:\working\code\ndt-etl\target\classes\com\jk\ndt\etl\controller\mirror\MirrorTableController.class]
DEBUG (org.springframework.context.annotation.ClassPathBeanDefinitionScanner:284) - Identified candidate component class: file [F:\working\code\ndt-etl\target\classes\com\jk\ndt\etl\controller\monitor\AlarmRuleController.class]
DEBUG (org.springframework.context.annotation.ClassPathBeanDefinitionScanner:284) - Identified candidate component class: file [F:\working\code\ndt-etl\target\classes\com\jk\ndt\etl\controller\monitor\MonitorController.class]
DEBUG (org.springframework.context.annotation.ClassPathBeanDefinitionScanner:284) - Identified candidate component class: file [F:\working\code\ndt-etl\target\classes\com\jk\ndt\etl\controller\monitor\SeverHostController.class]
DEBUG (org.springframework.context.annotation.ClassPathBeanDefinitionScanner:284) - Identified candidate component class: file [F:\working\code\ndt-etl\target\classes\com\jk\ndt\etl\controller\presystem\PreSystemController.class]
DEBUG (org.springframework.context.annotation.ClassPathBeanDefinitionScanner:284) - Identified candidate component class: file [F:\working\code\ndt-etl\target\classes\com\jk\ndt\etl\controller\system\AdminController.class]
DEBUG (org.springframework.context.annotation.ClassPathBeanDefinitionScanner:284) - Identified candidate component class: file [F:\working\code\ndt-etl\target\classes\com\jk\ndt\etl\controller\system\ResourceController.class]
DEBUG (org.springframework.context.annotation.ClassPathBeanDefinitionScanner:284) - Identified candidate component class: file [F:\working\code\ndt-etl\target\classes\com\jk\ndt\etl\controller\system\RoleController.class]
DEBUG (org.springframework.context.annotation.ClassPathBeanDefinitionScanner:284) - Identified candidate component class: file [F:\working\code\ndt-etl\target\classes\com\jk\ndt\etl\controller\system\UserController.class]
DEBUG (org.springframework.context.annotation.ClassPathBeanDefinitionScanner:284) - Identified candidate component class: file [F:\working\code\ndt-etl\target\classes\com\jk\ndt\etl\controller\transform\TransformController.class]
DEBUG (org.springframework.context.annotation.ClassPathBeanDefinitionScanner:284) - Identified candidate component class: file [F:\working\code\ndt-etl\target\classes\com\jk\ndt\etl\controller\validate\ValidateController.class]
DEBUG (org.springframework.context.annotation.ClassPathBeanDefinitionScanner:284) - Identified candidate component class: file [F:\working\code\ndt-etl\target\classes\com\jk\ndt\etl\controller\ValidateDemoController.class]
DEBUG (org.springframework.context.annotation.ClassPathBeanDefinitionScanner:284) - Identified candidate component class: file [F:\working\code\ndt-etl\target\classes\com\jk\ndt\etl\controller\verify\VerifyController.class]
DEBUG (org.springframework.beans.factory.xml.BeanDefinitionParserDelegate:495) - Neither XML &apos;id&apos; nor &apos;name&apos; specified - using generated bean name [org.springframework.beans.factory.annotation.AutowiredAnnotationBeanPostProcessor#0]
 INFO (org.springframework.beans.factory.xml.XmlBeanDefinitionReader:316) - Loading XML bean definitions from file [F:\working\code\ndt-etl\target\classes\spring.xml]
DEBUG (org.springframework.beans.factory.xml.DefaultDocumentLoader:73) - Using JAXP provider [com.sun.org.apache.xerces.internal.jaxp.DocumentBuilderFactoryImpl]
DEBUG (org.springframework.beans.factory.xml.PluggableSchemaResolver:119) - Found XML schema [http://www.springframework.org/schema/beans/spring-beans-4.1.xsd] in classpath: org/springframework/beans/factory/xml/spring-beans-4.1.xsd
DEBUG (org.springframework.beans.factory.xml.PluggableSchemaResolver:119) - Found XML schema [http://www.springframework.org/schema/context/spring-context-4.1.xsd] in classpath: org/springframework/context/config/spring-context-4.1.xsd
DEBUG (org.springframework.beans.factory.xml.PluggableSchemaResolver:119) - Found XML schema [http://www.springframework.org/schema/tool/spring-tool-4.1.xsd] in classpath: org/springframework/beans/factory/xml/spring-tool-4.1.xsd
DEBUG (org.springframework.beans.factory.xml.PluggableSchemaResolver:119) - Found XML schema [http://www.springframework.org/schema/tx/spring-tx-4.1.xsd] in classpath: org/springframework/transaction/config/spring-tx-4.1.xsd
DEBUG (org.springframework.beans.factory.xml.PluggableSchemaResolver:119) - Found XML schema [http://www.springframework.org/schema/aop/spring-aop-4.1.xsd] in classpath: org/springframework/aop/config/spring-aop-4.1.xsd
DEBUG (org.springframework.beans.factory.xml.PluggableSchemaResolver:119) - Found XML schema [http://www.springframework.org/schema/task/spring-task-3.0.xsd] in classpath: org/springframework/scheduling/config/spring-task-3.0.xsd
DEBUG (org.springframework.beans.factory.xml.PluggableSchemaResolver:119) - Found XML schema [http://www.springframework.org/schema/cache/spring-cache-3.1.xsd] in classpath: org/springframework/cache/config/spring-cache-3.1.xsd
DEBUG (org.springframework.beans.factory.xml.DefaultBeanDefinitionDocumentReader:108) - Loading bean definitions
DEBUG (org.springframework.core.io.support.PathMatchingResourcePatternResolver:610) - Looking for matching resources in directory tree [F:\working\code\ndt-etl\target\test-classes\com\jk\ndt\etl]
DEBUG (org.springframework.core.io.support.PathMatchingResourcePatternResolver:672) - Searching directory [F:\working\code\ndt-etl\target\test-classes\com\jk\ndt\etl] for files matching pattern [F:/working/code/ndt-etl/target/test-classes/com/jk/ndt/etl/**/*.class]
DEBUG (org.springframework.core.io.support.PathMatchingResourcePatternResolver:672) - Searching directory [F:\working\code\ndt-etl\target\test-classes\com\jk\ndt\etl\controller] for files matching pattern [F:/working/code/ndt-etl/target/test-classes/com/jk/ndt/etl/**/*.class]
DEBUG (org.springframework.core.io.support.PathMatchingResourcePatternResolver:672) - Searching directory [F:\working\code\ndt-etl\target\test-classes\com\jk\ndt\etl\converter] for files matching pattern [F:/working/code/ndt-etl/target/test-classes/com/jk/ndt/etl/**/*.class]
DEBUG (org.springframework.core.io.support.PathMatchingResourcePatternResolver:672) - Searching directory [F:\working\code\ndt-etl\target\test-classes\com\jk\ndt\etl\converter\csv] for files matching pattern [F:/working/code/ndt-etl/target/test-classes/com/jk/ndt/etl/**/*.class]
DEBUG (org.springframework.core.io.support.PathMatchingResourcePatternResolver:672) - Searching directory [F:\working\code\ndt-etl\target\test-classes\com\jk\ndt\etl\converter\excel] for files matching pattern [F:/working/code/ndt-etl/target/test-classes/com/jk/ndt/etl/**/*.class]
DEBUG (org.springframework.core.io.support.PathMatchingResourcePatternResolver:672) - Searching directory [F:\working\code\ndt-etl\target\test-classes\com\jk\ndt\etl\dao] for files matching pattern [F:/working/code/ndt-etl/target/test-classes/com/jk/ndt/etl/**/*.class]
DEBUG (org.springframework.core.io.support.PathMatchingResourcePatternResolver:672) - Searching directory [F:\working\code\ndt-etl\target\test-classes\com\jk\ndt\etl\dao\access] for files matching pattern [F:/working/code/ndt-etl/target/test-classes/com/jk/ndt/etl/**/*.class]
DEBUG (org.springframework.core.io.support.PathMatchingResourcePatternResolver:672) - Searching directory [F:\working\code\ndt-etl\target\test-classes\com\jk\ndt\etl\ehcache] for files matching pattern [F:/working/code/ndt-etl/target/test-classes/com/jk/ndt/etl/**/*.class]
DEBUG (org.springframework.core.io.support.PathMatchingResourcePatternResolver:672) - Searching directory [F:\working\code\ndt-etl\target\test-classes\com\jk\ndt\etl\rule] for files matching pattern [F:/working/code/ndt-etl/target/test-classes/com/jk/ndt/etl/**/*.class]
DEBUG (org.springframework.core.io.support.PathMatchingResourcePatternResolver:672) - Searching directory [F:\working\code\ndt-etl\target\test-classes\com\jk\ndt\etl\service] for files matching pattern [F:/working/code/ndt-etl/target/test-classes/com/jk/ndt/etl/**/*.class]
DEBUG (org.springframework.core.io.support.PathMatchingResourcePatternResolver:672) - Searching directory [F:\working\code\ndt-etl\target\test-classes\com\jk\ndt\etl\service\common] for files matching pattern [F:/working/code/ndt-etl/target/test-classes/com/jk/ndt/etl/**/*.class]
DEBUG (org.springframework.core.io.support.PathMatchingResourcePatternResolver:672) - Searching directory [F:\working\code\ndt-etl\target\test-classes\com\jk\ndt\etl\service\logs] for files matching pattern [F:/working/code/ndt-etl/target/test-classes/com/jk/ndt/etl/**/*.class]
DEBUG (org.springframework.core.io.support.PathMatchingResourcePatternResolver:672) - Searching directory [F:\working\code\ndt-etl\target\test-classes\com\jk\ndt\etl\service\mirror] for files matching pattern [F:/working/code/ndt-etl/target/test-classes/com/jk/ndt/etl/**/*.class]
DEBUG (org.springframework.core.io.support.PathMatchingResourcePatternResolver:610) - Looking for matching resources in directory tree [F:\working\code\ndt-etl\target\classes\com\jk\ndt\etl]
DEBUG (org.springframework.core.io.support.PathMatchingResourcePatternResolver:672) - Searching directory [F:\working\code\ndt-etl\target\classes\com\jk\ndt\etl] for files matching pattern [F:/working/code/ndt-etl/target/classes/com/jk/ndt/etl/**/*.class]
DEBUG (org.springframework.core.io.support.PathMatchingResourcePatternResolver:672) - Searching directory [F:\working\code\ndt-etl\target\classes\com\jk\ndt\etl\constant] for files matching pattern [F:/working/code/ndt-etl/target/classes/com/jk/ndt/etl/**/*.class]
DEBUG (org.springframework.core.io.support.PathMatchingResourcePatternResolver:672) - Searching directory [F:\working\code\ndt-etl\target\classes\com\jk\ndt\etl\controller] for files matching pattern [F:/working/code/ndt-etl/target/classes/com/jk/ndt/etl/**/*.class]
DEBUG (org.springframework.core.io.support.PathMatchingResourcePatternResolver:672) - Searching directory [F:\working\code\ndt-etl\target\classes\com\jk\ndt\etl\controller\access] for files matching pattern [F:/working/code/ndt-etl/target/classes/com/jk/ndt/etl/**/*.class]
DEBUG (org.springframework.core.io.support.PathMatchingResourcePatternResolver:672) - Searching directory [F:\working\code\ndt-etl\target\classes\com\jk\ndt\etl\controller\clean] for files matching pattern [F:/working/code/ndt-etl/target/classes/com/jk/ndt/etl/**/*.class]
DEBUG (org.springframework.core.io.support.PathMatchingResourcePatternResolver:672) - Searching directory [F:\working\code\ndt-etl\target\classes\com\jk\ndt\etl\controller\mirror] for files matching pattern [F:/working/code/ndt-etl/target/classes/com/jk/ndt/etl/**/*.class]
DEBUG (org.springframework.core.io.support.PathMatchingResourcePatternResolver:672) - Searching directory [F:\working\code\ndt-etl\target\classes\com\jk\ndt\etl\controller\monitor] for files matching pattern [F:/working/code/ndt-etl/target/classes/com/jk/ndt/etl/**/*.class]
DEBUG (org.springframework.core.io.support.PathMatchingResourcePatternResolver:672) - Searching directory [F:\working\code\ndt-etl\target\classes\com\jk\ndt\etl\controller\presystem] for files matching pattern [F:/working/code/ndt-etl/target/classes/com/jk/ndt/etl/**/*.class]
DEBUG (org.springframework.core.io.support.PathMatchingResourcePatternResolver:672) - Searching directory [F:\working\code\ndt-etl\target\classes\com\jk\ndt\etl\controller\system] for files matching pattern [F:/working/code/ndt-etl/target/classes/com/jk/ndt/etl/**/*.class]
DEBUG (org.springframework.core.io.support.PathMatchingResourcePatternResolver:672) - Searching directory [F:\working\code\ndt-etl\target\classes\com\jk\ndt\etl\controller\transform] for files matching pattern [F:/working/code/ndt-etl/target/classes/com/jk/ndt/etl/**/*.class]
DEBUG (org.springframework.core.io.support.PathMatchingResourcePatternResolver:672) - Searching directory [F:\working\code\ndt-etl\target\classes\com\jk\ndt\etl\controller\validate] for files matching pattern [F:/working/code/ndt-etl/target/classes/com/jk/ndt/etl/**/*.class]
DEBUG (org.springframework.core.io.support.PathMatchingResourcePatternResolver:672) - Searching directory [F:\working\code\ndt-etl\target\classes\com\jk\ndt\etl\controller\verify] for files matching pattern [F:/working/code/ndt-etl/target/classes/com/jk/ndt/etl/**/*.class]
DEBUG (org.springframework.core.io.support.PathMatchingResourcePatternResolver:672) - Searching directory [F:\working\code\ndt-etl\target\classes\com\jk\ndt\etl\converter] for files matching pattern [F:/working/code/ndt-etl/target/classes/com/jk/ndt/etl/**/*.class]
DEBUG (org.springframework.core.io.support.PathMatchingResourcePatternResolver:672) - Searching directory [F:\working\code\ndt-etl\target\classes\com\jk\ndt\etl\converter\csv] for files matching pattern [F:/working/code/ndt-etl/target/classes/com/jk/ndt/etl/**/*.class]
DEBUG (org.springframework.core.io.support.PathMatchingResourcePatternResolver:672) - Searching directory [F:\working\code\ndt-etl\target\classes\com\jk\ndt\etl\converter\excel] for files matching pattern [F:/working/code/ndt-etl/target/classes/com/jk/ndt/etl/**/*.class]
DEBUG (org.springframework.core.io.support.PathMatchingResourcePatternResolver:672) - Searching directory [F:\working\code\ndt-etl\target\classes\com\jk\ndt\etl\converter\model] for files matching pattern [F:/working/code/ndt-etl/target/classes/com/jk/ndt/etl/**/*.class]
DEBUG (org.springframework.core.io.support.PathMatchingResourcePatternResolver:672) - Searching directory [F:\working\code\ndt-etl\target\classes\com\jk\ndt\etl\dao] for files matching pattern [F:/working/code/ndt-etl/target/classes/com/jk/ndt/etl/**/*.class]
DEBUG (org.springframework.core.io.support.PathMatchingResourcePatternResolver:672) - Searching directory [F:\working\code\ndt-etl\target\classes\com\jk\ndt\etl\dao\access] for files matching pattern [F:/working/code/ndt-etl/target/classes/com/jk/ndt/etl/**/*.class]
DEBUG (org.springframework.core.io.support.PathMatchingResourcePatternResolver:672) - Searching directory [F:\working\code\ndt-etl\target\classes\com\jk\ndt\etl\dao\common] for files matching pattern [F:/working/code/ndt-etl/target/classes/com/jk/ndt/etl/**/*.class]
DEBUG (org.springframework.core.io.support.PathMatchingResourcePatternResolver:672) - Searching directory [F:\working\code\ndt-etl\target\classes\com\jk\ndt\etl\dao\logs] for files matching pattern [F:/working/code/ndt-etl/target/classes/com/jk/ndt/etl/**/*.class]
DEBUG (org.springframework.core.io.support.PathMatchingResourcePatternResolver:672) - Searching directory [F:\working\code\ndt-etl\target\classes\com\jk\ndt\etl\dao\mirror] for files matching pattern [F:/working/code/ndt-etl/target/classes/com/jk/ndt/etl/**/*.class]
DEBUG (org.springframework.core.io.support.PathMatchingResourcePatternResolver:672) - Searching directory [F:\working\code\ndt-etl\target\classes\com\jk\ndt\etl\dao\monitor] for files matching pattern [F:/working/code/ndt-etl/target/classes/com/jk/ndt/etl/**/*.class]
DEBUG (org.springframework.core.io.support.PathMatchingResourcePatternResolver:672) - Searching directory [F:\working\code\ndt-etl\target\classes\com\jk\ndt\etl\dao\presystem] for files matching pattern [F:/working/code/ndt-etl/target/classes/com/jk/ndt/etl/**/*.class]
DEBUG (org.springframework.core.io.support.PathMatchingResourcePatternResolver:672) - Searching directory [F:\working\code\ndt-etl\target\classes\com\jk\ndt\etl\dao\system] for files matching pattern [F:/working/code/ndt-etl/target/classes/com/jk/ndt/etl/**/*.class]
DEBUG (org.springframework.core.io.support.PathMatchingResourcePatternResolver:672) - Searching directory [F:\working\code\ndt-etl\target\classes\com\jk\ndt\etl\dao\transform] for files matching pattern [F:/working/code/ndt-etl/target/classes/com/jk/ndt/etl/**/*.class]
DEBUG (org.springframework.core.io.support.PathMatchingResourcePatternResolver:672) - Searching directory [F:\working\code\ndt-etl\target\classes\com\jk\ndt\etl\entity] for files matching pattern [F:/working/code/ndt-etl/target/classes/com/jk/ndt/etl/**/*.class]
DEBUG (org.springframework.core.io.support.PathMatchingResourcePatternResolver:672) - Searching directory [F:\working\code\ndt-etl\target\classes\com\jk\ndt\etl\entity\access] for files matching pattern [F:/working/code/ndt-etl/target/classes/com/jk/ndt/etl/**/*.class]
DEBUG (org.springframework.core.io.support.PathMatchingResourcePatternResolver:672) - Searching directory [F:\working\code\ndt-etl\target\classes\com\jk\ndt\etl\entity\logs] for files matching pattern [F:/working/code/ndt-etl/target/classes/com/jk/ndt/etl/**/*.class]
DEBUG (org.springframework.core.io.support.PathMatchingResourcePatternResolver:672) - Searching directory [F:\working\code\ndt-etl\target\classes\com\jk\ndt\etl\entity\mirror] for files matching pattern [F:/working/code/ndt-etl/target/classes/com/jk/ndt/etl/**/*.class]
DEBUG (org.springframework.core.io.support.PathMatchingResourcePatternResolver:672) - Searching directory [F:\working\code\ndt-etl\target\classes\com\jk\ndt\etl\entity\monitor] for files matching pattern [F:/working/code/ndt-etl/target/classes/com/jk/ndt/etl/**/*.class]
DEBUG (org.springframework.core.io.support.PathMatchingResourcePatternResolver:672) - Searching directory [F:\working\code\ndt-etl\target\classes\com\jk\ndt\etl\entity\presystem] for files matching pattern [F:/working/code/ndt-etl/target/classes/com/jk/ndt/etl/**/*.class]
DEBUG (org.springframework.core.io.support.PathMatchingResourcePatternResolver:672) - Searching directory [F:\working\code\ndt-etl\target\classes\com\jk\ndt\etl\entity\rule] for files matching pattern [F:/working/code/ndt-etl/target/classes/com/jk/ndt/etl/**/*.class]
DEBUG (org.springframework.core.io.support.PathMatchingResourcePatternResolver:672) - Searching directory [F:\working\code\ndt-etl\target\classes\com\jk\ndt\etl\entity\system] for files matching pattern [F:/working/code/ndt-etl/target/classes/com/jk/ndt/etl/**/*.class]
DEBUG (org.springframework.core.io.support.PathMatchingResourcePatternResolver:672) - Searching directory [F:\working\code\ndt-etl\target\classes\com\jk\ndt\etl\entity\vo] for files matching pattern [F:/working/code/ndt-etl/target/classes/com/jk/ndt/etl/**/*.class]
DEBUG (org.springframework.core.io.support.PathMatchingResourcePatternResolver:672) - Searching directory [F:\working\code\ndt-etl\target\classes\com\jk\ndt\etl\exception] for files matching pattern [F:/working/code/ndt-etl/target/classes/com/jk/ndt/etl/**/*.class]
DEBUG (org.springframework.core.io.support.PathMatchingResourcePatternResolver:672) - Searching directory [F:\working\code\ndt-etl\target\classes\com\jk\ndt\etl\extend] for files matching pattern [F:/working/code/ndt-etl/target/classes/com/jk/ndt/etl/**/*.class]
DEBUG (org.springframework.core.io.support.PathMatchingResourcePatternResolver:672) - Searching directory [F:\working\code\ndt-etl\target\classes\com\jk\ndt\etl\interceptor] for files matching pattern [F:/working/code/ndt-etl/target/classes/com/jk/ndt/etl/**/*.class]
DEBUG (org.springframework.core.io.support.PathMatchingResourcePatternResolver:672) - Searching directory [F:\working\code\ndt-etl\target\classes\com\jk\ndt\etl\rule] for files matching pattern [F:/working/code/ndt-etl/target/classes/com/jk/ndt/etl/**/*.class]
DEBUG (org.springframework.core.io.support.PathMatchingResourcePatternResolver:672) - Searching directory [F:\working\code\ndt-etl\target\classes\com\jk\ndt\etl\rule\impl] for files matching pattern [F:/working/code/ndt-etl/target/classes/com/jk/ndt/etl/**/*.class]
DEBUG (org.springframework.core.io.support.PathMatchingResourcePatternResolver:672) - Searching directory [F:\working\code\ndt-etl\target\classes\com\jk\ndt\etl\service] for files matching pattern [F:/working/code/ndt-etl/target/classes/com/jk/ndt/etl/**/*.class]
DEBUG (org.springframework.core.io.support.PathMatchingResourcePatternResolver:672) - Searching directory [F:\working\code\ndt-etl\target\classes\com\jk\ndt\etl\service\access] for files matching pattern [F:/working/code/ndt-etl/target/classes/com/jk/ndt/etl/**/*.class]
DEBUG (org.springframework.core.io.support.PathMatchingResourcePatternResolver:672) - Searching directory [F:\working\code\ndt-etl\target\classes\com\jk\ndt\etl\service\access\impl] for files matching pattern [F:/working/code/ndt-etl/target/classes/com/jk/ndt/etl/**/*.class]
DEBUG (org.springframework.core.io.support.PathMatchingResourcePatternResolver:672) - Searching directory [F:\working\code\ndt-etl\target\classes\com\jk\ndt\etl\service\common] for files matching pattern [F:/working/code/ndt-etl/target/classes/com/jk/ndt/etl/**/*.class]
DEBUG (org.springframework.core.io.support.PathMatchingResourcePatternResolver:672) - Searching directory [F:\working\code\ndt-etl\target\classes\com\jk\ndt\etl\service\common\impl] for files matching pattern [F:/working/code/ndt-etl/target/classes/com/jk/ndt/etl/**/*.class]
DEBUG (org.springframework.core.io.support.PathMatchingResourcePatternResolver:672) - Searching directory [F:\working\code\ndt-etl\target\classes\com\jk\ndt\etl\service\logs] for files matching pattern [F:/working/code/ndt-etl/target/classes/com/jk/ndt/etl/**/*.class]
DEBUG (org.springframework.core.io.support.PathMatchingResourcePatternResolver:672) - Searching directory [F:\working\code\ndt-etl\target\classes\com\jk\ndt\etl\service\logs\impl] for files matching pattern [F:/working/code/ndt-etl/target/classes/com/jk/ndt/etl/**/*.class]
DEBUG (org.springframework.core.io.support.PathMatchingResourcePatternResolver:672) - Searching directory [F:\working\code\ndt-etl\target\classes\com\jk\ndt\etl\service\mirror] for files matching pattern [F:/working/code/ndt-etl/target/classes/com/jk/ndt/etl/**/*.class]
DEBUG (org.springframework.core.io.support.PathMatchingResourcePatternResolver:672) - Searching directory [F:\working\code\ndt-etl\target\classes\com\jk\ndt\etl\service\mirror\impl] for files matching pattern [F:/working/code/ndt-etl/target/classes/com/jk/ndt/etl/**/*.class]
DEBUG (org.springframework.core.io.support.PathMatchingResourcePatternResolver:672) - Searching directory [F:\working\code\ndt-etl\target\classes\com\jk\ndt\etl\service\monitor] for files matching pattern [F:/working/code/ndt-etl/target/classes/com/jk/ndt/etl/**/*.class]
DEBUG (org.springframework.core.io.support.PathMatchingResourcePatternResolver:672) - Searching directory [F:\working\code\ndt-etl\target\classes\com\jk\ndt\etl\service\monitor\impl] for files matching pattern [F:/working/code/ndt-etl/target/classes/com/jk/ndt/etl/**/*.class]
DEBUG (org.springframework.core.io.support.PathMatchingResourcePatternResolver:672) - Searching directory [F:\working\code\ndt-etl\target\classes\com\jk\ndt\etl\service\presystem] for files matching pattern [F:/working/code/ndt-etl/target/classes/com/jk/ndt/etl/**/*.class]
DEBUG (org.springframework.core.io.support.PathMatchingResourcePatternResolver:672) - Searching directory [F:\working\code\ndt-etl\target\classes\com\jk\ndt\etl\service\presystem\impl] for files matching pattern [F:/working/code/ndt-etl/target/classes/com/jk/ndt/etl/**/*.class]
DEBUG (org.springframework.core.io.support.PathMatchingResourcePatternResolver:672) - Searching directory [F:\working\code\ndt-etl\target\classes\com\jk\ndt\etl\service\rule] for files matching pattern [F:/working/code/ndt-etl/target/classes/com/jk/ndt/etl/**/*.class]
DEBUG (org.springframework.core.io.support.PathMatchingResourcePatternResolver:672) - Searching directory [F:\working\code\ndt-etl\target\classes\com\jk\ndt\etl\service\rule\impl] for files matching pattern [F:/working/code/ndt-etl/target/classes/com/jk/ndt/etl/**/*.class]
DEBUG (org.springframework.core.io.support.PathMatchingResourcePatternResolver:672) - Searching directory [F:\working\code\ndt-etl\target\classes\com\jk\ndt\etl\service\system] for files matching pattern [F:/working/code/ndt-etl/target/classes/com/jk/ndt/etl/**/*.class]
DEBUG (org.springframework.core.io.support.PathMatchingResourcePatternResolver:672) - Searching directory [F:\working\code\ndt-etl\target\classes\com\jk\ndt\etl\service\system\impl] for files matching pattern [F:/working/code/ndt-etl/target/classes/com/jk/ndt/etl/**/*.class]
DEBUG (org.springframework.core.io.support.PathMatchingResourcePatternResolver:672) - Searching directory [F:\working\code\ndt-etl\target\classes\com\jk\ndt\etl\utility] for files matching pattern [F:/working/code/ndt-etl/target/classes/com/jk/ndt/etl/**/*.class]
DEBUG (org.springframework.core.io.support.PathMatchingResourcePatternResolver:672) - Searching directory [F:\working\code\ndt-etl\target\classes\com\jk\ndt\etl\utility\httpstatus] for files matching pattern [F:/working/code/ndt-etl/target/classes/com/jk/ndt/etl/**/*.class]
DEBUG (org.springframework.core.io.support.PathMatchingResourcePatternResolver:672) - Searching directory [F:\working\code\ndt-etl\target\classes\com\jk\ndt\etl\utility\promission] for files matching pattern [F:/working/code/ndt-etl/target/classes/com/jk/ndt/etl/**/*.class]
DEBUG (org.springframework.core.io.support.PathMatchingResourcePatternResolver:411) - Resolved location pattern [classpath*:com/jk/ndt/etl/**/*.class] to resources [file [F:\working\code\ndt-etl\target\test-classes\com\jk\ndt\etl\controller\AdminTest.class], file [F:\working\code\ndt-etl\target\test-classes\com\jk\ndt\etl\converter\csv\CSVFileConverterTest.class], file [F:\working\code\ndt-etl\target\test-classes\com\jk\ndt\etl\converter\excel\excelTest.class], file [F:\working\code\ndt-etl\target\test-classes\com\jk\ndt\etl\converter\FileSaveCodeTest.class], file [F:\working\code\ndt-etl\target\test-classes\com\jk\ndt\etl\dao\access\AccessMapperTest.class], file [F:\working\code\ndt-etl\target\test-classes\com\jk\ndt\etl\dao\CommonMapperTest.class], file [F:\working\code\ndt-etl\target\test-classes\com\jk\ndt\etl\DayOfLife.class], file [F:\working\code\ndt-etl\target\test-classes\com\jk\ndt\etl\ehcache\EhcacheSpringTest.class], file [F:\working\code\ndt-etl\target\test-classes\com\jk\ndt\etl\rule\RegexValidatorTest.class], file [F:\working\code\ndt-etl\target\test-classes\com\jk\ndt\etl\rule\ReplaceStringOperationTest.class], file [F:\working\code\ndt-etl\target\test-classes\com\jk\ndt\etl\service\common\CommonServiceTest.class], file [F:\working\code\ndt-etl\target\test-classes\com\jk\ndt\etl\service\logs\SheetLogServiceTest.class], file [F:\working\code\ndt-etl\target\test-classes\com\jk\ndt\etl\service\mirror\MirrorTableServiceTest.class], file [F:\working\code\ndt-etl\target\test-classes\com\jk\ndt\etl\SpringTest.class], file [F:\working\code\ndt-etl\target\classes\com\jk\ndt\etl\constant\Constant.class], file [F:\working\code\ndt-etl\target\classes\com\jk\ndt\etl\controller\access\CacheController.class], file [F:\working\code\ndt-etl\target\classes\com\jk\ndt\etl\controller\access\SheetController.class], file [F:\working\code\ndt-etl\target\classes\com\jk\ndt\etl\controller\access\UploadController.class], file [F:\working\code\ndt-etl\target\classes\com\jk\ndt\etl\controller\BaseController.class], file [F:\working\code\ndt-etl\target\classes\com\jk\ndt\etl\controller\clean\CleanerController.class], file [F:\working\code\ndt-etl\target\classes\com\jk\ndt\etl\controller\FirstController.class], file [F:\working\code\ndt-etl\target\classes\com\jk\ndt\etl\controller\mirror\MirrorTableController.class], file [F:\working\code\ndt-etl\target\classes\com\jk\ndt\etl\controller\monitor\AlarmRuleController.class], file [F:\working\code\ndt-etl\target\classes\com\jk\ndt\etl\controller\monitor\MonitorController.class], file [F:\working\code\ndt-etl\target\classes\com\jk\ndt\etl\controller\monitor\SeverHostController.class], file [F:\working\code\ndt-etl\target\classes\com\jk\ndt\etl\controller\MyRealm.class], file [F:\working\code\ndt-etl\target\classes\com\jk\ndt\etl\controller\presystem\PreSystemController.class], file [F:\working\code\ndt-etl\target\classes\com\jk\ndt\etl\controller\presystem\PreSystemServlet.class], file [F:\working\code\ndt-etl\target\classes\com\jk\ndt\etl\controller\presystem\PreSystemThread.class], file [F:\working\code\ndt-etl\target\classes\com\jk\ndt\etl\controller\system\AdminController.class], file [F:\working\code\ndt-etl\target\classes\com\jk\ndt\etl\controller\system\ResourceController.class], file [F:\working\code\ndt-etl\target\classes\com\jk\ndt\etl\controller\system\RoleController.class], file [F:\working\code\ndt-etl\target\classes\com\jk\ndt\etl\controller\system\UserController.class], file [F:\working\code\ndt-etl\target\classes\com\jk\ndt\etl\controller\transform\TransformController.class], file [F:\working\code\ndt-etl\target\classes\com\jk\ndt\etl\controller\validate\ValidateController.class], file [F:\working\code\ndt-etl\target\classes\com\jk\ndt\etl\controller\ValidateDemoController.class], file [F:\working\code\ndt-etl\target\classes\com\jk\ndt\etl\controller\verify\VerifyController.class], file [F:\working\code\ndt-etl\target\classes\com\jk\ndt\etl\converter\csv\CSVFileConverter.class], file [F:\working\code\ndt-etl\target\classes\com\jk\ndt\etl\converter\csv\CSVFileUtil.class], file [F:\working\code\ndt-etl\target\classes\com\jk\ndt\etl\converter\excel\ExcelConverter.class], file [F:\working\code\ndt-etl\target\classes\com\jk\ndt\etl\converter\FileConverter.class], file [F:\working\code\ndt-etl\target\classes\com\jk\ndt\etl\converter\model\DataTable.class], file [F:\working\code\ndt-etl\target\classes\com\jk\ndt\etl\dao\access\SheetInfoDao.class], file [F:\working\code\ndt-etl\target\classes\com\jk\ndt\etl\dao\access\UploadInfoDao.class], file [F:\working\code\ndt-etl\target\classes\com\jk\ndt\etl\dao\BaseDao.class], file [F:\working\code\ndt-etl\target\classes\com\jk\ndt\etl\dao\common\CommonDao.class], file [F:\working\code\ndt-etl\target\classes\com\jk\ndt\etl\dao\logs\SheetLogDao.class], file [F:\working\code\ndt-etl\target\classes\com\jk\ndt\etl\dao\mirror\MirrorTableDao.class], file [F:\working\code\ndt-etl\target\classes\com\jk\ndt\etl\dao\monitor\AlarmRuleDao.class], file [F:\working\code\ndt-etl\target\classes\com\jk\ndt\etl\dao\monitor\MailInfoDao.class], file [F:\working\code\ndt-etl\target\classes\com\jk\ndt\etl\dao\monitor\ServerHostDao.class], file [F:\working\code\ndt-etl\target\classes\com\jk\ndt\etl\dao\monitor\ServerInfoDao.class], file [F:\working\code\ndt-etl\target\classes\com\jk\ndt\etl\dao\presystem\MBusinessProcessSyncDao.class], file [F:\working\code\ndt-etl\target\classes\com\jk\ndt\etl\dao\system\AdminDao.class], file [F:\working\code\ndt-etl\target\classes\com\jk\ndt\etl\dao\system\ResourceDao.class], file [F:\working\code\ndt-etl\target\classes\com\jk\ndt\etl\dao\system\RoleDao.class], file [F:\working\code\ndt-etl\target\classes\com\jk\ndt\etl\dao\system\UserDao.class], file [F:\working\code\ndt-etl\target\classes\com\jk\ndt\etl\dao\transform\TransformDao.class], file [F:\working\code\ndt-etl\target\classes\com\jk\ndt\etl\entity\access\SheetInfo.class], file [F:\working\code\ndt-etl\target\classes\com\jk\ndt\etl\entity\access\UploadInfo.class], file [F:\working\code\ndt-etl\target\classes\com\jk\ndt\etl\entity\BaseEntity.class], file [F:\working\code\ndt-etl\target\classes\com\jk\ndt\etl\entity\CommonQueryObj.class], file [F:\working\code\ndt-etl\target\classes\com\jk\ndt\etl\entity\logs\SheetLog.class], file [F:\working\code\ndt-etl\target\classes\com\jk\ndt\etl\entity\mirror\MirrorColumn.class], file [F:\working\code\ndt-etl\target\classes\com\jk\ndt\etl\entity\mirror\MirrorTable.class], file [F:\working\code\ndt-etl\target\classes\com\jk\ndt\etl\entity\monitor\AlarmLogs.class], file [F:\working\code\ndt-etl\target\classes\com\jk\ndt\etl\entity\monitor\AlarmRuleBean.class], file [F:\working\code\ndt-etl\target\classes\com\jk\ndt\etl\entity\monitor\Email.class], file [F:\working\code\ndt-etl\target\classes\com\jk\ndt\etl\entity\monitor\MemoryClear.class], file [F:\working\code\ndt-etl\target\classes\com\jk\ndt\etl\entity\monitor\MonitorTableInfo.class], file [F:\working\code\ndt-etl\target\classes\com\jk\ndt\etl\entity\monitor\ServerHost.class], file [F:\working\code\ndt-etl\target\classes\com\jk\ndt\etl\entity\monitor\ServerInfo.class], file [F:\working\code\ndt-etl\target\classes\com\jk\ndt\etl\entity\monitor\ServerInfoQuery.class], file [F:\working\code\ndt-etl\target\classes\com\jk\ndt\etl\entity\Org.class], file [F:\working\code\ndt-etl\target\classes\com\jk\ndt\etl\entity\Page.class], file [F:\working\code\ndt-etl\target\classes\com\jk\ndt\etl\entity\Paging.class], file [F:\working\code\ndt-etl\target\classes\com\jk\ndt\etl\entity\presystem\MBusinessProcessSync.class], file [F:\working\code\ndt-etl\target\classes\com\jk\ndt\etl\entity\rule\CleanerColumnPO.class], file [F:\working\code\ndt-etl\target\classes\com\jk\ndt\etl\entity\rule\CleanerPO.class], file [F:\working\code\ndt-etl\target\classes\com\jk\ndt\etl\entity\rule\CleanerSheetPO.class], file [F:\working\code\ndt-etl\target\classes\com\jk\ndt\etl\entity\rule\CleanResult.class], file [F:\working\code\ndt-etl\target\classes\com\jk\ndt\etl\entity\rule\ParamInput.class], file [F:\working\code\ndt-etl\target\classes\com\jk\ndt\etl\entity\rule\TransformColumnPO.class], file [F:\working\code\ndt-etl\target\classes\com\jk\ndt\etl\entity\rule\TransformResult.class], file [F:\working\code\ndt-etl\target\classes\com\jk\ndt\etl\entity\rule\TransformSheetPO.class], file [F:\working\code\ndt-etl\target\classes\com\jk\ndt\etl\entity\rule\ValidateColumnPO.class], file [F:\working\code\ndt-etl\target\classes\com\jk\ndt\etl\entity\rule\ValidatePO.class], file [F:\working\code\ndt-etl\target\classes\com\jk\ndt\etl\entity\rule\ValidateResult.class], file [F:\working\code\ndt-etl\target\classes\com\jk\ndt\etl\entity\rule\ValidateSheetPO.class], file [F:\working\code\ndt-etl\target\classes\com\jk\ndt\etl\entity\system\Admin.class], file [F:\working\code\ndt-etl\target\classes\com\jk\ndt\etl\entity\system\Menu.class], file [F:\working\code\ndt-etl\target\classes\com\jk\ndt\etl\entity\system\Resource.class], file [F:\working\code\ndt-etl\target\classes\com\jk\ndt\etl\entity\system\Role.class], file [F:\working\code\ndt-etl\target\classes\com\jk\ndt\etl\entity\system\User.class], file [F:\working\code\ndt-etl\target\classes\com\jk\ndt\etl\entity\ValidateDemo.class], file [F:\working\code\ndt-etl\target\classes\com\jk\ndt\etl\entity\vo\ApplyCreditVo.class], file [F:\working\code\ndt-etl\target\classes\com\jk\ndt\etl\exception\LogicalException.class], file [F:\working\code\ndt-etl\target\classes\com\jk\ndt\etl\extend\EtlPermissionsAuthorizationFilter.class], file [F:\working\code\ndt-etl\target\classes\com\jk\ndt\etl\interceptor\ControllerValidatorInterceptor.class], file [F:\working\code\ndt-etl\target\classes\com\jk\ndt\etl\rule\CleanerUtils.class], file [F:\working\code\ndt-etl\target\classes\com\jk\ndt\etl\rule\impl\DefaultValidator.class], file [F:\working\code\ndt-etl\target\classes\com\jk\ndt\etl\rule\impl\InsertStringOperation.class], file [F:\working\code\ndt-etl\target\classes\com\jk\ndt\etl\rule\impl\RegexValidator.class], file [F:\working\code\ndt-etl\target\classes\com\jk\ndt\etl\rule\impl\ReplaceStringOperation.class], file [F:\working\code\ndt-etl\target\classes\com\jk\ndt\etl\rule\StringOperation.class], file [F:\working\code\ndt-etl\target\classes\com\jk\ndt\etl\rule\ValidateUtils.class], file [F:\working\code\ndt-etl\target\classes\com\jk\ndt\etl\rule\Validator.class], file [F:\working\code\ndt-etl\target\classes\com\jk\ndt\etl\service\access\AnalysisService.class], file [F:\working\code\ndt-etl\target\classes\com\jk\ndt\etl\service\access\impl\AnalysisServiceImpl.class], file [F:\working\code\ndt-etl\target\classes\com\jk\ndt\etl\service\access\impl\SheetInfoServiceImpl.class], file [F:\working\code\ndt-etl\target\classes\com\jk\ndt\etl\service\access\impl\UploadInfoServiceImpl.class], file [F:\working\code\ndt-etl\target\classes\com\jk\ndt\etl\service\access\SheetInfoService.class], file [F:\working\code\ndt-etl\target\classes\com\jk\ndt\etl\service\access\UploadInfoService.class], file [F:\working\code\ndt-etl\target\classes\com\jk\ndt\etl\service\BaseService.class], file [F:\working\code\ndt-etl\target\classes\com\jk\ndt\etl\service\BaseServiceImpl.class], file [F:\working\code\ndt-etl\target\classes\com\jk\ndt\etl\service\common\CommonService.class], file [F:\working\code\ndt-etl\target\classes\com\jk\ndt\etl\service\common\impl\CommonServiceImpl.class], file [F:\working\code\ndt-etl\target\classes\com\jk\ndt\etl\service\logs\impl\SheetLogServiceImpl.class], file [F:\working\code\ndt-etl\target\classes\com\jk\ndt\etl\service\logs\SheetLogService.class], file [F:\working\code\ndt-etl\target\classes\com\jk\ndt\etl\service\mirror\impl\MirrorTableServiceImpl.class], file [F:\working\code\ndt-etl\target\classes\com\jk\ndt\etl\service\mirror\MirrorTableService.class], file [F:\working\code\ndt-etl\target\classes\com\jk\ndt\etl\service\monitor\AlarmRuleService.class], file [F:\working\code\ndt-etl\target\classes\com\jk\ndt\etl\service\monitor\ClearMemoryInfo.class], file [F:\working\code\ndt-etl\target\classes\com\jk\ndt\etl\service\monitor\DiskUseInfo.class], file [F:\working\code\ndt-etl\target\classes\com\jk\ndt\etl\service\monitor\impl\AlarmRuleServiceImpl.class], file [F:\working\code\ndt-etl\target\classes\com\jk\ndt\etl\service\monitor\impl\MailServiceImpl.class], file [F:\working\code\ndt-etl\target\classes\com\jk\ndt\etl\service\monitor\impl\MonitorServiceimpl.class], file [F:\working\code\ndt-etl\target\classes\com\jk\ndt\etl\service\monitor\impl\ServerHostServiceImpl.class], file [F:\working\code\ndt-etl\target\classes\com\jk\ndt\etl\service\monitor\impl\ServerInfoServiceImpl.class], file [F:\working\code\ndt-etl\target\classes\com\jk\ndt\etl\service\monitor\MailService.class], file [F:\working\code\ndt-etl\target\classes\com\jk\ndt\etl\service\monitor\MonitorService.class], file [F:\working\code\ndt-etl\target\classes\com\jk\ndt\etl\service\monitor\ServerHostService.class], file [F:\working\code\ndt-etl\target\classes\com\jk\ndt\etl\service\monitor\ServerInfoService.class], file [F:\working\code\ndt-etl\target\classes\com\jk\ndt\etl\service\monitor\SysCpuInfo.class], file [F:\working\code\ndt-etl\target\classes\com\jk\ndt\etl\service\monitor\SysMemInfo.class], file [F:\working\code\ndt-etl\target\classes\com\jk\ndt\etl\service\presystem\impl\PreSystemServiceImpl.class], file [F:\working\code\ndt-etl\target\classes\com\jk\ndt\etl\service\presystem\PreSystemService.class], file [F:\working\code\ndt-etl\target\classes\com\jk\ndt\etl\service\rule\CleanService.class], file [F:\working\code\ndt-etl\target\classes\com\jk\ndt\etl\service\rule\impl\CleanServiceImpl.class], file [F:\working\code\ndt-etl\target\classes\com\jk\ndt\etl\service\rule\impl\TransformServiceImpl.class], file [F:\working\code\ndt-etl\target\classes\com\jk\ndt\etl\service\rule\impl\ValidateServiceImpl.class], file [F:\working\code\ndt-etl\target\classes\com\jk\ndt\etl\service\rule\TransformService.class], file [F:\working\code\ndt-etl\target\classes\com\jk\ndt\etl\service\rule\ValidateService.class], file [F:\working\code\ndt-etl\target\classes\com\jk\ndt\etl\service\system\AdminService.class], file [F:\working\code\ndt-etl\target\classes\com\jk\ndt\etl\service\system\impl\AdminServiceImpl.class], file [F:\working\code\ndt-etl\target\classes\com\jk\ndt\etl\service\system\impl\ResourceServiceImpl.class], file [F:\working\code\ndt-etl\target\classes\com\jk\ndt\etl\service\system\impl\RoleServiceImpl.class], file [F:\working\code\ndt-etl\target\classes\com\jk\ndt\etl\service\system\impl\UserServiceImpl.class], file [F:\working\code\ndt-etl\target\classes\com\jk\ndt\etl\service\system\ResourceService.class], file [F:\working\code\ndt-etl\target\classes\com\jk\ndt\etl\service\system\RoleService.class], file [F:\working\code\ndt-etl\target\classes\com\jk\ndt\etl\service\system\UserService.class], file [F:\working\code\ndt-etl\target\classes\com\jk\ndt\etl\utility\Checker.class], file [F:\working\code\ndt-etl\target\classes\com\jk\ndt\etl\utility\CommUtil.class], file [F:\working\code\ndt-etl\target\classes\com\jk\ndt\etl\utility\DateUtils.class], file [F:\working\code\ndt-etl\target\classes\com\jk\ndt\etl\utility\DesUtils.class], file [F:\working\code\ndt-etl\target\classes\com\jk\ndt\etl\utility\EHCacheConfig.class], file [F:\working\code\ndt-etl\target\classes\com\jk\ndt\etl\utility\EHCacheUtil.class], file [F:\working\code\ndt-etl\target\classes\com\jk\ndt\etl\utility\ErrorUtil.class], file [F:\working\code\ndt-etl\target\classes\com\jk\ndt\etl\utility\FileSafeCode.class], file [F:\working\code\ndt-etl\target\classes\com\jk\ndt\etl\utility\GeneratorSqlmap.class], file [F:\working\code\ndt-etl\target\classes\com\jk\ndt\etl\utility\httpstatus\RestfulStatus.class], file [F:\working\code\ndt-etl\target\classes\com\jk\ndt\etl\utility\MapDistance.class], file [F:\working\code\ndt-etl\target\classes\com\jk\ndt\etl\utility\MapUtil.class], file [F:\working\code\ndt-etl\target\classes\com\jk\ndt\etl\utility\Md5SaltTool.class], file [F:\working\code\ndt-etl\target\classes\com\jk\ndt\etl\utility\Message.class], file [F:\working\code\ndt-etl\target\classes\com\jk\ndt\etl\utility\PageData.class], file [F:\working\code\ndt-etl\target\classes\com\jk\ndt\etl\utility\promission\LoginSessionUtil.class], file [F:\working\code\ndt-etl\target\classes\com\jk\ndt\etl\utility\promission\ResourceMenusUtil.class], file [F:\working\code\ndt-etl\target\classes\com\jk\ndt\etl\utility\ReflectHelper.class], file [F:\working\code\ndt-etl\target\classes\com\jk\ndt\etl\utility\SessionUtil.class], file [F:\working\code\ndt-etl\target\classes\com\jk\ndt\etl\utility\SpringContextHolder.class], file [F:\working\code\ndt-etl\target\classes\com\jk\ndt\etl\utility\StringUtils.class], file [F:\working\code\ndt-etl\target\classes\com\jk\ndt\etl\utility\Tools.class], file [F:\working\code\ndt-etl\target\classes\com\jk\ndt\etl\utility\TransforUtil.class], file [F:\working\code\ndt-etl\target\classes\com\jk\ndt\etl\utility\TransStatusUtil.class], file [F:\working\code\ndt-etl\target\classes\com\jk\ndt\etl\utility\UuidUtil.class], file [F:\working\code\ndt-etl\target\classes\com\jk\ndt\etl\utility\VelocityUtil.class], file [F:\working\code\ndt-etl\target\classes\com\jk\ndt\etl\utility\WebUtils.class]]
DEBUG (org.springframework.context.annotation.ClassPathBeanDefinitionScanner:284) - Identified candidate component class: file [F:\working\code\ndt-etl\target\classes\com\jk\ndt\etl\converter\csv\CSVFileConverter.class]
DEBUG (org.springframework.context.annotation.ClassPathBeanDefinitionScanner:284) - Identified candidate component class: file [F:\working\code\ndt-etl\target\classes\com\jk\ndt\etl\converter\excel\ExcelConverter.class]
DEBUG (org.springframework.context.annotation.ClassPathBeanDefinitionScanner:284) - Identified candidate component class: file [F:\working\code\ndt-etl\target\classes\com\jk\ndt\etl\interceptor\ControllerValidatorInterceptor.class]
DEBUG (org.springframework.context.annotation.ClassPathBeanDefinitionScanner:284) - Identified candidate component class: file [F:\working\code\ndt-etl\target\classes\com\jk\ndt\etl\rule\impl\DefaultValidator.class]
DEBUG (org.springframework.context.annotation.ClassPathBeanDefinitionScanner:284) - Identified candidate component class: file [F:\working\code\ndt-etl\target\classes\com\jk\ndt\etl\rule\impl\InsertStringOperation.class]
DEBUG (org.springframework.context.annotation.ClassPathBeanDefinitionScanner:284) - Identified candidate component class: file [F:\working\code\ndt-etl\target\classes\com\jk\ndt\etl\rule\impl\RegexValidator.class]
DEBUG (org.springframework.context.annotation.ClassPathBeanDefinitionScanner:284) - Identified candidate component class: file [F:\working\code\ndt-etl\target\classes\com\jk\ndt\etl\rule\impl\ReplaceStringOperation.class]
DEBUG (org.springframework.context.annotation.ClassPathBeanDefinitionScanner:284) - Identified candidate component class: file [F:\working\code\ndt-etl\target\classes\com\jk\ndt\etl\service\access\impl\AnalysisServiceImpl.class]
DEBUG (org.springframework.context.annotation.ClassPathBeanDefinitionScanner:284) - Identified candidate component class: file [F:\working\code\ndt-etl\target\classes\com\jk\ndt\etl\service\access\impl\SheetInfoServiceImpl.class]
DEBUG (org.springframework.context.annotation.ClassPathBeanDefinitionScanner:284) - Identified candidate component class: file [F:\working\code\ndt-etl\target\classes\com\jk\ndt\etl\service\access\impl\UploadInfoServiceImpl.class]
DEBUG (org.springframework.context.annotation.ClassPathBeanDefinitionScanner:284) - Identified candidate component class: file [F:\working\code\ndt-etl\target\classes\com\jk\ndt\etl\service\common\impl\CommonServiceImpl.class]
DEBUG (org.springframework.context.annotation.ClassPathBeanDefinitionScanner:284) - Identified candidate component class: file [F:\working\code\ndt-etl\target\classes\com\jk\ndt\etl\service\logs\impl\SheetLogServiceImpl.class]
DEBUG (org.springframework.context.annotation.ClassPathBeanDefinitionScanner:284) - Identified candidate component class: file [F:\working\code\ndt-etl\target\classes\com\jk\ndt\etl\service\mirror\impl\MirrorTableServiceImpl.class]
DEBUG (org.springframework.context.annotation.ClassPathBeanDefinitionScanner:284) - Identified candidate component class: file [F:\working\code\ndt-etl\target\classes\com\jk\ndt\etl\service\monitor\impl\AlarmRuleServiceImpl.class]
DEBUG (org.springframework.context.annotation.ClassPathBeanDefinitionScanner:284) - Identified candidate component class: file [F:\working\code\ndt-etl\target\classes\com\jk\ndt\etl\service\monitor\impl\MailServiceImpl.class]
DEBUG (org.springframework.context.annotation.ClassPathBeanDefinitionScanner:284) - Identified candidate component class: file [F:\working\code\ndt-etl\target\classes\com\jk\ndt\etl\service\monitor\impl\MonitorServiceimpl.class]
DEBUG (org.springframework.context.annotation.ClassPathBeanDefinitionScanner:284) - Identified candidate component class: file [F:\working\code\ndt-etl\target\classes\com\jk\ndt\etl\service\monitor\impl\ServerHostServiceImpl.class]
DEBUG (org.springframework.context.annotation.ClassPathBeanDefinitionScanner:284) - Identified candidate component class: file [F:\working\code\ndt-etl\target\classes\com\jk\ndt\etl\service\monitor\impl\ServerInfoServiceImpl.class]
DEBUG (org.springframework.context.annotation.ClassPathBeanDefinitionScanner:284) - Identified candidate component class: file [F:\working\code\ndt-etl\target\classes\com\jk\ndt\etl\service\presystem\impl\PreSystemServiceImpl.class]
DEBUG (org.springframework.context.annotation.ClassPathBeanDefinitionScanner:284) - Identified candidate component class: file [F:\working\code\ndt-etl\target\classes\com\jk\ndt\etl\service\rule\impl\CleanServiceImpl.class]
DEBUG (org.springframework.context.annotation.ClassPathBeanDefinitionScanner:284) - Identified candidate component class: file [F:\working\code\ndt-etl\target\classes\com\jk\ndt\etl\service\rule\impl\TransformServiceImpl.class]
DEBUG (org.springframework.context.annotation.ClassPathBeanDefinitionScanner:284) - Identified candidate component class: file [F:\working\code\ndt-etl\target\classes\com\jk\ndt\etl\service\rule\impl\ValidateServiceImpl.class]
DEBUG (org.springframework.context.annotation.ClassPathBeanDefinitionScanner:284) - Identified candidate component class: file [F:\working\code\ndt-etl\target\classes\com\jk\ndt\etl\service\system\impl\AdminServiceImpl.class]
DEBUG (org.springframework.context.annotation.ClassPathBeanDefinitionScanner:284) - Identified candidate component class: file [F:\working\code\ndt-etl\target\classes\com\jk\ndt\etl\service\system\impl\ResourceServiceImpl.class]
DEBUG (org.springframework.context.annotation.ClassPathBeanDefinitionScanner:284) - Identified candidate component class: file [F:\working\code\ndt-etl\target\classes\com\jk\ndt\etl\service\system\impl\RoleServiceImpl.class]
DEBUG (org.springframework.context.annotation.ClassPathBeanDefinitionScanner:284) - Identified candidate component class: file [F:\working\code\ndt-etl\target\classes\com\jk\ndt\etl\service\system\impl\UserServiceImpl.class]
DEBUG (org.springframework.context.annotation.ClassPathBeanDefinitionScanner:284) - Identified candidate component class: file [F:\working\code\ndt-etl\target\classes\com\jk\ndt\etl\utility\SpringContextHolder.class]
DEBUG (org.springframework.beans.factory.xml.BeanDefinitionParserDelegate:495) - Neither XML &apos;id&apos; nor &apos;name&apos; specified - using generated bean name [org.mybatis.spring.mapper.MapperScannerConfigurer#0]
DEBUG (org.springframework.beans.factory.xml.XmlBeanDefinitionReader:223) - Loaded 95 bean definitions from location pattern [classpath*:spring*.xml]
 INFO (org.springframework.context.support.GenericApplicationContext:510) - Refreshing org.springframework.context.support.GenericApplicationContext@72b6cbcc: startup date [Wed Jun 07 11:10:25 CST 2017]; root of context hierarchy
DEBUG (org.springframework.context.support.GenericApplicationContext:540) - Bean factory for org.springframework.context.support.GenericApplicationContext@72b6cbcc: org.springframework.beans.factory.support.DefaultListableBeanFactory@6743e411: defining beans [mvcContentNegotiationManager,org.springframework.web.servlet.mvc.method.annotation.RequestMappingHandlerMapping#0,org.springframework.format.support.FormattingConversionServiceFactoryBean#0,org.springframework.validation.beanvalidation.OptionalValidatorFactoryBean#0,org.springframework.web.servlet.mvc.method.annotation.RequestMappingHandlerAdapter#0,mvcUriComponentsContributor,org.springframework.web.servlet.handler.MappedInterceptor#0,org.springframework.web.servlet.mvc.method.annotation.ExceptionHandlerExceptionResolver#0,org.springframework.web.servlet.mvc.annotation.ResponseStatusExceptionResolver#0,org.springframework.web.servlet.mvc.support.DefaultHandlerExceptionResolver#0,org.springframework.web.servlet.handler.BeanNameUrlHandlerMapping,org.springframework.web.servlet.mvc.HttpRequestHandlerAdapter,org.springframework.web.servlet.mvc.SimpleControllerHandlerAdapter,cacheController,sheetController,uploadController,cleanerController,firstController,mirrorTableController,alarmRuleController,monitorController,severHostController,preSystemController,adminController,resourceController,roleController,userController,transformController,validateController,validateDemoController,verifyController,org.springframework.context.annotation.internalConfigurationAnnotationProcessor,org.springframework.context.annotation.internalAutowiredAnnotationProcessor,org.springframework.context.annotation.internalRequiredAnnotationProcessor,org.springframework.context.annotation.internalCommonAnnotationProcessor,org.springframework.aop.config.internalAutoProxyCreator,viewResolver,org.springframework.beans.factory.annotation.AutowiredAnnotationBeanPostProcessor#0,mvcResourceUrlProvider,org.springframework.web.servlet.handler.MappedInterceptor#1,org.springframework.web.servlet.resource.ResourceHttpRequestHandler#0,mvcPathMatcher,mvcUrlPathHelper,org.springframework.web.servlet.handler.SimpleUrlHandlerMapping#0,org.springframework.web.servlet.resource.DefaultServletHttpRequestHandler#0,org.springframework.web.servlet.handler.SimpleUrlHandlerMapping#1,multipartResolver,CSVFileConverter,excelConverter,controllerValidatorInterceptor,defaultValidator,insertStringOperation,regexValidator,replaceStringOperation,analysisService,sheetInfoService,uploadInfoService,commonService,sheetLogService,mirrorTableService,alarmRuleService,mailService,monitorService,serverHostService,serverInfoService,preSystemService,cleanService,transformService,validateService,adminService,resourceService,roleService,userService,springContextHolder,prop,propertyConfigurer,dataSource,sqlSessionFactory,org.mybatis.spring.mapper.MapperScannerConfigurer#0,transactionManager,txAdvice,org.springframework.aop.support.DefaultBeanFactoryPointcutAdvisor#0,org.springframework.context.annotation.internalAsyncAnnotationProcessor,org.springframework.context.annotation.internalScheduledAnnotationProcessor,qbScheduler,simplePermFilter,shiroFilter,myRealm,securityManager,lifecycleBeanPostProcessor,org.springframework.cache.annotation.AnnotationCacheOperationSource#0,org.springframework.cache.interceptor.CacheInterceptor#0,org.springframework.cache.config.internalCacheAdvisor,cacheManagerFactory,cacheManager]; root of factory hierarchy
DEBUG (org.springframework.beans.factory.support.DefaultListableBeanFactory:220) - Creating shared instance of singleton bean &apos;org.springframework.context.annotation.internalConfigurationAnnotationProcessor&apos;
DEBUG (org.springframework.beans.factory.support.DefaultListableBeanFactory:450) - Creating instance of bean &apos;org.springframework.context.annotation.internalConfigurationAnnotationProcessor&apos;
DEBUG (org.springframework.beans.factory.support.DefaultListableBeanFactory:524) - Eagerly caching bean &apos;org.springframework.context.annotation.internalConfigurationAnnotationProcessor&apos; to allow for resolving potential circular references
DEBUG (org.springframework.beans.factory.support.DefaultListableBeanFactory:478) - Finished creating instance of bean &apos;org.springframework.context.annotation.internalConfigurationAnnotationProcessor&apos;
DEBUG (org.springframework.beans.factory.support.DefaultListableBeanFactory:220) - Creating shared instance of singleton bean &apos;org.mybatis.spring.mapper.MapperScannerConfigurer#0&apos;
DEBUG (org.springframework.beans.factory.support.DefaultListableBeanFactory:450) - Creating instance of bean &apos;org.mybatis.spring.mapper.MapperScannerConfigurer#0&apos;
DEBUG (org.springframework.beans.factory.support.DefaultListableBeanFactory:524) - Eagerly caching bean &apos;org.mybatis.spring.mapper.MapperScannerConfigurer#0&apos; to allow for resolving potential circular references
DEBUG (org.springframework.beans.factory.support.DefaultListableBeanFactory:1610) - Invoking afterPropertiesSet() on bean with name &apos;org.mybatis.spring.mapper.MapperScannerConfigurer#0&apos;
DEBUG (org.springframework.beans.factory.support.DefaultListableBeanFactory:478) - Finished creating instance of bean &apos;org.mybatis.spring.mapper.MapperScannerConfigurer#0&apos;
DEBUG (org.springframework.core.env.StandardEnvironment:111) - Adding [systemProperties] PropertySource with lowest search precedence
DEBUG (org.springframework.core.env.StandardEnvironment:111) - Adding [systemEnvironment] PropertySource with lowest search precedence
DEBUG (org.springframework.core.env.StandardEnvironment:126) - Initialized StandardEnvironment with PropertySources [systemProperties,systemEnvironment]
DEBUG (org.springframework.core.io.support.PathMatchingResourcePatternResolver:610) - Looking for matching resources in directory tree [F:\working\code\ndt-etl\target\test-classes\com\jk\ndt\etl\dao]
DEBUG (org.springframework.core.io.support.PathMatchingResourcePatternResolver:672) - Searching directory [F:\working\code\ndt-etl\target\test-classes\com\jk\ndt\etl\dao] for files matching pattern [F:/working/code/ndt-etl/target/test-classes/com/jk/ndt/etl/dao/**/*.class]
DEBUG (org.springframework.core.io.support.PathMatchingResourcePatternResolver:672) - Searching directory [F:\working\code\ndt-etl\target\test-classes\com\jk\ndt\etl\dao\access] for files matching pattern [F:/working/code/ndt-etl/target/test-classes/com/jk/ndt/etl/dao/**/*.class]
DEBUG (org.springframework.core.io.support.PathMatchingResourcePatternResolver:610) - Looking for matching resources in directory tree [F:\working\code\ndt-etl\target\classes\com\jk\ndt\etl\dao]
DEBUG (org.springframework.core.io.support.PathMatchingResourcePatternResolver:672) - Searching directory [F:\working\code\ndt-etl\target\classes\com\jk\ndt\etl\dao] for files matching pattern [F:/working/code/ndt-etl/target/classes/com/jk/ndt/etl/dao/**/*.class]
DEBUG (org.springframework.core.io.support.PathMatchingResourcePatternResolver:672) - Searching directory [F:\working\code\ndt-etl\target\classes\com\jk\ndt\etl\dao\access] for files matching pattern [F:/working/code/ndt-etl/target/classes/com/jk/ndt/etl/dao/**/*.class]
DEBUG (org.springframework.core.io.support.PathMatchingResourcePatternResolver:672) - Searching directory [F:\working\code\ndt-etl\target\classes\com\jk\ndt\etl\dao\common] for files matching pattern [F:/working/code/ndt-etl/target/classes/com/jk/ndt/etl/dao/**/*.class]
DEBUG (org.springframework.core.io.support.PathMatchingResourcePatternResolver:672) - Searching directory [F:\working\code\ndt-etl\target\classes\com\jk\ndt\etl\dao\logs] for files matching pattern [F:/working/code/ndt-etl/target/classes/com/jk/ndt/etl/dao/**/*.class]
DEBUG (org.springframework.core.io.support.PathMatchingResourcePatternResolver:672) - Searching directory [F:\working\code\ndt-etl\target\classes\com\jk\ndt\etl\dao\mirror] for files matching pattern [F:/working/code/ndt-etl/target/classes/com/jk/ndt/etl/dao/**/*.class]
DEBUG (org.springframework.core.io.support.PathMatchingResourcePatternResolver:672) - Searching directory [F:\working\code\ndt-etl\target\classes\com\jk\ndt\etl\dao\monitor] for files matching pattern [F:/working/code/ndt-etl/target/classes/com/jk/ndt/etl/dao/**/*.class]
DEBUG (org.springframework.core.io.support.PathMatchingResourcePatternResolver:672) - Searching directory [F:\working\code\ndt-etl\target\classes\com\jk\ndt\etl\dao\presystem] for files matching pattern [F:/working/code/ndt-etl/target/classes/com/jk/ndt/etl/dao/**/*.class]
DEBUG (org.springframework.core.io.support.PathMatchingResourcePatternResolver:672) - Searching directory [F:\working\code\ndt-etl\target\classes\com\jk\ndt\etl\dao\system] for files matching pattern [F:/working/code/ndt-etl/target/classes/com/jk/ndt/etl/dao/**/*.class]
DEBUG (org.springframework.core.io.support.PathMatchingResourcePatternResolver:672) - Searching directory [F:\working\code\ndt-etl\target\classes\com\jk\ndt\etl\dao\transform] for files matching pattern [F:/working/code/ndt-etl/target/classes/com/jk/ndt/etl/dao/**/*.class]
DEBUG (org.springframework.core.io.support.PathMatchingResourcePatternResolver:411) - Resolved location pattern [classpath*:com/jk/ndt/etl/dao/**/*.class] to resources [file [F:\working\code\ndt-etl\target\test-classes\com\jk\ndt\etl\dao\access\AccessMapperTest.class], file [F:\working\code\ndt-etl\target\test-classes\com\jk\ndt\etl\dao\CommonMapperTest.class], file [F:\working\code\ndt-etl\target\classes\com\jk\ndt\etl\dao\access\SheetInfoDao.class], file [F:\working\code\ndt-etl\target\classes\com\jk\ndt\etl\dao\access\UploadInfoDao.class], file [F:\working\code\ndt-etl\target\classes\com\jk\ndt\etl\dao\BaseDao.class], file [F:\working\code\ndt-etl\target\classes\com\jk\ndt\etl\dao\common\CommonDao.class], file [F:\working\code\ndt-etl\target\classes\com\jk\ndt\etl\dao\logs\SheetLogDao.class], file [F:\working\code\ndt-etl\target\classes\com\jk\ndt\etl\dao\mirror\MirrorTableDao.class], file [F:\working\code\ndt-etl\target\classes\com\jk\ndt\etl\dao\monitor\AlarmRuleDao.class], file [F:\working\code\ndt-etl\target\classes\com\jk\ndt\etl\dao\monitor\MailInfoDao.class], file [F:\working\code\ndt-etl\target\classes\com\jk\ndt\etl\dao\monitor\ServerHostDao.class], file [F:\working\code\ndt-etl\target\classes\com\jk\ndt\etl\dao\monitor\ServerInfoDao.class], file [F:\working\code\ndt-etl\target\classes\com\jk\ndt\etl\dao\presystem\MBusinessProcessSyncDao.class], file [F:\working\code\ndt-etl\target\classes\com\jk\ndt\etl\dao\system\AdminDao.class], file [F:\working\code\ndt-etl\target\classes\com\jk\ndt\etl\dao\system\ResourceDao.class], file [F:\working\code\ndt-etl\target\classes\com\jk\ndt\etl\dao\system\RoleDao.class], file [F:\working\code\ndt-etl\target\classes\com\jk\ndt\etl\dao\system\UserDao.class], file [F:\working\code\ndt-etl\target\classes\com\jk\ndt\etl\dao\transform\TransformDao.class]]
DEBUG (org.mybatis.spring.mapper.ClassPathMapperScanner:290) - Ignored because not a concrete top-level class: file [F:\working\code\ndt-etl\target\test-classes\com\jk\ndt\etl\dao\access\AccessMapperTest.class]
DEBUG (org.mybatis.spring.mapper.ClassPathMapperScanner:290) - Ignored because not a concrete top-level class: file [F:\working\code\ndt-etl\target\test-classes\com\jk\ndt\etl\dao\CommonMapperTest.class]
DEBUG (org.mybatis.spring.mapper.ClassPathMapperScanner:284) - Identified candidate component class: file [F:\working\code\ndt-etl\target\classes\com\jk\ndt\etl\dao\access\SheetInfoDao.class]
DEBUG (org.mybatis.spring.mapper.ClassPathMapperScanner:284) - Identified candidate component class: file [F:\working\code\ndt-etl\target\classes\com\jk\ndt\etl\dao\access\UploadInfoDao.class]
DEBUG (org.mybatis.spring.mapper.ClassPathMapperScanner:284) - Identified candidate component class: file [F:\working\code\ndt-etl\target\classes\com\jk\ndt\etl\dao\BaseDao.class]
DEBUG (org.mybatis.spring.mapper.ClassPathMapperScanner:284) - Identified candidate component class: file [F:\working\code\ndt-etl\target\classes\com\jk\ndt\etl\dao\common\CommonDao.class]
DEBUG (org.mybatis.spring.mapper.ClassPathMapperScanner:284) - Identified candidate component class: file [F:\working\code\ndt-etl\target\classes\com\jk\ndt\etl\dao\logs\SheetLogDao.class]
DEBUG (org.mybatis.spring.mapper.ClassPathMapperScanner:284) - Identified candidate component class: file [F:\working\code\ndt-etl\target\classes\com\jk\ndt\etl\dao\mirror\MirrorTableDao.class]
DEBUG (org.mybatis.spring.mapper.ClassPathMapperScanner:284) - Identified candidate component class: file [F:\working\code\ndt-etl\target\classes\com\jk\ndt\etl\dao\monitor\AlarmRuleDao.class]
DEBUG (org.mybatis.spring.mapper.ClassPathMapperScanner:284) - Identified candidate component class: file [F:\working\code\ndt-etl\target\classes\com\jk\ndt\etl\dao\monitor\MailInfoDao.class]
DEBUG (org.mybatis.spring.mapper.ClassPathMapperScanner:284) - Identified candidate component class: file [F:\working\code\ndt-etl\target\classes\com\jk\ndt\etl\dao\monitor\ServerHostDao.class]
DEBUG (org.mybatis.spring.mapper.ClassPathMapperScanner:284) - Identified candidate component class: file [F:\working\code\ndt-etl\target\classes\com\jk\ndt\etl\dao\monitor\ServerInfoDao.class]
DEBUG (org.mybatis.spring.mapper.ClassPathMapperScanner:284) - Identified candidate component class: file [F:\working\code\ndt-etl\target\classes\com\jk\ndt\etl\dao\presystem\MBusinessProcessSyncDao.class]
DEBUG (org.mybatis.spring.mapper.ClassPathMapperScanner:284) - Identified candidate component class: file [F:\working\code\ndt-etl\target\classes\com\jk\ndt\etl\dao\system\AdminDao.class]
DEBUG (org.mybatis.spring.mapper.ClassPathMapperScanner:284) - Identified candidate component class: file [F:\working\code\ndt-etl\target\classes\com\jk\ndt\etl\dao\system\ResourceDao.class]
DEBUG (org.mybatis.spring.mapper.ClassPathMapperScanner:284) - Identified candidate component class: file [F:\working\code\ndt-etl\target\classes\com\jk\ndt\etl\dao\system\RoleDao.class]
DEBUG (org.mybatis.spring.mapper.ClassPathMapperScanner:284) - Identified candidate component class: file [F:\working\code\ndt-etl\target\classes\com\jk\ndt\etl\dao\system\UserDao.class]
DEBUG (org.mybatis.spring.mapper.ClassPathMapperScanner:284) - Identified candidate component class: file [F:\working\code\ndt-etl\target\classes\com\jk\ndt\etl\dao\transform\TransformDao.class]
DEBUG (org.mybatis.spring.mapper.ClassPathMapperScanner:164) - Creating MapperFactoryBean with name &apos;sheetInfoDao&apos; and &apos;com.jk.ndt.etl.dao.access.SheetInfoDao&apos; mapperInterface
DEBUG (org.mybatis.spring.mapper.ClassPathMapperScanner:200) - Enabling autowire by type for MapperFactoryBean with name &apos;sheetInfoDao&apos;.
DEBUG (org.mybatis.spring.mapper.ClassPathMapperScanner:164) - Creating MapperFactoryBean with name &apos;uploadInfoDao&apos; and &apos;com.jk.ndt.etl.dao.access.UploadInfoDao&apos; mapperInterface
DEBUG (org.mybatis.spring.mapper.ClassPathMapperScanner:200) - Enabling autowire by type for MapperFactoryBean with name &apos;uploadInfoDao&apos;.
DEBUG (org.mybatis.spring.mapper.ClassPathMapperScanner:164) - Creating MapperFactoryBean with name &apos;baseDao&apos; and &apos;com.jk.ndt.etl.dao.BaseDao&apos; mapperInterface
DEBUG (org.mybatis.spring.mapper.ClassPathMapperScanner:200) - Enabling autowire by type for MapperFactoryBean with name &apos;baseDao&apos;.
DEBUG (org.mybatis.spring.mapper.ClassPathMapperScanner:164) - Creating MapperFactoryBean with name &apos;commonDao&apos; and &apos;com.jk.ndt.etl.dao.common.CommonDao&apos; mapperInterface
DEBUG (org.mybatis.spring.mapper.ClassPathMapperScanner:200) - Enabling autowire by type for MapperFactoryBean with name &apos;commonDao&apos;.
DEBUG (org.mybatis.spring.mapper.ClassPathMapperScanner:164) - Creating MapperFactoryBean with name &apos;sheetLogDao&apos; and &apos;com.jk.ndt.etl.dao.logs.SheetLogDao&apos; mapperInterface
DEBUG (org.mybatis.spring.mapper.ClassPathMapperScanner:200) - Enabling autowire by type for MapperFactoryBean with name &apos;sheetLogDao&apos;.
DEBUG (org.mybatis.spring.mapper.ClassPathMapperScanner:164) - Creating MapperFactoryBean with name &apos;mirrorTableDao&apos; and &apos;com.jk.ndt.etl.dao.mirror.MirrorTableDao&apos; mapperInterface
DEBUG (org.mybatis.spring.mapper.ClassPathMapperScanner:200) - Enabling autowire by type for MapperFactoryBean with name &apos;mirrorTableDao&apos;.
DEBUG (org.mybatis.spring.mapper.ClassPathMapperScanner:164) - Creating MapperFactoryBean with name &apos;alarmRuleDao&apos; and &apos;com.jk.ndt.etl.dao.monitor.AlarmRuleDao&apos; mapperInterface
DEBUG (org.mybatis.spring.mapper.ClassPathMapperScanner:200) - Enabling autowire by type for MapperFactoryBean with name &apos;alarmRuleDao&apos;.
DEBUG (org.mybatis.spring.mapper.ClassPathMapperScanner:164) - Creating MapperFactoryBean with name &apos;mailInfoDao&apos; and &apos;com.jk.ndt.etl.dao.monitor.MailInfoDao&apos; mapperInterface
DEBUG (org.mybatis.spring.mapper.ClassPathMapperScanner:200) - Enabling autowire by type for MapperFactoryBean with name &apos;mailInfoDao&apos;.
DEBUG (org.mybatis.spring.mapper.ClassPathMapperScanner:164) - Creating MapperFactoryBean with name &apos;serverHostDao&apos; and &apos;com.jk.ndt.etl.dao.monitor.ServerHostDao&apos; mapperInterface
DEBUG (org.mybatis.spring.mapper.ClassPathMapperScanner:200) - Enabling autowire by type for MapperFactoryBean with name &apos;serverHostDao&apos;.
DEBUG (org.mybatis.spring.mapper.ClassPathMapperScanner:164) - Creating MapperFactoryBean with name &apos;serverInfoDao&apos; and &apos;com.jk.ndt.etl.dao.monitor.ServerInfoDao&apos; mapperInterface
DEBUG (org.mybatis.spring.mapper.ClassPathMapperScanner:200) - Enabling autowire by type for MapperFactoryBean with name &apos;serverInfoDao&apos;.
DEBUG (org.mybatis.spring.mapper.ClassPathMapperScanner:164) - Creating MapperFactoryBean with name &apos;MBusinessProcessSyncDao&apos; and &apos;com.jk.ndt.etl.dao.presystem.MBusinessProcessSyncDao&apos; mapperInterface
DEBUG (org.mybatis.spring.mapper.ClassPathMapperScanner:200) - Enabling autowire by type for MapperFactoryBean with name &apos;MBusinessProcessSyncDao&apos;.
DEBUG (org.mybatis.spring.mapper.ClassPathMapperScanner:164) - Creating MapperFactoryBean with name &apos;adminDao&apos; and &apos;com.jk.ndt.etl.dao.system.AdminDao&apos; mapperInterface
DEBUG (org.mybatis.spring.mapper.ClassPathMapperScanner:200) - Enabling autowire by type for MapperFactoryBean with name &apos;adminDao&apos;.
DEBUG (org.mybatis.spring.mapper.ClassPathMapperScanner:164) - Creating MapperFactoryBean with name &apos;resourceDao&apos; and &apos;com.jk.ndt.etl.dao.system.ResourceDao&apos; mapperInterface
DEBUG (org.mybatis.spring.mapper.ClassPathMapperScanner:200) - Enabling autowire by type for MapperFactoryBean with name &apos;resourceDao&apos;.
DEBUG (org.mybatis.spring.mapper.ClassPathMapperScanner:164) - Creating MapperFactoryBean with name &apos;roleDao&apos; and &apos;com.jk.ndt.etl.dao.system.RoleDao&apos; mapperInterface
DEBUG (org.mybatis.spring.mapper.ClassPathMapperScanner:200) - Enabling autowire by type for MapperFactoryBean with name &apos;roleDao&apos;.
DEBUG (org.mybatis.spring.mapper.ClassPathMapperScanner:164) - Creating MapperFactoryBean with name &apos;userDao&apos; and &apos;com.jk.ndt.etl.dao.system.UserDao&apos; mapperInterface
DEBUG (org.mybatis.spring.mapper.ClassPathMapperScanner:200) - Enabling autowire by type for MapperFactoryBean with name &apos;userDao&apos;.
DEBUG (org.mybatis.spring.mapper.ClassPathMapperScanner:164) - Creating MapperFactoryBean with name &apos;transformDao&apos; and &apos;com.jk.ndt.etl.dao.transform.TransformDao&apos; mapperInterface
DEBUG (org.mybatis.spring.mapper.ClassPathMapperScanner:200) - Enabling autowire by type for MapperFactoryBean with name &apos;transformDao&apos;.
DEBUG (org.springframework.beans.factory.support.DefaultListableBeanFactory:220) - Creating shared instance of singleton bean &apos;propertyConfigurer&apos;
DEBUG (org.springframework.beans.factory.support.DefaultListableBeanFactory:450) - Creating instance of bean &apos;propertyConfigurer&apos;
DEBUG (org.springframework.beans.factory.support.DefaultListableBeanFactory:524) - Eagerly caching bean &apos;propertyConfigurer&apos; to allow for resolving potential circular references
DEBUG (org.springframework.beans.factory.support.DefaultListableBeanFactory:220) - Creating shared instance of singleton bean &apos;prop&apos;
DEBUG (org.springframework.beans.factory.support.DefaultListableBeanFactory:450) - Creating instance of bean &apos;prop&apos;
DEBUG (org.springframework.beans.factory.support.DefaultListableBeanFactory:524) - Eagerly caching bean &apos;prop&apos; to allow for resolving potential circular references
DEBUG (org.springframework.beans.factory.support.DefaultListableBeanFactory:1610) - Invoking afterPropertiesSet() on bean with name &apos;prop&apos;
 INFO (org.springframework.beans.factory.config.PropertiesFactoryBean:172) - Loading properties file from URL [file:/F:/working/code/ndt-etl/target/classes/jdbc.properties]
DEBUG (org.springframework.beans.factory.support.DefaultListableBeanFactory:478) - Finished creating instance of bean &apos;prop&apos;
DEBUG (org.springframework.beans.factory.support.DefaultListableBeanFactory:1610) - Invoking afterPropertiesSet() on bean with name &apos;propertyConfigurer&apos;
DEBUG (org.springframework.beans.factory.support.DefaultListableBeanFactory:478) - Finished creating instance of bean &apos;propertyConfigurer&apos;
DEBUG (org.springframework.beans.factory.support.DefaultListableBeanFactory:220) - Creating shared instance of singleton bean &apos;org.springframework.context.annotation.internalAutowiredAnnotationProcessor&apos;
DEBUG (org.springframework.beans.factory.support.DefaultListableBeanFactory:450) - Creating instance of bean &apos;org.springframework.context.annotation.internalAutowiredAnnotationProcessor&apos;
DEBUG (org.springframework.beans.factory.support.DefaultListableBeanFactory:524) - Eagerly caching bean &apos;org.springframework.context.annotation.internalAutowiredAnnotationProcessor&apos; to allow for resolving potential circular references
DEBUG (org.springframework.beans.factory.support.DefaultListableBeanFactory:478) - Finished creating instance of bean &apos;org.springframework.context.annotation.internalAutowiredAnnotationProcessor&apos;
DEBUG (org.springframework.beans.factory.support.DefaultListableBeanFactory:220) - Creating shared instance of singleton bean &apos;org.springframework.context.annotation.internalRequiredAnnotationProcessor&apos;
DEBUG (org.springframework.beans.factory.support.DefaultListableBeanFactory:450) - Creating instance of bean &apos;org.springframework.context.annotation.internalRequiredAnnotationProcessor&apos;
DEBUG (org.springframework.beans.factory.support.DefaultListableBeanFactory:524) - Eagerly caching bean &apos;org.springframework.context.annotation.internalRequiredAnnotationProcessor&apos; to allow for resolving potential circular references
DEBUG (org.springframework.beans.factory.support.DefaultListableBeanFactory:478) - Finished creating instance of bean &apos;org.springframework.context.annotation.internalRequiredAnnotationProcessor&apos;
DEBUG (org.springframework.beans.factory.support.DefaultListableBeanFactory:220) - Creating shared instance of singleton bean &apos;org.springframework.context.annotation.internalCommonAnnotationProcessor&apos;
DEBUG (org.springframework.beans.factory.support.DefaultListableBeanFactory:450) - Creating instance of bean &apos;org.springframework.context.annotation.internalCommonAnnotationProcessor&apos;
DEBUG (org.springframework.beans.factory.support.DefaultListableBeanFactory:524) - Eagerly caching bean &apos;org.springframework.context.annotation.internalCommonAnnotationProcessor&apos; to allow for resolving potential circular references
DEBUG (org.springframework.beans.factory.support.DefaultListableBeanFactory:478) - Finished creating instance of bean &apos;org.springframework.context.annotation.internalCommonAnnotationProcessor&apos;
DEBUG (org.springframework.beans.factory.support.DefaultListableBeanFactory:220) - Creating shared instance of singleton bean &apos;org.springframework.beans.factory.annotation.AutowiredAnnotationBeanPostProcessor#0&apos;
DEBUG (org.springframework.beans.factory.support.DefaultListableBeanFactory:450) - Creating instance of bean &apos;org.springframework.beans.factory.annotation.AutowiredAnnotationBeanPostProcessor#0&apos;
DEBUG (org.springframework.beans.factory.support.DefaultListableBeanFactory:524) - Eagerly caching bean &apos;org.springframework.beans.factory.annotation.AutowiredAnnotationBeanPostProcessor#0&apos; to allow for resolving potential circular references
DEBUG (org.springframework.beans.factory.support.DefaultListableBeanFactory:478) - Finished creating instance of bean &apos;org.springframework.beans.factory.annotation.AutowiredAnnotationBeanPostProcessor#0&apos;
DEBUG (org.springframework.beans.factory.support.DefaultListableBeanFactory:220) - Creating shared instance of singleton bean &apos;lifecycleBeanPostProcessor&apos;
DEBUG (org.springframework.beans.factory.support.DefaultListableBeanFactory:450) - Creating instance of bean &apos;lifecycleBeanPostProcessor&apos;
DEBUG (org.springframework.beans.factory.support.DefaultListableBeanFactory:524) - Eagerly caching bean &apos;lifecycleBeanPostProcessor&apos; to allow for resolving potential circular references
DEBUG (org.springframework.beans.factory.support.DefaultListableBeanFactory:478) - Finished creating instance of bean &apos;lifecycleBeanPostProcessor&apos;
DEBUG (org.springframework.beans.factory.support.DefaultListableBeanFactory:220) - Creating shared instance of singleton bean &apos;org.springframework.context.annotation.ConfigurationClassPostProcessor.importAwareProcessor&apos;
DEBUG (org.springframework.beans.factory.support.DefaultListableBeanFactory:450) - Creating instance of bean &apos;org.springframework.context.annotation.ConfigurationClassPostProcessor.importAwareProcessor&apos;
DEBUG (org.springframework.beans.factory.support.DefaultListableBeanFactory:524) - Eagerly caching bean &apos;org.springframework.context.annotation.ConfigurationClassPostProcessor.importAwareProcessor&apos; to allow for resolving potential circular references
DEBUG (org.springframework.beans.factory.support.DefaultListableBeanFactory:478) - Finished creating instance of bean &apos;org.springframework.context.annotation.ConfigurationClassPostProcessor.importAwareProcessor&apos;
DEBUG (org.springframework.beans.factory.support.DefaultListableBeanFactory:220) - Creating shared instance of singleton bean &apos;org.springframework.context.annotation.ConfigurationClassPostProcessor.enhancedConfigurationProcessor&apos;
DEBUG (org.springframework.beans.factory.support.DefaultListableBeanFactory:450) - Creating instance of bean &apos;org.springframework.context.annotation.ConfigurationClassPostProcessor.enhancedConfigurationProcessor&apos;
DEBUG (org.springframework.beans.factory.support.DefaultListableBeanFactory:524) - Eagerly caching bean &apos;org.springframework.context.annotation.ConfigurationClassPostProcessor.enhancedConfigurationProcessor&apos; to allow for resolving potential circular references
DEBUG (org.springframework.beans.factory.support.DefaultListableBeanFactory:478) - Finished creating instance of bean &apos;org.springframework.context.annotation.ConfigurationClassPostProcessor.enhancedConfigurationProcessor&apos;
DEBUG (org.springframework.beans.factory.support.DefaultListableBeanFactory:220) - Creating shared instance of singleton bean &apos;org.springframework.aop.config.internalAutoProxyCreator&apos;
DEBUG (org.springframework.beans.factory.support.DefaultListableBeanFactory:450) - Creating instance of bean &apos;org.springframework.aop.config.internalAutoProxyCreator&apos;
DEBUG (org.springframework.beans.factory.support.DefaultListableBeanFactory:524) - Eagerly caching bean &apos;org.springframework.aop.config.internalAutoProxyCreator&apos; to allow for resolving potential circular references
DEBUG (org.springframework.beans.factory.support.DefaultListableBeanFactory:478) - Finished creating instance of bean &apos;org.springframework.aop.config.internalAutoProxyCreator&apos;
DEBUG (org.springframework.beans.factory.support.DefaultListableBeanFactory:220) - Creating shared instance of singleton bean &apos;org.springframework.context.annotation.internalAsyncAnnotationProcessor&apos;
DEBUG (org.springframework.beans.factory.support.DefaultListableBeanFactory:450) - Creating instance of bean &apos;org.springframework.context.annotation.internalAsyncAnnotationProcessor&apos;
DEBUG (org.springframework.beans.factory.support.DefaultListableBeanFactory:524) - Eagerly caching bean &apos;org.springframework.context.annotation.internalAsyncAnnotationProcessor&apos; to allow for resolving potential circular references
DEBUG (org.springframework.beans.factory.support.DefaultListableBeanFactory:478) - Finished creating instance of bean &apos;org.springframework.context.annotation.internalAsyncAnnotationProcessor&apos;
DEBUG (org.springframework.beans.factory.support.DefaultListableBeanFactory:220) - Creating shared instance of singleton bean &apos;org.springframework.context.annotation.internalScheduledAnnotationProcessor&apos;
DEBUG (org.springframework.beans.factory.support.DefaultListableBeanFactory:450) - Creating instance of bean &apos;org.springframework.context.annotation.internalScheduledAnnotationProcessor&apos;
DEBUG (org.springframework.beans.factory.support.DefaultListableBeanFactory:524) - Eagerly caching bean &apos;org.springframework.context.annotation.internalScheduledAnnotationProcessor&apos; to allow for resolving potential circular references
DEBUG (org.springframework.beans.factory.support.DefaultListableBeanFactory:220) - Creating shared instance of singleton bean &apos;qbScheduler&apos;
DEBUG (org.springframework.beans.factory.support.DefaultListableBeanFactory:450) - Creating instance of bean &apos;qbScheduler&apos;
DEBUG (org.springframework.beans.factory.support.DefaultListableBeanFactory:524) - Eagerly caching bean &apos;qbScheduler&apos; to allow for resolving potential circular references
DEBUG (org.springframework.beans.factory.support.DefaultListableBeanFactory:1610) - Invoking afterPropertiesSet() on bean with name &apos;qbScheduler&apos;
 INFO (org.springframework.scheduling.concurrent.ThreadPoolTaskScheduler:165) - Initializing ExecutorService  &apos;qbScheduler&apos;
 INFO (org.springframework.context.support.PostProcessorRegistrationDelegate$BeanPostProcessorChecker:309) - Bean &apos;qbScheduler&apos; of type [class org.springframework.scheduling.concurrent.ThreadPoolTaskScheduler] is not eligible for getting processed by all BeanPostProcessors (for example: not eligible for auto-proxying)
DEBUG (org.springframework.beans.factory.support.DefaultListableBeanFactory:478) - Finished creating instance of bean &apos;qbScheduler&apos;
DEBUG (org.springframework.beans.factory.support.DefaultListableBeanFactory:478) - Finished creating instance of bean &apos;org.springframework.context.annotation.internalScheduledAnnotationProcessor&apos;
DEBUG (org.springframework.beans.factory.support.DefaultListableBeanFactory:220) - Creating shared instance of singleton bean &apos;shiroFilter&apos;
DEBUG (org.springframework.beans.factory.support.DefaultListableBeanFactory:450) - Creating instance of bean &apos;shiroFilter&apos;
DEBUG (org.springframework.beans.factory.support.DefaultListableBeanFactory:220) - Creating shared instance of singleton bean &apos;org.springframework.aop.support.DefaultBeanFactoryPointcutAdvisor#0&apos;
DEBUG (org.springframework.beans.factory.support.DefaultListableBeanFactory:450) - Creating instance of bean &apos;org.springframework.aop.support.DefaultBeanFactoryPointcutAdvisor#0&apos;
DEBUG (org.springframework.beans.factory.support.DefaultListableBeanFactory:524) - Eagerly caching bean &apos;org.springframework.aop.support.DefaultBeanFactoryPointcutAdvisor#0&apos; to allow for resolving potential circular references
DEBUG (org.springframework.beans.factory.support.DefaultListableBeanFactory:450) - Creating instance of bean &apos;(inner bean)#2c78d320&apos;
DEBUG (org.springframework.beans.factory.support.DefaultListableBeanFactory:478) - Finished creating instance of bean &apos;(inner bean)#2c78d320&apos;
 INFO (org.springframework.context.support.PostProcessorRegistrationDelegate$BeanPostProcessorChecker:309) - Bean &apos;org.springframework.aop.support.DefaultBeanFactoryPointcutAdvisor#0&apos; of type [class org.springframework.aop.support.DefaultBeanFactoryPointcutAdvisor] is not eligible for getting processed by all BeanPostProcessors (for example: not eligible for auto-proxying)
DEBUG (org.springframework.beans.factory.support.DefaultListableBeanFactory:478) - Finished creating instance of bean &apos;org.springframework.aop.support.DefaultBeanFactoryPointcutAdvisor#0&apos;
DEBUG (org.springframework.beans.factory.support.DefaultListableBeanFactory:220) - Creating shared instance of singleton bean &apos;org.springframework.cache.config.internalCacheAdvisor&apos;
DEBUG (org.springframework.beans.factory.support.DefaultListableBeanFactory:450) - Creating instance of bean &apos;org.springframework.cache.config.internalCacheAdvisor&apos;
DEBUG (org.springframework.beans.factory.support.DefaultListableBeanFactory:524) - Eagerly caching bean &apos;org.springframework.cache.config.internalCacheAdvisor&apos; to allow for resolving potential circular references
DEBUG (org.springframework.beans.factory.support.DefaultListableBeanFactory:220) - Creating shared instance of singleton bean &apos;org.springframework.cache.annotation.AnnotationCacheOperationSource#0&apos;
DEBUG (org.springframework.beans.factory.support.DefaultListableBeanFactory:450) - Creating instance of bean &apos;org.springframework.cache.annotation.AnnotationCacheOperationSource#0&apos;
DEBUG (org.springframework.beans.factory.support.DefaultListableBeanFactory:247) - Returning cached instance of singleton bean &apos;org.springframework.aop.support.DefaultBeanFactoryPointcutAdvisor#0&apos;
DEBUG (org.springframework.aop.framework.autoproxy.BeanFactoryAdvisorRetrievalHelper:87) - Skipping currently created advisor &apos;org.springframework.cache.config.internalCacheAdvisor&apos;
DEBUG (org.springframework.aop.aspectj.annotation.ReflectiveAspectJAdvisorFactory:221) - Found AspectJ method: public java.lang.Object com.jk.ndt.etl.interceptor.ControllerValidatorInterceptor.doAround1(org.aspectj.lang.ProceedingJoinPoint,org.springframework.validation.BindingResult) throws java.lang.Throwable
DEBUG (org.springframework.aop.aspectj.annotation.ReflectiveAspectJAdvisorFactory:221) - Found AspectJ method: public java.lang.Object com.jk.ndt.etl.interceptor.ControllerValidatorInterceptor.doAround2(org.aspectj.lang.ProceedingJoinPoint,org.springframework.validation.BindingResult) throws java.lang.Throwable
DEBUG (org.springframework.beans.factory.support.DefaultListableBeanFactory:524) - Eagerly caching bean &apos;org.springframework.cache.annotation.AnnotationCacheOperationSource#0&apos; to allow for resolving potential circular references
 INFO (org.springframework.context.support.PostProcessorRegistrationDelegate$BeanPostProcessorChecker:309) - Bean &apos;org.springframework.cache.annotation.AnnotationCacheOperationSource#0&apos; of type [class org.springframework.cache.annotation.AnnotationCacheOperationSource] is not eligible for getting processed by all BeanPostProcessors (for example: not eligible for auto-proxying)
DEBUG (org.springframework.beans.factory.support.DefaultListableBeanFactory:247) - Returning cached instance of singleton bean &apos;org.springframework.aop.support.DefaultBeanFactoryPointcutAdvisor#0&apos;
DEBUG (org.springframework.aop.framework.autoproxy.BeanFactoryAdvisorRetrievalHelper:87) - Skipping currently created advisor &apos;org.springframework.cache.config.internalCacheAdvisor&apos;
DEBUG (org.springframework.beans.factory.support.DefaultListableBeanFactory:247) - Returning cached instance of singleton bean &apos;org.springframework.aop.support.DefaultBeanFactoryPointcutAdvisor#0&apos;
DEBUG (org.springframework.aop.framework.autoproxy.BeanFactoryAdvisorRetrievalHelper:87) - Skipping currently created advisor &apos;org.springframework.cache.config.internalCacheAdvisor&apos;
DEBUG (org.springframework.beans.factory.support.DefaultListableBeanFactory:478) - Finished creating instance of bean &apos;org.springframework.cache.annotation.AnnotationCacheOperationSource#0&apos;
 INFO (org.springframework.context.support.PostProcessorRegistrationDelegate$BeanPostProcessorChecker:309) - Bean &apos;org.springframework.cache.config.internalCacheAdvisor&apos; of type [class org.springframework.cache.interceptor.BeanFactoryCacheOperationSourceAdvisor] is not eligible for getting processed by all BeanPostProcessors (for example: not eligible for auto-proxying)
DEBUG (org.springframework.beans.factory.support.DefaultListableBeanFactory:478) - Finished creating instance of bean &apos;org.springframework.cache.config.internalCacheAdvisor&apos;
DEBUG (org.springframework.beans.factory.support.DefaultListableBeanFactory:524) - Eagerly caching bean &apos;shiroFilter&apos; to allow for resolving potential circular references
DEBUG (org.springframework.beans.factory.support.DefaultListableBeanFactory:220) - Creating shared instance of singleton bean &apos;securityManager&apos;
DEBUG (org.springframework.beans.factory.support.DefaultListableBeanFactory:450) - Creating instance of bean &apos;securityManager&apos;
DEBUG (org.springframework.beans.factory.support.DefaultListableBeanFactory:247) - Returning cached instance of singleton bean &apos;org.springframework.aop.support.DefaultBeanFactoryPointcutAdvisor#0&apos;
DEBUG (org.springframework.beans.factory.support.DefaultListableBeanFactory:247) - Returning cached instance of singleton bean &apos;org.springframework.cache.config.internalCacheAdvisor&apos;
DEBUG (org.springframework.beans.factory.support.DefaultListableBeanFactory:524) - Eagerly caching bean &apos;securityManager&apos; to allow for resolving potential circular references
DEBUG (org.springframework.beans.factory.support.DefaultListableBeanFactory:220) - Creating shared instance of singleton bean &apos;myRealm&apos;
DEBUG (org.springframework.beans.factory.support.DefaultListableBeanFactory:450) - Creating instance of bean &apos;myRealm&apos;
DEBUG (org.springframework.beans.factory.support.DefaultListableBeanFactory:247) - Returning cached instance of singleton bean &apos;org.springframework.aop.support.DefaultBeanFactoryPointcutAdvisor#0&apos;
DEBUG (org.springframework.beans.factory.support.DefaultListableBeanFactory:247) - Returning cached instance of singleton bean &apos;org.springframework.cache.config.internalCacheAdvisor&apos;
DEBUG (org.springframework.beans.factory.annotation.InjectionMetadata:71) - Registered injected element on class [com.jk.ndt.etl.controller.MyRealm]: AutowiredFieldElement for private com.jk.ndt.etl.service.system.AdminService com.jk.ndt.etl.controller.MyRealm.adminService
DEBUG (org.springframework.beans.factory.annotation.InjectionMetadata:71) - Registered injected element on class [com.jk.ndt.etl.controller.MyRealm]: AutowiredFieldElement for private com.jk.ndt.etl.service.system.UserService com.jk.ndt.etl.controller.MyRealm.userService
DEBUG (org.springframework.beans.factory.support.DefaultListableBeanFactory:524) - Eagerly caching bean &apos;myRealm&apos; to allow for resolving potential circular references
DEBUG (org.springframework.beans.factory.annotation.InjectionMetadata:85) - Processing injected method of bean &apos;myRealm&apos;: AutowiredFieldElement for private com.jk.ndt.etl.service.system.AdminService com.jk.ndt.etl.controller.MyRealm.adminService
DEBUG (org.springframework.beans.factory.support.DefaultListableBeanFactory:247) - Returning cached instance of singleton bean &apos;org.springframework.aop.support.DefaultBeanFactoryPointcutAdvisor#0&apos;
DEBUG (org.springframework.beans.factory.support.DefaultListableBeanFactory:247) - Returning cached instance of singleton bean &apos;org.springframework.cache.config.internalCacheAdvisor&apos;
DEBUG (org.springframework.beans.factory.support.DefaultListableBeanFactory:247) - Returning cached instance of singleton bean &apos;org.springframework.aop.support.DefaultBeanFactoryPointcutAdvisor#0&apos;
DEBUG (org.springframework.beans.factory.support.DefaultListableBeanFactory:247) - Returning cached instance of singleton bean &apos;org.springframework.cache.config.internalCacheAdvisor&apos;
DEBUG (org.springframework.beans.factory.support.DefaultListableBeanFactory:247) - Returning cached instance of singleton bean &apos;org.springframework.aop.support.DefaultBeanFactoryPointcutAdvisor#0&apos;
DEBUG (org.springframework.beans.factory.support.DefaultListableBeanFactory:247) - Returning cached instance of singleton bean &apos;org.springframework.cache.config.internalCacheAdvisor&apos;
DEBUG (org.springframework.beans.factory.support.DefaultListableBeanFactory:247) - Returning cached instance of singleton bean &apos;org.springframework.aop.support.DefaultBeanFactoryPointcutAdvisor#0&apos;
DEBUG (org.springframework.beans.factory.support.DefaultListableBeanFactory:247) - Returning cached instance of singleton bean &apos;org.springframework.cache.config.internalCacheAdvisor&apos;
DEBUG (org.springframework.beans.factory.support.DefaultListableBeanFactory:247) - Returning cached instance of singleton bean &apos;org.springframework.aop.support.DefaultBeanFactoryPointcutAdvisor#0&apos;
DEBUG (org.springframework.beans.factory.support.DefaultListableBeanFactory:247) - Returning cached instance of singleton bean &apos;org.springframework.cache.config.internalCacheAdvisor&apos;
DEBUG (org.springframework.beans.factory.support.DefaultListableBeanFactory:247) - Returning cached instance of singleton bean &apos;org.springframework.aop.support.DefaultBeanFactoryPointcutAdvisor#0&apos;
DEBUG (org.springframework.beans.factory.support.DefaultListableBeanFactory:247) - Returning cached instance of singleton bean &apos;org.springframework.cache.config.internalCacheAdvisor&apos;
DEBUG (org.springframework.beans.factory.support.DefaultListableBeanFactory:243) - Returning eagerly cached instance of singleton bean &apos;shiroFilter&apos; that is not fully initialized yet - a consequence of a circular reference
DEBUG (org.springframework.beans.factory.support.DefaultListableBeanFactory:247) - Returning cached instance of singleton bean &apos;org.springframework.aop.support.DefaultBeanFactoryPointcutAdvisor#0&apos;
DEBUG (org.springframework.beans.factory.support.DefaultListableBeanFactory:247) - Returning cached instance of singleton bean &apos;org.springframework.cache.config.internalCacheAdvisor&apos;
DEBUG (org.springframework.beans.factory.support.DefaultListableBeanFactory:247) - Returning cached instance of singleton bean &apos;org.springframework.aop.support.DefaultBeanFactoryPointcutAdvisor#0&apos;
DEBUG (org.springframework.beans.factory.support.DefaultListableBeanFactory:247) - Returning cached instance of singleton bean &apos;org.springframework.cache.config.internalCacheAdvisor&apos;
DEBUG (org.springframework.beans.factory.support.DefaultListableBeanFactory:220) - Creating shared instance of singleton bean &apos;sheetInfoDao&apos;
DEBUG (org.springframework.beans.factory.support.DefaultListableBeanFactory:450) - Creating instance of bean &apos;sheetInfoDao&apos;
DEBUG (org.springframework.beans.factory.support.DefaultListableBeanFactory:247) - Returning cached instance of singleton bean &apos;org.springframework.aop.support.DefaultBeanFactoryPointcutAdvisor#0&apos;
DEBUG (org.springframework.beans.factory.support.DefaultListableBeanFactory:247) - Returning cached instance of singleton bean &apos;org.springframework.cache.config.internalCacheAdvisor&apos;
DEBUG (org.springframework.beans.factory.support.DefaultListableBeanFactory:524) - Eagerly caching bean &apos;sheetInfoDao&apos; to allow for resolving potential circular references
DEBUG (org.springframework.beans.factory.support.DefaultListableBeanFactory:247) - Returning cached instance of singleton bean &apos;org.springframework.aop.support.DefaultBeanFactoryPointcutAdvisor#0&apos;
DEBUG (org.springframework.beans.factory.support.DefaultListableBeanFactory:247) - Returning cached instance of singleton bean &apos;org.springframework.cache.config.internalCacheAdvisor&apos;
DEBUG (org.springframework.beans.factory.support.DefaultListableBeanFactory:247) - Returning cached instance of singleton bean &apos;org.springframework.aop.support.DefaultBeanFactoryPointcutAdvisor#0&apos;
DEBUG (org.springframework.beans.factory.support.DefaultListableBeanFactory:247) - Returning cached instance of singleton bean &apos;org.springframework.cache.config.internalCacheAdvisor&apos;
DEBUG (org.springframework.beans.factory.support.DefaultListableBeanFactory:243) - Returning eagerly cached instance of singleton bean &apos;sheetInfoDao&apos; that is not fully initialized yet - a consequence of a circular reference
DEBUG (org.springframework.beans.factory.support.DefaultListableBeanFactory:247) - Returning cached instance of singleton bean &apos;org.springframework.aop.support.DefaultBeanFactoryPointcutAdvisor#0&apos;
DEBUG (org.springframework.beans.factory.support.DefaultListableBeanFactory:247) - Returning cached instance of singleton bean &apos;org.springframework.cache.config.internalCacheAdvisor&apos;
DEBUG (org.springframework.beans.factory.support.DefaultListableBeanFactory:220) - Creating shared instance of singleton bean &apos;uploadInfoDao&apos;
DEBUG (org.springframework.beans.factory.support.DefaultListableBeanFactory:450) - Creating instance of bean &apos;uploadInfoDao&apos;
DEBUG (org.springframework.beans.factory.support.DefaultListableBeanFactory:247) - Returning cached instance of singleton bean &apos;org.springframework.aop.support.DefaultBeanFactoryPointcutAdvisor#0&apos;
DEBUG (org.springframework.beans.factory.support.DefaultListableBeanFactory:247) - Returning cached instance of singleton bean &apos;org.springframework.cache.config.internalCacheAdvisor&apos;
DEBUG (org.springframework.beans.factory.support.DefaultListableBeanFactory:524) - Eagerly caching bean &apos;uploadInfoDao&apos; to allow for resolving potential circular references
DEBUG (org.springframework.beans.factory.support.DefaultListableBeanFactory:247) - Returning cached instance of singleton bean &apos;org.springframework.aop.support.DefaultBeanFactoryPointcutAdvisor#0&apos;
DEBUG (org.springframework.beans.factory.support.DefaultListableBeanFactory:247) - Returning cached instance of singleton bean &apos;org.springframework.cache.config.internalCacheAdvisor&apos;
DEBUG (org.springframework.beans.factory.support.DefaultListableBeanFactory:247) - Returning cached instance of singleton bean &apos;org.springframework.aop.support.DefaultBeanFactoryPointcutAdvisor#0&apos;
DEBUG (org.springframework.beans.factory.support.DefaultListableBeanFactory:247) - Returning cached instance of singleton bean &apos;org.springframework.cache.config.internalCacheAdvisor&apos;
DEBUG (org.springframework.beans.factory.support.DefaultListableBeanFactory:243) - Returning eagerly cached instance of singleton bean &apos;uploadInfoDao&apos; that is not fully initialized yet - a consequence of a circular reference
DEBUG (org.springframework.beans.factory.support.DefaultListableBeanFactory:247) - Returning cached instance of singleton bean &apos;org.springframework.aop.support.DefaultBeanFactoryPointcutAdvisor#0&apos;
DEBUG (org.springframework.beans.factory.support.DefaultListableBeanFactory:247) - Returning cached instance of singleton bean &apos;org.springframework.cache.config.internalCacheAdvisor&apos;
DEBUG (org.springframework.beans.factory.support.DefaultListableBeanFactory:220) - Creating shared instance of singleton bean &apos;baseDao&apos;
DEBUG (org.springframework.beans.factory.support.DefaultListableBeanFactory:450) - Creating instance of bean &apos;baseDao&apos;
DEBUG (org.springframework.beans.factory.support.DefaultListableBeanFactory:247) - Returning cached instance of singleton bean &apos;org.springframework.aop.support.DefaultBeanFactoryPointcutAdvisor#0&apos;
DEBUG (org.springframework.beans.factory.support.DefaultListableBeanFactory:247) - Returning cached instance of singleton bean &apos;org.springframework.cache.config.internalCacheAdvisor&apos;
DEBUG (org.springframework.beans.factory.support.DefaultListableBeanFactory:524) - Eagerly caching bean &apos;baseDao&apos; to allow for resolving potential circular references
DEBUG (org.springframework.beans.factory.support.DefaultListableBeanFactory:247) - Returning cached instance of singleton bean &apos;org.springframework.aop.support.DefaultBeanFactoryPointcutAdvisor#0&apos;
DEBUG (org.springframework.beans.factory.support.DefaultListableBeanFactory:247) - Returning cached instance of singleton bean &apos;org.springframework.cache.config.internalCacheAdvisor&apos;
DEBUG (org.springframework.beans.factory.support.DefaultListableBeanFactory:247) - Returning cached instance of singleton bean &apos;org.springframework.aop.support.DefaultBeanFactoryPointcutAdvisor#0&apos;
DEBUG (org.springframework.beans.factory.support.DefaultListableBeanFactory:247) - Returning cached instance of singleton bean &apos;org.springframework.cache.config.internalCacheAdvisor&apos;
DEBUG (org.springframework.beans.factory.support.DefaultListableBeanFactory:243) - Returning eagerly cached instance of singleton bean &apos;baseDao&apos; that is not fully initialized yet - a consequence of a circular reference
DEBUG (org.springframework.beans.factory.support.DefaultListableBeanFactory:247) - Returning cached instance of singleton bean &apos;org.springframework.aop.support.DefaultBeanFactoryPointcutAdvisor#0&apos;
DEBUG (org.springframework.beans.factory.support.DefaultListableBeanFactory:247) - Returning cached instance of singleton bean &apos;org.springframework.cache.config.internalCacheAdvisor&apos;
DEBUG (org.springframework.beans.factory.support.DefaultListableBeanFactory:220) - Creating shared instance of singleton bean &apos;commonDao&apos;
DEBUG (org.springframework.beans.factory.support.DefaultListableBeanFactory:450) - Creating instance of bean &apos;commonDao&apos;
DEBUG (org.springframework.beans.factory.support.DefaultListableBeanFactory:247) - Returning cached instance of singleton bean &apos;org.springframework.aop.support.DefaultBeanFactoryPointcutAdvisor#0&apos;
DEBUG (org.springframework.beans.factory.support.DefaultListableBeanFactory:247) - Returning cached instance of singleton bean &apos;org.springframework.cache.config.internalCacheAdvisor&apos;
DEBUG (org.springframework.beans.factory.support.DefaultListableBeanFactory:524) - Eagerly caching bean &apos;commonDao&apos; to allow for resolving potential circular references
DEBUG (org.springframework.beans.factory.support.DefaultListableBeanFactory:247) - Returning cached instance of singleton bean &apos;org.springframework.aop.support.DefaultBeanFactoryPointcutAdvisor#0&apos;
DEBUG (org.springframework.beans.factory.support.DefaultListableBeanFactory:247) - Returning cached instance of singleton bean &apos;org.springframework.cache.config.internalCacheAdvisor&apos;
DEBUG (org.springframework.beans.factory.support.DefaultListableBeanFactory:247) - Returning cached instance of singleton bean &apos;org.springframework.aop.support.DefaultBeanFactoryPointcutAdvisor#0&apos;
DEBUG (org.springframework.beans.factory.support.DefaultListableBeanFactory:247) - Returning cached instance of singleton bean &apos;org.springframework.cache.config.internalCacheAdvisor&apos;
DEBUG (org.springframework.beans.factory.support.DefaultListableBeanFactory:243) - Returning eagerly cached instance of singleton bean &apos;commonDao&apos; that is not fully initialized yet - a consequence of a circular reference
DEBUG (org.springframework.beans.factory.support.DefaultListableBeanFactory:247) - Returning cached instance of singleton bean &apos;org.springframework.aop.support.DefaultBeanFactoryPointcutAdvisor#0&apos;
DEBUG (org.springframework.beans.factory.support.DefaultListableBeanFactory:247) - Returning cached instance of singleton bean &apos;org.springframework.cache.config.internalCacheAdvisor&apos;
DEBUG (org.springframework.beans.factory.support.DefaultListableBeanFactory:220) - Creating shared instance of singleton bean &apos;sheetLogDao&apos;
DEBUG (org.springframework.beans.factory.support.DefaultListableBeanFactory:450) - Creating instance of bean &apos;sheetLogDao&apos;
DEBUG (org.springframework.beans.factory.support.DefaultListableBeanFactory:247) - Returning cached instance of singleton bean &apos;org.springframework.aop.support.DefaultBeanFactoryPointcutAdvisor#0&apos;
DEBUG (org.springframework.beans.factory.support.DefaultListableBeanFactory:247) - Returning cached instance of singleton bean &apos;org.springframework.cache.config.internalCacheAdvisor&apos;
DEBUG (org.springframework.beans.factory.support.DefaultListableBeanFactory:524) - Eagerly caching bean &apos;sheetLogDao&apos; to allow for resolving potential circular references
DEBUG (org.springframework.beans.factory.support.DefaultListableBeanFactory:247) - Returning cached instance of singleton bean &apos;org.springframework.aop.support.DefaultBeanFactoryPointcutAdvisor#0&apos;
DEBUG (org.springframework.beans.factory.support.DefaultListableBeanFactory:247) - Returning cached instance of singleton bean &apos;org.springframework.cache.config.internalCacheAdvisor&apos;
DEBUG (org.springframework.beans.factory.support.DefaultListableBeanFactory:247) - Returning cached instance of singleton bean &apos;org.springframework.aop.support.DefaultBeanFactoryPointcutAdvisor#0&apos;
DEBUG (org.springframework.beans.factory.support.DefaultListableBeanFactory:247) - Returning cached instance of singleton bean &apos;org.springframework.cache.config.internalCacheAdvisor&apos;
DEBUG (org.springframework.beans.factory.support.DefaultListableBeanFactory:243) - Returning eagerly cached instance of singleton bean &apos;sheetLogDao&apos; that is not fully initialized yet - a consequence of a circular reference
DEBUG (org.springframework.beans.factory.support.DefaultListableBeanFactory:247) - Returning cached instance of singleton bean &apos;org.springframework.aop.support.DefaultBeanFactoryPointcutAdvisor#0&apos;
DEBUG (org.springframework.beans.factory.support.DefaultListableBeanFactory:247) - Returning cached instance of singleton bean &apos;org.springframework.cache.config.internalCacheAdvisor&apos;
DEBUG (org.springframework.beans.factory.support.DefaultListableBeanFactory:220) - Creating shared instance of singleton bean &apos;mirrorTableDao&apos;
DEBUG (org.springframework.beans.factory.support.DefaultListableBeanFactory:450) - Creating instance of bean &apos;mirrorTableDao&apos;
DEBUG (org.springframework.beans.factory.support.DefaultListableBeanFactory:247) - Returning cached instance of singleton bean &apos;org.springframework.aop.support.DefaultBeanFactoryPointcutAdvisor#0&apos;
DEBUG (org.springframework.beans.factory.support.DefaultListableBeanFactory:247) - Returning cached instance of singleton bean &apos;org.springframework.cache.config.internalCacheAdvisor&apos;
DEBUG (org.springframework.beans.factory.support.DefaultListableBeanFactory:524) - Eagerly caching bean &apos;mirrorTableDao&apos; to allow for resolving potential circular references
DEBUG (org.springframework.beans.factory.support.DefaultListableBeanFactory:247) - Returning cached instance of singleton bean &apos;org.springframework.aop.support.DefaultBeanFactoryPointcutAdvisor#0&apos;
DEBUG (org.springframework.beans.factory.support.DefaultListableBeanFactory:247) - Returning cached instance of singleton bean &apos;org.springframework.cache.config.internalCacheAdvisor&apos;
DEBUG (org.springframework.beans.factory.support.DefaultListableBeanFactory:247) - Returning cached instance of singleton bean &apos;org.springframework.aop.support.DefaultBeanFactoryPointcutAdvisor#0&apos;
DEBUG (org.springframework.beans.factory.support.DefaultListableBeanFactory:247) - Returning cached instance of singleton bean &apos;org.springframework.cache.config.internalCacheAdvisor&apos;
DEBUG (org.springframework.beans.factory.support.DefaultListableBeanFactory:243) - Returning eagerly cached instance of singleton bean &apos;mirrorTableDao&apos; that is not fully initialized yet - a consequence of a circular reference
DEBUG (org.springframework.beans.factory.support.DefaultListableBeanFactory:247) - Returning cached instance of singleton bean &apos;org.springframework.aop.support.DefaultBeanFactoryPointcutAdvisor#0&apos;
DEBUG (org.springframework.beans.factory.support.DefaultListableBeanFactory:247) - Returning cached instance of singleton bean &apos;org.springframework.cache.config.internalCacheAdvisor&apos;
DEBUG (org.springframework.beans.factory.support.DefaultListableBeanFactory:220) - Creating shared instance of singleton bean &apos;alarmRuleDao&apos;
DEBUG (org.springframework.beans.factory.support.DefaultListableBeanFactory:450) - Creating instance of bean &apos;alarmRuleDao&apos;
DEBUG (org.springframework.beans.factory.support.DefaultListableBeanFactory:247) - Returning cached instance of singleton bean &apos;org.springframework.aop.support.DefaultBeanFactoryPointcutAdvisor#0&apos;
DEBUG (org.springframework.beans.factory.support.DefaultListableBeanFactory:247) - Returning cached instance of singleton bean &apos;org.springframework.cache.config.internalCacheAdvisor&apos;
DEBUG (org.springframework.beans.factory.support.DefaultListableBeanFactory:524) - Eagerly caching bean &apos;alarmRuleDao&apos; to allow for resolving potential circular references
DEBUG (org.springframework.beans.factory.support.DefaultListableBeanFactory:247) - Returning cached instance of singleton bean &apos;org.springframework.aop.support.DefaultBeanFactoryPointcutAdvisor#0&apos;
DEBUG (org.springframework.beans.factory.support.DefaultListableBeanFactory:247) - Returning cached instance of singleton bean &apos;org.springframework.cache.config.internalCacheAdvisor&apos;
DEBUG (org.springframework.beans.factory.support.DefaultListableBeanFactory:247) - Returning cached instance of singleton bean &apos;org.springframework.aop.support.DefaultBeanFactoryPointcutAdvisor#0&apos;
DEBUG (org.springframework.beans.factory.support.DefaultListableBeanFactory:247) - Returning cached instance of singleton bean &apos;org.springframework.cache.config.internalCacheAdvisor&apos;
DEBUG (org.springframework.beans.factory.support.DefaultListableBeanFactory:243) - Returning eagerly cached instance of singleton bean &apos;alarmRuleDao&apos; that is not fully initialized yet - a consequence of a circular reference
DEBUG (org.springframework.beans.factory.support.DefaultListableBeanFactory:247) - Returning cached instance of singleton bean &apos;org.springframework.aop.support.DefaultBeanFactoryPointcutAdvisor#0&apos;
DEBUG (org.springframework.beans.factory.support.DefaultListableBeanFactory:247) - Returning cached instance of singleton bean &apos;org.springframework.cache.config.internalCacheAdvisor&apos;
DEBUG (org.springframework.beans.factory.support.DefaultListableBeanFactory:220) - Creating shared instance of singleton bean &apos;mailInfoDao&apos;
DEBUG (org.springframework.beans.factory.support.DefaultListableBeanFactory:450) - Creating instance of bean &apos;mailInfoDao&apos;
DEBUG (org.springframework.beans.factory.support.DefaultListableBeanFactory:247) - Returning cached instance of singleton bean &apos;org.springframework.aop.support.DefaultBeanFactoryPointcutAdvisor#0&apos;
DEBUG (org.springframework.beans.factory.support.DefaultListableBeanFactory:247) - Returning cached instance of singleton bean &apos;org.springframework.cache.config.internalCacheAdvisor&apos;
DEBUG (org.springframework.beans.factory.support.DefaultListableBeanFactory:524) - Eagerly caching bean &apos;mailInfoDao&apos; to allow for resolving potential circular references
DEBUG (org.springframework.beans.factory.support.DefaultListableBeanFactory:247) - Returning cached instance of singleton bean &apos;org.springframework.aop.support.DefaultBeanFactoryPointcutAdvisor#0&apos;
DEBUG (org.springframework.beans.factory.support.DefaultListableBeanFactory:247) - Returning cached instance of singleton bean &apos;org.springframework.cache.config.internalCacheAdvisor&apos;
DEBUG (org.springframework.beans.factory.support.DefaultListableBeanFactory:247) - Returning cached instance of singleton bean &apos;org.springframework.aop.support.DefaultBeanFactoryPointcutAdvisor#0&apos;
DEBUG (org.springframework.beans.factory.support.DefaultListableBeanFactory:247) - Returning cached instance of singleton bean &apos;org.springframework.cache.config.internalCacheAdvisor&apos;
DEBUG (org.springframework.beans.factory.support.DefaultListableBeanFactory:243) - Returning eagerly cached instance of singleton bean &apos;mailInfoDao&apos; that is not fully initialized yet - a consequence of a circular reference
DEBUG (org.springframework.beans.factory.support.DefaultListableBeanFactory:247) - Returning cached instance of singleton bean &apos;org.springframework.aop.support.DefaultBeanFactoryPointcutAdvisor#0&apos;
DEBUG (org.springframework.beans.factory.support.DefaultListableBeanFactory:247) - Returning cached instance of singleton bean &apos;org.springframework.cache.config.internalCacheAdvisor&apos;
DEBUG (org.springframework.beans.factory.support.DefaultListableBeanFactory:220) - Creating shared instance of singleton bean &apos;serverHostDao&apos;
DEBUG (org.springframework.beans.factory.support.DefaultListableBeanFactory:450) - Creating instance of bean &apos;serverHostDao&apos;
DEBUG (org.springframework.beans.factory.support.DefaultListableBeanFactory:247) - Returning cached instance of singleton bean &apos;org.springframework.aop.support.DefaultBeanFactoryPointcutAdvisor#0&apos;
DEBUG (org.springframework.beans.factory.support.DefaultListableBeanFactory:247) - Returning cached instance of singleton bean &apos;org.springframework.cache.config.internalCacheAdvisor&apos;
DEBUG (org.springframework.beans.factory.support.DefaultListableBeanFactory:524) - Eagerly caching bean &apos;serverHostDao&apos; to allow for resolving potential circular references
DEBUG (org.springframework.beans.factory.support.DefaultListableBeanFactory:247) - Returning cached instance of singleton bean &apos;org.springframework.aop.support.DefaultBeanFactoryPointcutAdvisor#0&apos;
DEBUG (org.springframework.beans.factory.support.DefaultListableBeanFactory:247) - Returning cached instance of singleton bean &apos;org.springframework.cache.config.internalCacheAdvisor&apos;
DEBUG (org.springframework.beans.factory.support.DefaultListableBeanFactory:247) - Returning cached instance of singleton bean &apos;org.springframework.aop.support.DefaultBeanFactoryPointcutAdvisor#0&apos;
DEBUG (org.springframework.beans.factory.support.DefaultListableBeanFactory:247) - Returning cached instance of singleton bean &apos;org.springframework.cache.config.internalCacheAdvisor&apos;
DEBUG (org.springframework.beans.factory.support.DefaultListableBeanFactory:243) - Returning eagerly cached instance of singleton bean &apos;serverHostDao&apos; that is not fully initialized yet - a consequence of a circular reference
DEBUG (org.springframework.beans.factory.support.DefaultListableBeanFactory:247) - Returning cached instance of singleton bean &apos;org.springframework.aop.support.DefaultBeanFactoryPointcutAdvisor#0&apos;
DEBUG (org.springframework.beans.factory.support.DefaultListableBeanFactory:247) - Returning cached instance of singleton bean &apos;org.springframework.cache.config.internalCacheAdvisor&apos;
DEBUG (org.springframework.beans.factory.support.DefaultListableBeanFactory:220) - Creating shared instance of singleton bean &apos;serverInfoDao&apos;
DEBUG (org.springframework.beans.factory.support.DefaultListableBeanFactory:450) - Creating instance of bean &apos;serverInfoDao&apos;
DEBUG (org.springframework.beans.factory.support.DefaultListableBeanFactory:247) - Returning cached instance of singleton bean &apos;org.springframework.aop.support.DefaultBeanFactoryPointcutAdvisor#0&apos;
DEBUG (org.springframework.beans.factory.support.DefaultListableBeanFactory:247) - Returning cached instance of singleton bean &apos;org.springframework.cache.config.internalCacheAdvisor&apos;
DEBUG (org.springframework.beans.factory.support.DefaultListableBeanFactory:524) - Eagerly caching bean &apos;serverInfoDao&apos; to allow for resolving potential circular references
DEBUG (org.springframework.beans.factory.support.DefaultListableBeanFactory:247) - Returning cached instance of singleton bean &apos;org.springframework.aop.support.DefaultBeanFactoryPointcutAdvisor#0&apos;
DEBUG (org.springframework.beans.factory.support.DefaultListableBeanFactory:247) - Returning cached instance of singleton bean &apos;org.springframework.cache.config.internalCacheAdvisor&apos;
DEBUG (org.springframework.beans.factory.support.DefaultListableBeanFactory:247) - Returning cached instance of singleton bean &apos;org.springframework.aop.support.DefaultBeanFactoryPointcutAdvisor#0&apos;
DEBUG (org.springframework.beans.factory.support.DefaultListableBeanFactory:247) - Returning cached instance of singleton bean &apos;org.springframework.cache.config.internalCacheAdvisor&apos;
DEBUG (org.springframework.beans.factory.support.DefaultListableBeanFactory:243) - Returning eagerly cached instance of singleton bean &apos;serverInfoDao&apos; that is not fully initialized yet - a consequence of a circular reference
DEBUG (org.springframework.beans.factory.support.DefaultListableBeanFactory:247) - Returning cached instance of singleton bean &apos;org.springframework.aop.support.DefaultBeanFactoryPointcutAdvisor#0&apos;
DEBUG (org.springframework.beans.factory.support.DefaultListableBeanFactory:247) - Returning cached instance of singleton bean &apos;org.springframework.cache.config.internalCacheAdvisor&apos;
DEBUG (org.springframework.beans.factory.support.DefaultListableBeanFactory:220) - Creating shared instance of singleton bean &apos;MBusinessProcessSyncDao&apos;
DEBUG (org.springframework.beans.factory.support.DefaultListableBeanFactory:450) - Creating instance of bean &apos;MBusinessProcessSyncDao&apos;
DEBUG (org.springframework.beans.factory.support.DefaultListableBeanFactory:247) - Returning cached instance of singleton bean &apos;org.springframework.aop.support.DefaultBeanFactoryPointcutAdvisor#0&apos;
DEBUG (org.springframework.beans.factory.support.DefaultListableBeanFactory:247) - Returning cached instance of singleton bean &apos;org.springframework.cache.config.internalCacheAdvisor&apos;
DEBUG (org.springframework.beans.factory.support.DefaultListableBeanFactory:524) - Eagerly caching bean &apos;MBusinessProcessSyncDao&apos; to allow for resolving potential circular references
DEBUG (org.springframework.beans.factory.support.DefaultListableBeanFactory:247) - Returning cached instance of singleton bean &apos;org.springframework.aop.support.DefaultBeanFactoryPointcutAdvisor#0&apos;
DEBUG (org.springframework.beans.factory.support.DefaultListableBeanFactory:247) - Returning cached instance of singleton bean &apos;org.springframework.cache.config.internalCacheAdvisor&apos;
DEBUG (org.springframework.beans.factory.support.DefaultListableBeanFactory:247) - Returning cached instance of singleton bean &apos;org.springframework.aop.support.DefaultBeanFactoryPointcutAdvisor#0&apos;
DEBUG (org.springframework.beans.factory.support.DefaultListableBeanFactory:247) - Returning cached instance of singleton bean &apos;org.springframework.cache.config.internalCacheAdvisor&apos;
DEBUG (org.springframework.beans.factory.support.DefaultListableBeanFactory:243) - Returning eagerly cached instance of singleton bean &apos;MBusinessProcessSyncDao&apos; that is not fully initialized yet - a consequence of a circular reference
DEBUG (org.springframework.beans.factory.support.DefaultListableBeanFactory:247) - Returning cached instance of singleton bean &apos;org.springframework.aop.support.DefaultBeanFactoryPointcutAdvisor#0&apos;
DEBUG (org.springframework.beans.factory.support.DefaultListableBeanFactory:247) - Returning cached instance of singleton bean &apos;org.springframework.cache.config.internalCacheAdvisor&apos;
DEBUG (org.springframework.beans.factory.support.DefaultListableBeanFactory:220) - Creating shared instance of singleton bean &apos;adminDao&apos;
DEBUG (org.springframework.beans.factory.support.DefaultListableBeanFactory:450) - Creating instance of bean &apos;adminDao&apos;
DEBUG (org.springframework.beans.factory.support.DefaultListableBeanFactory:247) - Returning cached instance of singleton bean &apos;org.springframework.aop.support.DefaultBeanFactoryPointcutAdvisor#0&apos;
DEBUG (org.springframework.beans.factory.support.DefaultListableBeanFactory:247) - Returning cached instance of singleton bean &apos;org.springframework.cache.config.internalCacheAdvisor&apos;
DEBUG (org.springframework.beans.factory.support.DefaultListableBeanFactory:524) - Eagerly caching bean &apos;adminDao&apos; to allow for resolving potential circular references
DEBUG (org.springframework.beans.factory.support.DefaultListableBeanFactory:247) - Returning cached instance of singleton bean &apos;org.springframework.aop.support.DefaultBeanFactoryPointcutAdvisor#0&apos;
DEBUG (org.springframework.beans.factory.support.DefaultListableBeanFactory:247) - Returning cached instance of singleton bean &apos;org.springframework.cache.config.internalCacheAdvisor&apos;
DEBUG (org.springframework.beans.factory.support.DefaultListableBeanFactory:247) - Returning cached instance of singleton bean &apos;org.springframework.aop.support.DefaultBeanFactoryPointcutAdvisor#0&apos;
DEBUG (org.springframework.beans.factory.support.DefaultListableBeanFactory:247) - Returning cached instance of singleton bean &apos;org.springframework.cache.config.internalCacheAdvisor&apos;
DEBUG (org.springframework.beans.factory.support.DefaultListableBeanFactory:243) - Returning eagerly cached instance of singleton bean &apos;adminDao&apos; that is not fully initialized yet - a consequence of a circular reference
DEBUG (org.springframework.beans.factory.support.DefaultListableBeanFactory:247) - Returning cached instance of singleton bean &apos;org.springframework.aop.support.DefaultBeanFactoryPointcutAdvisor#0&apos;
DEBUG (org.springframework.beans.factory.support.DefaultListableBeanFactory:247) - Returning cached instance of singleton bean &apos;org.springframework.cache.config.internalCacheAdvisor&apos;
DEBUG (org.springframework.beans.factory.support.DefaultListableBeanFactory:220) - Creating shared instance of singleton bean &apos;resourceDao&apos;
DEBUG (org.springframework.beans.factory.support.DefaultListableBeanFactory:450) - Creating instance of bean &apos;resourceDao&apos;
DEBUG (org.springframework.beans.factory.support.DefaultListableBeanFactory:247) - Returning cached instance of singleton bean &apos;org.springframework.aop.support.DefaultBeanFactoryPointcutAdvisor#0&apos;
DEBUG (org.springframework.beans.factory.support.DefaultListableBeanFactory:247) - Returning cached instance of singleton bean &apos;org.springframework.cache.config.internalCacheAdvisor&apos;
DEBUG (org.springframework.beans.factory.support.DefaultListableBeanFactory:524) - Eagerly caching bean &apos;resourceDao&apos; to allow for resolving potential circular references
DEBUG (org.springframework.beans.factory.support.DefaultListableBeanFactory:247) - Returning cached instance of singleton bean &apos;org.springframework.aop.support.DefaultBeanFactoryPointcutAdvisor#0&apos;
DEBUG (org.springframework.beans.factory.support.DefaultListableBeanFactory:247) - Returning cached instance of singleton bean &apos;org.springframework.cache.config.internalCacheAdvisor&apos;
DEBUG (org.springframework.beans.factory.support.DefaultListableBeanFactory:247) - Returning cached instance of singleton bean &apos;org.springframework.aop.support.DefaultBeanFactoryPointcutAdvisor#0&apos;
DEBUG (org.springframework.beans.factory.support.DefaultListableBeanFactory:247) - Returning cached instance of singleton bean &apos;org.springframework.cache.config.internalCacheAdvisor&apos;
DEBUG (org.springframework.beans.factory.support.DefaultListableBeanFactory:243) - Returning eagerly cached instance of singleton bean &apos;resourceDao&apos; that is not fully initialized yet - a consequence of a circular reference
DEBUG (org.springframework.beans.factory.support.DefaultListableBeanFactory:247) - Returning cached instance of singleton bean &apos;org.springframework.aop.support.DefaultBeanFactoryPointcutAdvisor#0&apos;
DEBUG (org.springframework.beans.factory.support.DefaultListableBeanFactory:247) - Returning cached instance of singleton bean &apos;org.springframework.cache.config.internalCacheAdvisor&apos;
DEBUG (org.springframework.beans.factory.support.DefaultListableBeanFactory:220) - Creating shared instance of singleton bean &apos;roleDao&apos;
DEBUG (org.springframework.beans.factory.support.DefaultListableBeanFactory:450) - Creating instance of bean &apos;roleDao&apos;
DEBUG (org.springframework.beans.factory.support.DefaultListableBeanFactory:247) - Returning cached instance of singleton bean &apos;org.springframework.aop.support.DefaultBeanFactoryPointcutAdvisor#0&apos;
DEBUG (org.springframework.beans.factory.support.DefaultListableBeanFactory:247) - Returning cached instance of singleton bean &apos;org.springframework.cache.config.internalCacheAdvisor&apos;
DEBUG (org.springframework.beans.factory.support.DefaultListableBeanFactory:524) - Eagerly caching bean &apos;roleDao&apos; to allow for resolving potential circular references
DEBUG (org.springframework.beans.factory.support.DefaultListableBeanFactory:247) - Returning cached instance of singleton bean &apos;org.springframework.aop.support.DefaultBeanFactoryPointcutAdvisor#0&apos;
DEBUG (org.springframework.beans.factory.support.DefaultListableBeanFactory:247) - Returning cached instance of singleton bean &apos;org.springframework.cache.config.internalCacheAdvisor&apos;
DEBUG (org.springframework.beans.factory.support.DefaultListableBeanFactory:247) - Returning cached instance of singleton bean &apos;org.springframework.aop.support.DefaultBeanFactoryPointcutAdvisor#0&apos;
DEBUG (org.springframework.beans.factory.support.DefaultListableBeanFactory:247) - Returning cached instance of singleton bean &apos;org.springframework.cache.config.internalCacheAdvisor&apos;
DEBUG (org.springframework.beans.factory.support.DefaultListableBeanFactory:243) - Returning eagerly cached instance of singleton bean &apos;roleDao&apos; that is not fully initialized yet - a consequence of a circular reference
DEBUG (org.springframework.beans.factory.support.DefaultListableBeanFactory:247) - Returning cached instance of singleton bean &apos;org.springframework.aop.support.DefaultBeanFactoryPointcutAdvisor#0&apos;
DEBUG (org.springframework.beans.factory.support.DefaultListableBeanFactory:247) - Returning cached instance of singleton bean &apos;org.springframework.cache.config.internalCacheAdvisor&apos;
DEBUG (org.springframework.beans.factory.support.DefaultListableBeanFactory:220) - Creating shared instance of singleton bean &apos;userDao&apos;
DEBUG (org.springframework.beans.factory.support.DefaultListableBeanFactory:450) - Creating instance of bean &apos;userDao&apos;
DEBUG (org.springframework.beans.factory.support.DefaultListableBeanFactory:247) - Returning cached instance of singleton bean &apos;org.springframework.aop.support.DefaultBeanFactoryPointcutAdvisor#0&apos;
DEBUG (org.springframework.beans.factory.support.DefaultListableBeanFactory:247) - Returning cached instance of singleton bean &apos;org.springframework.cache.config.internalCacheAdvisor&apos;
DEBUG (org.springframework.beans.factory.support.DefaultListableBeanFactory:524) - Eagerly caching bean &apos;userDao&apos; to allow for resolving potential circular references
DEBUG (org.springframework.beans.factory.support.DefaultListableBeanFactory:247) - Returning cached instance of singleton bean &apos;org.springframework.aop.support.DefaultBeanFactoryPointcutAdvisor#0&apos;
DEBUG (org.springframework.beans.factory.support.DefaultListableBeanFactory:247) - Returning cached instance of singleton bean &apos;org.springframework.cache.config.internalCacheAdvisor&apos;
DEBUG (org.springframework.beans.factory.support.DefaultListableBeanFactory:247) - Returning cached instance of singleton bean &apos;org.springframework.aop.support.DefaultBeanFactoryPointcutAdvisor#0&apos;
DEBUG (org.springframework.beans.factory.support.DefaultListableBeanFactory:247) - Returning cached instance of singleton bean &apos;org.springframework.cache.config.internalCacheAdvisor&apos;
DEBUG (org.springframework.beans.factory.support.DefaultListableBeanFactory:243) - Returning eagerly cached instance of singleton bean &apos;userDao&apos; that is not fully initialized yet - a consequence of a circular reference
DEBUG (org.springframework.beans.factory.support.DefaultListableBeanFactory:247) - Returning cached instance of singleton bean &apos;org.springframework.aop.support.DefaultBeanFactoryPointcutAdvisor#0&apos;
DEBUG (org.springframework.beans.factory.support.DefaultListableBeanFactory:247) - Returning cached instance of singleton bean &apos;org.springframework.cache.config.internalCacheAdvisor&apos;
DEBUG (org.springframework.beans.factory.support.DefaultListableBeanFactory:220) - Creating shared instance of singleton bean &apos;transformDao&apos;
DEBUG (org.springframework.beans.factory.support.DefaultListableBeanFactory:450) - Creating instance of bean &apos;transformDao&apos;
DEBUG (org.springframework.beans.factory.support.DefaultListableBeanFactory:247) - Returning cached instance of singleton bean &apos;org.springframework.aop.support.DefaultBeanFactoryPointcutAdvisor#0&apos;
DEBUG (org.springframework.beans.factory.support.DefaultListableBeanFactory:247) - Returning cached instance of singleton bean &apos;org.springframework.cache.config.internalCacheAdvisor&apos;
DEBUG (org.springframework.beans.factory.support.DefaultListableBeanFactory:524) - Eagerly caching bean &apos;transformDao&apos; to allow for resolving potential circular references
DEBUG (org.springframework.beans.factory.support.DefaultListableBeanFactory:247) - Returning cached instance of singleton bean &apos;org.springframework.aop.support.DefaultBeanFactoryPointcutAdvisor#0&apos;
DEBUG (org.springframework.beans.factory.support.DefaultListableBeanFactory:247) - Returning cached instance of singleton bean &apos;org.springframework.cache.config.internalCacheAdvisor&apos;
DEBUG (org.springframework.beans.factory.support.DefaultListableBeanFactory:247) - Returning cached instance of singleton bean &apos;org.springframework.aop.support.DefaultBeanFactoryPointcutAdvisor#0&apos;
DEBUG (org.springframework.beans.factory.support.DefaultListableBeanFactory:247) - Returning cached instance of singleton bean &apos;org.springframework.cache.config.internalCacheAdvisor&apos;
DEBUG (org.springframework.beans.factory.support.DefaultListableBeanFactory:243) - Returning eagerly cached instance of singleton bean &apos;transformDao&apos; that is not fully initialized yet - a consequence of a circular reference
DEBUG (org.springframework.beans.factory.support.DefaultListableBeanFactory:220) - Creating shared instance of singleton bean &apos;sqlSessionFactory&apos;
DEBUG (org.springframework.beans.factory.support.DefaultListableBeanFactory:450) - Creating instance of bean &apos;sqlSessionFactory&apos;
DEBUG (org.springframework.beans.factory.support.DefaultListableBeanFactory:247) - Returning cached instance of singleton bean &apos;org.springframework.aop.support.DefaultBeanFactoryPointcutAdvisor#0&apos;
DEBUG (org.springframework.beans.factory.support.DefaultListableBeanFactory:247) - Returning cached instance of singleton bean &apos;org.springframework.cache.config.internalCacheAdvisor&apos;
DEBUG (org.springframework.beans.factory.support.DefaultListableBeanFactory:524) - Eagerly caching bean &apos;sqlSessionFactory&apos; to allow for resolving potential circular references
DEBUG (org.springframework.beans.factory.support.DefaultListableBeanFactory:220) - Creating shared instance of singleton bean &apos;dataSource&apos;
DEBUG (org.springframework.beans.factory.support.DefaultListableBeanFactory:450) - Creating instance of bean &apos;dataSource&apos;
DEBUG (org.springframework.beans.factory.support.DefaultListableBeanFactory:247) - Returning cached instance of singleton bean &apos;org.springframework.aop.support.DefaultBeanFactoryPointcutAdvisor#0&apos;
DEBUG (org.springframework.beans.factory.support.DefaultListableBeanFactory:247) - Returning cached instance of singleton bean &apos;org.springframework.cache.config.internalCacheAdvisor&apos;
DEBUG (org.springframework.beans.factory.support.DefaultListableBeanFactory:524) - Eagerly caching bean &apos;dataSource&apos; to allow for resolving potential circular references
DEBUG (org.springframework.beans.factory.support.DefaultListableBeanFactory:1668) - Invoking init method  &apos;init&apos; on bean with name &apos;dataSource&apos;
 INFO (com.alibaba.druid.pool.DruidDataSource:785) - {dataSource-1} inited
 INFO (org.springframework.context.support.PostProcessorRegistrationDelegate$BeanPostProcessorChecker:309) - Bean &apos;dataSource&apos; of type [class com.alibaba.druid.pool.DruidDataSource] is not eligible for getting processed by all BeanPostProcessors (for example: not eligible for auto-proxying)
DEBUG (org.springframework.beans.factory.support.DefaultListableBeanFactory:247) - Returning cached instance of singleton bean &apos;org.springframework.aop.support.DefaultBeanFactoryPointcutAdvisor#0&apos;
DEBUG (org.springframework.beans.factory.support.DefaultListableBeanFactory:247) - Returning cached instance of singleton bean &apos;org.springframework.cache.config.internalCacheAdvisor&apos;
DEBUG (org.springframework.beans.factory.support.DefaultListableBeanFactory:247) - Returning cached instance of singleton bean &apos;org.springframework.aop.support.DefaultBeanFactoryPointcutAdvisor#0&apos;
DEBUG (org.springframework.beans.factory.support.DefaultListableBeanFactory:247) - Returning cached instance of singleton bean &apos;org.springframework.cache.config.internalCacheAdvisor&apos;
DEBUG (org.springframework.beans.factory.support.DefaultListableBeanFactory:478) - Finished creating instance of bean &apos;dataSource&apos;
DEBUG (org.springframework.core.io.support.PathMatchingResourcePatternResolver:411) - Resolved location pattern [classpath*:mybatis/*Mapper.xml] to resources []
DEBUG (org.springframework.beans.factory.support.DefaultListableBeanFactory:1610) - Invoking afterPropertiesSet() on bean with name &apos;sqlSessionFactory&apos;
Logging initialized using &apos;class org.apache.ibatis.logging.stdout.StdOutImpl&apos; adapter.
 INFO (org.springframework.context.support.PostProcessorRegistrationDelegate$BeanPostProcessorChecker:309) - Bean &apos;sqlSessionFactory&apos; of type [class org.mybatis.spring.SqlSessionFactoryBean] is not eligible for getting processed by all BeanPostProcessors (for example: not eligible for auto-proxying)
DEBUG (org.springframework.beans.factory.support.DefaultListableBeanFactory:247) - Returning cached instance of singleton bean &apos;org.springframework.aop.support.DefaultBeanFactoryPointcutAdvisor#0&apos;
DEBUG (org.springframework.beans.factory.support.DefaultListableBeanFactory:247) - Returning cached instance of singleton bean &apos;org.springframework.cache.config.internalCacheAdvisor&apos;
DEBUG (org.springframework.beans.factory.support.DefaultListableBeanFactory:247) - Returning cached instance of singleton bean &apos;org.springframework.aop.support.DefaultBeanFactoryPointcutAdvisor#0&apos;
DEBUG (org.springframework.beans.factory.support.DefaultListableBeanFactory:247) - Returning cached instance of singleton bean &apos;org.springframework.cache.config.internalCacheAdvisor&apos;
DEBUG (org.springframework.beans.factory.support.DefaultListableBeanFactory:478) - Finished creating instance of bean &apos;sqlSessionFactory&apos;
 INFO (org.springframework.context.support.PostProcessorRegistrationDelegate$BeanPostProcessorChecker:309) - Bean &apos;sqlSessionFactory&apos; of type [class org.apache.ibatis.session.defaults.DefaultSqlSessionFactory] is not eligible for getting processed by all BeanPostProcessors (for example: not eligible for auto-proxying)
DEBUG (org.springframework.beans.factory.support.DefaultListableBeanFactory:247) - Returning cached instance of singleton bean &apos;org.springframework.aop.support.DefaultBeanFactoryPointcutAdvisor#0&apos;
DEBUG (org.springframework.beans.factory.support.DefaultListableBeanFactory:247) - Returning cached instance of singleton bean &apos;org.springframework.cache.config.internalCacheAdvisor&apos;
DEBUG (org.springframework.beans.factory.support.DefaultListableBeanFactory:247) - Returning cached instance of singleton bean &apos;org.springframework.aop.support.DefaultBeanFactoryPointcutAdvisor#0&apos;
DEBUG (org.springframework.beans.factory.support.DefaultListableBeanFactory:247) - Returning cached instance of singleton bean &apos;org.springframework.cache.config.internalCacheAdvisor&apos;
DEBUG (org.springframework.beans.factory.support.DefaultListableBeanFactory:1289) - Autowiring by type from bean name &apos;transformDao&apos; via property &apos;sqlSessionFactory&apos; to bean named &apos;sqlSessionFactory&apos;
DEBUG (org.springframework.beans.factory.support.DefaultListableBeanFactory:1610) - Invoking afterPropertiesSet() on bean with name &apos;transformDao&apos;
 INFO (org.springframework.context.support.PostProcessorRegistrationDelegate$BeanPostProcessorChecker:309) - Bean &apos;transformDao&apos; of type [class org.mybatis.spring.mapper.MapperFactoryBean] is not eligible for getting processed by all BeanPostProcessors (for example: not eligible for auto-proxying)
DEBUG (org.springframework.beans.factory.support.DefaultListableBeanFactory:478) - Finished creating instance of bean &apos;transformDao&apos;
DEBUG (org.springframework.beans.factory.support.DefaultListableBeanFactory:247) - Returning cached instance of singleton bean &apos;sqlSessionFactory&apos;
DEBUG (org.springframework.beans.factory.support.DefaultListableBeanFactory:1289) - Autowiring by type from bean name &apos;userDao&apos; via property &apos;sqlSessionFactory&apos; to bean named &apos;sqlSessionFactory&apos;
DEBUG (org.springframework.beans.factory.support.DefaultListableBeanFactory:1610) - Invoking afterPropertiesSet() on bean with name &apos;userDao&apos;
 INFO (org.springframework.context.support.PostProcessorRegistrationDelegate$BeanPostProcessorChecker:309) - Bean &apos;userDao&apos; of type [class org.mybatis.spring.mapper.MapperFactoryBean] is not eligible for getting processed by all BeanPostProcessors (for example: not eligible for auto-proxying)
DEBUG (org.springframework.beans.factory.support.DefaultListableBeanFactory:478) - Finished creating instance of bean &apos;userDao&apos;
DEBUG (org.springframework.beans.factory.support.DefaultListableBeanFactory:247) - Returning cached instance of singleton bean &apos;sqlSessionFactory&apos;
DEBUG (org.springframework.beans.factory.support.DefaultListableBeanFactory:1289) - Autowiring by type from bean name &apos;roleDao&apos; via property &apos;sqlSessionFactory&apos; to bean named &apos;sqlSessionFactory&apos;
DEBUG (org.springframework.beans.factory.support.DefaultListableBeanFactory:1610) - Invoking afterPropertiesSet() on bean with name &apos;roleDao&apos;
 INFO (org.springframework.context.support.PostProcessorRegistrationDelegate$BeanPostProcessorChecker:309) - Bean &apos;roleDao&apos; of type [class org.mybatis.spring.mapper.MapperFactoryBean] is not eligible for getting processed by all BeanPostProcessors (for example: not eligible for auto-proxying)
DEBUG (org.springframework.beans.factory.support.DefaultListableBeanFactory:478) - Finished creating instance of bean &apos;roleDao&apos;
DEBUG (org.springframework.beans.factory.support.DefaultListableBeanFactory:247) - Returning cached instance of singleton bean &apos;sqlSessionFactory&apos;
DEBUG (org.springframework.beans.factory.support.DefaultListableBeanFactory:1289) - Autowiring by type from bean name &apos;resourceDao&apos; via property &apos;sqlSessionFactory&apos; to bean named &apos;sqlSessionFactory&apos;
DEBUG (org.springframework.beans.factory.support.DefaultListableBeanFactory:1610) - Invoking afterPropertiesSet() on bean with name &apos;resourceDao&apos;
 INFO (org.springframework.context.support.PostProcessorRegistrationDelegate$BeanPostProcessorChecker:309) - Bean &apos;resourceDao&apos; of type [class org.mybatis.spring.mapper.MapperFactoryBean] is not eligible for getting processed by all BeanPostProcessors (for example: not eligible for auto-proxying)
DEBUG (org.springframework.beans.factory.support.DefaultListableBeanFactory:478) - Finished creating instance of bean &apos;resourceDao&apos;
DEBUG (org.springframework.beans.factory.support.DefaultListableBeanFactory:247) - Returning cached instance of singleton bean &apos;sqlSessionFactory&apos;
DEBUG (org.springframework.beans.factory.support.DefaultListableBeanFactory:1289) - Autowiring by type from bean name &apos;adminDao&apos; via property &apos;sqlSessionFactory&apos; to bean named &apos;sqlSessionFactory&apos;
DEBUG (org.springframework.beans.factory.support.DefaultListableBeanFactory:1610) - Invoking afterPropertiesSet() on bean with name &apos;adminDao&apos;
 INFO (org.springframework.context.support.PostProcessorRegistrationDelegate$BeanPostProcessorChecker:309) - Bean &apos;adminDao&apos; of type [class org.mybatis.spring.mapper.MapperFactoryBean] is not eligible for getting processed by all BeanPostProcessors (for example: not eligible for auto-proxying)
DEBUG (org.springframework.beans.factory.support.DefaultListableBeanFactory:478) - Finished creating instance of bean &apos;adminDao&apos;
DEBUG (org.springframework.beans.factory.support.DefaultListableBeanFactory:247) - Returning cached instance of singleton bean &apos;sqlSessionFactory&apos;
DEBUG (org.springframework.beans.factory.support.DefaultListableBeanFactory:1289) - Autowiring by type from bean name &apos;MBusinessProcessSyncDao&apos; via property &apos;sqlSessionFactory&apos; to bean named &apos;sqlSessionFactory&apos;
DEBUG (org.springframework.beans.factory.support.DefaultListableBeanFactory:1610) - Invoking afterPropertiesSet() on bean with name &apos;MBusinessProcessSyncDao&apos;
 INFO (org.springframework.context.support.PostProcessorRegistrationDelegate$BeanPostProcessorChecker:309) - Bean &apos;MBusinessProcessSyncDao&apos; of type [class org.mybatis.spring.mapper.MapperFactoryBean] is not eligible for getting processed by all BeanPostProcessors (for example: not eligible for auto-proxying)
DEBUG (org.springframework.beans.factory.support.DefaultListableBeanFactory:478) - Finished creating instance of bean &apos;MBusinessProcessSyncDao&apos;
DEBUG (org.springframework.beans.factory.support.DefaultListableBeanFactory:247) - Returning cached instance of singleton bean &apos;sqlSessionFactory&apos;
DEBUG (org.springframework.beans.factory.support.DefaultListableBeanFactory:1289) - Autowiring by type from bean name &apos;serverInfoDao&apos; via property &apos;sqlSessionFactory&apos; to bean named &apos;sqlSessionFactory&apos;
DEBUG (org.springframework.beans.factory.support.DefaultListableBeanFactory:1610) - Invoking afterPropertiesSet() on bean with name &apos;serverInfoDao&apos;
 INFO (org.springframework.context.support.PostProcessorRegistrationDelegate$BeanPostProcessorChecker:309) - Bean &apos;serverInfoDao&apos; of type [class org.mybatis.spring.mapper.MapperFactoryBean] is not eligible for getting processed by all BeanPostProcessors (for example: not eligible for auto-proxying)
DEBUG (org.springframework.beans.factory.support.DefaultListableBeanFactory:478) - Finished creating instance of bean &apos;serverInfoDao&apos;
DEBUG (org.springframework.beans.factory.support.DefaultListableBeanFactory:247) - Returning cached instance of singleton bean &apos;sqlSessionFactory&apos;
DEBUG (org.springframework.beans.factory.support.DefaultListableBeanFactory:1289) - Autowiring by type from bean name &apos;serverHostDao&apos; via property &apos;sqlSessionFactory&apos; to bean named &apos;sqlSessionFactory&apos;
DEBUG (org.springframework.beans.factory.support.DefaultListableBeanFactory:1610) - Invoking afterPropertiesSet() on bean with name &apos;serverHostDao&apos;
 INFO (org.springframework.context.support.PostProcessorRegistrationDelegate$BeanPostProcessorChecker:309) - Bean &apos;serverHostDao&apos; of type [class org.mybatis.spring.mapper.MapperFactoryBean] is not eligible for getting processed by all BeanPostProcessors (for example: not eligible for auto-proxying)
DEBUG (org.springframework.beans.factory.support.DefaultListableBeanFactory:478) - Finished creating instance of bean &apos;serverHostDao&apos;
DEBUG (org.springframework.beans.factory.support.DefaultListableBeanFactory:247) - Returning cached instance of singleton bean &apos;sqlSessionFactory&apos;
DEBUG (org.springframework.beans.factory.support.DefaultListableBeanFactory:1289) - Autowiring by type from bean name &apos;mailInfoDao&apos; via property &apos;sqlSessionFactory&apos; to bean named &apos;sqlSessionFactory&apos;
DEBUG (org.springframework.beans.factory.support.DefaultListableBeanFactory:1610) - Invoking afterPropertiesSet() on bean with name &apos;mailInfoDao&apos;
 INFO (org.springframework.context.support.PostProcessorRegistrationDelegate$BeanPostProcessorChecker:309) - Bean &apos;mailInfoDao&apos; of type [class org.mybatis.spring.mapper.MapperFactoryBean] is not eligible for getting processed by all BeanPostProcessors (for example: not eligible for auto-proxying)
DEBUG (org.springframework.beans.factory.support.DefaultListableBeanFactory:478) - Finished creating instance of bean &apos;mailInfoDao&apos;
DEBUG (org.springframework.beans.factory.support.DefaultListableBeanFactory:247) - Returning cached instance of singleton bean &apos;sqlSessionFactory&apos;
DEBUG (org.springframework.beans.factory.support.DefaultListableBeanFactory:1289) - Autowiring by type from bean name &apos;alarmRuleDao&apos; via property &apos;sqlSessionFactory&apos; to bean named &apos;sqlSessionFactory&apos;
DEBUG (org.springframework.beans.factory.support.DefaultListableBeanFactory:1610) - Invoking afterPropertiesSet() on bean with name &apos;alarmRuleDao&apos;
 INFO (org.springframework.context.support.PostProcessorRegistrationDelegate$BeanPostProcessorChecker:309) - Bean &apos;alarmRuleDao&apos; of type [class org.mybatis.spring.mapper.MapperFactoryBean] is not eligible for getting processed by all BeanPostProcessors (for example: not eligible for auto-proxying)
DEBUG (org.springframework.beans.factory.support.DefaultListableBeanFactory:478) - Finished creating instance of bean &apos;alarmRuleDao&apos;
DEBUG (org.springframework.beans.factory.support.DefaultListableBeanFactory:247) - Returning cached instance of singleton bean &apos;sqlSessionFactory&apos;
DEBUG (org.springframework.beans.factory.support.DefaultListableBeanFactory:1289) - Autowiring by type from bean name &apos;mirrorTableDao&apos; via property &apos;sqlSessionFactory&apos; to bean named &apos;sqlSessionFactory&apos;
DEBUG (org.springframework.beans.factory.support.DefaultListableBeanFactory:1610) - Invoking afterPropertiesSet() on bean with name &apos;mirrorTableDao&apos;
 INFO (org.springframework.context.support.PostProcessorRegistrationDelegate$BeanPostProcessorChecker:309) - Bean &apos;mirrorTableDao&apos; of type [class org.mybatis.spring.mapper.MapperFactoryBean] is not eligible for getting processed by all BeanPostProcessors (for example: not eligible for auto-proxying)
DEBUG (org.springframework.beans.factory.support.DefaultListableBeanFactory:478) - Finished creating instance of bean &apos;mirrorTableDao&apos;
DEBUG (org.springframework.beans.factory.support.DefaultListableBeanFactory:247) - Returning cached instance of singleton bean &apos;sqlSessionFactory&apos;
DEBUG (org.springframework.beans.factory.support.DefaultListableBeanFactory:1289) - Autowiring by type from bean name &apos;sheetLogDao&apos; via property &apos;sqlSessionFactory&apos; to bean named &apos;sqlSessionFactory&apos;
DEBUG (org.springframework.beans.factory.support.DefaultListableBeanFactory:1610) - Invoking afterPropertiesSet() on bean with name &apos;sheetLogDao&apos;
 INFO (org.springframework.context.support.PostProcessorRegistrationDelegate$BeanPostProcessorChecker:309) - Bean &apos;sheetLogDao&apos; of type [class org.mybatis.spring.mapper.MapperFactoryBean] is not eligible for getting processed by all BeanPostProcessors (for example: not eligible for auto-proxying)
DEBUG (org.springframework.beans.factory.support.DefaultListableBeanFactory:478) - Finished creating instance of bean &apos;sheetLogDao&apos;
DEBUG (org.springframework.beans.factory.support.DefaultListableBeanFactory:247) - Returning cached instance of singleton bean &apos;sqlSessionFactory&apos;
DEBUG (org.springframework.beans.factory.support.DefaultListableBeanFactory:1289) - Autowiring by type from bean name &apos;commonDao&apos; via property &apos;sqlSessionFactory&apos; to bean named &apos;sqlSessionFactory&apos;
DEBUG (org.springframework.beans.factory.support.DefaultListableBeanFactory:1610) - Invoking afterPropertiesSet() on bean with name &apos;commonDao&apos;
 INFO (org.springframework.context.support.PostProcessorRegistrationDelegate$BeanPostProcessorChecker:309) - Bean &apos;commonDao&apos; of type [class org.mybatis.spring.mapper.MapperFactoryBean] is not eligible for getting processed by all BeanPostProcessors (for example: not eligible for auto-proxying)
DEBUG (org.springframework.beans.factory.support.DefaultListableBeanFactory:478) - Finished creating instance of bean &apos;commonDao&apos;
DEBUG (org.springframework.beans.factory.support.DefaultListableBeanFactory:247) - Returning cached instance of singleton bean &apos;sqlSessionFactory&apos;
DEBUG (org.springframework.beans.factory.support.DefaultListableBeanFactory:1289) - Autowiring by type from bean name &apos;baseDao&apos; via property &apos;sqlSessionFactory&apos; to bean named &apos;sqlSessionFactory&apos;
DEBUG (org.springframework.beans.factory.support.DefaultListableBeanFactory:1610) - Invoking afterPropertiesSet() on bean with name &apos;baseDao&apos;
 INFO (org.springframework.context.support.PostProcessorRegistrationDelegate$BeanPostProcessorChecker:309) - Bean &apos;baseDao&apos; of type [class org.mybatis.spring.mapper.MapperFactoryBean] is not eligible for getting processed by all BeanPostProcessors (for example: not eligible for auto-proxying)
DEBUG (org.springframework.beans.factory.support.DefaultListableBeanFactory:478) - Finished creating instance of bean &apos;baseDao&apos;
DEBUG (org.springframework.beans.factory.support.DefaultListableBeanFactory:247) - Returning cached instance of singleton bean &apos;sqlSessionFactory&apos;
DEBUG (org.springframework.beans.factory.support.DefaultListableBeanFactory:1289) - Autowiring by type from bean name &apos;uploadInfoDao&apos; via property &apos;sqlSessionFactory&apos; to bean named &apos;sqlSessionFactory&apos;
DEBUG (org.springframework.beans.factory.support.DefaultListableBeanFactory:1610) - Invoking afterPropertiesSet() on bean with name &apos;uploadInfoDao&apos;
 INFO (org.springframework.context.support.PostProcessorRegistrationDelegate$BeanPostProcessorChecker:309) - Bean &apos;uploadInfoDao&apos; of type [class org.mybatis.spring.mapper.MapperFactoryBean] is not eligible for getting processed by all BeanPostProcessors (for example: not eligible for auto-proxying)
DEBUG (org.springframework.beans.factory.support.DefaultListableBeanFactory:478) - Finished creating instance of bean &apos;uploadInfoDao&apos;
DEBUG (org.springframework.beans.factory.support.DefaultListableBeanFactory:247) - Returning cached instance of singleton bean &apos;sqlSessionFactory&apos;
DEBUG (org.springframework.beans.factory.support.DefaultListableBeanFactory:1289) - Autowiring by type from bean name &apos;sheetInfoDao&apos; via property &apos;sqlSessionFactory&apos; to bean named &apos;sqlSessionFactory&apos;
DEBUG (org.springframework.beans.factory.support.DefaultListableBeanFactory:1610) - Invoking afterPropertiesSet() on bean with name &apos;sheetInfoDao&apos;
 INFO (org.springframework.context.support.PostProcessorRegistrationDelegate$BeanPostProcessorChecker:309) - Bean &apos;sheetInfoDao&apos; of type [class org.mybatis.spring.mapper.MapperFactoryBean] is not eligible for getting processed by all BeanPostProcessors (for example: not eligible for auto-proxying)
DEBUG (org.springframework.beans.factory.support.DefaultListableBeanFactory:478) - Finished creating instance of bean &apos;sheetInfoDao&apos;
DEBUG (org.springframework.beans.factory.support.DefaultListableBeanFactory:220) - Creating shared instance of singleton bean &apos;adminService&apos;
DEBUG (org.springframework.beans.factory.support.DefaultListableBeanFactory:450) - Creating instance of bean &apos;adminService&apos;
DEBUG (org.springframework.beans.factory.support.DefaultListableBeanFactory:247) - Returning cached instance of singleton bean &apos;org.springframework.aop.support.DefaultBeanFactoryPointcutAdvisor#0&apos;
DEBUG (org.springframework.beans.factory.support.DefaultListableBeanFactory:247) - Returning cached instance of singleton bean &apos;org.springframework.cache.config.internalCacheAdvisor&apos;
DEBUG (org.springframework.beans.factory.annotation.InjectionMetadata:71) - Registered injected element on class [com.jk.ndt.etl.service.system.impl.AdminServiceImpl]: AutowiredFieldElement for private com.jk.ndt.etl.dao.system.AdminDao com.jk.ndt.etl.service.system.impl.AdminServiceImpl.adminDao
DEBUG (org.springframework.beans.factory.support.DefaultListableBeanFactory:524) - Eagerly caching bean &apos;adminService&apos; to allow for resolving potential circular references
DEBUG (org.springframework.beans.factory.annotation.InjectionMetadata:85) - Processing injected method of bean &apos;adminService&apos;: AutowiredFieldElement for private com.jk.ndt.etl.dao.system.AdminDao com.jk.ndt.etl.service.system.impl.AdminServiceImpl.adminDao
DEBUG (org.springframework.beans.factory.support.DefaultListableBeanFactory:247) - Returning cached instance of singleton bean &apos;adminDao&apos;
 INFO (org.springframework.context.support.PostProcessorRegistrationDelegate$BeanPostProcessorChecker:309) - Bean &apos;adminDao&apos; of type [class com.sun.proxy.$Proxy27] is not eligible for getting processed by all BeanPostProcessors (for example: not eligible for auto-proxying)
DEBUG (org.springframework.beans.factory.support.DefaultListableBeanFactory:247) - Returning cached instance of singleton bean &apos;org.springframework.aop.support.DefaultBeanFactoryPointcutAdvisor#0&apos;
DEBUG (org.springframework.beans.factory.support.DefaultListableBeanFactory:247) - Returning cached instance of singleton bean &apos;org.springframework.cache.config.internalCacheAdvisor&apos;
DEBUG (org.springframework.beans.factory.support.DefaultListableBeanFactory:247) - Returning cached instance of singleton bean &apos;org.springframework.aop.support.DefaultBeanFactoryPointcutAdvisor#0&apos;
DEBUG (org.springframework.beans.factory.support.DefaultListableBeanFactory:247) - Returning cached instance of singleton bean &apos;org.springframework.cache.config.internalCacheAdvisor&apos;
DEBUG (org.springframework.beans.factory.annotation.AutowiredAnnotationBeanPostProcessor:461) - Autowiring by type from bean name &apos;adminService&apos; to bean named &apos;adminDao&apos;
 INFO (org.springframework.context.support.PostProcessorRegistrationDelegate$BeanPostProcessorChecker:309) - Bean &apos;adminService&apos; of type [class com.jk.ndt.etl.service.system.impl.AdminServiceImpl] is not eligible for getting processed by all BeanPostProcessors (for example: not eligible for auto-proxying)
DEBUG (org.springframework.beans.factory.support.DefaultListableBeanFactory:247) - Returning cached instance of singleton bean &apos;org.springframework.aop.support.DefaultBeanFactoryPointcutAdvisor#0&apos;
DEBUG (org.springframework.beans.factory.support.DefaultListableBeanFactory:247) - Returning cached instance of singleton bean &apos;org.springframework.cache.config.internalCacheAdvisor&apos;
DEBUG (org.springframework.beans.factory.support.DefaultListableBeanFactory:247) - Returning cached instance of singleton bean &apos;org.springframework.aop.support.DefaultBeanFactoryPointcutAdvisor#0&apos;
DEBUG (org.springframework.beans.factory.support.DefaultListableBeanFactory:247) - Returning cached instance of singleton bean &apos;org.springframework.cache.config.internalCacheAdvisor&apos;
DEBUG (org.springframework.beans.factory.support.DefaultListableBeanFactory:220) - Creating shared instance of singleton bean &apos;txAdvice&apos;
DEBUG (org.springframework.beans.factory.support.DefaultListableBeanFactory:450) - Creating instance of bean &apos;txAdvice&apos;
DEBUG (org.springframework.beans.factory.support.DefaultListableBeanFactory:524) - Eagerly caching bean &apos;txAdvice&apos; to allow for resolving potential circular references
DEBUG (org.springframework.beans.factory.support.DefaultListableBeanFactory:220) - Creating shared instance of singleton bean &apos;transactionManager&apos;
DEBUG (org.springframework.beans.factory.support.DefaultListableBeanFactory:450) - Creating instance of bean &apos;transactionManager&apos;
DEBUG (org.springframework.beans.factory.support.DefaultListableBeanFactory:247) - Returning cached instance of singleton bean &apos;org.springframework.aop.support.DefaultBeanFactoryPointcutAdvisor#0&apos;
DEBUG (org.springframework.beans.factory.support.DefaultListableBeanFactory:247) - Returning cached instance of singleton bean &apos;org.springframework.cache.config.internalCacheAdvisor&apos;
DEBUG (org.springframework.beans.factory.support.DefaultListableBeanFactory:524) - Eagerly caching bean &apos;transactionManager&apos; to allow for resolving potential circular references
DEBUG (org.springframework.beans.factory.support.DefaultListableBeanFactory:247) - Returning cached instance of singleton bean &apos;dataSource&apos;
DEBUG (org.springframework.beans.factory.support.DefaultListableBeanFactory:1610) - Invoking afterPropertiesSet() on bean with name &apos;transactionManager&apos;
 INFO (org.springframework.context.support.PostProcessorRegistrationDelegate$BeanPostProcessorChecker:309) - Bean &apos;transactionManager&apos; of type [class org.springframework.jdbc.datasource.DataSourceTransactionManager] is not eligible for getting processed by all BeanPostProcessors (for example: not eligible for auto-proxying)
DEBUG (org.springframework.beans.factory.support.DefaultListableBeanFactory:247) - Returning cached instance of singleton bean &apos;org.springframework.aop.support.DefaultBeanFactoryPointcutAdvisor#0&apos;
DEBUG (org.springframework.beans.factory.support.DefaultListableBeanFactory:247) - Returning cached instance of singleton bean &apos;org.springframework.cache.config.internalCacheAdvisor&apos;
DEBUG (org.springframework.beans.factory.support.DefaultListableBeanFactory:247) - Returning cached instance of singleton bean &apos;org.springframework.aop.support.DefaultBeanFactoryPointcutAdvisor#0&apos;
DEBUG (org.springframework.beans.factory.support.DefaultListableBeanFactory:247) - Returning cached instance of singleton bean &apos;org.springframework.cache.config.internalCacheAdvisor&apos;
DEBUG (org.springframework.beans.factory.support.DefaultListableBeanFactory:478) - Finished creating instance of bean &apos;transactionManager&apos;
DEBUG (org.springframework.beans.factory.support.DefaultListableBeanFactory:450) - Creating instance of bean &apos;(inner bean)#293cde83&apos;
DEBUG (org.springframework.beans.factory.support.DefaultListableBeanFactory:247) - Returning cached instance of singleton bean &apos;org.springframework.aop.support.DefaultBeanFactoryPointcutAdvisor#0&apos;
DEBUG (org.springframework.beans.factory.support.DefaultListableBeanFactory:247) - Returning cached instance of singleton bean &apos;org.springframework.cache.config.internalCacheAdvisor&apos;
DEBUG (org.springframework.transaction.interceptor.NameMatchTransactionAttributeSource:96) - Adding transactional method [save*] with attribute [PROPAGATION_REQUIRED,ISOLATION_DEFAULT,-Exception]
DEBUG (org.springframework.transaction.interceptor.NameMatchTransactionAttributeSource:96) - Adding transactional method [create*] with attribute [PROPAGATION_REQUIRED,ISOLATION_DEFAULT,-Exception]
DEBUG (org.springframework.transaction.interceptor.NameMatchTransactionAttributeSource:96) - Adding transactional method [update*] with attribute [PROPAGATION_REQUIRED,ISOLATION_DEFAULT,-Exception]
DEBUG (org.springframework.transaction.interceptor.NameMatchTransactionAttributeSource:96) - Adding transactional method [modify*] with attribute [PROPAGATION_REQUIRED,ISOLATION_DEFAULT,-Exception]
DEBUG (org.springframework.transaction.interceptor.NameMatchTransactionAttributeSource:96) - Adding transactional method [delete*] with attribute [PROPAGATION_REQUIRED,ISOLATION_DEFAULT,-Exception]
DEBUG (org.springframework.transaction.interceptor.NameMatchTransactionAttributeSource:96) - Adding transactional method [do*] with attribute [PROPAGATION_REQUIRED,ISOLATION_DEFAULT,-Exception]
DEBUG (org.springframework.transaction.interceptor.NameMatchTransactionAttributeSource:96) - Adding transactional method [*] with attribute [PROPAGATION_REQUIRED,ISOLATION_DEFAULT,readOnly]
 INFO (org.springframework.context.support.PostProcessorRegistrationDelegate$BeanPostProcessorChecker:309) - Bean &apos;(inner bean)#293cde83&apos; of type [class org.springframework.transaction.interceptor.NameMatchTransactionAttributeSource] is not eligible for getting processed by all BeanPostProcessors (for example: not eligible for auto-proxying)
DEBUG (org.springframework.beans.factory.support.DefaultListableBeanFactory:247) - Returning cached instance of singleton bean &apos;org.springframework.aop.support.DefaultBeanFactoryPointcutAdvisor#0&apos;
DEBUG (org.springframework.beans.factory.support.DefaultListableBeanFactory:247) - Returning cached instance of singleton bean &apos;org.springframework.cache.config.internalCacheAdvisor&apos;
DEBUG (org.springframework.beans.factory.support.DefaultListableBeanFactory:247) - Returning cached instance of singleton bean &apos;org.springframework.aop.support.DefaultBeanFactoryPointcutAdvisor#0&apos;
DEBUG (org.springframework.beans.factory.support.DefaultListableBeanFactory:247) - Returning cached instance of singleton bean &apos;org.springframework.cache.config.internalCacheAdvisor&apos;
DEBUG (org.springframework.beans.factory.support.DefaultListableBeanFactory:478) - Finished creating instance of bean &apos;(inner bean)#293cde83&apos;
DEBUG (org.springframework.beans.factory.support.DefaultListableBeanFactory:1610) - Invoking afterPropertiesSet() on bean with name &apos;txAdvice&apos;
 INFO (org.springframework.context.support.PostProcessorRegistrationDelegate$BeanPostProcessorChecker:309) - Bean &apos;txAdvice&apos; of type [class org.springframework.transaction.interceptor.TransactionInterceptor] is not eligible for getting processed by all BeanPostProcessors (for example: not eligible for auto-proxying)
DEBUG (org.springframework.beans.factory.support.DefaultListableBeanFactory:478) - Finished creating instance of bean &apos;txAdvice&apos;
DEBUG (org.springframework.aop.aspectj.annotation.AnnotationAwareAspectJAutoProxyCreator:503) - Creating implicit proxy for bean &apos;adminService&apos; with 0 common interceptors and 2 specific interceptors
DEBUG (org.springframework.aop.framework.CglibAopProxy:158) - Creating CGLIB proxy: target source is SingletonTargetSource for target object [com.jk.ndt.etl.service.system.impl.AdminServiceImpl@5e9456ae]
DEBUG (org.springframework.aop.framework.CglibAopProxy:831) - Unable to apply any optimisations to advised method: public com.jk.ndt.etl.entity.system.Admin com.jk.ndt.etl.service.system.impl.AdminServiceImpl.getByName(java.lang.String)
DEBUG (org.springframework.aop.framework.CglibAopProxy:831) - Unable to apply any optimisations to advised method: public java.util.List com.jk.ndt.etl.service.system.impl.AdminServiceImpl.listResource()
DEBUG (org.springframework.aop.framework.CglibAopProxy:831) - Unable to apply any optimisations to advised method: public com.jk.ndt.etl.entity.system.Admin com.jk.ndt.etl.service.system.impl.AdminServiceImpl.getAdminByNameOrId(com.jk.ndt.etl.entity.system.Admin)
DEBUG (org.springframework.aop.framework.CglibAopProxy:831) - Unable to apply any optimisations to advised method: public java.math.BigDecimal com.jk.ndt.etl.service.system.impl.AdminServiceImpl.getAdminSequence()
DEBUG (org.springframework.aop.framework.CglibAopProxy:831) - Unable to apply any optimisations to advised method: public int com.jk.ndt.etl.service.system.impl.AdminServiceImpl.deleteAdminRoles(java.math.BigDecimal)
DEBUG (org.springframework.aop.framework.CglibAopProxy:831) - Unable to apply any optimisations to advised method: public java.util.List com.jk.ndt.etl.service.system.impl.AdminServiceImpl.listAdmin(com.jk.ndt.etl.entity.system.Admin,com.jk.ndt.etl.entity.Page)
DEBUG (org.springframework.aop.framework.CglibAopProxy:831) - Unable to apply any optimisations to advised method: public java.util.List com.jk.ndt.etl.service.system.impl.AdminServiceImpl.listRole(java.math.BigDecimal)
DEBUG (org.springframework.aop.framework.CglibAopProxy:831) - Unable to apply any optimisations to advised method: public int com.jk.ndt.etl.service.system.impl.AdminServiceImpl.updateAdmin(com.jk.ndt.etl.entity.system.Admin)
DEBUG (org.springframework.aop.framework.CglibAopProxy:831) - Unable to apply any optimisations to advised method: public int com.jk.ndt.etl.service.system.impl.AdminServiceImpl.deleteAdmin(java.math.BigDecimal)
DEBUG (org.springframework.aop.framework.CglibAopProxy:831) - Unable to apply any optimisations to advised method: public int com.jk.ndt.etl.service.system.impl.AdminServiceImpl.saveAdmin(com.jk.ndt.etl.entity.system.Admin)
DEBUG (org.springframework.aop.framework.CglibAopProxy:831) - Unable to apply any optimisations to advised method: public com.jk.ndt.etl.entity.system.Admin com.jk.ndt.etl.service.system.impl.AdminServiceImpl.getAdmin(java.math.BigDecimal)
DEBUG (org.springframework.aop.framework.CglibAopProxy:782) - Found finalize() method - using NO_OVERRIDE
DEBUG (org.springframework.aop.framework.CglibAopProxy:794) - Found &apos;equals&apos; method: public boolean java.lang.Object.equals(java.lang.Object)
DEBUG (org.springframework.aop.framework.CglibAopProxy:831) - Unable to apply any optimisations to advised method: public java.lang.String java.lang.Object.toString()
DEBUG (org.springframework.aop.framework.CglibAopProxy:799) - Found &apos;hashCode&apos; method: public native int java.lang.Object.hashCode()
DEBUG (org.springframework.aop.framework.CglibAopProxy:831) - Unable to apply any optimisations to advised method: protected native java.lang.Object java.lang.Object.clone() throws java.lang.CloneNotSupportedException
DEBUG (org.springframework.aop.framework.CglibAopProxy:788) - Method is declared on Advised interface: public abstract int org.springframework.aop.framework.Advised.indexOf(org.aopalliance.aop.Advice)
DEBUG (org.springframework.aop.framework.CglibAopProxy:788) - Method is declared on Advised interface: public abstract int org.springframework.aop.framework.Advised.indexOf(org.springframework.aop.Advisor)
DEBUG (org.springframework.aop.framework.CglibAopProxy:788) - Method is declared on Advised interface: public abstract boolean org.springframework.aop.framework.Advised.isFrozen()
DEBUG (org.springframework.aop.framework.CglibAopProxy:788) - Method is declared on Advised interface: public abstract boolean org.springframework.aop.framework.Advised.isProxyTargetClass()
DEBUG (org.springframework.aop.framework.CglibAopProxy:788) - Method is declared on Advised interface: public abstract java.lang.Class[] org.springframework.aop.framework.Advised.getProxiedInterfaces()
DEBUG (org.springframework.aop.framework.CglibAopProxy:788) - Method is declared on Advised interface: public abstract boolean org.springframework.aop.framework.Advised.isInterfaceProxied(java.lang.Class)
DEBUG (org.springframework.aop.framework.CglibAopProxy:788) - Method is declared on Advised interface: public abstract java.lang.String org.springframework.aop.framework.Advised.toProxyConfigString()
DEBUG (org.springframework.aop.framework.CglibAopProxy:788) - Method is declared on Advised interface: public abstract void org.springframework.aop.framework.Advised.setTargetSource(org.springframework.aop.TargetSource)
DEBUG (org.springframework.aop.framework.CglibAopProxy:788) - Method is declared on Advised interface: public abstract org.springframework.aop.TargetSource org.springframework.aop.framework.Advised.getTargetSource()
DEBUG (org.springframework.aop.framework.CglibAopProxy:788) - Method is declared on Advised interface: public abstract void org.springframework.aop.framework.Advised.addAdvisor(int,org.springframework.aop.Advisor) throws org.springframework.aop.framework.AopConfigException
DEBUG (org.springframework.aop.framework.CglibAopProxy:788) - Method is declared on Advised interface: public abstract void org.springframework.aop.framework.Advised.addAdvisor(org.springframework.aop.Advisor) throws org.springframework.aop.framework.AopConfigException
DEBUG (org.springframework.aop.framework.CglibAopProxy:788) - Method is declared on Advised interface: public abstract void org.springframework.aop.framework.Advised.setPreFiltered(boolean)
DEBUG (org.springframework.aop.framework.CglibAopProxy:788) - Method is declared on Advised interface: public abstract void org.springframework.aop.framework.Advised.setExposeProxy(boolean)
DEBUG (org.springframework.aop.framework.CglibAopProxy:788) - Method is declared on Advised interface: public abstract boolean org.springframework.aop.framework.Advised.isExposeProxy()
DEBUG (org.springframework.aop.framework.CglibAopProxy:788) - Method is declared on Advised interface: public abstract void org.springframework.aop.framework.Advised.addAdvice(int,org.aopalliance.aop.Advice) throws org.springframework.aop.framework.AopConfigException
DEBUG (org.springframework.aop.framework.CglibAopProxy:788) - Method is declared on Advised interface: public abstract void org.springframework.aop.framework.Advised.addAdvice(org.aopalliance.aop.Advice) throws org.springframework.aop.framework.AopConfigException
DEBUG (org.springframework.aop.framework.CglibAopProxy:788) - Method is declared on Advised interface: public abstract boolean org.springframework.aop.framework.Advised.isPreFiltered()
DEBUG (org.springframework.aop.framework.CglibAopProxy:788) - Method is declared on Advised interface: public abstract void org.springframework.aop.framework.Advised.removeAdvisor(int) throws org.springframework.aop.framework.AopConfigException
DEBUG (org.springframework.aop.framework.CglibAopProxy:788) - Method is declared on Advised interface: public abstract boolean org.springframework.aop.framework.Advised.removeAdvisor(org.springframework.aop.Advisor)
DEBUG (org.springframework.aop.framework.CglibAopProxy:788) - Method is declared on Advised interface: public abstract boolean org.springframework.aop.framework.Advised.replaceAdvisor(org.springframework.aop.Advisor,org.springframework.aop.Advisor) throws org.springframework.aop.framework.AopConfigException
DEBUG (org.springframework.aop.framework.CglibAopProxy:788) - Method is declared on Advised interface: public abstract boolean org.springframework.aop.framework.Advised.removeAdvice(org.aopalliance.aop.Advice)
DEBUG (org.springframework.aop.framework.CglibAopProxy:788) - Method is declared on Advised interface: public abstract org.springframework.aop.Advisor[] org.springframework.aop.framework.Advised.getAdvisors()
DEBUG (org.springframework.aop.framework.CglibAopProxy:788) - Method is declared on Advised interface: public abstract java.lang.Class org.springframework.aop.TargetClassAware.getTargetClass()
DEBUG (org.springframework.beans.factory.support.DefaultListableBeanFactory:478) - Finished creating instance of bean &apos;adminService&apos;
DEBUG (org.springframework.beans.factory.annotation.AutowiredAnnotationBeanPostProcessor:461) - Autowiring by type from bean name &apos;myRealm&apos; to bean named &apos;adminService&apos;
DEBUG (org.springframework.beans.factory.annotation.InjectionMetadata:85) - Processing injected method of bean &apos;myRealm&apos;: AutowiredFieldElement for private com.jk.ndt.etl.service.system.UserService com.jk.ndt.etl.controller.MyRealm.userService
DEBUG (org.springframework.beans.factory.support.DefaultListableBeanFactory:220) - Creating shared instance of singleton bean &apos;userService&apos;
DEBUG (org.springframework.beans.factory.support.DefaultListableBeanFactory:450) - Creating instance of bean &apos;userService&apos;
DEBUG (org.springframework.beans.factory.support.DefaultListableBeanFactory:247) - Returning cached instance of singleton bean &apos;org.springframework.aop.support.DefaultBeanFactoryPointcutAdvisor#0&apos;
DEBUG (org.springframework.beans.factory.support.DefaultListableBeanFactory:247) - Returning cached instance of singleton bean &apos;org.springframework.cache.config.internalCacheAdvisor&apos;
DEBUG (org.springframework.beans.factory.annotation.InjectionMetadata:71) - Registered injected element on class [com.jk.ndt.etl.service.system.impl.UserServiceImpl]: AutowiredFieldElement for private com.jk.ndt.etl.dao.system.UserDao com.jk.ndt.etl.service.system.impl.UserServiceImpl.userDao
DEBUG (org.springframework.beans.factory.support.DefaultListableBeanFactory:524) - Eagerly caching bean &apos;userService&apos; to allow for resolving potential circular references
DEBUG (org.springframework.beans.factory.annotation.InjectionMetadata:85) - Processing injected method of bean &apos;userService&apos;: AutowiredFieldElement for private com.jk.ndt.etl.dao.system.UserDao com.jk.ndt.etl.service.system.impl.UserServiceImpl.userDao
DEBUG (org.springframework.beans.factory.support.DefaultListableBeanFactory:247) - Returning cached instance of singleton bean &apos;userDao&apos;
 INFO (org.springframework.context.support.PostProcessorRegistrationDelegate$BeanPostProcessorChecker:309) - Bean &apos;userDao&apos; of type [class com.sun.proxy.$Proxy29] is not eligible for getting processed by all BeanPostProcessors (for example: not eligible for auto-proxying)
DEBUG (org.springframework.beans.factory.support.DefaultListableBeanFactory:247) - Returning cached instance of singleton bean &apos;org.springframework.aop.support.DefaultBeanFactoryPointcutAdvisor#0&apos;
DEBUG (org.springframework.beans.factory.support.DefaultListableBeanFactory:247) - Returning cached instance of singleton bean &apos;org.springframework.cache.config.internalCacheAdvisor&apos;
DEBUG (org.springframework.beans.factory.support.DefaultListableBeanFactory:247) - Returning cached instance of singleton bean &apos;org.springframework.aop.support.DefaultBeanFactoryPointcutAdvisor#0&apos;
DEBUG (org.springframework.beans.factory.support.DefaultListableBeanFactory:247) - Returning cached instance of singleton bean &apos;org.springframework.cache.config.internalCacheAdvisor&apos;
DEBUG (org.springframework.beans.factory.annotation.AutowiredAnnotationBeanPostProcessor:461) - Autowiring by type from bean name &apos;userService&apos; to bean named &apos;userDao&apos;
 INFO (org.springframework.context.support.PostProcessorRegistrationDelegate$BeanPostProcessorChecker:309) - Bean &apos;userService&apos; of type [class com.jk.ndt.etl.service.system.impl.UserServiceImpl] is not eligible for getting processed by all BeanPostProcessors (for example: not eligible for auto-proxying)
DEBUG (org.springframework.beans.factory.support.DefaultListableBeanFactory:247) - Returning cached instance of singleton bean &apos;org.springframework.aop.support.DefaultBeanFactoryPointcutAdvisor#0&apos;
DEBUG (org.springframework.beans.factory.support.DefaultListableBeanFactory:247) - Returning cached instance of singleton bean &apos;org.springframework.cache.config.internalCacheAdvisor&apos;
DEBUG (org.springframework.beans.factory.support.DefaultListableBeanFactory:247) - Returning cached instance of singleton bean &apos;org.springframework.aop.support.DefaultBeanFactoryPointcutAdvisor#0&apos;
DEBUG (org.springframework.beans.factory.support.DefaultListableBeanFactory:247) - Returning cached instance of singleton bean &apos;org.springframework.cache.config.internalCacheAdvisor&apos;
DEBUG (org.springframework.aop.aspectj.annotation.AnnotationAwareAspectJAutoProxyCreator:503) - Creating implicit proxy for bean &apos;userService&apos; with 0 common interceptors and 2 specific interceptors
DEBUG (org.springframework.aop.framework.CglibAopProxy:158) - Creating CGLIB proxy: target source is SingletonTargetSource for target object [com.jk.ndt.etl.service.system.impl.UserServiceImpl@6e106680]
DEBUG (org.springframework.aop.framework.CglibAopProxy:831) - Unable to apply any optimisations to advised method: public com.jk.ndt.etl.entity.system.User com.jk.ndt.etl.service.system.impl.UserServiceImpl.getByName(java.lang.String)
DEBUG (org.springframework.aop.framework.CglibAopProxy:831) - Unable to apply any optimisations to advised method: public int com.jk.ndt.etl.service.system.impl.UserServiceImpl.deleteUser(java.math.BigDecimal)
DEBUG (org.springframework.aop.framework.CglibAopProxy:831) - Unable to apply any optimisations to advised method: public int com.jk.ndt.etl.service.system.impl.UserServiceImpl.updateUser(com.jk.ndt.etl.entity.system.User)
DEBUG (org.springframework.aop.framework.CglibAopProxy:831) - Unable to apply any optimisations to advised method: public java.util.List com.jk.ndt.etl.service.system.impl.UserServiceImpl.listUsers(com.jk.ndt.etl.entity.system.User,com.jk.ndt.etl.entity.Page)
DEBUG (org.springframework.aop.framework.CglibAopProxy:831) - Unable to apply any optimisations to advised method: public int com.jk.ndt.etl.service.system.impl.UserServiceImpl.saveUser(com.jk.ndt.etl.entity.system.User)
DEBUG (org.springframework.aop.framework.CglibAopProxy:831) - Unable to apply any optimisations to advised method: public java.math.BigDecimal com.jk.ndt.etl.service.system.impl.UserServiceImpl.getUserSequence()
DEBUG (org.springframework.aop.framework.CglibAopProxy:831) - Unable to apply any optimisations to advised method: public com.jk.ndt.etl.entity.system.User com.jk.ndt.etl.service.system.impl.UserServiceImpl.getUser(java.math.BigDecimal)
DEBUG (org.springframework.aop.framework.CglibAopProxy:831) - Unable to apply any optimisations to advised method: public com.jk.ndt.etl.entity.system.User com.jk.ndt.etl.service.system.impl.UserServiceImpl.getUserByNameOrId(com.jk.ndt.etl.entity.system.User)
DEBUG (org.springframework.aop.framework.CglibAopProxy:782) - Found finalize() method - using NO_OVERRIDE
DEBUG (org.springframework.aop.framework.CglibAopProxy:794) - Found &apos;equals&apos; method: public boolean java.lang.Object.equals(java.lang.Object)
DEBUG (org.springframework.aop.framework.CglibAopProxy:831) - Unable to apply any optimisations to advised method: public java.lang.String java.lang.Object.toString()
DEBUG (org.springframework.aop.framework.CglibAopProxy:799) - Found &apos;hashCode&apos; method: public native int java.lang.Object.hashCode()
DEBUG (org.springframework.aop.framework.CglibAopProxy:831) - Unable to apply any optimisations to advised method: protected native java.lang.Object java.lang.Object.clone() throws java.lang.CloneNotSupportedException
DEBUG (org.springframework.aop.framework.CglibAopProxy:788) - Method is declared on Advised interface: public abstract int org.springframework.aop.framework.Advised.indexOf(org.aopalliance.aop.Advice)
DEBUG (org.springframework.aop.framework.CglibAopProxy:788) - Method is declared on Advised interface: public abstract int org.springframework.aop.framework.Advised.indexOf(org.springframework.aop.Advisor)
DEBUG (org.springframework.aop.framework.CglibAopProxy:788) - Method is declared on Advised interface: public abstract boolean org.springframework.aop.framework.Advised.isFrozen()
DEBUG (org.springframework.aop.framework.CglibAopProxy:788) - Method is declared on Advised interface: public abstract boolean org.springframework.aop.framework.Advised.isProxyTargetClass()
DEBUG (org.springframework.aop.framework.CglibAopProxy:788) - Method is declared on Advised interface: public abstract java.lang.Class[] org.springframework.aop.framework.Advised.getProxiedInterfaces()
DEBUG (org.springframework.aop.framework.CglibAopProxy:788) - Method is declared on Advised interface: public abstract boolean org.springframework.aop.framework.Advised.isInterfaceProxied(java.lang.Class)
DEBUG (org.springframework.aop.framework.CglibAopProxy:788) - Method is declared on Advised interface: public abstract java.lang.String org.springframework.aop.framework.Advised.toProxyConfigString()
DEBUG (org.springframework.aop.framework.CglibAopProxy:788) - Method is declared on Advised interface: public abstract void org.springframework.aop.framework.Advised.setTargetSource(org.springframework.aop.TargetSource)
DEBUG (org.springframework.aop.framework.CglibAopProxy:788) - Method is declared on Advised interface: public abstract org.springframework.aop.TargetSource org.springframework.aop.framework.Advised.getTargetSource()
DEBUG (org.springframework.aop.framework.CglibAopProxy:788) - Method is declared on Advised interface: public abstract void org.springframework.aop.framework.Advised.addAdvisor(int,org.springframework.aop.Advisor) throws org.springframework.aop.framework.AopConfigException
DEBUG (org.springframework.aop.framework.CglibAopProxy:788) - Method is declared on Advised interface: public abstract void org.springframework.aop.framework.Advised.addAdvisor(org.springframework.aop.Advisor) throws org.springframework.aop.framework.AopConfigException
DEBUG (org.springframework.aop.framework.CglibAopProxy:788) - Method is declared on Advised interface: public abstract void org.springframework.aop.framework.Advised.setPreFiltered(boolean)
DEBUG (org.springframework.aop.framework.CglibAopProxy:788) - Method is declared on Advised interface: public abstract void org.springframework.aop.framework.Advised.setExposeProxy(boolean)
DEBUG (org.springframework.aop.framework.CglibAopProxy:788) - Method is declared on Advised interface: public abstract boolean org.springframework.aop.framework.Advised.isExposeProxy()
DEBUG (org.springframework.aop.framework.CglibAopProxy:788) - Method is declared on Advised interface: public abstract void org.springframework.aop.framework.Advised.addAdvice(int,org.aopalliance.aop.Advice) throws org.springframework.aop.framework.AopConfigException
DEBUG (org.springframework.aop.framework.CglibAopProxy:788) - Method is declared on Advised interface: public abstract void org.springframework.aop.framework.Advised.addAdvice(org.aopalliance.aop.Advice) throws org.springframework.aop.framework.AopConfigException
DEBUG (org.springframework.aop.framework.CglibAopProxy:788) - Method is declared on Advised interface: public abstract boolean org.springframework.aop.framework.Advised.isPreFiltered()
DEBUG (org.springframework.aop.framework.CglibAopProxy:788) - Method is declared on Advised interface: public abstract void org.springframework.aop.framework.Advised.removeAdvisor(int) throws org.springframework.aop.framework.AopConfigException
DEBUG (org.springframework.aop.framework.CglibAopProxy:788) - Method is declared on Advised interface: public abstract boolean org.springframework.aop.framework.Advised.removeAdvisor(org.springframework.aop.Advisor)
DEBUG (org.springframework.aop.framework.CglibAopProxy:788) - Method is declared on Advised interface: public abstract boolean org.springframework.aop.framework.Advised.replaceAdvisor(org.springframework.aop.Advisor,org.springframework.aop.Advisor) throws org.springframework.aop.framework.AopConfigException
DEBUG (org.springframework.aop.framework.CglibAopProxy:788) - Method is declared on Advised interface: public abstract boolean org.springframework.aop.framework.Advised.removeAdvice(org.aopalliance.aop.Advice)
DEBUG (org.springframework.aop.framework.CglibAopProxy:788) - Method is declared on Advised interface: public abstract org.springframework.aop.Advisor[] org.springframework.aop.framework.Advised.getAdvisors()
DEBUG (org.springframework.aop.framework.CglibAopProxy:788) - Method is declared on Advised interface: public abstract java.lang.Class org.springframework.aop.TargetClassAware.getTargetClass()
DEBUG (org.springframework.beans.factory.support.DefaultListableBeanFactory:478) - Finished creating instance of bean &apos;userService&apos;
DEBUG (org.springframework.beans.factory.annotation.AutowiredAnnotationBeanPostProcessor:461) - Autowiring by type from bean name &apos;myRealm&apos; to bean named &apos;userService&apos;
11:10:29.286 [main] INFO  o.a.shiro.realm.AuthorizingRealm - No cache or cacheManager properties have been set.  Authorization cache cannot be obtained.
 INFO (org.springframework.context.support.PostProcessorRegistrationDelegate$BeanPostProcessorChecker:309) - Bean &apos;myRealm&apos; of type [class com.jk.ndt.etl.controller.MyRealm] is not eligible for getting processed by all BeanPostProcessors (for example: not eligible for auto-proxying)
DEBUG (org.springframework.beans.factory.support.DefaultListableBeanFactory:247) - Returning cached instance of singleton bean &apos;org.springframework.aop.support.DefaultBeanFactoryPointcutAdvisor#0&apos;
DEBUG (org.springframework.beans.factory.support.DefaultListableBeanFactory:247) - Returning cached instance of singleton bean &apos;org.springframework.cache.config.internalCacheAdvisor&apos;
DEBUG (org.springframework.beans.factory.support.DefaultListableBeanFactory:247) - Returning cached instance of singleton bean &apos;org.springframework.aop.support.DefaultBeanFactoryPointcutAdvisor#0&apos;
DEBUG (org.springframework.beans.factory.support.DefaultListableBeanFactory:247) - Returning cached instance of singleton bean &apos;org.springframework.cache.config.internalCacheAdvisor&apos;
DEBUG (org.springframework.beans.factory.support.DefaultListableBeanFactory:478) - Finished creating instance of bean &apos;myRealm&apos;
 INFO (org.springframework.context.support.PostProcessorRegistrationDelegate$BeanPostProcessorChecker:309) - Bean &apos;securityManager&apos; of type [class org.apache.shiro.web.mgt.DefaultWebSecurityManager] is not eligible for getting processed by all BeanPostProcessors (for example: not eligible for auto-proxying)
DEBUG (org.springframework.beans.factory.support.DefaultListableBeanFactory:247) - Returning cached instance of singleton bean &apos;org.springframework.aop.support.DefaultBeanFactoryPointcutAdvisor#0&apos;
DEBUG (org.springframework.beans.factory.support.DefaultListableBeanFactory:247) - Returning cached instance of singleton bean &apos;org.springframework.cache.config.internalCacheAdvisor&apos;
DEBUG (org.springframework.beans.factory.support.DefaultListableBeanFactory:247) - Returning cached instance of singleton bean &apos;org.springframework.aop.support.DefaultBeanFactoryPointcutAdvisor#0&apos;
DEBUG (org.springframework.beans.factory.support.DefaultListableBeanFactory:247) - Returning cached instance of singleton bean &apos;org.springframework.cache.config.internalCacheAdvisor&apos;
DEBUG (org.springframework.beans.factory.support.DefaultListableBeanFactory:478) - Finished creating instance of bean &apos;securityManager&apos;
DEBUG (org.springframework.beans.factory.support.DefaultListableBeanFactory:220) - Creating shared instance of singleton bean &apos;simplePermFilter&apos;
DEBUG (org.springframework.beans.factory.support.DefaultListableBeanFactory:450) - Creating instance of bean &apos;simplePermFilter&apos;
DEBUG (org.springframework.beans.factory.support.DefaultListableBeanFactory:247) - Returning cached instance of singleton bean &apos;org.springframework.aop.support.DefaultBeanFactoryPointcutAdvisor#0&apos;
DEBUG (org.springframework.beans.factory.support.DefaultListableBeanFactory:247) - Returning cached instance of singleton bean &apos;org.springframework.cache.config.internalCacheAdvisor&apos;
DEBUG (org.springframework.beans.factory.support.DefaultListableBeanFactory:524) - Eagerly caching bean &apos;simplePermFilter&apos; to allow for resolving potential circular references
 INFO (org.springframework.context.support.PostProcessorRegistrationDelegate$BeanPostProcessorChecker:309) - Bean &apos;simplePermFilter&apos; of type [class com.jk.ndt.etl.extend.EtlPermissionsAuthorizationFilter] is not eligible for getting processed by all BeanPostProcessors (for example: not eligible for auto-proxying)
DEBUG (org.springframework.beans.factory.support.DefaultListableBeanFactory:247) - Returning cached instance of singleton bean &apos;org.springframework.aop.support.DefaultBeanFactoryPointcutAdvisor#0&apos;
DEBUG (org.springframework.beans.factory.support.DefaultListableBeanFactory:247) - Returning cached instance of singleton bean &apos;org.springframework.cache.config.internalCacheAdvisor&apos;
DEBUG (org.springframework.beans.factory.support.DefaultListableBeanFactory:247) - Returning cached instance of singleton bean &apos;org.springframework.aop.support.DefaultBeanFactoryPointcutAdvisor#0&apos;
DEBUG (org.springframework.beans.factory.support.DefaultListableBeanFactory:247) - Returning cached instance of singleton bean &apos;org.springframework.cache.config.internalCacheAdvisor&apos;
DEBUG (org.springframework.beans.factory.support.DefaultListableBeanFactory:478) - Finished creating instance of bean &apos;simplePermFilter&apos;
DEBUG (org.springframework.beans.factory.support.DefaultListableBeanFactory:478) - Finished creating instance of bean &apos;shiroFilter&apos;
DEBUG (org.springframework.context.support.GenericApplicationContext:646) - Unable to locate MessageSource with name &apos;messageSource&apos;: using default [org.springframework.context.support.DelegatingMessageSource@64bfd6fd]
DEBUG (org.springframework.context.support.GenericApplicationContext:670) - Unable to locate ApplicationEventMulticaster with name &apos;applicationEventMulticaster&apos;: using default [org.springframework.context.event.SimpleApplicationEventMulticaster@31e72cbc]
DEBUG (org.springframework.beans.factory.support.DefaultListableBeanFactory:691) - Pre-instantiating singletons in org.springframework.beans.factory.support.DefaultListableBeanFactory@6743e411: defining beans [mvcContentNegotiationManager,org.springframework.web.servlet.mvc.method.annotation.RequestMappingHandlerMapping#0,org.springframework.format.support.FormattingConversionServiceFactoryBean#0,org.springframework.validation.beanvalidation.OptionalValidatorFactoryBean#0,org.springframework.web.servlet.mvc.method.annotation.RequestMappingHandlerAdapter#0,mvcUriComponentsContributor,org.springframework.web.servlet.handler.MappedInterceptor#0,org.springframework.web.servlet.mvc.method.annotation.ExceptionHandlerExceptionResolver#0,org.springframework.web.servlet.mvc.annotation.ResponseStatusExceptionResolver#0,org.springframework.web.servlet.mvc.support.DefaultHandlerExceptionResolver#0,org.springframework.web.servlet.handler.BeanNameUrlHandlerMapping,org.springframework.web.servlet.mvc.HttpRequestHandlerAdapter,org.springframework.web.servlet.mvc.SimpleControllerHandlerAdapter,cacheController,sheetController,uploadController,cleanerController,firstController,mirrorTableController,alarmRuleController,monitorController,severHostController,preSystemController,adminController,resourceController,roleController,userController,transformController,validateController,validateDemoController,verifyController,org.springframework.context.annotation.internalConfigurationAnnotationProcessor,org.springframework.context.annotation.internalAutowiredAnnotationProcessor,org.springframework.context.annotation.internalRequiredAnnotationProcessor,org.springframework.context.annotation.internalCommonAnnotationProcessor,org.springframework.aop.config.internalAutoProxyCreator,viewResolver,org.springframework.beans.factory.annotation.AutowiredAnnotationBeanPostProcessor#0,mvcResourceUrlProvider,org.springframework.web.servlet.handler.MappedInterceptor#1,org.springframework.web.servlet.resource.ResourceHttpRequestHandler#0,mvcPathMatcher,mvcUrlPathHelper,org.springframework.web.servlet.handler.SimpleUrlHandlerMapping#0,org.springframework.web.servlet.resource.DefaultServletHttpRequestHandler#0,org.springframework.web.servlet.handler.SimpleUrlHandlerMapping#1,multipartResolver,CSVFileConverter,excelConverter,controllerValidatorInterceptor,defaultValidator,insertStringOperation,regexValidator,replaceStringOperation,analysisService,sheetInfoService,uploadInfoService,commonService,sheetLogService,mirrorTableService,alarmRuleService,mailService,monitorService,serverHostService,serverInfoService,preSystemService,cleanService,transformService,validateService,adminService,resourceService,roleService,userService,springContextHolder,prop,propertyConfigurer,dataSource,sqlSessionFactory,org.mybatis.spring.mapper.MapperScannerConfigurer#0,transactionManager,txAdvice,org.springframework.aop.support.DefaultBeanFactoryPointcutAdvisor#0,org.springframework.context.annotation.internalAsyncAnnotationProcessor,org.springframework.context.annotation.internalScheduledAnnotationProcessor,qbScheduler,simplePermFilter,shiroFilter,myRealm,securityManager,lifecycleBeanPostProcessor,org.springframework.cache.annotation.AnnotationCacheOperationSource#0,org.springframework.cache.interceptor.CacheInterceptor#0,org.springframework.cache.config.internalCacheAdvisor,cacheManagerFactory,cacheManager,org.springframework.context.annotation.ConfigurationClassPostProcessor.importAwareProcessor,org.springframework.context.annotation.ConfigurationClassPostProcessor.enhancedConfigurationProcessor,sheetInfoDao,uploadInfoDao,baseDao,commonDao,sheetLogDao,mirrorTableDao,alarmRuleDao,mailInfoDao,serverHostDao,serverInfoDao,MBusinessProcessSyncDao,adminDao,resourceDao,roleDao,userDao,transformDao]; root of factory hierarchy
DEBUG (org.springframework.beans.factory.support.DefaultListableBeanFactory:220) - Creating shared instance of singleton bean &apos;mvcContentNegotiationManager&apos;
DEBUG (org.springframework.beans.factory.support.DefaultListableBeanFactory:450) - Creating instance of bean &apos;mvcContentNegotiationManager&apos;
DEBUG (org.springframework.beans.factory.support.DefaultListableBeanFactory:247) - Returning cached instance of singleton bean &apos;org.springframework.aop.support.DefaultBeanFactoryPointcutAdvisor#0&apos;
DEBUG (org.springframework.beans.factory.support.DefaultListableBeanFactory:247) - Returning cached instance of singleton bean &apos;org.springframework.cache.config.internalCacheAdvisor&apos;
DEBUG (org.springframework.beans.factory.support.DefaultListableBeanFactory:524) - Eagerly caching bean &apos;mvcContentNegotiationManager&apos; to allow for resolving potential circular references
DEBUG (org.springframework.beans.factory.support.DefaultListableBeanFactory:1610) - Invoking afterPropertiesSet() on bean with name &apos;mvcContentNegotiationManager&apos;
DEBUG (org.springframework.beans.factory.support.DefaultListableBeanFactory:247) - Returning cached instance of singleton bean &apos;org.springframework.aop.support.DefaultBeanFactoryPointcutAdvisor#0&apos;
DEBUG (org.springframework.beans.factory.support.DefaultListableBeanFactory:247) - Returning cached instance of singleton bean &apos;org.springframework.cache.config.internalCacheAdvisor&apos;
DEBUG (org.springframework.beans.factory.support.DefaultListableBeanFactory:247) - Returning cached instance of singleton bean &apos;org.springframework.aop.support.DefaultBeanFactoryPointcutAdvisor#0&apos;
DEBUG (org.springframework.beans.factory.support.DefaultListableBeanFactory:247) - Returning cached instance of singleton bean &apos;org.springframework.cache.config.internalCacheAdvisor&apos;
DEBUG (org.springframework.beans.factory.support.DefaultListableBeanFactory:478) - Finished creating instance of bean &apos;mvcContentNegotiationManager&apos;
DEBUG (org.springframework.beans.factory.support.DefaultListableBeanFactory:220) - Creating shared instance of singleton bean &apos;org.springframework.web.servlet.mvc.method.annotation.RequestMappingHandlerMapping#0&apos;
DEBUG (org.springframework.beans.factory.support.DefaultListableBeanFactory:450) - Creating instance of bean &apos;org.springframework.web.servlet.mvc.method.annotation.RequestMappingHandlerMapping#0&apos;
DEBUG (org.springframework.beans.factory.support.DefaultListableBeanFactory:247) - Returning cached instance of singleton bean &apos;org.springframework.aop.support.DefaultBeanFactoryPointcutAdvisor#0&apos;
DEBUG (org.springframework.beans.factory.support.DefaultListableBeanFactory:247) - Returning cached instance of singleton bean &apos;org.springframework.cache.config.internalCacheAdvisor&apos;
DEBUG (org.springframework.beans.factory.support.DefaultListableBeanFactory:524) - Eagerly caching bean &apos;org.springframework.web.servlet.mvc.method.annotation.RequestMappingHandlerMapping#0&apos; to allow for resolving potential circular references
DEBUG (org.springframework.beans.factory.support.DefaultListableBeanFactory:247) - Returning cached instance of singleton bean &apos;mvcContentNegotiationManager&apos;
DEBUG (org.springframework.beans.factory.support.DefaultListableBeanFactory:247) - Returning cached instance of singleton bean &apos;org.springframework.aop.support.DefaultBeanFactoryPointcutAdvisor#0&apos;
DEBUG (org.springframework.beans.factory.support.DefaultListableBeanFactory:247) - Returning cached instance of singleton bean &apos;org.springframework.cache.config.internalCacheAdvisor&apos;
DEBUG (org.springframework.beans.factory.support.DefaultListableBeanFactory:247) - Returning cached instance of singleton bean &apos;org.springframework.aop.support.DefaultBeanFactoryPointcutAdvisor#0&apos;
DEBUG (org.springframework.beans.factory.support.DefaultListableBeanFactory:247) - Returning cached instance of singleton bean &apos;org.springframework.cache.config.internalCacheAdvisor&apos;
DEBUG (org.springframework.beans.factory.support.DefaultListableBeanFactory:220) - Creating shared instance of singleton bean &apos;org.springframework.web.servlet.handler.MappedInterceptor#0&apos;
DEBUG (org.springframework.beans.factory.support.DefaultListableBeanFactory:450) - Creating instance of bean &apos;org.springframework.web.servlet.handler.MappedInterceptor#0&apos;
DEBUG (org.springframework.beans.factory.support.DefaultListableBeanFactory:247) - Returning cached instance of singleton bean &apos;org.springframework.aop.support.DefaultBeanFactoryPointcutAdvisor#0&apos;
DEBUG (org.springframework.beans.factory.support.DefaultListableBeanFactory:247) - Returning cached instance of singleton bean &apos;org.springframework.cache.config.internalCacheAdvisor&apos;
DEBUG (org.springframework.beans.factory.support.DefaultListableBeanFactory:450) - Creating instance of bean &apos;(inner bean)#2ff95fc6&apos;
DEBUG (org.springframework.beans.factory.support.DefaultListableBeanFactory:247) - Returning cached instance of singleton bean &apos;org.springframework.aop.support.DefaultBeanFactoryPointcutAdvisor#0&apos;
DEBUG (org.springframework.beans.factory.support.DefaultListableBeanFactory:247) - Returning cached instance of singleton bean &apos;org.springframework.cache.config.internalCacheAdvisor&apos;
DEBUG (org.springframework.beans.factory.support.DefaultListableBeanFactory:220) - Creating shared instance of singleton bean &apos;org.springframework.format.support.FormattingConversionServiceFactoryBean#0&apos;
DEBUG (org.springframework.beans.factory.support.DefaultListableBeanFactory:450) - Creating instance of bean &apos;org.springframework.format.support.FormattingConversionServiceFactoryBean#0&apos;
DEBUG (org.springframework.beans.factory.support.DefaultListableBeanFactory:247) - Returning cached instance of singleton bean &apos;org.springframework.aop.support.DefaultBeanFactoryPointcutAdvisor#0&apos;
DEBUG (org.springframework.beans.factory.support.DefaultListableBeanFactory:247) - Returning cached instance of singleton bean &apos;org.springframework.cache.config.internalCacheAdvisor&apos;
DEBUG (org.springframework.beans.factory.support.DefaultListableBeanFactory:524) - Eagerly caching bean &apos;org.springframework.format.support.FormattingConversionServiceFactoryBean#0&apos; to allow for resolving potential circular references
DEBUG (org.springframework.beans.factory.support.DefaultListableBeanFactory:1610) - Invoking afterPropertiesSet() on bean with name &apos;org.springframework.format.support.FormattingConversionServiceFactoryBean#0&apos;
DEBUG (org.springframework.beans.factory.support.DefaultListableBeanFactory:247) - Returning cached instance of singleton bean &apos;org.springframework.aop.support.DefaultBeanFactoryPointcutAdvisor#0&apos;
DEBUG (org.springframework.beans.factory.support.DefaultListableBeanFactory:247) - Returning cached instance of singleton bean &apos;org.springframework.cache.config.internalCacheAdvisor&apos;
DEBUG (org.springframework.beans.factory.support.DefaultListableBeanFactory:247) - Returning cached instance of singleton bean &apos;org.springframework.aop.support.DefaultBeanFactoryPointcutAdvisor#0&apos;
DEBUG (org.springframework.beans.factory.support.DefaultListableBeanFactory:247) - Returning cached instance of singleton bean &apos;org.springframework.cache.config.internalCacheAdvisor&apos;
DEBUG (org.springframework.beans.factory.support.DefaultListableBeanFactory:478) - Finished creating instance of bean &apos;org.springframework.format.support.FormattingConversionServiceFactoryBean#0&apos;
DEBUG (org.springframework.beans.factory.support.DefaultListableBeanFactory:247) - Returning cached instance of singleton bean &apos;org.springframework.aop.support.DefaultBeanFactoryPointcutAdvisor#0&apos;
DEBUG (org.springframework.beans.factory.support.DefaultListableBeanFactory:247) - Returning cached instance of singleton bean &apos;org.springframework.cache.config.internalCacheAdvisor&apos;
DEBUG (org.springframework.beans.factory.support.DefaultListableBeanFactory:247) - Returning cached instance of singleton bean &apos;org.springframework.aop.support.DefaultBeanFactoryPointcutAdvisor#0&apos;
DEBUG (org.springframework.beans.factory.support.DefaultListableBeanFactory:247) - Returning cached instance of singleton bean &apos;org.springframework.cache.config.internalCacheAdvisor&apos;
DEBUG (org.springframework.beans.factory.support.DefaultListableBeanFactory:247) - Returning cached instance of singleton bean &apos;org.springframework.aop.support.DefaultBeanFactoryPointcutAdvisor#0&apos;
DEBUG (org.springframework.beans.factory.support.DefaultListableBeanFactory:247) - Returning cached instance of singleton bean &apos;org.springframework.cache.config.internalCacheAdvisor&apos;
DEBUG (org.springframework.beans.factory.support.DefaultListableBeanFactory:247) - Returning cached instance of singleton bean &apos;org.springframework.aop.support.DefaultBeanFactoryPointcutAdvisor#0&apos;
DEBUG (org.springframework.beans.factory.support.DefaultListableBeanFactory:247) - Returning cached instance of singleton bean &apos;org.springframework.cache.config.internalCacheAdvisor&apos;
DEBUG (org.springframework.beans.factory.support.DefaultListableBeanFactory:478) - Finished creating instance of bean &apos;(inner bean)#2ff95fc6&apos;
DEBUG (org.springframework.beans.BeanUtils:440) - No property editor [org.springframework.web.context.request.WebRequestInterceptorEditor] found for type org.springframework.web.context.request.WebRequestInterceptor according to &apos;Editor&apos; suffix convention
DEBUG (org.springframework.beans.factory.support.DefaultListableBeanFactory:524) - Eagerly caching bean &apos;org.springframework.web.servlet.handler.MappedInterceptor#0&apos; to allow for resolving potential circular references
DEBUG (org.springframework.beans.factory.support.DefaultListableBeanFactory:247) - Returning cached instance of singleton bean &apos;org.springframework.aop.support.DefaultBeanFactoryPointcutAdvisor#0&apos;
DEBUG (org.springframework.beans.factory.support.DefaultListableBeanFactory:247) - Returning cached instance of singleton bean &apos;org.springframework.cache.config.internalCacheAdvisor&apos;
DEBUG (org.springframework.beans.factory.support.DefaultListableBeanFactory:247) - Returning cached instance of singleton bean &apos;org.springframework.aop.support.DefaultBeanFactoryPointcutAdvisor#0&apos;
DEBUG (org.springframework.beans.factory.support.DefaultListableBeanFactory:247) - Returning cached instance of singleton bean &apos;org.springframework.cache.config.internalCacheAdvisor&apos;
DEBUG (org.springframework.beans.factory.support.DefaultListableBeanFactory:478) - Finished creating instance of bean &apos;org.springframework.web.servlet.handler.MappedInterceptor#0&apos;
DEBUG (org.springframework.beans.factory.support.DefaultListableBeanFactory:220) - Creating shared instance of singleton bean &apos;org.springframework.web.servlet.handler.MappedInterceptor#1&apos;
DEBUG (org.springframework.beans.factory.support.DefaultListableBeanFactory:450) - Creating instance of bean &apos;org.springframework.web.servlet.handler.MappedInterceptor#1&apos;
DEBUG (org.springframework.beans.factory.support.DefaultListableBeanFactory:247) - Returning cached instance of singleton bean &apos;org.springframework.aop.support.DefaultBeanFactoryPointcutAdvisor#0&apos;
DEBUG (org.springframework.beans.factory.support.DefaultListableBeanFactory:247) - Returning cached instance of singleton bean &apos;org.springframework.cache.config.internalCacheAdvisor&apos;
DEBUG (org.springframework.beans.factory.support.DefaultListableBeanFactory:450) - Creating instance of bean &apos;(inner bean)#c6634d&apos;
DEBUG (org.springframework.beans.factory.support.DefaultListableBeanFactory:247) - Returning cached instance of singleton bean &apos;org.springframework.aop.support.DefaultBeanFactoryPointcutAdvisor#0&apos;
DEBUG (org.springframework.beans.factory.support.DefaultListableBeanFactory:247) - Returning cached instance of singleton bean &apos;org.springframework.cache.config.internalCacheAdvisor&apos;
DEBUG (org.springframework.beans.factory.support.DefaultListableBeanFactory:450) - Creating instance of bean &apos;(inner bean)#73ad7e90&apos;
DEBUG (org.springframework.beans.factory.support.DefaultListableBeanFactory:247) - Returning cached instance of singleton bean &apos;org.springframework.aop.support.DefaultBeanFactoryPointcutAdvisor#0&apos;
DEBUG (org.springframework.beans.factory.support.DefaultListableBeanFactory:247) - Returning cached instance of singleton bean &apos;org.springframework.cache.config.internalCacheAdvisor&apos;
DEBUG (org.springframework.beans.factory.support.DefaultListableBeanFactory:247) - Returning cached instance of singleton bean &apos;org.springframework.aop.support.DefaultBeanFactoryPointcutAdvisor#0&apos;
DEBUG (org.springframework.beans.factory.support.DefaultListableBeanFactory:247) - Returning cached instance of singleton bean &apos;org.springframework.cache.config.internalCacheAdvisor&apos;
DEBUG (org.springframework.beans.factory.support.DefaultListableBeanFactory:247) - Returning cached instance of singleton bean &apos;org.springframework.aop.support.DefaultBeanFactoryPointcutAdvisor#0&apos;
DEBUG (org.springframework.beans.factory.support.DefaultListableBeanFactory:247) - Returning cached instance of singleton bean &apos;org.springframework.cache.config.internalCacheAdvisor&apos;
DEBUG (org.springframework.beans.factory.support.DefaultListableBeanFactory:478) - Finished creating instance of bean &apos;(inner bean)#73ad7e90&apos;
DEBUG (org.springframework.beans.factory.support.DefaultListableBeanFactory:247) - Returning cached instance of singleton bean &apos;org.springframework.aop.support.DefaultBeanFactoryPointcutAdvisor#0&apos;
DEBUG (org.springframework.beans.factory.support.DefaultListableBeanFactory:247) - Returning cached instance of singleton bean &apos;org.springframework.cache.config.internalCacheAdvisor&apos;
DEBUG (org.springframework.beans.factory.support.DefaultListableBeanFactory:247) - Returning cached instance of singleton bean &apos;org.springframework.aop.support.DefaultBeanFactoryPointcutAdvisor#0&apos;
DEBUG (org.springframework.beans.factory.support.DefaultListableBeanFactory:247) - Returning cached instance of singleton bean &apos;org.springframework.cache.config.internalCacheAdvisor&apos;
DEBUG (org.springframework.beans.factory.support.DefaultListableBeanFactory:478) - Finished creating instance of bean &apos;(inner bean)#c6634d&apos;
DEBUG (org.springframework.beans.factory.support.DefaultListableBeanFactory:524) - Eagerly caching bean &apos;org.springframework.web.servlet.handler.MappedInterceptor#1&apos; to allow for resolving potential circular references
DEBUG (org.springframework.beans.factory.support.DefaultListableBeanFactory:247) - Returning cached instance of singleton bean &apos;org.springframework.aop.support.DefaultBeanFactoryPointcutAdvisor#0&apos;
DEBUG (org.springframework.beans.factory.support.DefaultListableBeanFactory:247) - Returning cached instance of singleton bean &apos;org.springframework.cache.config.internalCacheAdvisor&apos;
DEBUG (org.springframework.beans.factory.support.DefaultListableBeanFactory:247) - Returning cached instance of singleton bean &apos;org.springframework.aop.support.DefaultBeanFactoryPointcutAdvisor#0&apos;
DEBUG (org.springframework.beans.factory.support.DefaultListableBeanFactory:247) - Returning cached instance of singleton bean &apos;org.springframework.cache.config.internalCacheAdvisor&apos;
DEBUG (org.springframework.beans.factory.support.DefaultListableBeanFactory:478) - Finished creating instance of bean &apos;org.springframework.web.servlet.handler.MappedInterceptor#1&apos;
DEBUG (org.springframework.beans.factory.support.DefaultListableBeanFactory:1610) - Invoking afterPropertiesSet() on bean with name &apos;org.springframework.web.servlet.mvc.method.annotation.RequestMappingHandlerMapping#0&apos;
DEBUG (org.springframework.web.servlet.mvc.method.annotation.RequestMappingHandlerMapping:137) - Looking for request mappings in application context: org.springframework.context.support.GenericApplicationContext@72b6cbcc: startup date [Wed Jun 07 11:10:25 CST 2017]; root of context hierarchy
 INFO (org.springframework.web.servlet.mvc.method.annotation.RequestMappingHandlerMapping:220) - Mapped &quot;{[/api/uploads/{id}/cache],methods=[POST],params=[],headers=[],consumes=[],produces=[],custom=[]}&quot; onto public java.lang.Object com.jk.ndt.etl.controller.access.CacheController.cache(java.lang.Integer,javax.servlet.http.HttpServletRequest)
 INFO (org.springframework.web.servlet.mvc.method.annotation.RequestMappingHandlerMapping:220) - Mapped &quot;{[/api/sheets/{id}],methods=[GET],params=[],headers=[],consumes=[],produces=[],custom=[]}&quot; onto public java.lang.Object com.jk.ndt.etl.controller.access.SheetController.getSheetById(java.lang.Integer)
 INFO (org.springframework.web.servlet.mvc.method.annotation.RequestMappingHandlerMapping:220) - Mapped &quot;{[/api/sheets],methods=[GET],params=[],headers=[],consumes=[],produces=[],custom=[]}&quot; onto public java.util.Map&lt;java.lang.String, java.lang.Object&gt; com.jk.ndt.etl.controller.access.SheetController.listSheets(java.lang.String,java.lang.String,java.lang.Integer)
 INFO (org.springframework.web.servlet.mvc.method.annotation.RequestMappingHandlerMapping:220) - Mapped &quot;{[/api/sheets/{id}/originalData],methods=[GET],params=[],headers=[],consumes=[],produces=[],custom=[]}&quot; onto public java.util.Map&lt;java.lang.String, java.lang.Object&gt; com.jk.ndt.etl.controller.access.SheetController.getUnCleanSheetData(java.lang.Integer,java.lang.Integer)
 INFO (org.springframework.web.servlet.mvc.method.annotation.RequestMappingHandlerMapping:220) - Mapped &quot;{[/api/sheets/{id}/data],methods=[GET],params=[],headers=[],consumes=[],produces=[],custom=[]}&quot; onto public java.util.Map&lt;java.lang.String, java.lang.Object&gt; com.jk.ndt.etl.controller.access.SheetController.listSheetDataById(java.lang.Integer,java.lang.Integer,java.lang.Integer)
 INFO (org.springframework.web.servlet.mvc.method.annotation.RequestMappingHandlerMapping:220) - Mapped &quot;{[/api/sheets/{id}/data/query],methods=[POST],params=[],headers=[],consumes=[],produces=[],custom=[]}&quot; onto public java.util.List&lt;java.util.Map&lt;java.lang.String, java.lang.Object&gt;&gt; com.jk.ndt.etl.controller.access.SheetController.getSheetDataByIds(java.lang.Integer,java.util.Map&lt;java.lang.String, java.lang.Object&gt;)
 INFO (org.springframework.web.servlet.mvc.method.annotation.RequestMappingHandlerMapping:220) - Mapped &quot;{[/api/sheets/{id}/logs],methods=[GET],params=[],headers=[],consumes=[],produces=[],custom=[]}&quot; onto public java.util.List&lt;com.jk.ndt.etl.entity.logs.SheetLog&gt; com.jk.ndt.etl.controller.access.SheetController.listLogsBySheetId(java.lang.Integer)
 INFO (org.springframework.web.servlet.mvc.method.annotation.RequestMappingHandlerMapping:220) - Mapped &quot;{[/api/upload],methods=[GET],params=[],headers=[],consumes=[],produces=[],custom=[]}&quot; onto public java.lang.Object com.jk.ndt.etl.controller.access.UploadController.upload()
 INFO (org.springframework.web.servlet.mvc.method.annotation.RequestMappingHandlerMapping:220) - Mapped &quot;{[/api/uploads],methods=[GET],params=[],headers=[],consumes=[],produces=[],custom=[]}&quot; onto public java.util.Map&lt;java.lang.String, java.lang.Object&gt; com.jk.ndt.etl.controller.access.UploadController.uploadList(java.lang.Integer,java.lang.String,java.lang.String)
 INFO (org.springframework.web.servlet.mvc.method.annotation.RequestMappingHandlerMapping:220) - Mapped &quot;{[/api/uploads],methods=[POST],params=[],headers=[],consumes=[],produces=[],custom=[]}&quot; onto public java.lang.Object com.jk.ndt.etl.controller.access.UploadController.savefile(javax.servlet.http.HttpServletRequest,java.lang.String,java.lang.String)
 INFO (org.springframework.web.servlet.mvc.method.annotation.RequestMappingHandlerMapping:220) - Mapped &quot;{[/api/uploads/{id}/download],methods=[GET],params=[],headers=[],consumes=[],produces=[],custom=[]}&quot; onto public org.springframework.http.ResponseEntity&lt;?&gt; com.jk.ndt.etl.controller.access.UploadController.download(java.lang.Integer)
 INFO (org.springframework.web.servlet.mvc.method.annotation.RequestMappingHandlerMapping:220) - Mapped &quot;{[/api/uploads/{id}/sheets],methods=[GET],params=[],headers=[],consumes=[],produces=[],custom=[]}&quot; onto public java.util.List&lt;com.jk.ndt.etl.entity.access.SheetInfo&gt; com.jk.ndt.etl.controller.access.UploadController.sheetListByUploadId(java.lang.Integer)
 INFO (org.springframework.web.servlet.mvc.method.annotation.RequestMappingHandlerMapping:220) - Mapped &quot;{[/api/sheets/{id}/clean],methods=[POST],params=[],headers=[],consumes=[],produces=[],custom=[]}&quot; onto public java.lang.Object com.jk.ndt.etl.controller.clean.CleanerController.clean(com.jk.ndt.etl.entity.rule.CleanerSheetPO,java.lang.Integer)
 INFO (org.springframework.web.servlet.mvc.method.annotation.RequestMappingHandlerMapping:220) - Mapped &quot;{[/api/rules/operations],methods=[GET],params=[],headers=[],consumes=[],produces=[],custom=[]}&quot; onto public java.util.List&lt;com.jk.ndt.etl.entity.rule.CleanerPO&gt; com.jk.ndt.etl.controller.clean.CleanerController.listCleaners()
 INFO (org.springframework.web.servlet.mvc.method.annotation.RequestMappingHandlerMapping:220) - Mapped &quot;{[/api/rules/operations/test],methods=[POST],params=[],headers=[],consumes=[],produces=[],custom=[]}&quot; onto public java.lang.Object com.jk.ndt.etl.controller.clean.CleanerController.operationTest(java.util.Map&lt;java.lang.String, java.lang.Object&gt;)
 INFO (org.springframework.web.servlet.mvc.method.annotation.RequestMappingHandlerMapping:220) - Mapped &quot;{[/add],methods=[],params=[],headers=[],consumes=[],produces=[],custom=[]}&quot; onto public org.springframework.http.ResponseEntity com.jk.ndt.etl.controller.FirstController.add()
 INFO (org.springframework.web.servlet.mvc.method.annotation.RequestMappingHandlerMapping:220) - Mapped &quot;{[/test/apply/credit],methods=[],params=[],headers=[],consumes=[],produces=[],custom=[]}&quot; onto public java.lang.String com.jk.ndt.etl.controller.FirstController.test()
 INFO (org.springframework.web.servlet.mvc.method.annotation.RequestMappingHandlerMapping:220) - Mapped &quot;{[/api/mirrors],methods=[GET],params=[],headers=[],consumes=[],produces=[],custom=[]}&quot; onto public java.lang.Object com.jk.ndt.etl.controller.mirror.MirrorTableController.listAll()
 INFO (org.springframework.web.servlet.mvc.method.annotation.RequestMappingHandlerMapping:220) - Mapped &quot;{[/api/mirrors/{id}/query],methods=[POST],params=[],headers=[],consumes=[],produces=[],custom=[]}&quot; onto public java.lang.Object com.jk.ndt.etl.controller.mirror.MirrorTableController.queryMirrorDataById(java.util.Map&lt;java.lang.String, java.lang.Object&gt;,java.lang.Integer)
 INFO (org.springframework.web.servlet.mvc.method.annotation.RequestMappingHandlerMapping:220) - Mapped &quot;{[/api/alarmrule/getone/{id}],methods=[],params=[],headers=[],consumes=[],produces=[],custom=[]}&quot; onto public java.lang.Object com.jk.ndt.etl.controller.monitor.AlarmRuleController.getAlarmRuleById(java.lang.Integer)
 INFO (org.springframework.web.servlet.mvc.method.annotation.RequestMappingHandlerMapping:220) - Mapped &quot;{[/api/alarmrule/getlist],methods=[],params=[],headers=[],consumes=[],produces=[],custom=[]}&quot; onto public java.lang.Object com.jk.ndt.etl.controller.monitor.AlarmRuleController.getAlarmRuleList(java.lang.Integer,java.lang.Integer,java.lang.Integer)
 INFO (org.springframework.web.servlet.mvc.method.annotation.RequestMappingHandlerMapping:220) - Mapped &quot;{[/api/alarmrule/add],methods=[POST],params=[],headers=[],consumes=[],produces=[],custom=[]}&quot; onto public java.lang.Object com.jk.ndt.etl.controller.monitor.AlarmRuleController.addOneAlarmRule(com.jk.ndt.etl.entity.monitor.AlarmRuleBean)
 INFO (org.springframework.web.servlet.mvc.method.annotation.RequestMappingHandlerMapping:220) - Mapped &quot;{[/api/alarmrule/update],methods=[POST],params=[],headers=[],consumes=[],produces=[],custom=[]}&quot; onto public java.lang.Object com.jk.ndt.etl.controller.monitor.AlarmRuleController.updateOneAlarmRule(com.jk.ndt.etl.entity.monitor.AlarmRuleBean)
 INFO (org.springframework.web.servlet.mvc.method.annotation.RequestMappingHandlerMapping:220) - Mapped &quot;{[/api/alarmrule/delete/{id}],methods=[DELETE],params=[],headers=[],consumes=[],produces=[],custom=[]}&quot; onto public java.lang.Object com.jk.ndt.etl.controller.monitor.AlarmRuleController.deleteAlarmRuleById(java.lang.Integer)
 INFO (org.springframework.web.servlet.mvc.method.annotation.RequestMappingHandlerMapping:220) - Mapped &quot;{[/api/monitor/machine/{id}/{module}],methods=[GET],params=[],headers=[],consumes=[],produces=[],custom=[]}&quot; onto public java.lang.Object com.jk.ndt.etl.controller.monitor.MonitorController.getServerInfo(java.lang.Integer,java.lang.String,java.lang.String)
 INFO (org.springframework.web.servlet.mvc.method.annotation.RequestMappingHandlerMapping:220) - Mapped &quot;{[/api/monitor/machine/{id}/memory],methods=[DELETE],params=[],headers=[],consumes=[],produces=[],custom=[]}&quot; onto public java.lang.Object com.jk.ndt.etl.controller.monitor.MonitorController.clearMemoryInfo(java.lang.Integer)
 INFO (org.springframework.web.servlet.mvc.method.annotation.RequestMappingHandlerMapping:220) - Mapped &quot;{[/api/serverHost/add],methods=[],params=[],headers=[],consumes=[],produces=[],custom=[]}&quot; onto public java.lang.Object com.jk.ndt.etl.controller.monitor.SeverHostController.addServerHost(com.jk.ndt.etl.entity.monitor.ServerHost)
 INFO (org.springframework.web.servlet.mvc.method.annotation.RequestMappingHandlerMapping:220) - Mapped &quot;{[/api/serverHost/list],methods=[],params=[],headers=[],consumes=[],produces=[],custom=[]}&quot; onto public java.lang.Object com.jk.ndt.etl.controller.monitor.SeverHostController.listServerHostInfo()
 INFO (org.springframework.web.servlet.mvc.method.annotation.RequestMappingHandlerMapping:220) - Mapped &quot;{[/api/serverHost/machine/{id}/getone],methods=[],params=[],headers=[],consumes=[],produces=[],custom=[]}&quot; onto public java.lang.Object com.jk.ndt.etl.controller.monitor.SeverHostController.getOneServerHostInfo(java.lang.Integer)
 INFO (org.springframework.web.servlet.mvc.method.annotation.RequestMappingHandlerMapping:220) - Mapped &quot;{[/api/serverHost/update],methods=[],params=[],headers=[],consumes=[],produces=[],custom=[]}&quot; onto public java.lang.Object com.jk.ndt.etl.controller.monitor.SeverHostController.updateServerHostInfo(com.jk.ndt.etl.entity.monitor.ServerHost)
 INFO (org.springframework.web.servlet.mvc.method.annotation.RequestMappingHandlerMapping:220) - Mapped &quot;{[/api/serverHost/updateUserInfo],methods=[],params=[],headers=[],consumes=[],produces=[],custom=[]}&quot; onto public java.lang.Object com.jk.ndt.etl.controller.monitor.SeverHostController.updateServerHostPassword(java.lang.Integer,java.lang.String,java.lang.String)
 INFO (org.springframework.web.servlet.mvc.method.annotation.RequestMappingHandlerMapping:220) - Mapped &quot;{[/plat/apply/credit/add],methods=[POST],params=[],headers=[],consumes=[],produces=[],custom=[]}&quot; onto public java.lang.String com.jk.ndt.etl.controller.presystem.PreSystemController.insert(com.jk.ndt.etl.entity.vo.ApplyCreditVo,org.springframework.ui.Model)
 INFO (org.springframework.web.servlet.mvc.method.annotation.RequestMappingHandlerMapping:220) - Mapped &quot;{[/plat/jinrong/apply/receive],methods=[],params=[],headers=[],consumes=[],produces=[],custom=[]}&quot; onto public void com.jk.ndt.etl.controller.presystem.PreSystemController.uploadProduct(javax.servlet.http.HttpServletRequest,javax.servlet.http.HttpServletResponse)
 INFO (org.springframework.web.servlet.mvc.method.annotation.RequestMappingHandlerMapping:220) - Mapped &quot;{[/plat/apply/credit],methods=[],params=[],headers=[],consumes=[],produces=[],custom=[]}&quot; onto public java.lang.String com.jk.ndt.etl.controller.presystem.PreSystemController.applyCreditInit()
 INFO (org.springframework.web.servlet.mvc.method.annotation.RequestMappingHandlerMapping:220) - Mapped &quot;{[/plat/home],methods=[],params=[],headers=[],consumes=[],produces=[],custom=[]}&quot; onto public java.lang.String com.jk.ndt.etl.controller.presystem.PreSystemController.home()
 INFO (org.springframework.web.servlet.mvc.method.annotation.RequestMappingHandlerMapping:220) - Mapped &quot;{[/api/admins],methods=[GET],params=[],headers=[],consumes=[],produces=[],custom=[]}&quot; onto public java.lang.Object com.jk.ndt.etl.controller.system.AdminController.listAdmin(com.jk.ndt.etl.entity.system.Admin,com.jk.ndt.etl.entity.Page,javax.servlet.http.HttpServletRequest,javax.servlet.http.HttpServletResponse)
 INFO (org.springframework.web.servlet.mvc.method.annotation.RequestMappingHandlerMapping:220) - Mapped &quot;{[/api/admins/{id}],methods=[PUT],params=[],headers=[],consumes=[],produces=[],custom=[]}&quot; onto public java.lang.Object com.jk.ndt.etl.controller.system.AdminController.updateAdmin(javax.servlet.http.HttpServletResponse,javax.servlet.http.HttpServletRequest,java.math.BigDecimal,com.jk.ndt.etl.entity.system.Admin,org.springframework.validation.BindingResult)
 INFO (org.springframework.web.servlet.mvc.method.annotation.RequestMappingHandlerMapping:220) - Mapped &quot;{[/api/admins/{id}],methods=[DELETE],params=[],headers=[],consumes=[],produces=[],custom=[]}&quot; onto public java.lang.Object com.jk.ndt.etl.controller.system.AdminController.deleteAdmin(java.math.BigDecimal)
 INFO (org.springframework.web.servlet.mvc.method.annotation.RequestMappingHandlerMapping:220) - Mapped &quot;{[/api/admins],methods=[POST],params=[],headers=[],consumes=[],produces=[],custom=[]}&quot; onto public java.lang.Object com.jk.ndt.etl.controller.system.AdminController.saveAdmin(javax.servlet.http.HttpServletResponse,javax.servlet.http.HttpServletRequest,com.jk.ndt.etl.entity.system.Admin,org.springframework.validation.BindingResult)
 INFO (org.springframework.web.servlet.mvc.method.annotation.RequestMappingHandlerMapping:220) - Mapped &quot;{[/api/admins/{id}],methods=[GET],params=[],headers=[],consumes=[],produces=[],custom=[]}&quot; onto public java.lang.Object com.jk.ndt.etl.controller.system.AdminController.getAdmin(java.math.BigDecimal,javax.servlet.http.HttpServletResponse)
 INFO (org.springframework.web.servlet.mvc.method.annotation.RequestMappingHandlerMapping:220) - Mapped &quot;{[/api/auth/session],methods=[POST],params=[],headers=[],consumes=[],produces=[],custom=[]}&quot; onto public java.lang.Object com.jk.ndt.etl.controller.system.AdminController.login(javax.servlet.http.HttpServletResponse,javax.servlet.http.HttpServletRequest,com.jk.ndt.etl.entity.system.Admin)
 INFO (org.springframework.web.servlet.mvc.method.annotation.RequestMappingHandlerMapping:220) - Mapped &quot;{[/api/auth/session],methods=[DELETE],params=[],headers=[],consumes=[],produces=[],custom=[]}&quot; onto public java.lang.Object com.jk.ndt.etl.controller.system.AdminController.logout(javax.servlet.http.HttpServletResponse,javax.servlet.http.HttpServletRequest)
 INFO (org.springframework.web.servlet.mvc.method.annotation.RequestMappingHandlerMapping:220) - Mapped &quot;{[/api/resources/{id}],methods=[GET],params=[],headers=[],consumes=[],produces=[],custom=[]}&quot; onto public java.lang.Object com.jk.ndt.etl.controller.system.ResourceController.getResource(java.math.BigDecimal)
 INFO (org.springframework.web.servlet.mvc.method.annotation.RequestMappingHandlerMapping:220) - Mapped &quot;{[/api/resources],methods=[GET],params=[],headers=[],consumes=[],produces=[],custom=[]}&quot; onto public java.lang.Object com.jk.ndt.etl.controller.system.ResourceController.listResource(com.jk.ndt.etl.entity.system.Resource,com.jk.ndt.etl.entity.Page)
 INFO (org.springframework.web.servlet.mvc.method.annotation.RequestMappingHandlerMapping:220) - Mapped &quot;{[/api/resources/{id}],methods=[DELETE],params=[],headers=[],consumes=[],produces=[],custom=[]}&quot; onto public java.lang.Object com.jk.ndt.etl.controller.system.ResourceController.deleteUser(java.math.BigDecimal)
 INFO (org.springframework.web.servlet.mvc.method.annotation.RequestMappingHandlerMapping:220) - Mapped &quot;{[/api/resources],methods=[POST],params=[],headers=[],consumes=[],produces=[],custom=[]}&quot; onto public java.lang.Object com.jk.ndt.etl.controller.system.ResourceController.saveResource(javax.servlet.http.HttpServletResponse,javax.servlet.http.HttpServletRequest,com.jk.ndt.etl.entity.system.Resource,org.springframework.validation.BindingResult)
 INFO (org.springframework.web.servlet.mvc.method.annotation.RequestMappingHandlerMapping:220) - Mapped &quot;{[/api/resources/{id}],methods=[PUT],params=[],headers=[],consumes=[],produces=[],custom=[]}&quot; onto public java.lang.Object com.jk.ndt.etl.controller.system.ResourceController.updateUser(javax.servlet.http.HttpServletRequest,javax.servlet.http.HttpServletResponse,java.math.BigDecimal,com.jk.ndt.etl.entity.system.Resource,org.springframework.validation.BindingResult)
 INFO (org.springframework.web.servlet.mvc.method.annotation.RequestMappingHandlerMapping:220) - Mapped &quot;{[/api/roles/{id}],methods=[GET],params=[],headers=[],consumes=[],produces=[],custom=[]}&quot; onto public java.lang.Object com.jk.ndt.etl.controller.system.RoleController.getRole(java.math.BigDecimal)
 INFO (org.springframework.web.servlet.mvc.method.annotation.RequestMappingHandlerMapping:220) - Mapped &quot;{[/api/roles],methods=[GET],params=[],headers=[],consumes=[],produces=[],custom=[]}&quot; onto public java.lang.Object com.jk.ndt.etl.controller.system.RoleController.listRole(com.jk.ndt.etl.entity.system.Role,com.jk.ndt.etl.entity.Page,javax.servlet.http.HttpServletRequest)
 INFO (org.springframework.web.servlet.mvc.method.annotation.RequestMappingHandlerMapping:220) - Mapped &quot;{[/api/roles],methods=[POST],params=[],headers=[],consumes=[],produces=[],custom=[]}&quot; onto public java.lang.Object com.jk.ndt.etl.controller.system.RoleController.saveRole(javax.servlet.http.HttpServletResponse,javax.servlet.http.HttpServletRequest,com.jk.ndt.etl.entity.system.Role,org.springframework.validation.BindingResult) throws java.io.IOException
 INFO (org.springframework.web.servlet.mvc.method.annotation.RequestMappingHandlerMapping:220) - Mapped &quot;{[/api/roles/{id}],methods=[PUT],params=[],headers=[],consumes=[],produces=[],custom=[]}&quot; onto public java.lang.Object com.jk.ndt.etl.controller.system.RoleController.updateRole(javax.servlet.http.HttpServletRequest,javax.servlet.http.HttpServletResponse,java.math.BigDecimal,com.jk.ndt.etl.entity.system.Role,org.springframework.validation.BindingResult)
 INFO (org.springframework.web.servlet.mvc.method.annotation.RequestMappingHandlerMapping:220) - Mapped &quot;{[/api/roles/{id}],methods=[DELETE],params=[],headers=[],consumes=[],produces=[],custom=[]}&quot; onto public java.lang.Object com.jk.ndt.etl.controller.system.RoleController.deleteRole(java.math.BigDecimal)
 INFO (org.springframework.web.servlet.mvc.method.annotation.RequestMappingHandlerMapping:220) - Mapped &quot;{[/api/user/session],methods=[POST],params=[],headers=[],consumes=[],produces=[],custom=[]}&quot; onto public java.lang.Object com.jk.ndt.etl.controller.system.UserController.login(com.jk.ndt.etl.entity.system.User,javax.servlet.http.HttpServletResponse,javax.servlet.http.HttpServletRequest)
 INFO (org.springframework.web.servlet.mvc.method.annotation.RequestMappingHandlerMapping:220) - Mapped &quot;{[/api/user/session],methods=[DELETE],params=[],headers=[],consumes=[],produces=[],custom=[]}&quot; onto public java.lang.Object com.jk.ndt.etl.controller.system.UserController.logout(javax.servlet.http.HttpServletResponse,javax.servlet.http.HttpServletRequest)
 INFO (org.springframework.web.servlet.mvc.method.annotation.RequestMappingHandlerMapping:220) - Mapped &quot;{[/api/users/{id}],methods=[DELETE],params=[],headers=[],consumes=[],produces=[],custom=[]}&quot; onto public java.lang.Object com.jk.ndt.etl.controller.system.UserController.deleteUser(java.math.BigDecimal)
 INFO (org.springframework.web.servlet.mvc.method.annotation.RequestMappingHandlerMapping:220) - Mapped &quot;{[/api/users/{id}],methods=[PUT],params=[],headers=[],consumes=[],produces=[],custom=[]}&quot; onto public java.lang.Object com.jk.ndt.etl.controller.system.UserController.updateUser(javax.servlet.http.HttpServletRequest,javax.servlet.http.HttpServletResponse,java.math.BigDecimal,com.jk.ndt.etl.entity.system.User,org.springframework.validation.BindingResult)
 INFO (org.springframework.web.servlet.mvc.method.annotation.RequestMappingHandlerMapping:220) - Mapped &quot;{[/api/users],methods=[GET],params=[],headers=[],consumes=[],produces=[],custom=[]}&quot; onto public java.lang.Object com.jk.ndt.etl.controller.system.UserController.listUsers(com.jk.ndt.etl.entity.system.User,com.jk.ndt.etl.entity.Page)
 INFO (org.springframework.web.servlet.mvc.method.annotation.RequestMappingHandlerMapping:220) - Mapped &quot;{[/api/users],methods=[POST],params=[],headers=[],consumes=[],produces=[],custom=[]}&quot; onto public java.lang.Object com.jk.ndt.etl.controller.system.UserController.saveUser(javax.servlet.http.HttpServletResponse,javax.servlet.http.HttpServletRequest,com.jk.ndt.etl.entity.system.User,org.springframework.validation.BindingResult)
 INFO (org.springframework.web.servlet.mvc.method.annotation.RequestMappingHandlerMapping:220) - Mapped &quot;{[/api/users/{id}],methods=[GET],params=[],headers=[],consumes=[],produces=[],custom=[]}&quot; onto public java.lang.Object com.jk.ndt.etl.controller.system.UserController.getUser(java.math.BigDecimal)
 INFO (org.springframework.web.servlet.mvc.method.annotation.RequestMappingHandlerMapping:220) - Mapped &quot;{[/api/sheets/{id}/transform],methods=[POST],params=[],headers=[],consumes=[],produces=[],custom=[]}&quot; onto public java.lang.Object com.jk.ndt.etl.controller.transform.TransformController.transform(com.jk.ndt.etl.entity.rule.TransformSheetPO,java.lang.Integer)
 INFO (org.springframework.web.servlet.mvc.method.annotation.RequestMappingHandlerMapping:220) - Mapped &quot;{[/api/sheets/{id}/validate],methods=[POST],params=[],headers=[],consumes=[],produces=[],custom=[]}&quot; onto public java.lang.Object com.jk.ndt.etl.controller.validate.ValidateController.validate(com.jk.ndt.etl.entity.rule.ValidateSheetPO,java.lang.Integer)
 INFO (org.springframework.web.servlet.mvc.method.annotation.RequestMappingHandlerMapping:220) - Mapped &quot;{[/api/rules/validators],methods=[GET],params=[],headers=[],consumes=[],produces=[],custom=[]}&quot; onto public java.util.List&lt;com.jk.ndt.etl.entity.rule.ValidatePO&gt; com.jk.ndt.etl.controller.validate.ValidateController.listValidates()
 INFO (org.springframework.web.servlet.mvc.method.annotation.RequestMappingHandlerMapping:220) - Mapped &quot;{[/validate/demo],methods=[POST],params=[],headers=[],consumes=[],produces=[],custom=[]}&quot; onto public java.lang.Object com.jk.ndt.etl.controller.ValidateDemoController.validate(com.jk.ndt.etl.entity.ValidateDemo,org.springframework.validation.BindingResult)
 INFO (org.springframework.web.servlet.mvc.method.annotation.RequestMappingHandlerMapping:220) - Mapped &quot;{[/validate/demo],methods=[GET],params=[],headers=[],consumes=[],produces=[],custom=[]}&quot; onto public org.springframework.web.servlet.ModelAndView com.jk.ndt.etl.controller.ValidateDemoController.validatePage()
 INFO (org.springframework.web.servlet.mvc.method.annotation.RequestMappingHandlerMapping:220) - Mapped &quot;{[/api/sheets/{id}/verify],methods=[POST],params=[],headers=[],consumes=[],produces=[],custom=[]}&quot; onto public java.lang.Object com.jk.ndt.etl.controller.verify.VerifyController.verify(java.lang.Integer)
DEBUG (org.springframework.beans.factory.support.DefaultListableBeanFactory:247) - Returning cached instance of singleton bean &apos;org.springframework.aop.support.DefaultBeanFactoryPointcutAdvisor#0&apos;
DEBUG (org.springframework.beans.factory.support.DefaultListableBeanFactory:247) - Returning cached instance of singleton bean &apos;org.springframework.cache.config.internalCacheAdvisor&apos;
DEBUG (org.springframework.beans.factory.support.DefaultListableBeanFactory:247) - Returning cached instance of singleton bean &apos;org.springframework.aop.support.DefaultBeanFactoryPointcutAdvisor#0&apos;
DEBUG (org.springframework.beans.factory.support.DefaultListableBeanFactory:247) - Returning cached instance of singleton bean &apos;org.springframework.cache.config.internalCacheAdvisor&apos;
DEBUG (org.springframework.beans.factory.support.DefaultListableBeanFactory:478) - Finished creating instance of bean &apos;org.springframework.web.servlet.mvc.method.annotation.RequestMappingHandlerMapping#0&apos;
DEBUG (org.springframework.beans.factory.support.DefaultListableBeanFactory:247) - Returning cached instance of singleton bean &apos;org.springframework.format.support.FormattingConversionServiceFactoryBean#0&apos;
DEBUG (org.springframework.beans.factory.support.DefaultListableBeanFactory:220) - Creating shared instance of singleton bean &apos;org.springframework.validation.beanvalidation.OptionalValidatorFactoryBean#0&apos;
DEBUG (org.springframework.beans.factory.support.DefaultListableBeanFactory:450) - Creating instance of bean &apos;org.springframework.validation.beanvalidation.OptionalValidatorFactoryBean#0&apos;
DEBUG (org.springframework.beans.factory.support.DefaultListableBeanFactory:247) - Returning cached instance of singleton bean &apos;org.springframework.aop.support.DefaultBeanFactoryPointcutAdvisor#0&apos;
DEBUG (org.springframework.beans.factory.support.DefaultListableBeanFactory:247) - Returning cached instance of singleton bean &apos;org.springframework.cache.config.internalCacheAdvisor&apos;
DEBUG (org.springframework.beans.factory.support.DefaultListableBeanFactory:524) - Eagerly caching bean &apos;org.springframework.validation.beanvalidation.OptionalValidatorFactoryBean#0&apos; to allow for resolving potential circular references
DEBUG (org.springframework.beans.factory.support.DefaultListableBeanFactory:1610) - Invoking afterPropertiesSet() on bean with name &apos;org.springframework.validation.beanvalidation.OptionalValidatorFactoryBean#0&apos;
DEBUG (org.jboss.logging:19) - Logging Provider: org.jboss.logging.Log4jLoggerProvider
 INFO (org.hibernate.validator.internal.util.Version:30) - HV000001: Hibernate Validator 5.2.4.Final
DEBUG (org.hibernate.validator.internal.engine.resolver.DefaultTraversableResolver:70) - Cannot find javax.persistence.Persistence on classpath. Assuming non JPA 2 environment. All properties will per default be traversable.
DEBUG (org.hibernate.validator.internal.engine.ConfigurationImpl:156) - Setting custom MessageInterpolator of type org.springframework.validation.beanvalidation.LocaleContextMessageInterpolator
DEBUG (org.hibernate.validator.internal.engine.ConfigurationImpl:178) - Setting custom ConstraintValidatorFactory of type org.springframework.validation.beanvalidation.SpringConstraintValidatorFactory
DEBUG (org.hibernate.validator.internal.engine.ConfigurationImpl:192) - Setting custom ParameterNameProvider of type com.sun.proxy.$Proxy31
DEBUG (org.hibernate.validator.internal.xml.ValidationXmlParser:91) - Trying to load META-INF/validation.xml for XML based Validator configuration.
DEBUG (org.hibernate.validator.internal.xml.ResourceLoaderHelper:54) - Trying to load META-INF/validation.xml via TCCL
DEBUG (org.hibernate.validator.internal.xml.ResourceLoaderHelper:60) - Trying to load META-INF/validation.xml via Hibernate Validator&apos;s class loader
DEBUG (org.hibernate.validator.internal.xml.ValidationXmlParser:98) - No META-INF/validation.xml found. Using annotation based configuration only.
DEBUG (org.springframework.beans.factory.support.DefaultListableBeanFactory:247) - Returning cached instance of singleton bean &apos;org.springframework.aop.support.DefaultBeanFactoryPointcutAdvisor#0&apos;
DEBUG (org.springframework.beans.factory.support.DefaultListableBeanFactory:247) - Returning cached instance of singleton bean &apos;org.springframework.cache.config.internalCacheAdvisor&apos;
DEBUG (org.springframework.beans.factory.support.DefaultListableBeanFactory:247) - Returning cached instance of singleton bean &apos;org.springframework.aop.support.DefaultBeanFactoryPointcutAdvisor#0&apos;
DEBUG (org.springframework.beans.factory.support.DefaultListableBeanFactory:247) - Returning cached instance of singleton bean &apos;org.springframework.cache.config.internalCacheAdvisor&apos;
DEBUG (org.springframework.beans.factory.support.DefaultListableBeanFactory:478) - Finished creating instance of bean &apos;org.springframework.validation.beanvalidation.OptionalValidatorFactoryBean#0&apos;
DEBUG (org.springframework.beans.factory.support.DefaultListableBeanFactory:220) - Creating shared instance of singleton bean &apos;org.springframework.web.servlet.mvc.method.annotation.RequestMappingHandlerAdapter#0&apos;
DEBUG (org.springframework.beans.factory.support.DefaultListableBeanFactory:450) - Creating instance of bean &apos;org.springframework.web.servlet.mvc.method.annotation.RequestMappingHandlerAdapter#0&apos;
DEBUG (org.springframework.beans.factory.support.DefaultListableBeanFactory:247) - Returning cached instance of singleton bean &apos;org.springframework.aop.support.DefaultBeanFactoryPointcutAdvisor#0&apos;
DEBUG (org.springframework.beans.factory.support.DefaultListableBeanFactory:247) - Returning cached instance of singleton bean &apos;org.springframework.cache.config.internalCacheAdvisor&apos;
DEBUG (org.springframework.beans.factory.support.DefaultListableBeanFactory:524) - Eagerly caching bean &apos;org.springframework.web.servlet.mvc.method.annotation.RequestMappingHandlerAdapter#0&apos; to allow for resolving potential circular references
DEBUG (org.springframework.beans.factory.support.DefaultListableBeanFactory:247) - Returning cached instance of singleton bean &apos;mvcContentNegotiationManager&apos;
DEBUG (org.springframework.beans.factory.support.DefaultListableBeanFactory:450) - Creating instance of bean &apos;(inner bean)#3a22bad6&apos;
DEBUG (org.springframework.beans.factory.support.DefaultListableBeanFactory:247) - Returning cached instance of singleton bean &apos;org.springframework.aop.support.DefaultBeanFactoryPointcutAdvisor#0&apos;
DEBUG (org.springframework.beans.factory.support.DefaultListableBeanFactory:247) - Returning cached instance of singleton bean &apos;org.springframework.cache.config.internalCacheAdvisor&apos;
DEBUG (org.springframework.beans.factory.support.DefaultListableBeanFactory:247) - Returning cached instance of singleton bean &apos;org.springframework.format.support.FormattingConversionServiceFactoryBean#0&apos;
DEBUG (org.springframework.beans.factory.support.DefaultListableBeanFactory:247) - Returning cached instance of singleton bean &apos;org.springframework.validation.beanvalidation.OptionalValidatorFactoryBean#0&apos;
DEBUG (org.springframework.beans.factory.support.DefaultListableBeanFactory:247) - Returning cached instance of singleton bean &apos;org.springframework.aop.support.DefaultBeanFactoryPointcutAdvisor#0&apos;
DEBUG (org.springframework.beans.factory.support.DefaultListableBeanFactory:247) - Returning cached instance of singleton bean &apos;org.springframework.cache.config.internalCacheAdvisor&apos;
DEBUG (org.springframework.beans.factory.support.DefaultListableBeanFactory:247) - Returning cached instance of singleton bean &apos;org.springframework.aop.support.DefaultBeanFactoryPointcutAdvisor#0&apos;
DEBUG (org.springframework.beans.factory.support.DefaultListableBeanFactory:247) - Returning cached instance of singleton bean &apos;org.springframework.cache.config.internalCacheAdvisor&apos;
DEBUG (org.springframework.beans.factory.support.DefaultListableBeanFactory:478) - Finished creating instance of bean &apos;(inner bean)#3a22bad6&apos;
DEBUG (org.springframework.beans.factory.support.DefaultListableBeanFactory:450) - Creating instance of bean &apos;(inner bean)#665522c2&apos;
DEBUG (org.springframework.beans.factory.support.DefaultListableBeanFactory:247) - Returning cached instance of singleton bean &apos;org.springframework.aop.support.DefaultBeanFactoryPointcutAdvisor#0&apos;
DEBUG (org.springframework.beans.factory.support.DefaultListableBeanFactory:247) - Returning cached instance of singleton bean &apos;org.springframework.cache.config.internalCacheAdvisor&apos;
DEBUG (org.springframework.beans.factory.support.DefaultListableBeanFactory:247) - Returning cached instance of singleton bean &apos;org.springframework.aop.support.DefaultBeanFactoryPointcutAdvisor#0&apos;
DEBUG (org.springframework.beans.factory.support.DefaultListableBeanFactory:247) - Returning cached instance of singleton bean &apos;org.springframework.cache.config.internalCacheAdvisor&apos;
DEBUG (org.springframework.beans.factory.support.DefaultListableBeanFactory:247) - Returning cached instance of singleton bean &apos;org.springframework.aop.support.DefaultBeanFactoryPointcutAdvisor#0&apos;
DEBUG (org.springframework.beans.factory.support.DefaultListableBeanFactory:247) - Returning cached instance of singleton bean &apos;org.springframework.cache.config.internalCacheAdvisor&apos;
DEBUG (org.springframework.beans.factory.support.DefaultListableBeanFactory:478) - Finished creating instance of bean &apos;(inner bean)#665522c2&apos;
DEBUG (org.springframework.beans.factory.support.DefaultListableBeanFactory:450) - Creating instance of bean &apos;(inner bean)#28cb3a25&apos;
DEBUG (org.springframework.beans.factory.support.DefaultListableBeanFactory:247) - Returning cached instance of singleton bean &apos;org.springframework.aop.support.DefaultBeanFactoryPointcutAdvisor#0&apos;
DEBUG (org.springframework.beans.factory.support.DefaultListableBeanFactory:247) - Returning cached instance of singleton bean &apos;org.springframework.cache.config.internalCacheAdvisor&apos;
DEBUG (org.springframework.beans.factory.support.DefaultListableBeanFactory:247) - Returning cached instance of singleton bean &apos;org.springframework.aop.support.DefaultBeanFactoryPointcutAdvisor#0&apos;
DEBUG (org.springframework.beans.factory.support.DefaultListableBeanFactory:247) - Returning cached instance of singleton bean &apos;org.springframework.cache.config.internalCacheAdvisor&apos;
DEBUG (org.springframework.beans.factory.support.DefaultListableBeanFactory:247) - Returning cached instance of singleton bean &apos;org.springframework.aop.support.DefaultBeanFactoryPointcutAdvisor#0&apos;
DEBUG (org.springframework.beans.factory.support.DefaultListableBeanFactory:247) - Returning cached instance of singleton bean &apos;org.springframework.cache.config.internalCacheAdvisor&apos;
DEBUG (org.springframework.beans.factory.support.DefaultListableBeanFactory:478) - Finished creating instance of bean &apos;(inner bean)#28cb3a25&apos;
DEBUG (org.springframework.beans.factory.support.DefaultListableBeanFactory:450) - Creating instance of bean &apos;(inner bean)#6cfd9a54&apos;
DEBUG (org.springframework.beans.factory.support.DefaultListableBeanFactory:247) - Returning cached instance of singleton bean &apos;org.springframework.aop.support.DefaultBeanFactoryPointcutAdvisor#0&apos;
DEBUG (org.springframework.beans.factory.support.DefaultListableBeanFactory:247) - Returning cached instance of singleton bean &apos;org.springframework.cache.config.internalCacheAdvisor&apos;
DEBUG (org.springframework.beans.factory.support.DefaultListableBeanFactory:247) - Returning cached instance of singleton bean &apos;org.springframework.aop.support.DefaultBeanFactoryPointcutAdvisor#0&apos;
DEBUG (org.springframework.beans.factory.support.DefaultListableBeanFactory:247) - Returning cached instance of singleton bean &apos;org.springframework.cache.config.internalCacheAdvisor&apos;
DEBUG (org.springframework.beans.factory.support.DefaultListableBeanFactory:247) - Returning cached instance of singleton bean &apos;org.springframework.aop.support.DefaultBeanFactoryPointcutAdvisor#0&apos;
DEBUG (org.springframework.beans.factory.support.DefaultListableBeanFactory:247) - Returning cached instance of singleton bean &apos;org.springframework.cache.config.internalCacheAdvisor&apos;
DEBUG (org.springframework.beans.factory.support.DefaultListableBeanFactory:478) - Finished creating instance of bean &apos;(inner bean)#6cfd9a54&apos;
DEBUG (org.springframework.beans.factory.support.DefaultListableBeanFactory:450) - Creating instance of bean &apos;(inner bean)#9aa2002&apos;
DEBUG (org.springframework.beans.factory.support.DefaultListableBeanFactory:247) - Returning cached instance of singleton bean &apos;org.springframework.aop.support.DefaultBeanFactoryPointcutAdvisor#0&apos;
DEBUG (org.springframework.beans.factory.support.DefaultListableBeanFactory:247) - Returning cached instance of singleton bean &apos;org.springframework.cache.config.internalCacheAdvisor&apos;
DEBUG (org.springframework.beans.factory.support.DefaultListableBeanFactory:247) - Returning cached instance of singleton bean &apos;org.springframework.aop.support.DefaultBeanFactoryPointcutAdvisor#0&apos;
DEBUG (org.springframework.beans.factory.support.DefaultListableBeanFactory:247) - Returning cached instance of singleton bean &apos;org.springframework.cache.config.internalCacheAdvisor&apos;
DEBUG (org.springframework.beans.factory.support.DefaultListableBeanFactory:247) - Returning cached instance of singleton bean &apos;org.springframework.aop.support.DefaultBeanFactoryPointcutAdvisor#0&apos;
DEBUG (org.springframework.beans.factory.support.DefaultListableBeanFactory:247) - Returning cached instance of singleton bean &apos;org.springframework.cache.config.internalCacheAdvisor&apos;
DEBUG (org.springframework.beans.factory.support.DefaultListableBeanFactory:478) - Finished creating instance of bean &apos;(inner bean)#9aa2002&apos;
DEBUG (org.springframework.beans.factory.support.DefaultListableBeanFactory:450) - Creating instance of bean &apos;(inner bean)#73d4066e&apos;
DEBUG (org.springframework.beans.factory.support.DefaultListableBeanFactory:247) - Returning cached instance of singleton bean &apos;org.springframework.aop.support.DefaultBeanFactoryPointcutAdvisor#0&apos;
DEBUG (org.springframework.beans.factory.support.DefaultListableBeanFactory:247) - Returning cached instance of singleton bean &apos;org.springframework.cache.config.internalCacheAdvisor&apos;
DEBUG (org.springframework.beans.factory.support.DefaultListableBeanFactory:247) - Returning cached instance of singleton bean &apos;org.springframework.aop.support.DefaultBeanFactoryPointcutAdvisor#0&apos;
DEBUG (org.springframework.beans.factory.support.DefaultListableBeanFactory:247) - Returning cached instance of singleton bean &apos;org.springframework.cache.config.internalCacheAdvisor&apos;
DEBUG (org.springframework.beans.factory.support.DefaultListableBeanFactory:247) - Returning cached instance of singleton bean &apos;org.springframework.aop.support.DefaultBeanFactoryPointcutAdvisor#0&apos;
DEBUG (org.springframework.beans.factory.support.DefaultListableBeanFactory:247) - Returning cached instance of singleton bean &apos;org.springframework.cache.config.internalCacheAdvisor&apos;
DEBUG (org.springframework.beans.factory.support.DefaultListableBeanFactory:478) - Finished creating instance of bean &apos;(inner bean)#73d4066e&apos;
DEBUG (org.springframework.beans.factory.support.DefaultListableBeanFactory:450) - Creating instance of bean &apos;(inner bean)#22a0d4ea&apos;
DEBUG (org.springframework.beans.factory.support.DefaultListableBeanFactory:247) - Returning cached instance of singleton bean &apos;org.springframework.aop.support.DefaultBeanFactoryPointcutAdvisor#0&apos;
DEBUG (org.springframework.beans.factory.support.DefaultListableBeanFactory:247) - Returning cached instance of singleton bean &apos;org.springframework.cache.config.internalCacheAdvisor&apos;
DEBUG (org.springframework.beans.factory.support.DefaultListableBeanFactory:247) - Returning cached instance of singleton bean &apos;org.springframework.aop.support.DefaultBeanFactoryPointcutAdvisor#0&apos;
DEBUG (org.springframework.beans.factory.support.DefaultListableBeanFactory:247) - Returning cached instance of singleton bean &apos;org.springframework.cache.config.internalCacheAdvisor&apos;
DEBUG (org.springframework.beans.factory.support.DefaultListableBeanFactory:247) - Returning cached instance of singleton bean &apos;org.springframework.aop.support.DefaultBeanFactoryPointcutAdvisor#0&apos;
DEBUG (org.springframework.beans.factory.support.DefaultListableBeanFactory:247) - Returning cached instance of singleton bean &apos;org.springframework.cache.config.internalCacheAdvisor&apos;
DEBUG (org.springframework.beans.factory.support.DefaultListableBeanFactory:478) - Finished creating instance of bean &apos;(inner bean)#22a0d4ea&apos;
DEBUG (org.springframework.beans.factory.support.DefaultListableBeanFactory:450) - Creating instance of bean &apos;(inner bean)#7c251f90&apos;
DEBUG (org.springframework.beans.factory.support.DefaultListableBeanFactory:247) - Returning cached instance of singleton bean &apos;org.springframework.aop.support.DefaultBeanFactoryPointcutAdvisor#0&apos;
DEBUG (org.springframework.beans.factory.support.DefaultListableBeanFactory:247) - Returning cached instance of singleton bean &apos;org.springframework.cache.config.internalCacheAdvisor&apos;
DEBUG (org.springframework.beans.factory.support.DefaultListableBeanFactory:247) - Returning cached instance of singleton bean &apos;org.springframework.aop.support.DefaultBeanFactoryPointcutAdvisor#0&apos;
DEBUG (org.springframework.beans.factory.support.DefaultListableBeanFactory:247) - Returning cached instance of singleton bean &apos;org.springframework.cache.config.internalCacheAdvisor&apos;
DEBUG (org.springframework.beans.factory.support.DefaultListableBeanFactory:247) - Returning cached instance of singleton bean &apos;org.springframework.aop.support.DefaultBeanFactoryPointcutAdvisor#0&apos;
DEBUG (org.springframework.beans.factory.support.DefaultListableBeanFactory:247) - Returning cached instance of singleton bean &apos;org.springframework.cache.config.internalCacheAdvisor&apos;
DEBUG (org.springframework.beans.factory.support.DefaultListableBeanFactory:478) - Finished creating instance of bean &apos;(inner bean)#7c251f90&apos;
DEBUG (org.springframework.beans.factory.support.DefaultListableBeanFactory:450) - Creating instance of bean &apos;(inner bean)#212dfd39&apos;
DEBUG (org.springframework.beans.factory.support.DefaultListableBeanFactory:247) - Returning cached instance of singleton bean &apos;org.springframework.aop.support.DefaultBeanFactoryPointcutAdvisor#0&apos;
DEBUG (org.springframework.beans.factory.support.DefaultListableBeanFactory:247) - Returning cached instance of singleton bean &apos;org.springframework.cache.config.internalCacheAdvisor&apos;
DEBUG (org.springframework.beans.factory.support.DefaultListableBeanFactory:247) - Returning cached instance of singleton bean &apos;org.springframework.aop.support.DefaultBeanFactoryPointcutAdvisor#0&apos;
DEBUG (org.springframework.beans.factory.support.DefaultListableBeanFactory:247) - Returning cached instance of singleton bean &apos;org.springframework.cache.config.internalCacheAdvisor&apos;
DEBUG (org.springframework.beans.factory.support.DefaultListableBeanFactory:247) - Returning cached instance of singleton bean &apos;org.springframework.aop.support.DefaultBeanFactoryPointcutAdvisor#0&apos;
DEBUG (org.springframework.beans.factory.support.DefaultListableBeanFactory:247) - Returning cached instance of singleton bean &apos;org.springframework.cache.config.internalCacheAdvisor&apos;
DEBUG (org.springframework.beans.factory.support.DefaultListableBeanFactory:478) - Finished creating instance of bean &apos;(inner bean)#212dfd39&apos;
DEBUG (org.springframework.beans.factory.support.DefaultListableBeanFactory:1610) - Invoking afterPropertiesSet() on bean with name &apos;org.springframework.web.servlet.mvc.method.annotation.RequestMappingHandlerAdapter#0&apos;
 INFO (org.springframework.web.servlet.mvc.method.annotation.RequestMappingHandlerAdapter:523) - Looking for @ControllerAdvice: org.springframework.context.support.GenericApplicationContext@72b6cbcc: startup date [Wed Jun 07 11:10:25 CST 2017]; root of context hierarchy
DEBUG (org.springframework.beans.factory.support.DefaultListableBeanFactory:247) - Returning cached instance of singleton bean &apos;org.springframework.aop.support.DefaultBeanFactoryPointcutAdvisor#0&apos;
DEBUG (org.springframework.beans.factory.support.DefaultListableBeanFactory:247) - Returning cached instance of singleton bean &apos;org.springframework.cache.config.internalCacheAdvisor&apos;
DEBUG (org.springframework.beans.factory.support.DefaultListableBeanFactory:247) - Returning cached instance of singleton bean &apos;org.springframework.aop.support.DefaultBeanFactoryPointcutAdvisor#0&apos;
DEBUG (org.springframework.beans.factory.support.DefaultListableBeanFactory:247) - Returning cached instance of singleton bean &apos;org.springframework.cache.config.internalCacheAdvisor&apos;
DEBUG (org.springframework.beans.factory.support.DefaultListableBeanFactory:478) - Finished creating instance of bean &apos;org.springframework.web.servlet.mvc.method.annotation.RequestMappingHandlerAdapter#0&apos;
DEBUG (org.springframework.beans.factory.support.DefaultListableBeanFactory:220) - Creating shared instance of singleton bean &apos;mvcUriComponentsContributor&apos;
DEBUG (org.springframework.beans.factory.support.DefaultListableBeanFactory:450) - Creating instance of bean &apos;mvcUriComponentsContributor&apos;
DEBUG (org.springframework.beans.factory.support.DefaultListableBeanFactory:247) - Returning cached instance of singleton bean &apos;org.springframework.aop.support.DefaultBeanFactoryPointcutAdvisor#0&apos;
DEBUG (org.springframework.beans.factory.support.DefaultListableBeanFactory:247) - Returning cached instance of singleton bean &apos;org.springframework.cache.config.internalCacheAdvisor&apos;
DEBUG (org.springframework.beans.factory.support.DefaultListableBeanFactory:524) - Eagerly caching bean &apos;mvcUriComponentsContributor&apos; to allow for resolving potential circular references
DEBUG (org.springframework.beans.factory.support.DefaultListableBeanFactory:450) - Creating instance of bean &apos;(inner bean)#14ef2482&apos;
DEBUG (org.springframework.beans.factory.support.DefaultListableBeanFactory:247) - Returning cached instance of singleton bean &apos;org.springframework.aop.support.DefaultBeanFactoryPointcutAdvisor#0&apos;
DEBUG (org.springframework.beans.factory.support.DefaultListableBeanFactory:247) - Returning cached instance of singleton bean &apos;org.springframework.cache.config.internalCacheAdvisor&apos;
DEBUG (org.springframework.beans.factory.support.DefaultListableBeanFactory:247) - Returning cached instance of singleton bean &apos;mvcContentNegotiationManager&apos;
DEBUG (org.springframework.beans.factory.support.DefaultListableBeanFactory:450) - Creating instance of bean &apos;(inner bean)#3a22bad6#1&apos;
DEBUG (org.springframework.beans.factory.support.DefaultListableBeanFactory:247) - Returning cached instance of singleton bean &apos;org.springframework.aop.support.DefaultBeanFactoryPointcutAdvisor#0&apos;
DEBUG (org.springframework.beans.factory.support.DefaultListableBeanFactory:247) - Returning cached instance of singleton bean &apos;org.springframework.cache.config.internalCacheAdvisor&apos;
DEBUG (org.springframework.beans.factory.support.DefaultListableBeanFactory:247) - Returning cached instance of singleton bean &apos;org.springframework.format.support.FormattingConversionServiceFactoryBean#0&apos;
DEBUG (org.springframework.beans.factory.support.DefaultListableBeanFactory:247) - Returning cached instance of singleton bean &apos;org.springframework.validation.beanvalidation.OptionalValidatorFactoryBean#0&apos;
DEBUG (org.springframework.beans.factory.support.DefaultListableBeanFactory:247) - Returning cached instance of singleton bean &apos;org.springframework.aop.support.DefaultBeanFactoryPointcutAdvisor#0&apos;
DEBUG (org.springframework.beans.factory.support.DefaultListableBeanFactory:247) - Returning cached instance of singleton bean &apos;org.springframework.cache.config.internalCacheAdvisor&apos;
DEBUG (org.springframework.beans.factory.support.DefaultListableBeanFactory:247) - Returning cached instance of singleton bean &apos;org.springframework.aop.support.DefaultBeanFactoryPointcutAdvisor#0&apos;
DEBUG (org.springframework.beans.factory.support.DefaultListableBeanFactory:247) - Returning cached instance of singleton bean &apos;org.springframework.cache.config.internalCacheAdvisor&apos;
DEBUG (org.springframework.beans.factory.support.DefaultListableBeanFactory:478) - Finished creating instance of bean &apos;(inner bean)#3a22bad6#1&apos;
DEBUG (org.springframework.beans.factory.support.DefaultListableBeanFactory:450) - Creating instance of bean &apos;(inner bean)#665522c2#1&apos;
DEBUG (org.springframework.beans.factory.support.DefaultListableBeanFactory:247) - Returning cached instance of singleton bean &apos;org.springframework.aop.support.DefaultBeanFactoryPointcutAdvisor#0&apos;
DEBUG (org.springframework.beans.factory.support.DefaultListableBeanFactory:247) - Returning cached instance of singleton bean &apos;org.springframework.cache.config.internalCacheAdvisor&apos;
DEBUG (org.springframework.beans.factory.support.DefaultListableBeanFactory:247) - Returning cached instance of singleton bean &apos;org.springframework.aop.support.DefaultBeanFactoryPointcutAdvisor#0&apos;
DEBUG (org.springframework.beans.factory.support.DefaultListableBeanFactory:247) - Returning cached instance of singleton bean &apos;org.springframework.cache.config.internalCacheAdvisor&apos;
DEBUG (org.springframework.beans.factory.support.DefaultListableBeanFactory:247) - Returning cached instance of singleton bean &apos;org.springframework.aop.support.DefaultBeanFactoryPointcutAdvisor#0&apos;
DEBUG (org.springframework.beans.factory.support.DefaultListableBeanFactory:247) - Returning cached instance of singleton bean &apos;org.springframework.cache.config.internalCacheAdvisor&apos;
DEBUG (org.springframework.beans.factory.support.DefaultListableBeanFactory:478) - Finished creating instance of bean &apos;(inner bean)#665522c2#1&apos;
DEBUG (org.springframework.beans.factory.support.DefaultListableBeanFactory:450) - Creating instance of bean &apos;(inner bean)#28cb3a25#1&apos;
DEBUG (org.springframework.beans.factory.support.DefaultListableBeanFactory:247) - Returning cached instance of singleton bean &apos;org.springframework.aop.support.DefaultBeanFactoryPointcutAdvisor#0&apos;
DEBUG (org.springframework.beans.factory.support.DefaultListableBeanFactory:247) - Returning cached instance of singleton bean &apos;org.springframework.cache.config.internalCacheAdvisor&apos;
DEBUG (org.springframework.beans.factory.support.DefaultListableBeanFactory:247) - Returning cached instance of singleton bean &apos;org.springframework.aop.support.DefaultBeanFactoryPointcutAdvisor#0&apos;
DEBUG (org.springframework.beans.factory.support.DefaultListableBeanFactory:247) - Returning cached instance of singleton bean &apos;org.springframework.cache.config.internalCacheAdvisor&apos;
DEBUG (org.springframework.beans.factory.support.DefaultListableBeanFactory:247) - Returning cached instance of singleton bean &apos;org.springframework.aop.support.DefaultBeanFactoryPointcutAdvisor#0&apos;
DEBUG (org.springframework.beans.factory.support.DefaultListableBeanFactory:247) - Returning cached instance of singleton bean &apos;org.springframework.cache.config.internalCacheAdvisor&apos;
DEBUG (org.springframework.beans.factory.support.DefaultListableBeanFactory:478) - Finished creating instance of bean &apos;(inner bean)#28cb3a25#1&apos;
DEBUG (org.springframework.beans.factory.support.DefaultListableBeanFactory:450) - Creating instance of bean &apos;(inner bean)#6cfd9a54#1&apos;
DEBUG (org.springframework.beans.factory.support.DefaultListableBeanFactory:247) - Returning cached instance of singleton bean &apos;org.springframework.aop.support.DefaultBeanFactoryPointcutAdvisor#0&apos;
DEBUG (org.springframework.beans.factory.support.DefaultListableBeanFactory:247) - Returning cached instance of singleton bean &apos;org.springframework.cache.config.internalCacheAdvisor&apos;
DEBUG (org.springframework.beans.factory.support.DefaultListableBeanFactory:247) - Returning cached instance of singleton bean &apos;org.springframework.aop.support.DefaultBeanFactoryPointcutAdvisor#0&apos;
DEBUG (org.springframework.beans.factory.support.DefaultListableBeanFactory:247) - Returning cached instance of singleton bean &apos;org.springframework.cache.config.internalCacheAdvisor&apos;
DEBUG (org.springframework.beans.factory.support.DefaultListableBeanFactory:247) - Returning cached instance of singleton bean &apos;org.springframework.aop.support.DefaultBeanFactoryPointcutAdvisor#0&apos;
DEBUG (org.springframework.beans.factory.support.DefaultListableBeanFactory:247) - Returning cached instance of singleton bean &apos;org.springframework.cache.config.internalCacheAdvisor&apos;
DEBUG (org.springframework.beans.factory.support.DefaultListableBeanFactory:478) - Finished creating instance of bean &apos;(inner bean)#6cfd9a54#1&apos;
DEBUG (org.springframework.beans.factory.support.DefaultListableBeanFactory:450) - Creating instance of bean &apos;(inner bean)#9aa2002#1&apos;
DEBUG (org.springframework.beans.factory.support.DefaultListableBeanFactory:247) - Returning cached instance of singleton bean &apos;org.springframework.aop.support.DefaultBeanFactoryPointcutAdvisor#0&apos;
DEBUG (org.springframework.beans.factory.support.DefaultListableBeanFactory:247) - Returning cached instance of singleton bean &apos;org.springframework.cache.config.internalCacheAdvisor&apos;
DEBUG (org.springframework.beans.factory.support.DefaultListableBeanFactory:247) - Returning cached instance of singleton bean &apos;org.springframework.aop.support.DefaultBeanFactoryPointcutAdvisor#0&apos;
DEBUG (org.springframework.beans.factory.support.DefaultListableBeanFactory:247) - Returning cached instance of singleton bean &apos;org.springframework.cache.config.internalCacheAdvisor&apos;
DEBUG (org.springframework.beans.factory.support.DefaultListableBeanFactory:247) - Returning cached instance of singleton bean &apos;org.springframework.aop.support.DefaultBeanFactoryPointcutAdvisor#0&apos;
DEBUG (org.springframework.beans.factory.support.DefaultListableBeanFactory:247) - Returning cached instance of singleton bean &apos;org.springframework.cache.config.internalCacheAdvisor&apos;
DEBUG (org.springframework.beans.factory.support.DefaultListableBeanFactory:478) - Finished creating instance of bean &apos;(inner bean)#9aa2002#1&apos;
DEBUG (org.springframework.beans.factory.support.DefaultListableBeanFactory:450) - Creating instance of bean &apos;(inner bean)#73d4066e#1&apos;
DEBUG (org.springframework.beans.factory.support.DefaultListableBeanFactory:247) - Returning cached instance of singleton bean &apos;org.springframework.aop.support.DefaultBeanFactoryPointcutAdvisor#0&apos;
DEBUG (org.springframework.beans.factory.support.DefaultListableBeanFactory:247) - Returning cached instance of singleton bean &apos;org.springframework.cache.config.internalCacheAdvisor&apos;
DEBUG (org.springframework.beans.factory.support.DefaultListableBeanFactory:247) - Returning cached instance of singleton bean &apos;org.springframework.aop.support.DefaultBeanFactoryPointcutAdvisor#0&apos;
DEBUG (org.springframework.beans.factory.support.DefaultListableBeanFactory:247) - Returning cached instance of singleton bean &apos;org.springframework.cache.config.internalCacheAdvisor&apos;
DEBUG (org.springframework.beans.factory.support.DefaultListableBeanFactory:247) - Returning cached instance of singleton bean &apos;org.springframework.aop.support.DefaultBeanFactoryPointcutAdvisor#0&apos;
DEBUG (org.springframework.beans.factory.support.DefaultListableBeanFactory:247) - Returning cached instance of singleton bean &apos;org.springframework.cache.config.internalCacheAdvisor&apos;
DEBUG (org.springframework.beans.factory.support.DefaultListableBeanFactory:478) - Finished creating instance of bean &apos;(inner bean)#73d4066e#1&apos;
DEBUG (org.springframework.beans.factory.support.DefaultListableBeanFactory:450) - Creating instance of bean &apos;(inner bean)#22a0d4ea#1&apos;
DEBUG (org.springframework.beans.factory.support.DefaultListableBeanFactory:247) - Returning cached instance of singleton bean &apos;org.springframework.aop.support.DefaultBeanFactoryPointcutAdvisor#0&apos;
DEBUG (org.springframework.beans.factory.support.DefaultListableBeanFactory:247) - Returning cached instance of singleton bean &apos;org.springframework.cache.config.internalCacheAdvisor&apos;
DEBUG (org.springframework.beans.factory.support.DefaultListableBeanFactory:247) - Returning cached instance of singleton bean &apos;org.springframework.aop.support.DefaultBeanFactoryPointcutAdvisor#0&apos;
DEBUG (org.springframework.beans.factory.support.DefaultListableBeanFactory:247) - Returning cached instance of singleton bean &apos;org.springframework.cache.config.internalCacheAdvisor&apos;
DEBUG (org.springframework.beans.factory.support.DefaultListableBeanFactory:247) - Returning cached instance of singleton bean &apos;org.springframework.aop.support.DefaultBeanFactoryPointcutAdvisor#0&apos;
DEBUG (org.springframework.beans.factory.support.DefaultListableBeanFactory:247) - Returning cached instance of singleton bean &apos;org.springframework.cache.config.internalCacheAdvisor&apos;
DEBUG (org.springframework.beans.factory.support.DefaultListableBeanFactory:478) - Finished creating instance of bean &apos;(inner bean)#22a0d4ea#1&apos;
DEBUG (org.springframework.beans.factory.support.DefaultListableBeanFactory:450) - Creating instance of bean &apos;(inner bean)#7c251f90#1&apos;
DEBUG (org.springframework.beans.factory.support.DefaultListableBeanFactory:247) - Returning cached instance of singleton bean &apos;org.springframework.aop.support.DefaultBeanFactoryPointcutAdvisor#0&apos;
DEBUG (org.springframework.beans.factory.support.DefaultListableBeanFactory:247) - Returning cached instance of singleton bean &apos;org.springframework.cache.config.internalCacheAdvisor&apos;
DEBUG (org.springframework.beans.factory.support.DefaultListableBeanFactory:247) - Returning cached instance of singleton bean &apos;org.springframework.aop.support.DefaultBeanFactoryPointcutAdvisor#0&apos;
DEBUG (org.springframework.beans.factory.support.DefaultListableBeanFactory:247) - Returning cached instance of singleton bean &apos;org.springframework.cache.config.internalCacheAdvisor&apos;
DEBUG (org.springframework.beans.factory.support.DefaultListableBeanFactory:247) - Returning cached instance of singleton bean &apos;org.springframework.aop.support.DefaultBeanFactoryPointcutAdvisor#0&apos;
DEBUG (org.springframework.beans.factory.support.DefaultListableBeanFactory:247) - Returning cached instance of singleton bean &apos;org.springframework.cache.config.internalCacheAdvisor&apos;
DEBUG (org.springframework.beans.factory.support.DefaultListableBeanFactory:478) - Finished creating instance of bean &apos;(inner bean)#7c251f90#1&apos;
DEBUG (org.springframework.beans.factory.support.DefaultListableBeanFactory:450) - Creating instance of bean &apos;(inner bean)#212dfd39#1&apos;
DEBUG (org.springframework.beans.factory.support.DefaultListableBeanFactory:247) - Returning cached instance of singleton bean &apos;org.springframework.aop.support.DefaultBeanFactoryPointcutAdvisor#0&apos;
DEBUG (org.springframework.beans.factory.support.DefaultListableBeanFactory:247) - Returning cached instance of singleton bean &apos;org.springframework.cache.config.internalCacheAdvisor&apos;
DEBUG (org.springframework.beans.factory.support.DefaultListableBeanFactory:247) - Returning cached instance of singleton bean &apos;org.springframework.aop.support.DefaultBeanFactoryPointcutAdvisor#0&apos;
DEBUG (org.springframework.beans.factory.support.DefaultListableBeanFactory:247) - Returning cached instance of singleton bean &apos;org.springframework.cache.config.internalCacheAdvisor&apos;
DEBUG (org.springframework.beans.factory.support.DefaultListableBeanFactory:247) - Returning cached instance of singleton bean &apos;org.springframework.aop.support.DefaultBeanFactoryPointcutAdvisor#0&apos;
DEBUG (org.springframework.beans.factory.support.DefaultListableBeanFactory:247) - Returning cached instance of singleton bean &apos;org.springframework.cache.config.internalCacheAdvisor&apos;
DEBUG (org.springframework.beans.factory.support.DefaultListableBeanFactory:478) - Finished creating instance of bean &apos;(inner bean)#212dfd39#1&apos;
DEBUG (org.springframework.beans.factory.support.DefaultListableBeanFactory:1610) - Invoking afterPropertiesSet() on bean with name &apos;(inner bean)#14ef2482&apos;
 INFO (org.springframework.web.servlet.mvc.method.annotation.RequestMappingHandlerAdapter:523) - Looking for @ControllerAdvice: org.springframework.context.support.GenericApplicationContext@72b6cbcc: startup date [Wed Jun 07 11:10:25 CST 2017]; root of context hierarchy
DEBUG (org.springframework.beans.factory.support.DefaultListableBeanFactory:247) - Returning cached instance of singleton bean &apos;org.springframework.aop.support.DefaultBeanFactoryPointcutAdvisor#0&apos;
DEBUG (org.springframework.beans.factory.support.DefaultListableBeanFactory:247) - Returning cached instance of singleton bean &apos;org.springframework.cache.config.internalCacheAdvisor&apos;
DEBUG (org.springframework.beans.factory.support.DefaultListableBeanFactory:247) - Returning cached instance of singleton bean &apos;org.springframework.aop.support.DefaultBeanFactoryPointcutAdvisor#0&apos;
DEBUG (org.springframework.beans.factory.support.DefaultListableBeanFactory:247) - Returning cached instance of singleton bean &apos;org.springframework.cache.config.internalCacheAdvisor&apos;
DEBUG (org.springframework.beans.factory.support.DefaultListableBeanFactory:243) - Returning eagerly cached instance of singleton bean &apos;mvcUriComponentsContributor&apos; that is not fully initialized yet - a consequence of a circular reference
DEBUG (org.springframework.beans.factory.support.DefaultListableBeanFactory:247) - Returning cached instance of singleton bean &apos;org.springframework.aop.support.DefaultBeanFactoryPointcutAdvisor#0&apos;
DEBUG (org.springframework.beans.factory.support.DefaultListableBeanFactory:247) - Returning cached instance of singleton bean &apos;org.springframework.cache.config.internalCacheAdvisor&apos;
DEBUG (org.springframework.beans.factory.support.DefaultListableBeanFactory:247) - Returning cached instance of singleton bean &apos;org.springframework.aop.support.DefaultBeanFactoryPointcutAdvisor#0&apos;
DEBUG (org.springframework.beans.factory.support.DefaultListableBeanFactory:247) - Returning cached instance of singleton bean &apos;org.springframework.cache.config.internalCacheAdvisor&apos;
DEBUG (org.springframework.beans.factory.support.DefaultListableBeanFactory:478) - Finished creating instance of bean &apos;(inner bean)#14ef2482&apos;
DEBUG (org.springframework.beans.factory.support.DefaultListableBeanFactory:247) - Returning cached instance of singleton bean &apos;org.springframework.format.support.FormattingConversionServiceFactoryBean#0&apos;
DEBUG (org.springframework.beans.factory.support.DefaultListableBeanFactory:1610) - Invoking afterPropertiesSet() on bean with name &apos;mvcUriComponentsContributor&apos;
DEBUG (org.springframework.beans.factory.support.DefaultListableBeanFactory:478) - Finished creating instance of bean &apos;mvcUriComponentsContributor&apos;
DEBUG (org.springframework.beans.factory.support.DefaultListableBeanFactory:247) - Returning cached instance of singleton bean &apos;org.springframework.web.servlet.handler.MappedInterceptor#0&apos;
DEBUG (org.springframework.beans.factory.support.DefaultListableBeanFactory:220) - Creating shared instance of singleton bean &apos;org.springframework.web.servlet.mvc.method.annotation.ExceptionHandlerExceptionResolver#0&apos;
DEBUG (org.springframework.beans.factory.support.DefaultListableBeanFactory:450) - Creating instance of bean &apos;org.springframework.web.servlet.mvc.method.annotation.ExceptionHandlerExceptionResolver#0&apos;
DEBUG (org.springframework.beans.factory.support.DefaultListableBeanFactory:247) - Returning cached instance of singleton bean &apos;org.springframework.aop.support.DefaultBeanFactoryPointcutAdvisor#0&apos;
DEBUG (org.springframework.beans.factory.support.DefaultListableBeanFactory:247) - Returning cached instance of singleton bean &apos;org.springframework.cache.config.internalCacheAdvisor&apos;
DEBUG (org.springframework.beans.factory.support.DefaultListableBeanFactory:524) - Eagerly caching bean &apos;org.springframework.web.servlet.mvc.method.annotation.ExceptionHandlerExceptionResolver#0&apos; to allow for resolving potential circular references
DEBUG (org.springframework.beans.factory.support.DefaultListableBeanFactory:247) - Returning cached instance of singleton bean &apos;mvcContentNegotiationManager&apos;
DEBUG (org.springframework.beans.factory.support.DefaultListableBeanFactory:450) - Creating instance of bean &apos;(inner bean)#665522c2#2&apos;
DEBUG (org.springframework.beans.factory.support.DefaultListableBeanFactory:247) - Returning cached instance of singleton bean &apos;org.springframework.aop.support.DefaultBeanFactoryPointcutAdvisor#0&apos;
DEBUG (org.springframework.beans.factory.support.DefaultListableBeanFactory:247) - Returning cached instance of singleton bean &apos;org.springframework.cache.config.internalCacheAdvisor&apos;
DEBUG (org.springframework.beans.factory.support.DefaultListableBeanFactory:247) - Returning cached instance of singleton bean &apos;org.springframework.aop.support.DefaultBeanFactoryPointcutAdvisor#0&apos;
DEBUG (org.springframework.beans.factory.support.DefaultListableBeanFactory:247) - Returning cached instance of singleton bean &apos;org.springframework.cache.config.internalCacheAdvisor&apos;
DEBUG (org.springframework.beans.factory.support.DefaultListableBeanFactory:247) - Returning cached instance of singleton bean &apos;org.springframework.aop.support.DefaultBeanFactoryPointcutAdvisor#0&apos;
DEBUG (org.springframework.beans.factory.support.DefaultListableBeanFactory:247) - Returning cached instance of singleton bean &apos;org.springframework.cache.config.internalCacheAdvisor&apos;
DEBUG (org.springframework.beans.factory.support.DefaultListableBeanFactory:478) - Finished creating instance of bean &apos;(inner bean)#665522c2#2&apos;
DEBUG (org.springframework.beans.factory.support.DefaultListableBeanFactory:450) - Creating instance of bean &apos;(inner bean)#28cb3a25#2&apos;
DEBUG (org.springframework.beans.factory.support.DefaultListableBeanFactory:247) - Returning cached instance of singleton bean &apos;org.springframework.aop.support.DefaultBeanFactoryPointcutAdvisor#0&apos;
DEBUG (org.springframework.beans.factory.support.DefaultListableBeanFactory:247) - Returning cached instance of singleton bean &apos;org.springframework.cache.config.internalCacheAdvisor&apos;
DEBUG (org.springframework.beans.factory.support.DefaultListableBeanFactory:247) - Returning cached instance of singleton bean &apos;org.springframework.aop.support.DefaultBeanFactoryPointcutAdvisor#0&apos;
DEBUG (org.springframework.beans.factory.support.DefaultListableBeanFactory:247) - Returning cached instance of singleton bean &apos;org.springframework.cache.config.internalCacheAdvisor&apos;
DEBUG (org.springframework.beans.factory.support.DefaultListableBeanFactory:247) - Returning cached instance of singleton bean &apos;org.springframework.aop.support.DefaultBeanFactoryPointcutAdvisor#0&apos;
DEBUG (org.springframework.beans.factory.support.DefaultListableBeanFactory:247) - Returning cached instance of singleton bean &apos;org.springframework.cache.config.internalCacheAdvisor&apos;
DEBUG (org.springframework.beans.factory.support.DefaultListableBeanFactory:478) - Finished creating instance of bean &apos;(inner bean)#28cb3a25#2&apos;
DEBUG (org.springframework.beans.factory.support.DefaultListableBeanFactory:450) - Creating instance of bean &apos;(inner bean)#6cfd9a54#2&apos;
DEBUG (org.springframework.beans.factory.support.DefaultListableBeanFactory:247) - Returning cached instance of singleton bean &apos;org.springframework.aop.support.DefaultBeanFactoryPointcutAdvisor#0&apos;
DEBUG (org.springframework.beans.factory.support.DefaultListableBeanFactory:247) - Returning cached instance of singleton bean &apos;org.springframework.cache.config.internalCacheAdvisor&apos;
DEBUG (org.springframework.beans.factory.support.DefaultListableBeanFactory:247) - Returning cached instance of singleton bean &apos;org.springframework.aop.support.DefaultBeanFactoryPointcutAdvisor#0&apos;
DEBUG (org.springframework.beans.factory.support.DefaultListableBeanFactory:247) - Returning cached instance of singleton bean &apos;org.springframework.cache.config.internalCacheAdvisor&apos;
DEBUG (org.springframework.beans.factory.support.DefaultListableBeanFactory:247) - Returning cached instance of singleton bean &apos;org.springframework.aop.support.DefaultBeanFactoryPointcutAdvisor#0&apos;
DEBUG (org.springframework.beans.factory.support.DefaultListableBeanFactory:247) - Returning cached instance of singleton bean &apos;org.springframework.cache.config.internalCacheAdvisor&apos;
DEBUG (org.springframework.beans.factory.support.DefaultListableBeanFactory:478) - Finished creating instance of bean &apos;(inner bean)#6cfd9a54#2&apos;
DEBUG (org.springframework.beans.factory.support.DefaultListableBeanFactory:450) - Creating instance of bean &apos;(inner bean)#9aa2002#2&apos;
DEBUG (org.springframework.beans.factory.support.DefaultListableBeanFactory:247) - Returning cached instance of singleton bean &apos;org.springframework.aop.support.DefaultBeanFactoryPointcutAdvisor#0&apos;
DEBUG (org.springframework.beans.factory.support.DefaultListableBeanFactory:247) - Returning cached instance of singleton bean &apos;org.springframework.cache.config.internalCacheAdvisor&apos;
DEBUG (org.springframework.beans.factory.support.DefaultListableBeanFactory:247) - Returning cached instance of singleton bean &apos;org.springframework.aop.support.DefaultBeanFactoryPointcutAdvisor#0&apos;
DEBUG (org.springframework.beans.factory.support.DefaultListableBeanFactory:247) - Returning cached instance of singleton bean &apos;org.springframework.cache.config.internalCacheAdvisor&apos;
DEBUG (org.springframework.beans.factory.support.DefaultListableBeanFactory:247) - Returning cached instance of singleton bean &apos;org.springframework.aop.support.DefaultBeanFactoryPointcutAdvisor#0&apos;
DEBUG (org.springframework.beans.factory.support.DefaultListableBeanFactory:247) - Returning cached instance of singleton bean &apos;org.springframework.cache.config.internalCacheAdvisor&apos;
DEBUG (org.springframework.beans.factory.support.DefaultListableBeanFactory:478) - Finished creating instance of bean &apos;(inner bean)#9aa2002#2&apos;
DEBUG (org.springframework.beans.factory.support.DefaultListableBeanFactory:450) - Creating instance of bean &apos;(inner bean)#73d4066e#2&apos;
DEBUG (org.springframework.beans.factory.support.DefaultListableBeanFactory:247) - Returning cached instance of singleton bean &apos;org.springframework.aop.support.DefaultBeanFactoryPointcutAdvisor#0&apos;
DEBUG (org.springframework.beans.factory.support.DefaultListableBeanFactory:247) - Returning cached instance of singleton bean &apos;org.springframework.cache.config.internalCacheAdvisor&apos;
DEBUG (org.springframework.beans.factory.support.DefaultListableBeanFactory:247) - Returning cached instance of singleton bean &apos;org.springframework.aop.support.DefaultBeanFactoryPointcutAdvisor#0&apos;
DEBUG (org.springframework.beans.factory.support.DefaultListableBeanFactory:247) - Returning cached instance of singleton bean &apos;org.springframework.cache.config.internalCacheAdvisor&apos;
DEBUG (org.springframework.beans.factory.support.DefaultListableBeanFactory:247) - Returning cached instance of singleton bean &apos;org.springframework.aop.support.DefaultBeanFactoryPointcutAdvisor#0&apos;
DEBUG (org.springframework.beans.factory.support.DefaultListableBeanFactory:247) - Returning cached instance of singleton bean &apos;org.springframework.cache.config.internalCacheAdvisor&apos;
DEBUG (org.springframework.beans.factory.support.DefaultListableBeanFactory:478) - Finished creating instance of bean &apos;(inner bean)#73d4066e#2&apos;
DEBUG (org.springframework.beans.factory.support.DefaultListableBeanFactory:450) - Creating instance of bean &apos;(inner bean)#22a0d4ea#2&apos;
DEBUG (org.springframework.beans.factory.support.DefaultListableBeanFactory:247) - Returning cached instance of singleton bean &apos;org.springframework.aop.support.DefaultBeanFactoryPointcutAdvisor#0&apos;
DEBUG (org.springframework.beans.factory.support.DefaultListableBeanFactory:247) - Returning cached instance of singleton bean &apos;org.springframework.cache.config.internalCacheAdvisor&apos;
DEBUG (org.springframework.beans.factory.support.DefaultListableBeanFactory:247) - Returning cached instance of singleton bean &apos;org.springframework.aop.support.DefaultBeanFactoryPointcutAdvisor#0&apos;
DEBUG (org.springframework.beans.factory.support.DefaultListableBeanFactory:247) - Returning cached instance of singleton bean &apos;org.springframework.cache.config.internalCacheAdvisor&apos;
DEBUG (org.springframework.beans.factory.support.DefaultListableBeanFactory:247) - Returning cached instance of singleton bean &apos;org.springframework.aop.support.DefaultBeanFactoryPointcutAdvisor#0&apos;
DEBUG (org.springframework.beans.factory.support.DefaultListableBeanFactory:247) - Returning cached instance of singleton bean &apos;org.springframework.cache.config.internalCacheAdvisor&apos;
DEBUG (org.springframework.beans.factory.support.DefaultListableBeanFactory:478) - Finished creating instance of bean &apos;(inner bean)#22a0d4ea#2&apos;
DEBUG (org.springframework.beans.factory.support.DefaultListableBeanFactory:450) - Creating instance of bean &apos;(inner bean)#7c251f90#2&apos;
DEBUG (org.springframework.beans.factory.support.DefaultListableBeanFactory:247) - Returning cached instance of singleton bean &apos;org.springframework.aop.support.DefaultBeanFactoryPointcutAdvisor#0&apos;
DEBUG (org.springframework.beans.factory.support.DefaultListableBeanFactory:247) - Returning cached instance of singleton bean &apos;org.springframework.cache.config.internalCacheAdvisor&apos;
DEBUG (org.springframework.beans.factory.support.DefaultListableBeanFactory:247) - Returning cached instance of singleton bean &apos;org.springframework.aop.support.DefaultBeanFactoryPointcutAdvisor#0&apos;
DEBUG (org.springframework.beans.factory.support.DefaultListableBeanFactory:247) - Returning cached instance of singleton bean &apos;org.springframework.cache.config.internalCacheAdvisor&apos;
DEBUG (org.springframework.beans.factory.support.DefaultListableBeanFactory:247) - Returning cached instance of singleton bean &apos;org.springframework.aop.support.DefaultBeanFactoryPointcutAdvisor#0&apos;
DEBUG (org.springframework.beans.factory.support.DefaultListableBeanFactory:247) - Returning cached instance of singleton bean &apos;org.springframework.cache.config.internalCacheAdvisor&apos;
DEBUG (org.springframework.beans.factory.support.DefaultListableBeanFactory:478) - Finished creating instance of bean &apos;(inner bean)#7c251f90#2&apos;
DEBUG (org.springframework.beans.factory.support.DefaultListableBeanFactory:450) - Creating instance of bean &apos;(inner bean)#7efd28bd&apos;
DEBUG (org.springframework.beans.factory.support.DefaultListableBeanFactory:247) - Returning cached instance of singleton bean &apos;org.springframework.aop.support.DefaultBeanFactoryPointcutAdvisor#0&apos;
DEBUG (org.springframework.beans.factory.support.DefaultListableBeanFactory:247) - Returning cached instance of singleton bean &apos;org.springframework.cache.config.internalCacheAdvisor&apos;
DEBUG (org.springframework.beans.factory.support.DefaultListableBeanFactory:247) - Returning cached instance of singleton bean &apos;org.springframework.aop.support.DefaultBeanFactoryPointcutAdvisor#0&apos;
DEBUG (org.springframework.beans.factory.support.DefaultListableBeanFactory:247) - Returning cached instance of singleton bean &apos;org.springframework.cache.config.internalCacheAdvisor&apos;
DEBUG (org.springframework.beans.factory.support.DefaultListableBeanFactory:247) - Returning cached instance of singleton bean &apos;org.springframework.aop.support.DefaultBeanFactoryPointcutAdvisor#0&apos;
DEBUG (org.springframework.beans.factory.support.DefaultListableBeanFactory:247) - Returning cached instance of singleton bean &apos;org.springframework.cache.config.internalCacheAdvisor&apos;
DEBUG (org.springframework.beans.factory.support.DefaultListableBeanFactory:478) - Finished creating instance of bean &apos;(inner bean)#7efd28bd&apos;
DEBUG (org.springframework.beans.factory.support.DefaultListableBeanFactory:1610) - Invoking afterPropertiesSet() on bean with name &apos;org.springframework.web.servlet.mvc.method.annotation.ExceptionHandlerExceptionResolver#0&apos;
DEBUG (org.springframework.web.servlet.mvc.method.annotation.ExceptionHandlerExceptionResolver:257) - Looking for exception mappings: org.springframework.context.support.GenericApplicationContext@72b6cbcc: startup date [Wed Jun 07 11:10:25 CST 2017]; root of context hierarchy
DEBUG (org.springframework.beans.factory.support.DefaultListableBeanFactory:247) - Returning cached instance of singleton bean &apos;org.springframework.aop.support.DefaultBeanFactoryPointcutAdvisor#0&apos;
DEBUG (org.springframework.beans.factory.support.DefaultListableBeanFactory:247) - Returning cached instance of singleton bean &apos;org.springframework.cache.config.internalCacheAdvisor&apos;
DEBUG (org.springframework.beans.factory.support.DefaultListableBeanFactory:247) - Returning cached instance of singleton bean &apos;org.springframework.aop.support.DefaultBeanFactoryPointcutAdvisor#0&apos;
DEBUG (org.springframework.beans.factory.support.DefaultListableBeanFactory:247) - Returning cached instance of singleton bean &apos;org.springframework.cache.config.internalCacheAdvisor&apos;
DEBUG (org.springframework.beans.factory.support.DefaultListableBeanFactory:478) - Finished creating instance of bean &apos;org.springframework.web.servlet.mvc.method.annotation.ExceptionHandlerExceptionResolver#0&apos;
DEBUG (org.springframework.beans.factory.support.DefaultListableBeanFactory:220) - Creating shared instance of singleton bean &apos;org.springframework.web.servlet.mvc.annotation.ResponseStatusExceptionResolver#0&apos;
DEBUG (org.springframework.beans.factory.support.DefaultListableBeanFactory:450) - Creating instance of bean &apos;org.springframework.web.servlet.mvc.annotation.ResponseStatusExceptionResolver#0&apos;
DEBUG (org.springframework.beans.factory.support.DefaultListableBeanFactory:247) - Returning cached instance of singleton bean &apos;org.springframework.aop.support.DefaultBeanFactoryPointcutAdvisor#0&apos;
DEBUG (org.springframework.beans.factory.support.DefaultListableBeanFactory:247) - Returning cached instance of singleton bean &apos;org.springframework.cache.config.internalCacheAdvisor&apos;
DEBUG (org.springframework.beans.factory.support.DefaultListableBeanFactory:524) - Eagerly caching bean &apos;org.springframework.web.servlet.mvc.annotation.ResponseStatusExceptionResolver#0&apos; to allow for resolving potential circular references
DEBUG (org.springframework.beans.factory.support.DefaultListableBeanFactory:247) - Returning cached instance of singleton bean &apos;org.springframework.aop.support.DefaultBeanFactoryPointcutAdvisor#0&apos;
DEBUG (org.springframework.beans.factory.support.DefaultListableBeanFactory:247) - Returning cached instance of singleton bean &apos;org.springframework.cache.config.internalCacheAdvisor&apos;
DEBUG (org.springframework.beans.factory.support.DefaultListableBeanFactory:247) - Returning cached instance of singleton bean &apos;org.springframework.aop.support.DefaultBeanFactoryPointcutAdvisor#0&apos;
DEBUG (org.springframework.beans.factory.support.DefaultListableBeanFactory:247) - Returning cached instance of singleton bean &apos;org.springframework.cache.config.internalCacheAdvisor&apos;
DEBUG (org.springframework.beans.factory.support.DefaultListableBeanFactory:478) - Finished creating instance of bean &apos;org.springframework.web.servlet.mvc.annotation.ResponseStatusExceptionResolver#0&apos;
DEBUG (org.springframework.beans.factory.support.DefaultListableBeanFactory:220) - Creating shared instance of singleton bean &apos;org.springframework.web.servlet.mvc.support.DefaultHandlerExceptionResolver#0&apos;
DEBUG (org.springframework.beans.factory.support.DefaultListableBeanFactory:450) - Creating instance of bean &apos;org.springframework.web.servlet.mvc.support.DefaultHandlerExceptionResolver#0&apos;
DEBUG (org.springframework.beans.factory.support.DefaultListableBeanFactory:247) - Returning cached instance of singleton bean &apos;org.springframework.aop.support.DefaultBeanFactoryPointcutAdvisor#0&apos;
DEBUG (org.springframework.beans.factory.support.DefaultListableBeanFactory:247) - Returning cached instance of singleton bean &apos;org.springframework.cache.config.internalCacheAdvisor&apos;
DEBUG (org.springframework.beans.factory.support.DefaultListableBeanFactory:524) - Eagerly caching bean &apos;org.springframework.web.servlet.mvc.support.DefaultHandlerExceptionResolver#0&apos; to allow for resolving potential circular references
DEBUG (org.springframework.beans.factory.support.DefaultListableBeanFactory:247) - Returning cached instance of singleton bean &apos;org.springframework.aop.support.DefaultBeanFactoryPointcutAdvisor#0&apos;
DEBUG (org.springframework.beans.factory.support.DefaultListableBeanFactory:247) - Returning cached instance of singleton bean &apos;org.springframework.cache.config.internalCacheAdvisor&apos;
DEBUG (org.springframework.beans.factory.support.DefaultListableBeanFactory:247) - Returning cached instance of singleton bean &apos;org.springframework.aop.support.DefaultBeanFactoryPointcutAdvisor#0&apos;
DEBUG (org.springframework.beans.factory.support.DefaultListableBeanFactory:247) - Returning cached instance of singleton bean &apos;org.springframework.cache.config.internalCacheAdvisor&apos;
DEBUG (org.springframework.beans.factory.support.DefaultListableBeanFactory:478) - Finished creating instance of bean &apos;org.springframework.web.servlet.mvc.support.DefaultHandlerExceptionResolver#0&apos;
DEBUG (org.springframework.beans.factory.support.DefaultListableBeanFactory:220) - Creating shared instance of singleton bean &apos;org.springframework.web.servlet.handler.BeanNameUrlHandlerMapping&apos;
DEBUG (org.springframework.beans.factory.support.DefaultListableBeanFactory:450) - Creating instance of bean &apos;org.springframework.web.servlet.handler.BeanNameUrlHandlerMapping&apos;
DEBUG (org.springframework.beans.factory.support.DefaultListableBeanFactory:247) - Returning cached instance of singleton bean &apos;org.springframework.aop.support.DefaultBeanFactoryPointcutAdvisor#0&apos;
DEBUG (org.springframework.beans.factory.support.DefaultListableBeanFactory:247) - Returning cached instance of singleton bean &apos;org.springframework.cache.config.internalCacheAdvisor&apos;
DEBUG (org.springframework.beans.factory.support.DefaultListableBeanFactory:524) - Eagerly caching bean &apos;org.springframework.web.servlet.handler.BeanNameUrlHandlerMapping&apos; to allow for resolving potential circular references
DEBUG (org.springframework.beans.factory.support.DefaultListableBeanFactory:247) - Returning cached instance of singleton bean &apos;org.springframework.web.servlet.handler.MappedInterceptor#0&apos;
DEBUG (org.springframework.beans.factory.support.DefaultListableBeanFactory:247) - Returning cached instance of singleton bean &apos;org.springframework.web.servlet.handler.MappedInterceptor#1&apos;
DEBUG (org.springframework.web.servlet.handler.BeanNameUrlHandlerMapping:71) - Looking for URL mappings in application context: org.springframework.context.support.GenericApplicationContext@72b6cbcc: startup date [Wed Jun 07 11:10:25 CST 2017]; root of context hierarchy
DEBUG (org.springframework.web.servlet.handler.BeanNameUrlHandlerMapping:86) - Rejected bean name &apos;mvcContentNegotiationManager&apos;: no URL paths identified
DEBUG (org.springframework.web.servlet.handler.BeanNameUrlHandlerMapping:86) - Rejected bean name &apos;org.springframework.web.servlet.mvc.method.annotation.RequestMappingHandlerMapping#0&apos;: no URL paths identified
DEBUG (org.springframework.web.servlet.handler.BeanNameUrlHandlerMapping:86) - Rejected bean name &apos;org.springframework.format.support.FormattingConversionServiceFactoryBean#0&apos;: no URL paths identified
DEBUG (org.springframework.web.servlet.handler.BeanNameUrlHandlerMapping:86) - Rejected bean name &apos;org.springframework.validation.beanvalidation.OptionalValidatorFactoryBean#0&apos;: no URL paths identified
DEBUG (org.springframework.web.servlet.handler.BeanNameUrlHandlerMapping:86) - Rejected bean name &apos;org.springframework.web.servlet.mvc.method.annotation.RequestMappingHandlerAdapter#0&apos;: no URL paths identified
DEBUG (org.springframework.web.servlet.handler.BeanNameUrlHandlerMapping:86) - Rejected bean name &apos;mvcUriComponentsContributor&apos;: no URL paths identified
DEBUG (org.springframework.web.servlet.handler.BeanNameUrlHandlerMapping:86) - Rejected bean name &apos;org.springframework.web.servlet.handler.MappedInterceptor#0&apos;: no URL paths identified
DEBUG (org.springframework.web.servlet.handler.BeanNameUrlHandlerMapping:86) - Rejected bean name &apos;org.springframework.web.servlet.mvc.method.annotation.ExceptionHandlerExceptionResolver#0&apos;: no URL paths identified
DEBUG (org.springframework.web.servlet.handler.BeanNameUrlHandlerMapping:86) - Rejected bean name &apos;org.springframework.web.servlet.mvc.annotation.ResponseStatusExceptionResolver#0&apos;: no URL paths identified
DEBUG (org.springframework.web.servlet.handler.BeanNameUrlHandlerMapping:86) - Rejected bean name &apos;org.springframework.web.servlet.mvc.support.DefaultHandlerExceptionResolver#0&apos;: no URL paths identified
DEBUG (org.springframework.web.servlet.handler.BeanNameUrlHandlerMapping:86) - Rejected bean name &apos;org.springframework.web.servlet.handler.BeanNameUrlHandlerMapping&apos;: no URL paths identified
DEBUG (org.springframework.web.servlet.handler.BeanNameUrlHandlerMapping:86) - Rejected bean name &apos;org.springframework.web.servlet.mvc.HttpRequestHandlerAdapter&apos;: no URL paths identified
DEBUG (org.springframework.web.servlet.handler.BeanNameUrlHandlerMapping:86) - Rejected bean name &apos;org.springframework.web.servlet.mvc.SimpleControllerHandlerAdapter&apos;: no URL paths identified
DEBUG (org.springframework.web.servlet.handler.BeanNameUrlHandlerMapping:86) - Rejected bean name &apos;cacheController&apos;: no URL paths identified
DEBUG (org.springframework.web.servlet.handler.BeanNameUrlHandlerMapping:86) - Rejected bean name &apos;sheetController&apos;: no URL paths identified
DEBUG (org.springframework.web.servlet.handler.BeanNameUrlHandlerMapping:86) - Rejected bean name &apos;uploadController&apos;: no URL paths identified
DEBUG (org.springframework.web.servlet.handler.BeanNameUrlHandlerMapping:86) - Rejected bean name &apos;cleanerController&apos;: no URL paths identified
DEBUG (org.springframework.web.servlet.handler.BeanNameUrlHandlerMapping:86) - Rejected bean name &apos;firstController&apos;: no URL paths identified
DEBUG (org.springframework.web.servlet.handler.BeanNameUrlHandlerMapping:86) - Rejected bean name &apos;mirrorTableController&apos;: no URL paths identified
DEBUG (org.springframework.web.servlet.handler.BeanNameUrlHandlerMapping:86) - Rejected bean name &apos;alarmRuleController&apos;: no URL paths identified
DEBUG (org.springframework.web.servlet.handler.BeanNameUrlHandlerMapping:86) - Rejected bean name &apos;monitorController&apos;: no URL paths identified
DEBUG (org.springframework.web.servlet.handler.BeanNameUrlHandlerMapping:86) - Rejected bean name &apos;severHostController&apos;: no URL paths identified
DEBUG (org.springframework.web.servlet.handler.BeanNameUrlHandlerMapping:86) - Rejected bean name &apos;preSystemController&apos;: no URL paths identified
DEBUG (org.springframework.web.servlet.handler.BeanNameUrlHandlerMapping:86) - Rejected bean name &apos;adminController&apos;: no URL paths identified
DEBUG (org.springframework.web.servlet.handler.BeanNameUrlHandlerMapping:86) - Rejected bean name &apos;resourceController&apos;: no URL paths identified
DEBUG (org.springframework.web.servlet.handler.BeanNameUrlHandlerMapping:86) - Rejected bean name &apos;roleController&apos;: no URL paths identified
DEBUG (org.springframework.web.servlet.handler.BeanNameUrlHandlerMapping:86) - Rejected bean name &apos;userController&apos;: no URL paths identified
DEBUG (org.springframework.web.servlet.handler.BeanNameUrlHandlerMapping:86) - Rejected bean name &apos;transformController&apos;: no URL paths identified
DEBUG (org.springframework.web.servlet.handler.BeanNameUrlHandlerMapping:86) - Rejected bean name &apos;validateController&apos;: no URL paths identified
DEBUG (org.springframework.web.servlet.handler.BeanNameUrlHandlerMapping:86) - Rejected bean name &apos;validateDemoController&apos;: no URL paths identified
DEBUG (org.springframework.web.servlet.handler.BeanNameUrlHandlerMapping:86) - Rejected bean name &apos;verifyController&apos;: no URL paths identified
DEBUG (org.springframework.web.servlet.handler.BeanNameUrlHandlerMapping:86) - Rejected bean name &apos;org.springframework.context.annotation.internalConfigurationAnnotationProcessor&apos;: no URL paths identified
DEBUG (org.springframework.web.servlet.handler.BeanNameUrlHandlerMapping:86) - Rejected bean name &apos;org.springframework.context.annotation.internalAutowiredAnnotationProcessor&apos;: no URL paths identified
DEBUG (org.springframework.web.servlet.handler.BeanNameUrlHandlerMapping:86) - Rejected bean name &apos;org.springframework.context.annotation.internalRequiredAnnotationProcessor&apos;: no URL paths identified
DEBUG (org.springframework.web.servlet.handler.BeanNameUrlHandlerMapping:86) - Rejected bean name &apos;org.springframework.context.annotation.internalCommonAnnotationProcessor&apos;: no URL paths identified
DEBUG (org.springframework.web.servlet.handler.BeanNameUrlHandlerMapping:86) - Rejected bean name &apos;org.springframework.aop.config.internalAutoProxyCreator&apos;: no URL paths identified
DEBUG (org.springframework.web.servlet.handler.BeanNameUrlHandlerMapping:86) - Rejected bean name &apos;viewResolver&apos;: no URL paths identified
DEBUG (org.springframework.web.servlet.handler.BeanNameUrlHandlerMapping:86) - Rejected bean name &apos;org.springframework.beans.factory.annotation.AutowiredAnnotationBeanPostProcessor#0&apos;: no URL paths identified
DEBUG (org.springframework.web.servlet.handler.BeanNameUrlHandlerMapping:86) - Rejected bean name &apos;mvcResourceUrlProvider&apos;: no URL paths identified
DEBUG (org.springframework.web.servlet.handler.BeanNameUrlHandlerMapping:86) - Rejected bean name &apos;org.springframework.web.servlet.handler.MappedInterceptor#1&apos;: no URL paths identified
DEBUG (org.springframework.web.servlet.handler.BeanNameUrlHandlerMapping:86) - Rejected bean name &apos;org.springframework.web.servlet.resource.ResourceHttpRequestHandler#0&apos;: no URL paths identified
DEBUG (org.springframework.web.servlet.handler.BeanNameUrlHandlerMapping:86) - Rejected bean name &apos;mvcPathMatcher&apos;: no URL paths identified
DEBUG (org.springframework.web.servlet.handler.BeanNameUrlHandlerMapping:86) - Rejected bean name &apos;mvcUrlPathHelper&apos;: no URL paths identified
DEBUG (org.springframework.web.servlet.handler.BeanNameUrlHandlerMapping:86) - Rejected bean name &apos;org.springframework.web.servlet.handler.SimpleUrlHandlerMapping#0&apos;: no URL paths identified
DEBUG (org.springframework.web.servlet.handler.BeanNameUrlHandlerMapping:86) - Rejected bean name &apos;org.springframework.web.servlet.resource.DefaultServletHttpRequestHandler#0&apos;: no URL paths identified
DEBUG (org.springframework.web.servlet.handler.BeanNameUrlHandlerMapping:86) - Rejected bean name &apos;org.springframework.web.servlet.handler.SimpleUrlHandlerMapping#1&apos;: no URL paths identified
DEBUG (org.springframework.web.servlet.handler.BeanNameUrlHandlerMapping:86) - Rejected bean name &apos;multipartResolver&apos;: no URL paths identified
DEBUG (org.springframework.web.servlet.handler.BeanNameUrlHandlerMapping:86) - Rejected bean name &apos;CSVFileConverter&apos;: no URL paths identified
DEBUG (org.springframework.web.servlet.handler.BeanNameUrlHandlerMapping:86) - Rejected bean name &apos;excelConverter&apos;: no URL paths identified
DEBUG (org.springframework.web.servlet.handler.BeanNameUrlHandlerMapping:86) - Rejected bean name &apos;controllerValidatorInterceptor&apos;: no URL paths identified
DEBUG (org.springframework.web.servlet.handler.BeanNameUrlHandlerMapping:86) - Rejected bean name &apos;defaultValidator&apos;: no URL paths identified
DEBUG (org.springframework.web.servlet.handler.BeanNameUrlHandlerMapping:86) - Rejected bean name &apos;insertStringOperation&apos;: no URL paths identified
DEBUG (org.springframework.web.servlet.handler.BeanNameUrlHandlerMapping:86) - Rejected bean name &apos;regexValidator&apos;: no URL paths identified
DEBUG (org.springframework.web.servlet.handler.BeanNameUrlHandlerMapping:86) - Rejected bean name &apos;replaceStringOperation&apos;: no URL paths identified
DEBUG (org.springframework.web.servlet.handler.BeanNameUrlHandlerMapping:86) - Rejected bean name &apos;analysisService&apos;: no URL paths identified
DEBUG (org.springframework.web.servlet.handler.BeanNameUrlHandlerMapping:86) - Rejected bean name &apos;sheetInfoService&apos;: no URL paths identified
DEBUG (org.springframework.web.servlet.handler.BeanNameUrlHandlerMapping:86) - Rejected bean name &apos;uploadInfoService&apos;: no URL paths identified
DEBUG (org.springframework.web.servlet.handler.BeanNameUrlHandlerMapping:86) - Rejected bean name &apos;commonService&apos;: no URL paths identified
DEBUG (org.springframework.web.servlet.handler.BeanNameUrlHandlerMapping:86) - Rejected bean name &apos;sheetLogService&apos;: no URL paths identified
DEBUG (org.springframework.web.servlet.handler.BeanNameUrlHandlerMapping:86) - Rejected bean name &apos;mirrorTableService&apos;: no URL paths identified
DEBUG (org.springframework.web.servlet.handler.BeanNameUrlHandlerMapping:86) - Rejected bean name &apos;alarmRuleService&apos;: no URL paths identified
DEBUG (org.springframework.web.servlet.handler.BeanNameUrlHandlerMapping:86) - Rejected bean name &apos;mailService&apos;: no URL paths identified
DEBUG (org.springframework.web.servlet.handler.BeanNameUrlHandlerMapping:86) - Rejected bean name &apos;monitorService&apos;: no URL paths identified
DEBUG (org.springframework.web.servlet.handler.BeanNameUrlHandlerMapping:86) - Rejected bean name &apos;serverHostService&apos;: no URL paths identified
DEBUG (org.springframework.web.servlet.handler.BeanNameUrlHandlerMapping:86) - Rejected bean name &apos;serverInfoService&apos;: no URL paths identified
DEBUG (org.springframework.web.servlet.handler.BeanNameUrlHandlerMapping:86) - Rejected bean name &apos;preSystemService&apos;: no URL paths identified
DEBUG (org.springframework.web.servlet.handler.BeanNameUrlHandlerMapping:86) - Rejected bean name &apos;cleanService&apos;: no URL paths identified
DEBUG (org.springframework.web.servlet.handler.BeanNameUrlHandlerMapping:86) - Rejected bean name &apos;transformService&apos;: no URL paths identified
DEBUG (org.springframework.web.servlet.handler.BeanNameUrlHandlerMapping:86) - Rejected bean name &apos;validateService&apos;: no URL paths identified
DEBUG (org.springframework.web.servlet.handler.BeanNameUrlHandlerMapping:86) - Rejected bean name &apos;adminService&apos;: no URL paths identified
DEBUG (org.springframework.web.servlet.handler.BeanNameUrlHandlerMapping:86) - Rejected bean name &apos;resourceService&apos;: no URL paths identified
DEBUG (org.springframework.web.servlet.handler.BeanNameUrlHandlerMapping:86) - Rejected bean name &apos;roleService&apos;: no URL paths identified
DEBUG (org.springframework.web.servlet.handler.BeanNameUrlHandlerMapping:86) - Rejected bean name &apos;userService&apos;: no URL paths identified
DEBUG (org.springframework.web.servlet.handler.BeanNameUrlHandlerMapping:86) - Rejected bean name &apos;springContextHolder&apos;: no URL paths identified
DEBUG (org.springframework.web.servlet.handler.BeanNameUrlHandlerMapping:86) - Rejected bean name &apos;prop&apos;: no URL paths identified
DEBUG (org.springframework.web.servlet.handler.BeanNameUrlHandlerMapping:86) - Rejected bean name &apos;propertyConfigurer&apos;: no URL paths identified
DEBUG (org.springframework.web.servlet.handler.BeanNameUrlHandlerMapping:86) - Rejected bean name &apos;dataSource&apos;: no URL paths identified
DEBUG (org.springframework.web.servlet.handler.BeanNameUrlHandlerMapping:86) - Rejected bean name &apos;sqlSessionFactory&apos;: no URL paths identified
DEBUG (org.springframework.web.servlet.handler.BeanNameUrlHandlerMapping:86) - Rejected bean name &apos;org.mybatis.spring.mapper.MapperScannerConfigurer#0&apos;: no URL paths identified
DEBUG (org.springframework.web.servlet.handler.BeanNameUrlHandlerMapping:86) - Rejected bean name &apos;transactionManager&apos;: no URL paths identified
DEBUG (org.springframework.web.servlet.handler.BeanNameUrlHandlerMapping:86) - Rejected bean name &apos;txAdvice&apos;: no URL paths identified
DEBUG (org.springframework.web.servlet.handler.BeanNameUrlHandlerMapping:86) - Rejected bean name &apos;org.springframework.aop.support.DefaultBeanFactoryPointcutAdvisor#0&apos;: no URL paths identified
DEBUG (org.springframework.web.servlet.handler.BeanNameUrlHandlerMapping:86) - Rejected bean name &apos;org.springframework.context.annotation.internalAsyncAnnotationProcessor&apos;: no URL paths identified
DEBUG (org.springframework.web.servlet.handler.BeanNameUrlHandlerMapping:86) - Rejected bean name &apos;org.springframework.context.annotation.internalScheduledAnnotationProcessor&apos;: no URL paths identified
DEBUG (org.springframework.web.servlet.handler.BeanNameUrlHandlerMapping:86) - Rejected bean name &apos;qbScheduler&apos;: no URL paths identified
DEBUG (org.springframework.web.servlet.handler.BeanNameUrlHandlerMapping:86) - Rejected bean name &apos;simplePermFilter&apos;: no URL paths identified
DEBUG (org.springframework.web.servlet.handler.BeanNameUrlHandlerMapping:86) - Rejected bean name &apos;shiroFilter&apos;: no URL paths identified
DEBUG (org.springframework.web.servlet.handler.BeanNameUrlHandlerMapping:86) - Rejected bean name &apos;myRealm&apos;: no URL paths identified
DEBUG (org.springframework.web.servlet.handler.BeanNameUrlHandlerMapping:86) - Rejected bean name &apos;securityManager&apos;: no URL paths identified
DEBUG (org.springframework.web.servlet.handler.BeanNameUrlHandlerMapping:86) - Rejected bean name &apos;lifecycleBeanPostProcessor&apos;: no URL paths identified
DEBUG (org.springframework.web.servlet.handler.BeanNameUrlHandlerMapping:86) - Rejected bean name &apos;org.springframework.cache.annotation.AnnotationCacheOperationSource#0&apos;: no URL paths identified
DEBUG (org.springframework.web.servlet.handler.BeanNameUrlHandlerMapping:86) - Rejected bean name &apos;org.springframework.cache.interceptor.CacheInterceptor#0&apos;: no URL paths identified
DEBUG (org.springframework.web.servlet.handler.BeanNameUrlHandlerMapping:86) - Rejected bean name &apos;org.springframework.cache.config.internalCacheAdvisor&apos;: no URL paths identified
DEBUG (org.springframework.web.servlet.handler.BeanNameUrlHandlerMapping:86) - Rejected bean name &apos;cacheManagerFactory&apos;: no URL paths identified
DEBUG (org.springframework.web.servlet.handler.BeanNameUrlHandlerMapping:86) - Rejected bean name &apos;cacheManager&apos;: no URL paths identified
DEBUG (org.springframework.web.servlet.handler.BeanNameUrlHandlerMapping:86) - Rejected bean name &apos;org.springframework.context.annotation.ConfigurationClassPostProcessor.importAwareProcessor&apos;: no URL paths identified
DEBUG (org.springframework.web.servlet.handler.BeanNameUrlHandlerMapping:86) - Rejected bean name &apos;org.springframework.context.annotation.ConfigurationClassPostProcessor.enhancedConfigurationProcessor&apos;: no URL paths identified
DEBUG (org.springframework.web.servlet.handler.BeanNameUrlHandlerMapping:86) - Rejected bean name &apos;sheetInfoDao&apos;: no URL paths identified
DEBUG (org.springframework.web.servlet.handler.BeanNameUrlHandlerMapping:86) - Rejected bean name &apos;uploadInfoDao&apos;: no URL paths identified
DEBUG (org.springframework.web.servlet.handler.BeanNameUrlHandlerMapping:86) - Rejected bean name &apos;baseDao&apos;: no URL paths identified
DEBUG (org.springframework.web.servlet.handler.BeanNameUrlHandlerMapping:86) - Rejected bean name &apos;commonDao&apos;: no URL paths identified
DEBUG (org.springframework.web.servlet.handler.BeanNameUrlHandlerMapping:86) - Rejected bean name &apos;sheetLogDao&apos;: no URL paths identified
DEBUG (org.springframework.web.servlet.handler.BeanNameUrlHandlerMapping:86) - Rejected bean name &apos;mirrorTableDao&apos;: no URL paths identified
DEBUG (org.springframework.web.servlet.handler.BeanNameUrlHandlerMapping:86) - Rejected bean name &apos;alarmRuleDao&apos;: no URL paths identified
DEBUG (org.springframework.web.servlet.handler.BeanNameUrlHandlerMapping:86) - Rejected bean name &apos;mailInfoDao&apos;: no URL paths identified
DEBUG (org.springframework.web.servlet.handler.BeanNameUrlHandlerMapping:86) - Rejected bean name &apos;serverHostDao&apos;: no URL paths identified
DEBUG (org.springframework.web.servlet.handler.BeanNameUrlHandlerMapping:86) - Rejected bean name &apos;serverInfoDao&apos;: no URL paths identified
DEBUG (org.springframework.web.servlet.handler.BeanNameUrlHandlerMapping:86) - Rejected bean name &apos;MBusinessProcessSyncDao&apos;: no URL paths identified
DEBUG (org.springframework.web.servlet.handler.BeanNameUrlHandlerMapping:86) - Rejected bean name &apos;adminDao&apos;: no URL paths identified
DEBUG (org.springframework.web.servlet.handler.BeanNameUrlHandlerMapping:86) - Rejected bean name &apos;resourceDao&apos;: no URL paths identified
DEBUG (org.springframework.web.servlet.handler.BeanNameUrlHandlerMapping:86) - Rejected bean name &apos;roleDao&apos;: no URL paths identified
DEBUG (org.springframework.web.servlet.handler.BeanNameUrlHandlerMapping:86) - Rejected bean name &apos;userDao&apos;: no URL paths identified
DEBUG (org.springframework.web.servlet.handler.BeanNameUrlHandlerMapping:86) - Rejected bean name &apos;transformDao&apos;: no URL paths identified
DEBUG (org.springframework.web.servlet.handler.BeanNameUrlHandlerMapping:86) - Rejected bean name &apos;environment&apos;: no URL paths identified
DEBUG (org.springframework.web.servlet.handler.BeanNameUrlHandlerMapping:86) - Rejected bean name &apos;systemProperties&apos;: no URL paths identified
DEBUG (org.springframework.web.servlet.handler.BeanNameUrlHandlerMapping:86) - Rejected bean name &apos;systemEnvironment&apos;: no URL paths identified
DEBUG (org.springframework.web.servlet.handler.BeanNameUrlHandlerMapping:86) - Rejected bean name &apos;org.springframework.context.annotation.ConfigurationClassPostProcessor.importRegistry&apos;: no URL paths identified
DEBUG (org.springframework.web.servlet.handler.BeanNameUrlHandlerMapping:86) - Rejected bean name &apos;messageSource&apos;: no URL paths identified
DEBUG (org.springframework.web.servlet.handler.BeanNameUrlHandlerMapping:86) - Rejected bean name &apos;applicationEventMulticaster&apos;: no URL paths identified
DEBUG (org.springframework.beans.factory.support.DefaultListableBeanFactory:247) - Returning cached instance of singleton bean &apos;org.springframework.aop.support.DefaultBeanFactoryPointcutAdvisor#0&apos;
DEBUG (org.springframework.beans.factory.support.DefaultListableBeanFactory:247) - Returning cached instance of singleton bean &apos;org.springframework.cache.config.internalCacheAdvisor&apos;
DEBUG (org.springframework.beans.factory.support.DefaultListableBeanFactory:247) - Returning cached instance of singleton bean &apos;org.springframework.aop.support.DefaultBeanFactoryPointcutAdvisor#0&apos;
DEBUG (org.springframework.beans.factory.support.DefaultListableBeanFactory:247) - Returning cached instance of singleton bean &apos;org.springframework.cache.config.internalCacheAdvisor&apos;
DEBUG (org.springframework.beans.factory.support.DefaultListableBeanFactory:478) - Finished creating instance of bean &apos;org.springframework.web.servlet.handler.BeanNameUrlHandlerMapping&apos;
DEBUG (org.springframework.beans.factory.support.DefaultListableBeanFactory:220) - Creating shared instance of singleton bean &apos;org.springframework.web.servlet.mvc.HttpRequestHandlerAdapter&apos;
DEBUG (org.springframework.beans.factory.support.DefaultListableBeanFactory:450) - Creating instance of bean &apos;org.springframework.web.servlet.mvc.HttpRequestHandlerAdapter&apos;
DEBUG (org.springframework.beans.factory.support.DefaultListableBeanFactory:247) - Returning cached instance of singleton bean &apos;org.springframework.aop.support.DefaultBeanFactoryPointcutAdvisor#0&apos;
DEBUG (org.springframework.beans.factory.support.DefaultListableBeanFactory:247) - Returning cached instance of singleton bean &apos;org.springframework.cache.config.internalCacheAdvisor&apos;
DEBUG (org.springframework.beans.factory.support.DefaultListableBeanFactory:524) - Eagerly caching bean &apos;org.springframework.web.servlet.mvc.HttpRequestHandlerAdapter&apos; to allow for resolving potential circular references
DEBUG (org.springframework.beans.factory.support.DefaultListableBeanFactory:247) - Returning cached instance of singleton bean &apos;org.springframework.aop.support.DefaultBeanFactoryPointcutAdvisor#0&apos;
DEBUG (org.springframework.beans.factory.support.DefaultListableBeanFactory:247) - Returning cached instance of singleton bean &apos;org.springframework.cache.config.internalCacheAdvisor&apos;
DEBUG (org.springframework.beans.factory.support.DefaultListableBeanFactory:247) - Returning cached instance of singleton bean &apos;org.springframework.aop.support.DefaultBeanFactoryPointcutAdvisor#0&apos;
DEBUG (org.springframework.beans.factory.support.DefaultListableBeanFactory:247) - Returning cached instance of singleton bean &apos;org.springframework.cache.config.internalCacheAdvisor&apos;
DEBUG (org.springframework.beans.factory.support.DefaultListableBeanFactory:478) - Finished creating instance of bean &apos;org.springframework.web.servlet.mvc.HttpRequestHandlerAdapter&apos;
DEBUG (org.springframework.beans.factory.support.DefaultListableBeanFactory:220) - Creating shared instance of singleton bean &apos;org.springframework.web.servlet.mvc.SimpleControllerHandlerAdapter&apos;
DEBUG (org.springframework.beans.factory.support.DefaultListableBeanFactory:450) - Creating instance of bean &apos;org.springframework.web.servlet.mvc.SimpleControllerHandlerAdapter&apos;
DEBUG (org.springframework.beans.factory.support.DefaultListableBeanFactory:247) - Returning cached instance of singleton bean &apos;org.springframework.aop.support.DefaultBeanFactoryPointcutAdvisor#0&apos;
DEBUG (org.springframework.beans.factory.support.DefaultListableBeanFactory:247) - Returning cached instance of singleton bean &apos;org.springframework.cache.config.internalCacheAdvisor&apos;
DEBUG (org.springframework.beans.factory.support.DefaultListableBeanFactory:524) - Eagerly caching bean &apos;org.springframework.web.servlet.mvc.SimpleControllerHandlerAdapter&apos; to allow for resolving potential circular references
DEBUG (org.springframework.beans.factory.support.DefaultListableBeanFactory:247) - Returning cached instance of singleton bean &apos;org.springframework.aop.support.DefaultBeanFactoryPointcutAdvisor#0&apos;
DEBUG (org.springframework.beans.factory.support.DefaultListableBeanFactory:247) - Returning cached instance of singleton bean &apos;org.springframework.cache.config.internalCacheAdvisor&apos;
DEBUG (org.springframework.beans.factory.support.DefaultListableBeanFactory:247) - Returning cached instance of singleton bean &apos;org.springframework.aop.support.DefaultBeanFactoryPointcutAdvisor#0&apos;
DEBUG (org.springframework.beans.factory.support.DefaultListableBeanFactory:247) - Returning cached instance of singleton bean &apos;org.springframework.cache.config.internalCacheAdvisor&apos;
DEBUG (org.springframework.beans.factory.support.DefaultListableBeanFactory:478) - Finished creating instance of bean &apos;org.springframework.web.servlet.mvc.SimpleControllerHandlerAdapter&apos;
DEBUG (org.springframework.beans.factory.support.DefaultListableBeanFactory:220) - Creating shared instance of singleton bean &apos;cacheController&apos;
DEBUG (org.springframework.beans.factory.support.DefaultListableBeanFactory:450) - Creating instance of bean &apos;cacheController&apos;
DEBUG (org.springframework.beans.factory.support.DefaultListableBeanFactory:247) - Returning cached instance of singleton bean &apos;org.springframework.aop.support.DefaultBeanFactoryPointcutAdvisor#0&apos;
DEBUG (org.springframework.beans.factory.support.DefaultListableBeanFactory:247) - Returning cached instance of singleton bean &apos;org.springframework.cache.config.internalCacheAdvisor&apos;
DEBUG (org.springframework.beans.factory.annotation.InjectionMetadata:71) - Registered injected element on class [com.jk.ndt.etl.controller.access.CacheController]: AutowiredFieldElement for private com.jk.ndt.etl.converter.csv.CSVFileConverter com.jk.ndt.etl.controller.access.CacheController.cSVConverter
DEBUG (org.springframework.beans.factory.annotation.InjectionMetadata:71) - Registered injected element on class [com.jk.ndt.etl.controller.access.CacheController]: AutowiredFieldElement for private com.jk.ndt.etl.converter.excel.ExcelConverter com.jk.ndt.etl.controller.access.CacheController.excelConverter
DEBUG (org.springframework.beans.factory.annotation.InjectionMetadata:71) - Registered injected element on class [com.jk.ndt.etl.controller.access.CacheController]: AutowiredFieldElement for private com.jk.ndt.etl.service.access.UploadInfoService com.jk.ndt.etl.controller.access.CacheController.uploadInfoService
DEBUG (org.springframework.beans.factory.annotation.InjectionMetadata:71) - Registered injected element on class [com.jk.ndt.etl.controller.access.CacheController]: AutowiredFieldElement for private com.jk.ndt.etl.service.access.SheetInfoService com.jk.ndt.etl.controller.access.CacheController.sheetInfoService
DEBUG (org.springframework.beans.factory.annotation.InjectionMetadata:71) - Registered injected element on class [com.jk.ndt.etl.controller.access.CacheController]: AutowiredFieldElement for private com.jk.ndt.etl.service.common.CommonService com.jk.ndt.etl.controller.access.CacheController.commonService
DEBUG (org.springframework.beans.factory.annotation.InjectionMetadata:71) - Registered injected element on class [com.jk.ndt.etl.controller.access.CacheController]: AutowiredFieldElement for private com.jk.ndt.etl.service.logs.SheetLogService com.jk.ndt.etl.controller.access.CacheController.sheetLogService
DEBUG (org.springframework.beans.factory.support.DefaultListableBeanFactory:524) - Eagerly caching bean &apos;cacheController&apos; to allow for resolving potential circular references
DEBUG (org.springframework.beans.factory.annotation.InjectionMetadata:85) - Processing injected method of bean &apos;cacheController&apos;: AutowiredFieldElement for private com.jk.ndt.etl.converter.csv.CSVFileConverter com.jk.ndt.etl.controller.access.CacheController.cSVConverter
DEBUG (org.springframework.beans.factory.support.DefaultListableBeanFactory:220) - Creating shared instance of singleton bean &apos;CSVFileConverter&apos;
DEBUG (org.springframework.beans.factory.support.DefaultListableBeanFactory:450) - Creating instance of bean &apos;CSVFileConverter&apos;
DEBUG (org.springframework.beans.factory.support.DefaultListableBeanFactory:247) - Returning cached instance of singleton bean &apos;org.springframework.aop.support.DefaultBeanFactoryPointcutAdvisor#0&apos;
DEBUG (org.springframework.beans.factory.support.DefaultListableBeanFactory:247) - Returning cached instance of singleton bean &apos;org.springframework.cache.config.internalCacheAdvisor&apos;
DEBUG (org.springframework.beans.factory.support.DefaultListableBeanFactory:524) - Eagerly caching bean &apos;CSVFileConverter&apos; to allow for resolving potential circular references
DEBUG (org.springframework.beans.factory.support.DefaultListableBeanFactory:247) - Returning cached instance of singleton bean &apos;org.springframework.aop.support.DefaultBeanFactoryPointcutAdvisor#0&apos;
DEBUG (org.springframework.beans.factory.support.DefaultListableBeanFactory:247) - Returning cached instance of singleton bean &apos;org.springframework.cache.config.internalCacheAdvisor&apos;
DEBUG (org.springframework.beans.factory.support.DefaultListableBeanFactory:247) - Returning cached instance of singleton bean &apos;org.springframework.aop.support.DefaultBeanFactoryPointcutAdvisor#0&apos;
DEBUG (org.springframework.beans.factory.support.DefaultListableBeanFactory:247) - Returning cached instance of singleton bean &apos;org.springframework.cache.config.internalCacheAdvisor&apos;
DEBUG (org.springframework.beans.factory.support.DefaultListableBeanFactory:478) - Finished creating instance of bean &apos;CSVFileConverter&apos;
DEBUG (org.springframework.beans.factory.annotation.AutowiredAnnotationBeanPostProcessor:461) - Autowiring by type from bean name &apos;cacheController&apos; to bean named &apos;CSVFileConverter&apos;
DEBUG (org.springframework.beans.factory.annotation.InjectionMetadata:85) - Processing injected method of bean &apos;cacheController&apos;: AutowiredFieldElement for private com.jk.ndt.etl.converter.excel.ExcelConverter com.jk.ndt.etl.controller.access.CacheController.excelConverter
DEBUG (org.springframework.beans.factory.support.DefaultListableBeanFactory:220) - Creating shared instance of singleton bean &apos;excelConverter&apos;
DEBUG (org.springframework.beans.factory.support.DefaultListableBeanFactory:450) - Creating instance of bean &apos;excelConverter&apos;
DEBUG (org.springframework.beans.factory.support.DefaultListableBeanFactory:247) - Returning cached instance of singleton bean &apos;org.springframework.aop.support.DefaultBeanFactoryPointcutAdvisor#0&apos;
DEBUG (org.springframework.beans.factory.support.DefaultListableBeanFactory:247) - Returning cached instance of singleton bean &apos;org.springframework.cache.config.internalCacheAdvisor&apos;
DEBUG (org.springframework.beans.factory.support.DefaultListableBeanFactory:524) - Eagerly caching bean &apos;excelConverter&apos; to allow for resolving potential circular references
DEBUG (org.springframework.beans.factory.support.DefaultListableBeanFactory:247) - Returning cached instance of singleton bean &apos;org.springframework.aop.support.DefaultBeanFactoryPointcutAdvisor#0&apos;
DEBUG (org.springframework.beans.factory.support.DefaultListableBeanFactory:247) - Returning cached instance of singleton bean &apos;org.springframework.cache.config.internalCacheAdvisor&apos;
DEBUG (org.springframework.beans.factory.support.DefaultListableBeanFactory:247) - Returning cached instance of singleton bean &apos;org.springframework.aop.support.DefaultBeanFactoryPointcutAdvisor#0&apos;
DEBUG (org.springframework.beans.factory.support.DefaultListableBeanFactory:247) - Returning cached instance of singleton bean &apos;org.springframework.cache.config.internalCacheAdvisor&apos;
DEBUG (org.springframework.beans.factory.support.DefaultListableBeanFactory:478) - Finished creating instance of bean &apos;excelConverter&apos;
DEBUG (org.springframework.beans.factory.annotation.AutowiredAnnotationBeanPostProcessor:461) - Autowiring by type from bean name &apos;cacheController&apos; to bean named &apos;excelConverter&apos;
DEBUG (org.springframework.beans.factory.annotation.InjectionMetadata:85) - Processing injected method of bean &apos;cacheController&apos;: AutowiredFieldElement for private com.jk.ndt.etl.service.access.UploadInfoService com.jk.ndt.etl.controller.access.CacheController.uploadInfoService
DEBUG (org.springframework.beans.factory.support.DefaultListableBeanFactory:220) - Creating shared instance of singleton bean &apos;uploadInfoService&apos;
DEBUG (org.springframework.beans.factory.support.DefaultListableBeanFactory:450) - Creating instance of bean &apos;uploadInfoService&apos;
DEBUG (org.springframework.beans.factory.support.DefaultListableBeanFactory:247) - Returning cached instance of singleton bean &apos;org.springframework.aop.support.DefaultBeanFactoryPointcutAdvisor#0&apos;
DEBUG (org.springframework.beans.factory.support.DefaultListableBeanFactory:247) - Returning cached instance of singleton bean &apos;org.springframework.cache.config.internalCacheAdvisor&apos;
DEBUG (org.springframework.beans.factory.annotation.InjectionMetadata:71) - Registered injected element on class [com.jk.ndt.etl.service.access.impl.UploadInfoServiceImpl]: AutowiredFieldElement for private com.jk.ndt.etl.dao.access.UploadInfoDao com.jk.ndt.etl.service.access.impl.UploadInfoServiceImpl.uploadInfoDao
DEBUG (org.springframework.beans.factory.support.DefaultListableBeanFactory:524) - Eagerly caching bean &apos;uploadInfoService&apos; to allow for resolving potential circular references
DEBUG (org.springframework.beans.factory.annotation.InjectionMetadata:85) - Processing injected method of bean &apos;uploadInfoService&apos;: AutowiredFieldElement for private com.jk.ndt.etl.dao.access.UploadInfoDao com.jk.ndt.etl.service.access.impl.UploadInfoServiceImpl.uploadInfoDao
DEBUG (org.springframework.beans.factory.support.DefaultListableBeanFactory:247) - Returning cached instance of singleton bean &apos;uploadInfoDao&apos;
DEBUG (org.springframework.beans.factory.support.DefaultListableBeanFactory:247) - Returning cached instance of singleton bean &apos;org.springframework.aop.support.DefaultBeanFactoryPointcutAdvisor#0&apos;
DEBUG (org.springframework.beans.factory.support.DefaultListableBeanFactory:247) - Returning cached instance of singleton bean &apos;org.springframework.cache.config.internalCacheAdvisor&apos;
DEBUG (org.springframework.beans.factory.support.DefaultListableBeanFactory:247) - Returning cached instance of singleton bean &apos;org.springframework.aop.support.DefaultBeanFactoryPointcutAdvisor#0&apos;
DEBUG (org.springframework.beans.factory.support.DefaultListableBeanFactory:247) - Returning cached instance of singleton bean &apos;org.springframework.cache.config.internalCacheAdvisor&apos;
DEBUG (org.springframework.beans.factory.annotation.AutowiredAnnotationBeanPostProcessor:461) - Autowiring by type from bean name &apos;uploadInfoService&apos; to bean named &apos;uploadInfoDao&apos;
DEBUG (org.springframework.beans.factory.support.DefaultListableBeanFactory:247) - Returning cached instance of singleton bean &apos;org.springframework.aop.support.DefaultBeanFactoryPointcutAdvisor#0&apos;
DEBUG (org.springframework.beans.factory.support.DefaultListableBeanFactory:247) - Returning cached instance of singleton bean &apos;org.springframework.cache.config.internalCacheAdvisor&apos;
DEBUG (org.springframework.beans.factory.support.DefaultListableBeanFactory:247) - Returning cached instance of singleton bean &apos;org.springframework.aop.support.DefaultBeanFactoryPointcutAdvisor#0&apos;
DEBUG (org.springframework.beans.factory.support.DefaultListableBeanFactory:247) - Returning cached instance of singleton bean &apos;org.springframework.cache.config.internalCacheAdvisor&apos;
DEBUG (org.springframework.aop.aspectj.annotation.AnnotationAwareAspectJAutoProxyCreator:503) - Creating implicit proxy for bean &apos;uploadInfoService&apos; with 0 common interceptors and 2 specific interceptors
DEBUG (org.springframework.aop.framework.CglibAopProxy:158) - Creating CGLIB proxy: target source is SingletonTargetSource for target object [com.jk.ndt.etl.service.access.impl.UploadInfoServiceImpl@7899de11]
DEBUG (org.springframework.aop.framework.CglibAopProxy:831) - Unable to apply any optimisations to advised method: protected com.jk.ndt.etl.dao.BaseDao com.jk.ndt.etl.service.access.impl.UploadInfoServiceImpl.getDao()
DEBUG (org.springframework.aop.framework.CglibAopProxy:831) - Unable to apply any optimisations to advised method: public java.lang.Boolean com.jk.ndt.etl.service.access.impl.UploadInfoServiceImpl.isRepeat(java.lang.String)
DEBUG (org.springframework.aop.framework.CglibAopProxy:831) - Unable to apply any optimisations to advised method: public void com.jk.ndt.etl.service.BaseServiceImpl.update(java.lang.Object)
DEBUG (org.springframework.aop.framework.CglibAopProxy:831) - Unable to apply any optimisations to advised method: public void com.jk.ndt.etl.service.BaseServiceImpl.save(java.lang.Object)
DEBUG (org.springframework.aop.framework.CglibAopProxy:831) - Unable to apply any optimisations to advised method: public java.util.List com.jk.ndt.etl.service.BaseServiceImpl.listAll()
DEBUG (org.springframework.aop.framework.CglibAopProxy:831) - Unable to apply any optimisations to advised method: public java.util.List com.jk.ndt.etl.service.BaseServiceImpl.listByPage(com.jk.ndt.etl.entity.Page)
DEBUG (org.springframework.aop.framework.CglibAopProxy:831) - Unable to apply any optimisations to advised method: public void com.jk.ndt.etl.service.BaseServiceImpl.deleteById(java.lang.Integer)
DEBUG (org.springframework.aop.framework.CglibAopProxy:831) - Unable to apply any optimisations to advised method: public java.lang.Object com.jk.ndt.etl.service.BaseServiceImpl.getById(java.lang.Integer)
DEBUG (org.springframework.aop.framework.CglibAopProxy:782) - Found finalize() method - using NO_OVERRIDE
DEBUG (org.springframework.aop.framework.CglibAopProxy:794) - Found &apos;equals&apos; method: public boolean java.lang.Object.equals(java.lang.Object)
DEBUG (org.springframework.aop.framework.CglibAopProxy:831) - Unable to apply any optimisations to advised method: public java.lang.String java.lang.Object.toString()
DEBUG (org.springframework.aop.framework.CglibAopProxy:799) - Found &apos;hashCode&apos; method: public native int java.lang.Object.hashCode()
DEBUG (org.springframework.aop.framework.CglibAopProxy:831) - Unable to apply any optimisations to advised method: protected native java.lang.Object java.lang.Object.clone() throws java.lang.CloneNotSupportedException
DEBUG (org.springframework.aop.framework.CglibAopProxy:788) - Method is declared on Advised interface: public abstract int org.springframework.aop.framework.Advised.indexOf(org.aopalliance.aop.Advice)
DEBUG (org.springframework.aop.framework.CglibAopProxy:788) - Method is declared on Advised interface: public abstract int org.springframework.aop.framework.Advised.indexOf(org.springframework.aop.Advisor)
DEBUG (org.springframework.aop.framework.CglibAopProxy:788) - Method is declared on Advised interface: public abstract boolean org.springframework.aop.framework.Advised.isFrozen()
DEBUG (org.springframework.aop.framework.CglibAopProxy:788) - Method is declared on Advised interface: public abstract boolean org.springframework.aop.framework.Advised.isProxyTargetClass()
DEBUG (org.springframework.aop.framework.CglibAopProxy:788) - Method is declared on Advised interface: public abstract java.lang.Class[] org.springframework.aop.framework.Advised.getProxiedInterfaces()
DEBUG (org.springframework.aop.framework.CglibAopProxy:788) - Method is declared on Advised interface: public abstract boolean org.springframework.aop.framework.Advised.isInterfaceProxied(java.lang.Class)
DEBUG (org.springframework.aop.framework.CglibAopProxy:788) - Method is declared on Advised interface: public abstract java.lang.String org.springframework.aop.framework.Advised.toProxyConfigString()
DEBUG (org.springframework.aop.framework.CglibAopProxy:788) - Method is declared on Advised interface: public abstract void org.springframework.aop.framework.Advised.setTargetSource(org.springframework.aop.TargetSource)
DEBUG (org.springframework.aop.framework.CglibAopProxy:788) - Method is declared on Advised interface: public abstract org.springframework.aop.TargetSource org.springframework.aop.framework.Advised.getTargetSource()
DEBUG (org.springframework.aop.framework.CglibAopProxy:788) - Method is declared on Advised interface: public abstract void org.springframework.aop.framework.Advised.addAdvisor(int,org.springframework.aop.Advisor) throws org.springframework.aop.framework.AopConfigException
DEBUG (org.springframework.aop.framework.CglibAopProxy:788) - Method is declared on Advised interface: public abstract void org.springframework.aop.framework.Advised.addAdvisor(org.springframework.aop.Advisor) throws org.springframework.aop.framework.AopConfigException
DEBUG (org.springframework.aop.framework.CglibAopProxy:788) - Method is declared on Advised interface: public abstract void org.springframework.aop.framework.Advised.setPreFiltered(boolean)
DEBUG (org.springframework.aop.framework.CglibAopProxy:788) - Method is declared on Advised interface: public abstract void org.springframework.aop.framework.Advised.setExposeProxy(boolean)
DEBUG (org.springframework.aop.framework.CglibAopProxy:788) - Method is declared on Advised interface: public abstract boolean org.springframework.aop.framework.Advised.isExposeProxy()
DEBUG (org.springframework.aop.framework.CglibAopProxy:788) - Method is declared on Advised interface: public abstract void org.springframework.aop.framework.Advised.addAdvice(int,org.aopalliance.aop.Advice) throws org.springframework.aop.framework.AopConfigException
DEBUG (org.springframework.aop.framework.CglibAopProxy:788) - Method is declared on Advised interface: public abstract void org.springframework.aop.framework.Advised.addAdvice(org.aopalliance.aop.Advice) throws org.springframework.aop.framework.AopConfigException
DEBUG (org.springframework.aop.framework.CglibAopProxy:788) - Method is declared on Advised interface: public abstract boolean org.springframework.aop.framework.Advised.isPreFiltered()
DEBUG (org.springframework.aop.framework.CglibAopProxy:788) - Method is declared on Advised interface: public abstract void org.springframework.aop.framework.Advised.removeAdvisor(int) throws org.springframework.aop.framework.AopConfigException
DEBUG (org.springframework.aop.framework.CglibAopProxy:788) - Method is declared on Advised interface: public abstract boolean org.springframework.aop.framework.Advised.removeAdvisor(org.springframework.aop.Advisor)
DEBUG (org.springframework.aop.framework.CglibAopProxy:788) - Method is declared on Advised interface: public abstract boolean org.springframework.aop.framework.Advised.replaceAdvisor(org.springframework.aop.Advisor,org.springframework.aop.Advisor) throws org.springframework.aop.framework.AopConfigException
DEBUG (org.springframework.aop.framework.CglibAopProxy:788) - Method is declared on Advised interface: public abstract boolean org.springframework.aop.framework.Advised.removeAdvice(org.aopalliance.aop.Advice)
DEBUG (org.springframework.aop.framework.CglibAopProxy:788) - Method is declared on Advised interface: public abstract org.springframework.aop.Advisor[] org.springframework.aop.framework.Advised.getAdvisors()
DEBUG (org.springframework.aop.framework.CglibAopProxy:788) - Method is declared on Advised interface: public abstract java.lang.Class org.springframework.aop.TargetClassAware.getTargetClass()
DEBUG (org.springframework.beans.factory.support.DefaultListableBeanFactory:478) - Finished creating instance of bean &apos;uploadInfoService&apos;
DEBUG (org.springframework.beans.factory.annotation.AutowiredAnnotationBeanPostProcessor:461) - Autowiring by type from bean name &apos;cacheController&apos; to bean named &apos;uploadInfoService&apos;
DEBUG (org.springframework.beans.factory.annotation.InjectionMetadata:85) - Processing injected method of bean &apos;cacheController&apos;: AutowiredFieldElement for private com.jk.ndt.etl.service.access.SheetInfoService com.jk.ndt.etl.controller.access.CacheController.sheetInfoService
DEBUG (org.springframework.beans.factory.support.DefaultListableBeanFactory:220) - Creating shared instance of singleton bean &apos;sheetInfoService&apos;
DEBUG (org.springframework.beans.factory.support.DefaultListableBeanFactory:450) - Creating instance of bean &apos;sheetInfoService&apos;
DEBUG (org.springframework.beans.factory.support.DefaultListableBeanFactory:247) - Returning cached instance of singleton bean &apos;org.springframework.aop.support.DefaultBeanFactoryPointcutAdvisor#0&apos;
DEBUG (org.springframework.beans.factory.support.DefaultListableBeanFactory:247) - Returning cached instance of singleton bean &apos;org.springframework.cache.config.internalCacheAdvisor&apos;
DEBUG (org.springframework.beans.factory.annotation.InjectionMetadata:71) - Registered injected element on class [com.jk.ndt.etl.service.access.impl.SheetInfoServiceImpl]: AutowiredFieldElement for private com.jk.ndt.etl.dao.access.SheetInfoDao com.jk.ndt.etl.service.access.impl.SheetInfoServiceImpl.sheetInfoDao
DEBUG (org.springframework.beans.factory.support.DefaultListableBeanFactory:524) - Eagerly caching bean &apos;sheetInfoService&apos; to allow for resolving potential circular references
DEBUG (org.springframework.beans.factory.annotation.InjectionMetadata:85) - Processing injected method of bean &apos;sheetInfoService&apos;: AutowiredFieldElement for private com.jk.ndt.etl.dao.access.SheetInfoDao com.jk.ndt.etl.service.access.impl.SheetInfoServiceImpl.sheetInfoDao
DEBUG (org.springframework.beans.factory.support.DefaultListableBeanFactory:247) - Returning cached instance of singleton bean &apos;sheetInfoDao&apos;
DEBUG (org.springframework.beans.factory.support.DefaultListableBeanFactory:247) - Returning cached instance of singleton bean &apos;org.springframework.aop.support.DefaultBeanFactoryPointcutAdvisor#0&apos;
DEBUG (org.springframework.beans.factory.support.DefaultListableBeanFactory:247) - Returning cached instance of singleton bean &apos;org.springframework.cache.config.internalCacheAdvisor&apos;
DEBUG (org.springframework.beans.factory.support.DefaultListableBeanFactory:247) - Returning cached instance of singleton bean &apos;org.springframework.aop.support.DefaultBeanFactoryPointcutAdvisor#0&apos;
DEBUG (org.springframework.beans.factory.support.DefaultListableBeanFactory:247) - Returning cached instance of singleton bean &apos;org.springframework.cache.config.internalCacheAdvisor&apos;
DEBUG (org.springframework.beans.factory.annotation.AutowiredAnnotationBeanPostProcessor:461) - Autowiring by type from bean name &apos;sheetInfoService&apos; to bean named &apos;sheetInfoDao&apos;
DEBUG (org.springframework.beans.factory.support.DefaultListableBeanFactory:247) - Returning cached instance of singleton bean &apos;org.springframework.aop.support.DefaultBeanFactoryPointcutAdvisor#0&apos;
DEBUG (org.springframework.beans.factory.support.DefaultListableBeanFactory:247) - Returning cached instance of singleton bean &apos;org.springframework.cache.config.internalCacheAdvisor&apos;
DEBUG (org.springframework.beans.factory.support.DefaultListableBeanFactory:247) - Returning cached instance of singleton bean &apos;org.springframework.aop.support.DefaultBeanFactoryPointcutAdvisor#0&apos;
DEBUG (org.springframework.beans.factory.support.DefaultListableBeanFactory:247) - Returning cached instance of singleton bean &apos;org.springframework.cache.config.internalCacheAdvisor&apos;
DEBUG (org.springframework.aop.aspectj.annotation.AnnotationAwareAspectJAutoProxyCreator:503) - Creating implicit proxy for bean &apos;sheetInfoService&apos; with 0 common interceptors and 2 specific interceptors
DEBUG (org.springframework.aop.framework.CglibAopProxy:158) - Creating CGLIB proxy: target source is SingletonTargetSource for target object [com.jk.ndt.etl.service.access.impl.SheetInfoServiceImpl@5300cac]
DEBUG (org.springframework.aop.framework.CglibAopProxy:831) - Unable to apply any optimisations to advised method: protected com.jk.ndt.etl.dao.BaseDao com.jk.ndt.etl.service.access.impl.SheetInfoServiceImpl.getDao()
DEBUG (org.springframework.aop.framework.CglibAopProxy:831) - Unable to apply any optimisations to advised method: public java.util.List com.jk.ndt.etl.service.access.impl.SheetInfoServiceImpl.getByUploadId(java.lang.Integer)
DEBUG (org.springframework.aop.framework.CglibAopProxy:831) - Unable to apply any optimisations to advised method: public void com.jk.ndt.etl.service.access.impl.SheetInfoServiceImpl.deleteByUploadId(java.lang.Integer)
DEBUG (org.springframework.aop.framework.CglibAopProxy:831) - Unable to apply any optimisations to advised method: public void com.jk.ndt.etl.service.BaseServiceImpl.update(java.lang.Object)
DEBUG (org.springframework.aop.framework.CglibAopProxy:831) - Unable to apply any optimisations to advised method: public void com.jk.ndt.etl.service.BaseServiceImpl.save(java.lang.Object)
DEBUG (org.springframework.aop.framework.CglibAopProxy:831) - Unable to apply any optimisations to advised method: public java.util.List com.jk.ndt.etl.service.BaseServiceImpl.listAll()
DEBUG (org.springframework.aop.framework.CglibAopProxy:831) - Unable to apply any optimisations to advised method: public java.util.List com.jk.ndt.etl.service.BaseServiceImpl.listByPage(com.jk.ndt.etl.entity.Page)
DEBUG (org.springframework.aop.framework.CglibAopProxy:831) - Unable to apply any optimisations to advised method: public void com.jk.ndt.etl.service.BaseServiceImpl.deleteById(java.lang.Integer)
DEBUG (org.springframework.aop.framework.CglibAopProxy:831) - Unable to apply any optimisations to advised method: public java.lang.Object com.jk.ndt.etl.service.BaseServiceImpl.getById(java.lang.Integer)
DEBUG (org.springframework.aop.framework.CglibAopProxy:782) - Found finalize() method - using NO_OVERRIDE
DEBUG (org.springframework.aop.framework.CglibAopProxy:794) - Found &apos;equals&apos; method: public boolean java.lang.Object.equals(java.lang.Object)
DEBUG (org.springframework.aop.framework.CglibAopProxy:831) - Unable to apply any optimisations to advised method: public java.lang.String java.lang.Object.toString()
DEBUG (org.springframework.aop.framework.CglibAopProxy:799) - Found &apos;hashCode&apos; method: public native int java.lang.Object.hashCode()
DEBUG (org.springframework.aop.framework.CglibAopProxy:831) - Unable to apply any optimisations to advised method: protected native java.lang.Object java.lang.Object.clone() throws java.lang.CloneNotSupportedException
DEBUG (org.springframework.aop.framework.CglibAopProxy:788) - Method is declared on Advised interface: public abstract int org.springframework.aop.framework.Advised.indexOf(org.aopalliance.aop.Advice)
DEBUG (org.springframework.aop.framework.CglibAopProxy:788) - Method is declared on Advised interface: public abstract int org.springframework.aop.framework.Advised.indexOf(org.springframework.aop.Advisor)
DEBUG (org.springframework.aop.framework.CglibAopProxy:788) - Method is declared on Advised interface: public abstract boolean org.springframework.aop.framework.Advised.isFrozen()
DEBUG (org.springframework.aop.framework.CglibAopProxy:788) - Method is declared on Advised interface: public abstract boolean org.springframework.aop.framework.Advised.isProxyTargetClass()
DEBUG (org.springframework.aop.framework.CglibAopProxy:788) - Method is declared on Advised interface: public abstract java.lang.Class[] org.springframework.aop.framework.Advised.getProxiedInterfaces()
DEBUG (org.springframework.aop.framework.CglibAopProxy:788) - Method is declared on Advised interface: public abstract boolean org.springframework.aop.framework.Advised.isInterfaceProxied(java.lang.Class)
DEBUG (org.springframework.aop.framework.CglibAopProxy:788) - Method is declared on Advised interface: public abstract java.lang.String org.springframework.aop.framework.Advised.toProxyConfigString()
DEBUG (org.springframework.aop.framework.CglibAopProxy:788) - Method is declared on Advised interface: public abstract void org.springframework.aop.framework.Advised.setTargetSource(org.springframework.aop.TargetSource)
DEBUG (org.springframework.aop.framework.CglibAopProxy:788) - Method is declared on Advised interface: public abstract org.springframework.aop.TargetSource org.springframework.aop.framework.Advised.getTargetSource()
DEBUG (org.springframework.aop.framework.CglibAopProxy:788) - Method is declared on Advised interface: public abstract void org.springframework.aop.framework.Advised.addAdvisor(int,org.springframework.aop.Advisor) throws org.springframework.aop.framework.AopConfigException
DEBUG (org.springframework.aop.framework.CglibAopProxy:788) - Method is declared on Advised interface: public abstract void org.springframework.aop.framework.Advised.addAdvisor(org.springframework.aop.Advisor) throws org.springframework.aop.framework.AopConfigException
DEBUG (org.springframework.aop.framework.CglibAopProxy:788) - Method is declared on Advised interface: public abstract void org.springframework.aop.framework.Advised.setPreFiltered(boolean)
DEBUG (org.springframework.aop.framework.CglibAopProxy:788) - Method is declared on Advised interface: public abstract void org.springframework.aop.framework.Advised.setExposeProxy(boolean)
DEBUG (org.springframework.aop.framework.CglibAopProxy:788) - Method is declared on Advised interface: public abstract boolean org.springframework.aop.framework.Advised.isExposeProxy()
DEBUG (org.springframework.aop.framework.CglibAopProxy:788) - Method is declared on Advised interface: public abstract void org.springframework.aop.framework.Advised.addAdvice(int,org.aopalliance.aop.Advice) throws org.springframework.aop.framework.AopConfigException
DEBUG (org.springframework.aop.framework.CglibAopProxy:788) - Method is declared on Advised interface: public abstract void org.springframework.aop.framework.Advised.addAdvice(org.aopalliance.aop.Advice) throws org.springframework.aop.framework.AopConfigException
DEBUG (org.springframework.aop.framework.CglibAopProxy:788) - Method is declared on Advised interface: public abstract boolean org.springframework.aop.framework.Advised.isPreFiltered()
DEBUG (org.springframework.aop.framework.CglibAopProxy:788) - Method is declared on Advised interface: public abstract void org.springframework.aop.framework.Advised.removeAdvisor(int) throws org.springframework.aop.framework.AopConfigException
DEBUG (org.springframework.aop.framework.CglibAopProxy:788) - Method is declared on Advised interface: public abstract boolean org.springframework.aop.framework.Advised.removeAdvisor(org.springframework.aop.Advisor)
DEBUG (org.springframework.aop.framework.CglibAopProxy:788) - Method is declared on Advised interface: public abstract boolean org.springframework.aop.framework.Advised.replaceAdvisor(org.springframework.aop.Advisor,org.springframework.aop.Advisor) throws org.springframework.aop.framework.AopConfigException
DEBUG (org.springframework.aop.framework.CglibAopProxy:788) - Method is declared on Advised interface: public abstract boolean org.springframework.aop.framework.Advised.removeAdvice(org.aopalliance.aop.Advice)
DEBUG (org.springframework.aop.framework.CglibAopProxy:788) - Method is declared on Advised interface: public abstract org.springframework.aop.Advisor[] org.springframework.aop.framework.Advised.getAdvisors()
DEBUG (org.springframework.aop.framework.CglibAopProxy:788) - Method is declared on Advised interface: public abstract java.lang.Class org.springframework.aop.TargetClassAware.getTargetClass()
DEBUG (org.springframework.beans.factory.support.DefaultListableBeanFactory:478) - Finished creating instance of bean &apos;sheetInfoService&apos;
DEBUG (org.springframework.beans.factory.annotation.AutowiredAnnotationBeanPostProcessor:461) - Autowiring by type from bean name &apos;cacheController&apos; to bean named &apos;sheetInfoService&apos;
DEBUG (org.springframework.beans.factory.annotation.InjectionMetadata:85) - Processing injected method of bean &apos;cacheController&apos;: AutowiredFieldElement for private com.jk.ndt.etl.service.common.CommonService com.jk.ndt.etl.controller.access.CacheController.commonService
DEBUG (org.springframework.beans.factory.support.DefaultListableBeanFactory:220) - Creating shared instance of singleton bean &apos;commonService&apos;
DEBUG (org.springframework.beans.factory.support.DefaultListableBeanFactory:450) - Creating instance of bean &apos;commonService&apos;
DEBUG (org.springframework.beans.factory.support.DefaultListableBeanFactory:247) - Returning cached instance of singleton bean &apos;org.springframework.aop.support.DefaultBeanFactoryPointcutAdvisor#0&apos;
DEBUG (org.springframework.beans.factory.support.DefaultListableBeanFactory:247) - Returning cached instance of singleton bean &apos;org.springframework.cache.config.internalCacheAdvisor&apos;
DEBUG (org.springframework.beans.factory.annotation.InjectionMetadata:71) - Registered injected element on class [com.jk.ndt.etl.service.common.impl.CommonServiceImpl]: AutowiredFieldElement for private com.jk.ndt.etl.dao.common.CommonDao com.jk.ndt.etl.service.common.impl.CommonServiceImpl.commonDao
DEBUG (org.springframework.beans.factory.support.DefaultListableBeanFactory:524) - Eagerly caching bean &apos;commonService&apos; to allow for resolving potential circular references
DEBUG (org.springframework.beans.factory.annotation.InjectionMetadata:85) - Processing injected method of bean &apos;commonService&apos;: AutowiredFieldElement for private com.jk.ndt.etl.dao.common.CommonDao com.jk.ndt.etl.service.common.impl.CommonServiceImpl.commonDao
DEBUG (org.springframework.beans.factory.support.DefaultListableBeanFactory:247) - Returning cached instance of singleton bean &apos;commonDao&apos;
DEBUG (org.springframework.beans.factory.support.DefaultListableBeanFactory:247) - Returning cached instance of singleton bean &apos;org.springframework.aop.support.DefaultBeanFactoryPointcutAdvisor#0&apos;
DEBUG (org.springframework.beans.factory.support.DefaultListableBeanFactory:247) - Returning cached instance of singleton bean &apos;org.springframework.cache.config.internalCacheAdvisor&apos;
DEBUG (org.springframework.beans.factory.support.DefaultListableBeanFactory:247) - Returning cached instance of singleton bean &apos;org.springframework.aop.support.DefaultBeanFactoryPointcutAdvisor#0&apos;
DEBUG (org.springframework.beans.factory.support.DefaultListableBeanFactory:247) - Returning cached instance of singleton bean &apos;org.springframework.cache.config.internalCacheAdvisor&apos;
DEBUG (org.springframework.beans.factory.annotation.AutowiredAnnotationBeanPostProcessor:461) - Autowiring by type from bean name &apos;commonService&apos; to bean named &apos;commonDao&apos;
DEBUG (org.springframework.beans.factory.support.DefaultListableBeanFactory:247) - Returning cached instance of singleton bean &apos;org.springframework.aop.support.DefaultBeanFactoryPointcutAdvisor#0&apos;
DEBUG (org.springframework.beans.factory.support.DefaultListableBeanFactory:247) - Returning cached instance of singleton bean &apos;org.springframework.cache.config.internalCacheAdvisor&apos;
DEBUG (org.springframework.beans.factory.support.DefaultListableBeanFactory:247) - Returning cached instance of singleton bean &apos;org.springframework.aop.support.DefaultBeanFactoryPointcutAdvisor#0&apos;
DEBUG (org.springframework.beans.factory.support.DefaultListableBeanFactory:247) - Returning cached instance of singleton bean &apos;org.springframework.cache.config.internalCacheAdvisor&apos;
DEBUG (org.springframework.aop.aspectj.annotation.AnnotationAwareAspectJAutoProxyCreator:503) - Creating implicit proxy for bean &apos;commonService&apos; with 0 common interceptors and 2 specific interceptors
DEBUG (org.springframework.aop.framework.CglibAopProxy:158) - Creating CGLIB proxy: target source is SingletonTargetSource for target object [com.jk.ndt.etl.service.common.impl.CommonServiceImpl@2436ea2f]
DEBUG (org.springframework.aop.framework.CglibAopProxy:831) - Unable to apply any optimisations to advised method: public java.util.List com.jk.ndt.etl.service.common.impl.CommonServiceImpl.listByIds(java.lang.String,java.lang.String,java.util.List)
DEBUG (org.springframework.aop.framework.CglibAopProxy:831) - Unable to apply any optimisations to advised method: public void com.jk.ndt.etl.service.common.impl.CommonServiceImpl.createTable(com.jk.ndt.etl.converter.model.DataTable)
DEBUG (org.springframework.aop.framework.CglibAopProxy:831) - Unable to apply any optimisations to advised method: public void com.jk.ndt.etl.service.common.impl.CommonServiceImpl.saveTableContent(com.jk.ndt.etl.converter.model.DataTable)
DEBUG (org.springframework.aop.framework.CglibAopProxy:831) - Unable to apply any optimisations to advised method: public java.util.List com.jk.ndt.etl.service.common.impl.CommonServiceImpl.listByQueryObj(java.lang.String,java.util.List)
DEBUG (org.springframework.aop.framework.CglibAopProxy:831) - Unable to apply any optimisations to advised method: public java.util.List com.jk.ndt.etl.service.common.impl.CommonServiceImpl.listAll(java.lang.String,java.lang.String)
DEBUG (org.springframework.aop.framework.CglibAopProxy:831) - Unable to apply any optimisations to advised method: public java.util.List com.jk.ndt.etl.service.common.impl.CommonServiceImpl.listByPage(java.lang.String,java.lang.String,com.jk.ndt.etl.entity.Page)
DEBUG (org.springframework.aop.framework.CglibAopProxy:831) - Unable to apply any optimisations to advised method: public void com.jk.ndt.etl.service.common.impl.CommonServiceImpl.deleteTable(java.lang.String)
DEBUG (org.springframework.aop.framework.CglibAopProxy:831) - Unable to apply any optimisations to advised method: public void com.jk.ndt.etl.service.common.impl.CommonServiceImpl.deleteSeq(java.lang.String)
DEBUG (org.springframework.aop.framework.CglibAopProxy:782) - Found finalize() method - using NO_OVERRIDE
DEBUG (org.springframework.aop.framework.CglibAopProxy:794) - Found &apos;equals&apos; method: public boolean java.lang.Object.equals(java.lang.Object)
DEBUG (org.springframework.aop.framework.CglibAopProxy:831) - Unable to apply any optimisations to advised method: public java.lang.String java.lang.Object.toString()
DEBUG (org.springframework.aop.framework.CglibAopProxy:799) - Found &apos;hashCode&apos; method: public native int java.lang.Object.hashCode()
DEBUG (org.springframework.aop.framework.CglibAopProxy:831) - Unable to apply any optimisations to advised method: protected native java.lang.Object java.lang.Object.clone() throws java.lang.CloneNotSupportedException
DEBUG (org.springframework.aop.framework.CglibAopProxy:788) - Method is declared on Advised interface: public abstract int org.springframework.aop.framework.Advised.indexOf(org.aopalliance.aop.Advice)
DEBUG (org.springframework.aop.framework.CglibAopProxy:788) - Method is declared on Advised interface: public abstract int org.springframework.aop.framework.Advised.indexOf(org.springframework.aop.Advisor)
DEBUG (org.springframework.aop.framework.CglibAopProxy:788) - Method is declared on Advised interface: public abstract boolean org.springframework.aop.framework.Advised.isFrozen()
DEBUG (org.springframework.aop.framework.CglibAopProxy:788) - Method is declared on Advised interface: public abstract boolean org.springframework.aop.framework.Advised.isProxyTargetClass()
DEBUG (org.springframework.aop.framework.CglibAopProxy:788) - Method is declared on Advised interface: public abstract java.lang.Class[] org.springframework.aop.framework.Advised.getProxiedInterfaces()
DEBUG (org.springframework.aop.framework.CglibAopProxy:788) - Method is declared on Advised interface: public abstract boolean org.springframework.aop.framework.Advised.isInterfaceProxied(java.lang.Class)
DEBUG (org.springframework.aop.framework.CglibAopProxy:788) - Method is declared on Advised interface: public abstract java.lang.String org.springframework.aop.framework.Advised.toProxyConfigString()
DEBUG (org.springframework.aop.framework.CglibAopProxy:788) - Method is declared on Advised interface: public abstract void org.springframework.aop.framework.Advised.setTargetSource(org.springframework.aop.TargetSource)
DEBUG (org.springframework.aop.framework.CglibAopProxy:788) - Method is declared on Advised interface: public abstract org.springframework.aop.TargetSource org.springframework.aop.framework.Advised.getTargetSource()
DEBUG (org.springframework.aop.framework.CglibAopProxy:788) - Method is declared on Advised interface: public abstract void org.springframework.aop.framework.Advised.addAdvisor(int,org.springframework.aop.Advisor) throws org.springframework.aop.framework.AopConfigException
DEBUG (org.springframework.aop.framework.CglibAopProxy:788) - Method is declared on Advised interface: public abstract void org.springframework.aop.framework.Advised.addAdvisor(org.springframework.aop.Advisor) throws org.springframework.aop.framework.AopConfigException
DEBUG (org.springframework.aop.framework.CglibAopProxy:788) - Method is declared on Advised interface: public abstract void org.springframework.aop.framework.Advised.setPreFiltered(boolean)
DEBUG (org.springframework.aop.framework.CglibAopProxy:788) - Method is declared on Advised interface: public abstract void org.springframework.aop.framework.Advised.setExposeProxy(boolean)
DEBUG (org.springframework.aop.framework.CglibAopProxy:788) - Method is declared on Advised interface: public abstract boolean org.springframework.aop.framework.Advised.isExposeProxy()
DEBUG (org.springframework.aop.framework.CglibAopProxy:788) - Method is declared on Advised interface: public abstract void org.springframework.aop.framework.Advised.addAdvice(int,org.aopalliance.aop.Advice) throws org.springframework.aop.framework.AopConfigException
DEBUG (org.springframework.aop.framework.CglibAopProxy:788) - Method is declared on Advised interface: public abstract void org.springframework.aop.framework.Advised.addAdvice(org.aopalliance.aop.Advice) throws org.springframework.aop.framework.AopConfigException
DEBUG (org.springframework.aop.framework.CglibAopProxy:788) - Method is declared on Advised interface: public abstract boolean org.springframework.aop.framework.Advised.isPreFiltered()
DEBUG (org.springframework.aop.framework.CglibAopProxy:788) - Method is declared on Advised interface: public abstract void org.springframework.aop.framework.Advised.removeAdvisor(int) throws org.springframework.aop.framework.AopConfigException
DEBUG (org.springframework.aop.framework.CglibAopProxy:788) - Method is declared on Advised interface: public abstract boolean org.springframework.aop.framework.Advised.removeAdvisor(org.springframework.aop.Advisor)
DEBUG (org.springframework.aop.framework.CglibAopProxy:788) - Method is declared on Advised interface: public abstract boolean org.springframework.aop.framework.Advised.replaceAdvisor(org.springframework.aop.Advisor,org.springframework.aop.Advisor) throws org.springframework.aop.framework.AopConfigException
DEBUG (org.springframework.aop.framework.CglibAopProxy:788) - Method is declared on Advised interface: public abstract boolean org.springframework.aop.framework.Advised.removeAdvice(org.aopalliance.aop.Advice)
DEBUG (org.springframework.aop.framework.CglibAopProxy:788) - Method is declared on Advised interface: public abstract org.springframework.aop.Advisor[] org.springframework.aop.framework.Advised.getAdvisors()
DEBUG (org.springframework.aop.framework.CglibAopProxy:788) - Method is declared on Advised interface: public abstract java.lang.Class org.springframework.aop.TargetClassAware.getTargetClass()
DEBUG (org.springframework.beans.factory.support.DefaultListableBeanFactory:478) - Finished creating instance of bean &apos;commonService&apos;
DEBUG (org.springframework.beans.factory.annotation.AutowiredAnnotationBeanPostProcessor:461) - Autowiring by type from bean name &apos;cacheController&apos; to bean named &apos;commonService&apos;
DEBUG (org.springframework.beans.factory.annotation.InjectionMetadata:85) - Processing injected method of bean &apos;cacheController&apos;: AutowiredFieldElement for private com.jk.ndt.etl.service.logs.SheetLogService com.jk.ndt.etl.controller.access.CacheController.sheetLogService
DEBUG (org.springframework.beans.factory.support.DefaultListableBeanFactory:220) - Creating shared instance of singleton bean &apos;sheetLogService&apos;
DEBUG (org.springframework.beans.factory.support.DefaultListableBeanFactory:450) - Creating instance of bean &apos;sheetLogService&apos;
DEBUG (org.springframework.beans.factory.support.DefaultListableBeanFactory:247) - Returning cached instance of singleton bean &apos;org.springframework.aop.support.DefaultBeanFactoryPointcutAdvisor#0&apos;
DEBUG (org.springframework.beans.factory.support.DefaultListableBeanFactory:247) - Returning cached instance of singleton bean &apos;org.springframework.cache.config.internalCacheAdvisor&apos;
DEBUG (org.springframework.beans.factory.annotation.InjectionMetadata:71) - Registered injected element on class [com.jk.ndt.etl.service.logs.impl.SheetLogServiceImpl]: AutowiredFieldElement for private com.jk.ndt.etl.dao.logs.SheetLogDao com.jk.ndt.etl.service.logs.impl.SheetLogServiceImpl.sheetLogDao
DEBUG (org.springframework.beans.factory.support.DefaultListableBeanFactory:524) - Eagerly caching bean &apos;sheetLogService&apos; to allow for resolving potential circular references
DEBUG (org.springframework.beans.factory.annotation.InjectionMetadata:85) - Processing injected method of bean &apos;sheetLogService&apos;: AutowiredFieldElement for private com.jk.ndt.etl.dao.logs.SheetLogDao com.jk.ndt.etl.service.logs.impl.SheetLogServiceImpl.sheetLogDao
DEBUG (org.springframework.beans.factory.support.DefaultListableBeanFactory:247) - Returning cached instance of singleton bean &apos;sheetLogDao&apos;
DEBUG (org.springframework.beans.factory.support.DefaultListableBeanFactory:247) - Returning cached instance of singleton bean &apos;org.springframework.aop.support.DefaultBeanFactoryPointcutAdvisor#0&apos;
DEBUG (org.springframework.beans.factory.support.DefaultListableBeanFactory:247) - Returning cached instance of singleton bean &apos;org.springframework.cache.config.internalCacheAdvisor&apos;
DEBUG (org.springframework.beans.factory.support.DefaultListableBeanFactory:247) - Returning cached instance of singleton bean &apos;org.springframework.aop.support.DefaultBeanFactoryPointcutAdvisor#0&apos;
DEBUG (org.springframework.beans.factory.support.DefaultListableBeanFactory:247) - Returning cached instance of singleton bean &apos;org.springframework.cache.config.internalCacheAdvisor&apos;
DEBUG (org.springframework.beans.factory.annotation.AutowiredAnnotationBeanPostProcessor:461) - Autowiring by type from bean name &apos;sheetLogService&apos; to bean named &apos;sheetLogDao&apos;
DEBUG (org.springframework.beans.factory.support.DefaultListableBeanFactory:247) - Returning cached instance of singleton bean &apos;org.springframework.aop.support.DefaultBeanFactoryPointcutAdvisor#0&apos;
DEBUG (org.springframework.beans.factory.support.DefaultListableBeanFactory:247) - Returning cached instance of singleton bean &apos;org.springframework.cache.config.internalCacheAdvisor&apos;
DEBUG (org.springframework.beans.factory.support.DefaultListableBeanFactory:247) - Returning cached instance of singleton bean &apos;org.springframework.aop.support.DefaultBeanFactoryPointcutAdvisor#0&apos;
DEBUG (org.springframework.beans.factory.support.DefaultListableBeanFactory:247) - Returning cached instance of singleton bean &apos;org.springframework.cache.config.internalCacheAdvisor&apos;
DEBUG (org.springframework.beans.factory.support.DefaultListableBeanFactory:478) - Finished creating instance of bean &apos;sheetLogService&apos;
DEBUG (org.springframework.beans.factory.annotation.AutowiredAnnotationBeanPostProcessor:461) - Autowiring by type from bean name &apos;cacheController&apos; to bean named &apos;sheetLogService&apos;
DEBUG (org.springframework.beans.factory.support.DefaultListableBeanFactory:247) - Returning cached instance of singleton bean &apos;org.springframework.aop.support.DefaultBeanFactoryPointcutAdvisor#0&apos;
DEBUG (org.springframework.beans.factory.support.DefaultListableBeanFactory:247) - Returning cached instance of singleton bean &apos;org.springframework.cache.config.internalCacheAdvisor&apos;
DEBUG (org.springframework.beans.factory.support.DefaultListableBeanFactory:247) - Returning cached instance of singleton bean &apos;org.springframework.aop.support.DefaultBeanFactoryPointcutAdvisor#0&apos;
DEBUG (org.springframework.beans.factory.support.DefaultListableBeanFactory:247) - Returning cached instance of singleton bean &apos;org.springframework.cache.config.internalCacheAdvisor&apos;
DEBUG (org.springframework.aop.aspectj.annotation.AnnotationAwareAspectJAutoProxyCreator:503) - Creating implicit proxy for bean &apos;cacheController&apos; with 0 common interceptors and 2 specific interceptors
DEBUG (org.springframework.aop.framework.CglibAopProxy:158) - Creating CGLIB proxy: target source is SingletonTargetSource for target object [com.jk.ndt.etl.controller.access.CacheController@2a3194c6]
DEBUG (org.springframework.aop.framework.CglibAopProxy:831) - Unable to apply any optimisations to advised method: public java.lang.Object com.jk.ndt.etl.controller.access.CacheController.cache(java.lang.Integer,javax.servlet.http.HttpServletRequest)
DEBUG (org.springframework.aop.framework.CglibAopProxy:782) - Found finalize() method - using NO_OVERRIDE
DEBUG (org.springframework.aop.framework.CglibAopProxy:794) - Found &apos;equals&apos; method: public boolean java.lang.Object.equals(java.lang.Object)
DEBUG (org.springframework.aop.framework.CglibAopProxy:831) - Unable to apply any optimisations to advised method: public java.lang.String java.lang.Object.toString()
DEBUG (org.springframework.aop.framework.CglibAopProxy:799) - Found &apos;hashCode&apos; method: public native int java.lang.Object.hashCode()
DEBUG (org.springframework.aop.framework.CglibAopProxy:831) - Unable to apply any optimisations to advised method: protected native java.lang.Object java.lang.Object.clone() throws java.lang.CloneNotSupportedException
DEBUG (org.springframework.aop.framework.CglibAopProxy:788) - Method is declared on Advised interface: public abstract int org.springframework.aop.framework.Advised.indexOf(org.aopalliance.aop.Advice)
DEBUG (org.springframework.aop.framework.CglibAopProxy:788) - Method is declared on Advised interface: public abstract int org.springframework.aop.framework.Advised.indexOf(org.springframework.aop.Advisor)
DEBUG (org.springframework.aop.framework.CglibAopProxy:788) - Method is declared on Advised interface: public abstract boolean org.springframework.aop.framework.Advised.isFrozen()
DEBUG (org.springframework.aop.framework.CglibAopProxy:788) - Method is declared on Advised interface: public abstract boolean org.springframework.aop.framework.Advised.isProxyTargetClass()
DEBUG (org.springframework.aop.framework.CglibAopProxy:788) - Method is declared on Advised interface: public abstract java.lang.Class[] org.springframework.aop.framework.Advised.getProxiedInterfaces()
DEBUG (org.springframework.aop.framework.CglibAopProxy:788) - Method is declared on Advised interface: public abstract boolean org.springframework.aop.framework.Advised.isInterfaceProxied(java.lang.Class)
DEBUG (org.springframework.aop.framework.CglibAopProxy:788) - Method is declared on Advised interface: public abstract java.lang.String org.springframework.aop.framework.Advised.toProxyConfigString()
DEBUG (org.springframework.aop.framework.CglibAopProxy:788) - Method is declared on Advised interface: public abstract void org.springframework.aop.framework.Advised.setTargetSource(org.springframework.aop.TargetSource)
DEBUG (org.springframework.aop.framework.CglibAopProxy:788) - Method is declared on Advised interface: public abstract org.springframework.aop.TargetSource org.springframework.aop.framework.Advised.getTargetSource()
DEBUG (org.springframework.aop.framework.CglibAopProxy:788) - Method is declared on Advised interface: public abstract void org.springframework.aop.framework.Advised.addAdvisor(int,org.springframework.aop.Advisor) throws org.springframework.aop.framework.AopConfigException
DEBUG (org.springframework.aop.framework.CglibAopProxy:788) - Method is declared on Advised interface: public abstract void org.springframework.aop.framework.Advised.addAdvisor(org.springframework.aop.Advisor) throws org.springframework.aop.framework.AopConfigException
DEBUG (org.springframework.aop.framework.CglibAopProxy:788) - Method is declared on Advised interface: public abstract void org.springframework.aop.framework.Advised.setPreFiltered(boolean)
DEBUG (org.springframework.aop.framework.CglibAopProxy:788) - Method is declared on Advised interface: public abstract void org.springframework.aop.framework.Advised.setExposeProxy(boolean)
DEBUG (org.springframework.aop.framework.CglibAopProxy:788) - Method is declared on Advised interface: public abstract boolean org.springframework.aop.framework.Advised.isExposeProxy()
DEBUG (org.springframework.aop.framework.CglibAopProxy:788) - Method is declared on Advised interface: public abstract void org.springframework.aop.framework.Advised.addAdvice(int,org.aopalliance.aop.Advice) throws org.springframework.aop.framework.AopConfigException
DEBUG (org.springframework.aop.framework.CglibAopProxy:788) - Method is declared on Advised interface: public abstract void org.springframework.aop.framework.Advised.addAdvice(org.aopalliance.aop.Advice) throws org.springframework.aop.framework.AopConfigException
DEBUG (org.springframework.aop.framework.CglibAopProxy:788) - Method is declared on Advised interface: public abstract boolean org.springframework.aop.framework.Advised.isPreFiltered()
DEBUG (org.springframework.aop.framework.CglibAopProxy:788) - Method is declared on Advised interface: public abstract void org.springframework.aop.framework.Advised.removeAdvisor(int) throws org.springframework.aop.framework.AopConfigException
DEBUG (org.springframework.aop.framework.CglibAopProxy:788) - Method is declared on Advised interface: public abstract boolean org.springframework.aop.framework.Advised.removeAdvisor(org.springframework.aop.Advisor)
DEBUG (org.springframework.aop.framework.CglibAopProxy:788) - Method is declared on Advised interface: public abstract boolean org.springframework.aop.framework.Advised.replaceAdvisor(org.springframework.aop.Advisor,org.springframework.aop.Advisor) throws org.springframework.aop.framework.AopConfigException
DEBUG (org.springframework.aop.framework.CglibAopProxy:788) - Method is declared on Advised interface: public abstract boolean org.springframework.aop.framework.Advised.removeAdvice(org.aopalliance.aop.Advice)
DEBUG (org.springframework.aop.framework.CglibAopProxy:788) - Method is declared on Advised interface: public abstract org.springframework.aop.Advisor[] org.springframework.aop.framework.Advised.getAdvisors()
DEBUG (org.springframework.aop.framework.CglibAopProxy:788) - Method is declared on Advised interface: public abstract java.lang.Class org.springframework.aop.TargetClassAware.getTargetClass()
DEBUG (org.springframework.beans.factory.support.DefaultListableBeanFactory:478) - Finished creating instance of bean &apos;cacheController&apos;
DEBUG (org.springframework.beans.factory.support.DefaultListableBeanFactory:220) - Creating shared instance of singleton bean &apos;sheetController&apos;
DEBUG (org.springframework.beans.factory.support.DefaultListableBeanFactory:450) - Creating instance of bean &apos;sheetController&apos;
DEBUG (org.springframework.beans.factory.support.DefaultListableBeanFactory:247) - Returning cached instance of singleton bean &apos;org.springframework.aop.support.DefaultBeanFactoryPointcutAdvisor#0&apos;
DEBUG (org.springframework.beans.factory.support.DefaultListableBeanFactory:247) - Returning cached instance of singleton bean &apos;org.springframework.cache.config.internalCacheAdvisor&apos;
DEBUG (org.springframework.beans.factory.annotation.InjectionMetadata:71) - Registered injected element on class [com.jk.ndt.etl.controller.access.SheetController]: AutowiredFieldElement for private com.jk.ndt.etl.service.access.SheetInfoService com.jk.ndt.etl.controller.access.SheetController.sheetInfoService
DEBUG (org.springframework.beans.factory.annotation.InjectionMetadata:71) - Registered injected element on class [com.jk.ndt.etl.controller.access.SheetController]: AutowiredFieldElement for private com.jk.ndt.etl.service.common.CommonService com.jk.ndt.etl.controller.access.SheetController.commonService
DEBUG (org.springframework.beans.factory.annotation.InjectionMetadata:71) - Registered injected element on class [com.jk.ndt.etl.controller.access.SheetController]: AutowiredFieldElement for private com.jk.ndt.etl.service.logs.SheetLogService com.jk.ndt.etl.controller.access.SheetController.sheetLogService
DEBUG (org.springframework.beans.factory.support.DefaultListableBeanFactory:524) - Eagerly caching bean &apos;sheetController&apos; to allow for resolving potential circular references
DEBUG (org.springframework.beans.factory.annotation.InjectionMetadata:85) - Processing injected method of bean &apos;sheetController&apos;: AutowiredFieldElement for private com.jk.ndt.etl.service.access.SheetInfoService com.jk.ndt.etl.controller.access.SheetController.sheetInfoService
DEBUG (org.springframework.beans.factory.support.DefaultListableBeanFactory:247) - Returning cached instance of singleton bean &apos;sheetInfoService&apos;
DEBUG (org.springframework.beans.factory.annotation.AutowiredAnnotationBeanPostProcessor:461) - Autowiring by type from bean name &apos;sheetController&apos; to bean named &apos;sheetInfoService&apos;
DEBUG (org.springframework.beans.factory.annotation.InjectionMetadata:85) - Processing injected method of bean &apos;sheetController&apos;: AutowiredFieldElement for private com.jk.ndt.etl.service.common.CommonService com.jk.ndt.etl.controller.access.SheetController.commonService
DEBUG (org.springframework.beans.factory.support.DefaultListableBeanFactory:247) - Returning cached instance of singleton bean &apos;commonService&apos;
DEBUG (org.springframework.beans.factory.annotation.AutowiredAnnotationBeanPostProcessor:461) - Autowiring by type from bean name &apos;sheetController&apos; to bean named &apos;commonService&apos;
DEBUG (org.springframework.beans.factory.annotation.InjectionMetadata:85) - Processing injected method of bean &apos;sheetController&apos;: AutowiredFieldElement for private com.jk.ndt.etl.service.logs.SheetLogService com.jk.ndt.etl.controller.access.SheetController.sheetLogService
DEBUG (org.springframework.beans.factory.support.DefaultListableBeanFactory:247) - Returning cached instance of singleton bean &apos;sheetLogService&apos;
DEBUG (org.springframework.beans.factory.annotation.AutowiredAnnotationBeanPostProcessor:461) - Autowiring by type from bean name &apos;sheetController&apos; to bean named &apos;sheetLogService&apos;
DEBUG (org.springframework.beans.factory.support.DefaultListableBeanFactory:247) - Returning cached instance of singleton bean &apos;org.springframework.aop.support.DefaultBeanFactoryPointcutAdvisor#0&apos;
DEBUG (org.springframework.beans.factory.support.DefaultListableBeanFactory:247) - Returning cached instance of singleton bean &apos;org.springframework.cache.config.internalCacheAdvisor&apos;
DEBUG (org.springframework.beans.factory.support.DefaultListableBeanFactory:247) - Returning cached instance of singleton bean &apos;org.springframework.aop.support.DefaultBeanFactoryPointcutAdvisor#0&apos;
DEBUG (org.springframework.beans.factory.support.DefaultListableBeanFactory:247) - Returning cached instance of singleton bean &apos;org.springframework.cache.config.internalCacheAdvisor&apos;
DEBUG (org.springframework.aop.aspectj.annotation.AnnotationAwareAspectJAutoProxyCreator:503) - Creating implicit proxy for bean &apos;sheetController&apos; with 0 common interceptors and 2 specific interceptors
DEBUG (org.springframework.aop.framework.CglibAopProxy:158) - Creating CGLIB proxy: target source is SingletonTargetSource for target object [com.jk.ndt.etl.controller.access.SheetController@71904469]
DEBUG (org.springframework.aop.framework.CglibAopProxy:831) - Unable to apply any optimisations to advised method: public java.lang.Object com.jk.ndt.etl.controller.access.SheetController.getSheetById(java.lang.Integer)
DEBUG (org.springframework.aop.framework.CglibAopProxy:831) - Unable to apply any optimisations to advised method: public java.util.Map com.jk.ndt.etl.controller.access.SheetController.listSheets(java.lang.String,java.lang.String,java.lang.Integer)
DEBUG (org.springframework.aop.framework.CglibAopProxy:831) - Unable to apply any optimisations to advised method: public java.util.Map com.jk.ndt.etl.controller.access.SheetController.getUnCleanSheetData(java.lang.Integer,java.lang.Integer)
DEBUG (org.springframework.aop.framework.CglibAopProxy:831) - Unable to apply any optimisations to advised method: public java.util.Map com.jk.ndt.etl.controller.access.SheetController.listSheetDataById(java.lang.Integer,java.lang.Integer,java.lang.Integer)
DEBUG (org.springframework.aop.framework.CglibAopProxy:831) - Unable to apply any optimisations to advised method: public java.util.List com.jk.ndt.etl.controller.access.SheetController.getSheetDataByIds(java.lang.Integer,java.util.Map)
DEBUG (org.springframework.aop.framework.CglibAopProxy:831) - Unable to apply any optimisations to advised method: public java.util.List com.jk.ndt.etl.controller.access.SheetController.listLogsBySheetId(java.lang.Integer)
DEBUG (org.springframework.aop.framework.CglibAopProxy:782) - Found finalize() method - using NO_OVERRIDE
DEBUG (org.springframework.aop.framework.CglibAopProxy:794) - Found &apos;equals&apos; method: public boolean java.lang.Object.equals(java.lang.Object)
DEBUG (org.springframework.aop.framework.CglibAopProxy:831) - Unable to apply any optimisations to advised method: public java.lang.String java.lang.Object.toString()
DEBUG (org.springframework.aop.framework.CglibAopProxy:799) - Found &apos;hashCode&apos; method: public native int java.lang.Object.hashCode()
DEBUG (org.springframework.aop.framework.CglibAopProxy:831) - Unable to apply any optimisations to advised method: protected native java.lang.Object java.lang.Object.clone() throws java.lang.CloneNotSupportedException
DEBUG (org.springframework.aop.framework.CglibAopProxy:788) - Method is declared on Advised interface: public abstract int org.springframework.aop.framework.Advised.indexOf(org.aopalliance.aop.Advice)
DEBUG (org.springframework.aop.framework.CglibAopProxy:788) - Method is declared on Advised interface: public abstract int org.springframework.aop.framework.Advised.indexOf(org.springframework.aop.Advisor)
DEBUG (org.springframework.aop.framework.CglibAopProxy:788) - Method is declared on Advised interface: public abstract boolean org.springframework.aop.framework.Advised.isFrozen()
DEBUG (org.springframework.aop.framework.CglibAopProxy:788) - Method is declared on Advised interface: public abstract boolean org.springframework.aop.framework.Advised.isProxyTargetClass()
DEBUG (org.springframework.aop.framework.CglibAopProxy:788) - Method is declared on Advised interface: public abstract java.lang.Class[] org.springframework.aop.framework.Advised.getProxiedInterfaces()
DEBUG (org.springframework.aop.framework.CglibAopProxy:788) - Method is declared on Advised interface: public abstract boolean org.springframework.aop.framework.Advised.isInterfaceProxied(java.lang.Class)
DEBUG (org.springframework.aop.framework.CglibAopProxy:788) - Method is declared on Advised interface: public abstract java.lang.String org.springframework.aop.framework.Advised.toProxyConfigString()
DEBUG (org.springframework.aop.framework.CglibAopProxy:788) - Method is declared on Advised interface: public abstract void org.springframework.aop.framework.Advised.setTargetSource(org.springframework.aop.TargetSource)
DEBUG (org.springframework.aop.framework.CglibAopProxy:788) - Method is declared on Advised interface: public abstract org.springframework.aop.TargetSource org.springframework.aop.framework.Advised.getTargetSource()
DEBUG (org.springframework.aop.framework.CglibAopProxy:788) - Method is declared on Advised interface: public abstract void org.springframework.aop.framework.Advised.addAdvisor(int,org.springframework.aop.Advisor) throws org.springframework.aop.framework.AopConfigException
DEBUG (org.springframework.aop.framework.CglibAopProxy:788) - Method is declared on Advised interface: public abstract void org.springframework.aop.framework.Advised.addAdvisor(org.springframework.aop.Advisor) throws org.springframework.aop.framework.AopConfigException
DEBUG (org.springframework.aop.framework.CglibAopProxy:788) - Method is declared on Advised interface: public abstract void org.springframework.aop.framework.Advised.setPreFiltered(boolean)
DEBUG (org.springframework.aop.framework.CglibAopProxy:788) - Method is declared on Advised interface: public abstract void org.springframework.aop.framework.Advised.setExposeProxy(boolean)
DEBUG (org.springframework.aop.framework.CglibAopProxy:788) - Method is declared on Advised interface: public abstract boolean org.springframework.aop.framework.Advised.isExposeProxy()
DEBUG (org.springframework.aop.framework.CglibAopProxy:788) - Method is declared on Advised interface: public abstract void org.springframework.aop.framework.Advised.addAdvice(int,org.aopalliance.aop.Advice) throws org.springframework.aop.framework.AopConfigException
DEBUG (org.springframework.aop.framework.CglibAopProxy:788) - Method is declared on Advised interface: public abstract void org.springframework.aop.framework.Advised.addAdvice(org.aopalliance.aop.Advice) throws org.springframework.aop.framework.AopConfigException
DEBUG (org.springframework.aop.framework.CglibAopProxy:788) - Method is declared on Advised interface: public abstract boolean org.springframework.aop.framework.Advised.isPreFiltered()
DEBUG (org.springframework.aop.framework.CglibAopProxy:788) - Method is declared on Advised interface: public abstract void org.springframework.aop.framework.Advised.removeAdvisor(int) throws org.springframework.aop.framework.AopConfigException
DEBUG (org.springframework.aop.framework.CglibAopProxy:788) - Method is declared on Advised interface: public abstract boolean org.springframework.aop.framework.Advised.removeAdvisor(org.springframework.aop.Advisor)
DEBUG (org.springframework.aop.framework.CglibAopProxy:788) - Method is declared on Advised interface: public abstract boolean org.springframework.aop.framework.Advised.replaceAdvisor(org.springframework.aop.Advisor,org.springframework.aop.Advisor) throws org.springframework.aop.framework.AopConfigException
DEBUG (org.springframework.aop.framework.CglibAopProxy:788) - Method is declared on Advised interface: public abstract boolean org.springframework.aop.framework.Advised.removeAdvice(org.aopalliance.aop.Advice)
DEBUG (org.springframework.aop.framework.CglibAopProxy:788) - Method is declared on Advised interface: public abstract org.springframework.aop.Advisor[] org.springframework.aop.framework.Advised.getAdvisors()
DEBUG (org.springframework.aop.framework.CglibAopProxy:788) - Method is declared on Advised interface: public abstract java.lang.Class org.springframework.aop.TargetClassAware.getTargetClass()
DEBUG (org.springframework.beans.factory.support.DefaultListableBeanFactory:478) - Finished creating instance of bean &apos;sheetController&apos;
DEBUG (org.springframework.beans.factory.support.DefaultListableBeanFactory:220) - Creating shared instance of singleton bean &apos;uploadController&apos;
DEBUG (org.springframework.beans.factory.support.DefaultListableBeanFactory:450) - Creating instance of bean &apos;uploadController&apos;
DEBUG (org.springframework.beans.factory.support.DefaultListableBeanFactory:247) - Returning cached instance of singleton bean &apos;org.springframework.aop.support.DefaultBeanFactoryPointcutAdvisor#0&apos;
DEBUG (org.springframework.beans.factory.support.DefaultListableBeanFactory:247) - Returning cached instance of singleton bean &apos;org.springframework.cache.config.internalCacheAdvisor&apos;
DEBUG (org.springframework.beans.factory.annotation.InjectionMetadata:71) - Registered injected element on class [com.jk.ndt.etl.controller.access.UploadController]: AutowiredFieldElement for private com.jk.ndt.etl.service.access.UploadInfoService com.jk.ndt.etl.controller.access.UploadController.uploadInfoService
DEBUG (org.springframework.beans.factory.annotation.InjectionMetadata:71) - Registered injected element on class [com.jk.ndt.etl.controller.access.UploadController]: AutowiredFieldElement for private com.jk.ndt.etl.service.access.SheetInfoService com.jk.ndt.etl.controller.access.UploadController.sheetInfoService
DEBUG (org.springframework.beans.factory.support.DefaultListableBeanFactory:524) - Eagerly caching bean &apos;uploadController&apos; to allow for resolving potential circular references
DEBUG (org.springframework.beans.factory.annotation.InjectionMetadata:85) - Processing injected method of bean &apos;uploadController&apos;: AutowiredFieldElement for private com.jk.ndt.etl.service.access.UploadInfoService com.jk.ndt.etl.controller.access.UploadController.uploadInfoService
DEBUG (org.springframework.beans.factory.support.DefaultListableBeanFactory:247) - Returning cached instance of singleton bean &apos;uploadInfoService&apos;
DEBUG (org.springframework.beans.factory.annotation.AutowiredAnnotationBeanPostProcessor:461) - Autowiring by type from bean name &apos;uploadController&apos; to bean named &apos;uploadInfoService&apos;
DEBUG (org.springframework.beans.factory.annotation.InjectionMetadata:85) - Processing injected method of bean &apos;uploadController&apos;: AutowiredFieldElement for private com.jk.ndt.etl.service.access.SheetInfoService com.jk.ndt.etl.controller.access.UploadController.sheetInfoService
DEBUG (org.springframework.beans.factory.support.DefaultListableBeanFactory:247) - Returning cached instance of singleton bean &apos;sheetInfoService&apos;
DEBUG (org.springframework.beans.factory.annotation.AutowiredAnnotationBeanPostProcessor:461) - Autowiring by type from bean name &apos;uploadController&apos; to bean named &apos;sheetInfoService&apos;
DEBUG (org.springframework.beans.factory.support.DefaultListableBeanFactory:247) - Returning cached instance of singleton bean &apos;org.springframework.aop.support.DefaultBeanFactoryPointcutAdvisor#0&apos;
DEBUG (org.springframework.beans.factory.support.DefaultListableBeanFactory:247) - Returning cached instance of singleton bean &apos;org.springframework.cache.config.internalCacheAdvisor&apos;
DEBUG (org.springframework.beans.factory.support.DefaultListableBeanFactory:247) - Returning cached instance of singleton bean &apos;org.springframework.aop.support.DefaultBeanFactoryPointcutAdvisor#0&apos;
DEBUG (org.springframework.beans.factory.support.DefaultListableBeanFactory:247) - Returning cached instance of singleton bean &apos;org.springframework.cache.config.internalCacheAdvisor&apos;
DEBUG (org.springframework.beans.factory.support.DefaultListableBeanFactory:478) - Finished creating instance of bean &apos;uploadController&apos;
DEBUG (org.springframework.beans.factory.support.DefaultListableBeanFactory:220) - Creating shared instance of singleton bean &apos;cleanerController&apos;
DEBUG (org.springframework.beans.factory.support.DefaultListableBeanFactory:450) - Creating instance of bean &apos;cleanerController&apos;
DEBUG (org.springframework.beans.factory.support.DefaultListableBeanFactory:247) - Returning cached instance of singleton bean &apos;org.springframework.aop.support.DefaultBeanFactoryPointcutAdvisor#0&apos;
DEBUG (org.springframework.beans.factory.support.DefaultListableBeanFactory:247) - Returning cached instance of singleton bean &apos;org.springframework.cache.config.internalCacheAdvisor&apos;
DEBUG (org.springframework.beans.factory.annotation.InjectionMetadata:71) - Registered injected element on class [com.jk.ndt.etl.controller.clean.CleanerController]: AutowiredFieldElement for private com.jk.ndt.etl.service.rule.CleanService com.jk.ndt.etl.controller.clean.CleanerController.cleanService
DEBUG (org.springframework.beans.factory.support.DefaultListableBeanFactory:524) - Eagerly caching bean &apos;cleanerController&apos; to allow for resolving potential circular references
DEBUG (org.springframework.beans.factory.annotation.InjectionMetadata:85) - Processing injected method of bean &apos;cleanerController&apos;: AutowiredFieldElement for private com.jk.ndt.etl.service.rule.CleanService com.jk.ndt.etl.controller.clean.CleanerController.cleanService
DEBUG (org.springframework.beans.factory.support.DefaultListableBeanFactory:220) - Creating shared instance of singleton bean &apos;cleanService&apos;
DEBUG (org.springframework.beans.factory.support.DefaultListableBeanFactory:450) - Creating instance of bean &apos;cleanService&apos;
DEBUG (org.springframework.beans.factory.support.DefaultListableBeanFactory:247) - Returning cached instance of singleton bean &apos;org.springframework.aop.support.DefaultBeanFactoryPointcutAdvisor#0&apos;
DEBUG (org.springframework.beans.factory.support.DefaultListableBeanFactory:247) - Returning cached instance of singleton bean &apos;org.springframework.cache.config.internalCacheAdvisor&apos;
DEBUG (org.springframework.beans.factory.annotation.InjectionMetadata:71) - Registered injected element on class [com.jk.ndt.etl.service.rule.impl.CleanServiceImpl]: AutowiredFieldElement for private com.jk.ndt.etl.dao.common.CommonDao com.jk.ndt.etl.service.rule.impl.CleanServiceImpl.commonDao
DEBUG (org.springframework.beans.factory.annotation.InjectionMetadata:71) - Registered injected element on class [com.jk.ndt.etl.service.rule.impl.CleanServiceImpl]: AutowiredFieldElement for private com.jk.ndt.etl.dao.access.SheetInfoDao com.jk.ndt.etl.service.rule.impl.CleanServiceImpl.sheetInfoDao
DEBUG (org.springframework.beans.factory.annotation.InjectionMetadata:71) - Registered injected element on class [com.jk.ndt.etl.service.rule.impl.CleanServiceImpl]: AutowiredFieldElement for private com.jk.ndt.etl.dao.logs.SheetLogDao com.jk.ndt.etl.service.rule.impl.CleanServiceImpl.sheetLogDao
DEBUG (org.springframework.beans.factory.support.DefaultListableBeanFactory:524) - Eagerly caching bean &apos;cleanService&apos; to allow for resolving potential circular references
DEBUG (org.springframework.beans.factory.annotation.InjectionMetadata:85) - Processing injected method of bean &apos;cleanService&apos;: AutowiredFieldElement for private com.jk.ndt.etl.dao.common.CommonDao com.jk.ndt.etl.service.rule.impl.CleanServiceImpl.commonDao
DEBUG (org.springframework.beans.factory.support.DefaultListableBeanFactory:247) - Returning cached instance of singleton bean &apos;commonDao&apos;
DEBUG (org.springframework.beans.factory.annotation.AutowiredAnnotationBeanPostProcessor:461) - Autowiring by type from bean name &apos;cleanService&apos; to bean named &apos;commonDao&apos;
DEBUG (org.springframework.beans.factory.annotation.InjectionMetadata:85) - Processing injected method of bean &apos;cleanService&apos;: AutowiredFieldElement for private com.jk.ndt.etl.dao.access.SheetInfoDao com.jk.ndt.etl.service.rule.impl.CleanServiceImpl.sheetInfoDao
DEBUG (org.springframework.beans.factory.support.DefaultListableBeanFactory:247) - Returning cached instance of singleton bean &apos;sheetInfoDao&apos;
DEBUG (org.springframework.beans.factory.annotation.AutowiredAnnotationBeanPostProcessor:461) - Autowiring by type from bean name &apos;cleanService&apos; to bean named &apos;sheetInfoDao&apos;
DEBUG (org.springframework.beans.factory.annotation.InjectionMetadata:85) - Processing injected method of bean &apos;cleanService&apos;: AutowiredFieldElement for private com.jk.ndt.etl.dao.logs.SheetLogDao com.jk.ndt.etl.service.rule.impl.CleanServiceImpl.sheetLogDao
DEBUG (org.springframework.beans.factory.support.DefaultListableBeanFactory:247) - Returning cached instance of singleton bean &apos;sheetLogDao&apos;
DEBUG (org.springframework.beans.factory.annotation.AutowiredAnnotationBeanPostProcessor:461) - Autowiring by type from bean name &apos;cleanService&apos; to bean named &apos;sheetLogDao&apos;
DEBUG (org.springframework.beans.factory.support.DefaultListableBeanFactory:247) - Returning cached instance of singleton bean &apos;org.springframework.aop.support.DefaultBeanFactoryPointcutAdvisor#0&apos;
DEBUG (org.springframework.beans.factory.support.DefaultListableBeanFactory:247) - Returning cached instance of singleton bean &apos;org.springframework.cache.config.internalCacheAdvisor&apos;
DEBUG (org.springframework.beans.factory.support.DefaultListableBeanFactory:247) - Returning cached instance of singleton bean &apos;org.springframework.aop.support.DefaultBeanFactoryPointcutAdvisor#0&apos;
DEBUG (org.springframework.beans.factory.support.DefaultListableBeanFactory:247) - Returning cached instance of singleton bean &apos;org.springframework.cache.config.internalCacheAdvisor&apos;
DEBUG (org.springframework.aop.aspectj.annotation.AnnotationAwareAspectJAutoProxyCreator:503) - Creating implicit proxy for bean &apos;cleanService&apos; with 0 common interceptors and 2 specific interceptors
DEBUG (org.springframework.aop.framework.CglibAopProxy:158) - Creating CGLIB proxy: target source is SingletonTargetSource for target object [com.jk.ndt.etl.service.rule.impl.CleanServiceImpl@5e65afb6]
DEBUG (org.springframework.aop.framework.CglibAopProxy:831) - Unable to apply any optimisations to advised method: public com.jk.ndt.etl.entity.rule.CleanResult com.jk.ndt.etl.service.rule.impl.CleanServiceImpl.clean(com.jk.ndt.etl.entity.rule.CleanerSheetPO)
DEBUG (org.springframework.aop.framework.CglibAopProxy:831) - Unable to apply any optimisations to advised method: public java.util.List com.jk.ndt.etl.service.rule.impl.CleanServiceImpl.operationTest(java.lang.String,java.util.List)
DEBUG (org.springframework.aop.framework.CglibAopProxy:782) - Found finalize() method - using NO_OVERRIDE
DEBUG (org.springframework.aop.framework.CglibAopProxy:794) - Found &apos;equals&apos; method: public boolean java.lang.Object.equals(java.lang.Object)
DEBUG (org.springframework.aop.framework.CglibAopProxy:831) - Unable to apply any optimisations to advised method: public java.lang.String java.lang.Object.toString()
DEBUG (org.springframework.aop.framework.CglibAopProxy:799) - Found &apos;hashCode&apos; method: public native int java.lang.Object.hashCode()
DEBUG (org.springframework.aop.framework.CglibAopProxy:831) - Unable to apply any optimisations to advised method: protected native java.lang.Object java.lang.Object.clone() throws java.lang.CloneNotSupportedException
DEBUG (org.springframework.aop.framework.CglibAopProxy:788) - Method is declared on Advised interface: public abstract int org.springframework.aop.framework.Advised.indexOf(org.aopalliance.aop.Advice)
DEBUG (org.springframework.aop.framework.CglibAopProxy:788) - Method is declared on Advised interface: public abstract int org.springframework.aop.framework.Advised.indexOf(org.springframework.aop.Advisor)
DEBUG (org.springframework.aop.framework.CglibAopProxy:788) - Method is declared on Advised interface: public abstract boolean org.springframework.aop.framework.Advised.isFrozen()
DEBUG (org.springframework.aop.framework.CglibAopProxy:788) - Method is declared on Advised interface: public abstract boolean org.springframework.aop.framework.Advised.isProxyTargetClass()
DEBUG (org.springframework.aop.framework.CglibAopProxy:788) - Method is declared on Advised interface: public abstract java.lang.Class[] org.springframework.aop.framework.Advised.getProxiedInterfaces()
DEBUG (org.springframework.aop.framework.CglibAopProxy:788) - Method is declared on Advised interface: public abstract boolean org.springframework.aop.framework.Advised.isInterfaceProxied(java.lang.Class)
DEBUG (org.springframework.aop.framework.CglibAopProxy:788) - Method is declared on Advised interface: public abstract java.lang.String org.springframework.aop.framework.Advised.toProxyConfigString()
DEBUG (org.springframework.aop.framework.CglibAopProxy:788) - Method is declared on Advised interface: public abstract void org.springframework.aop.framework.Advised.setTargetSource(org.springframework.aop.TargetSource)
DEBUG (org.springframework.aop.framework.CglibAopProxy:788) - Method is declared on Advised interface: public abstract org.springframework.aop.TargetSource org.springframework.aop.framework.Advised.getTargetSource()
DEBUG (org.springframework.aop.framework.CglibAopProxy:788) - Method is declared on Advised interface: public abstract void org.springframework.aop.framework.Advised.addAdvisor(int,org.springframework.aop.Advisor) throws org.springframework.aop.framework.AopConfigException
DEBUG (org.springframework.aop.framework.CglibAopProxy:788) - Method is declared on Advised interface: public abstract void org.springframework.aop.framework.Advised.addAdvisor(org.springframework.aop.Advisor) throws org.springframework.aop.framework.AopConfigException
DEBUG (org.springframework.aop.framework.CglibAopProxy:788) - Method is declared on Advised interface: public abstract void org.springframework.aop.framework.Advised.setPreFiltered(boolean)
DEBUG (org.springframework.aop.framework.CglibAopProxy:788) - Method is declared on Advised interface: public abstract void org.springframework.aop.framework.Advised.setExposeProxy(boolean)
DEBUG (org.springframework.aop.framework.CglibAopProxy:788) - Method is declared on Advised interface: public abstract boolean org.springframework.aop.framework.Advised.isExposeProxy()
DEBUG (org.springframework.aop.framework.CglibAopProxy:788) - Method is declared on Advised interface: public abstract void org.springframework.aop.framework.Advised.addAdvice(int,org.aopalliance.aop.Advice) throws org.springframework.aop.framework.AopConfigException
DEBUG (org.springframework.aop.framework.CglibAopProxy:788) - Method is declared on Advised interface: public abstract void org.springframework.aop.framework.Advised.addAdvice(org.aopalliance.aop.Advice) throws org.springframework.aop.framework.AopConfigException
DEBUG (org.springframework.aop.framework.CglibAopProxy:788) - Method is declared on Advised interface: public abstract boolean org.springframework.aop.framework.Advised.isPreFiltered()
DEBUG (org.springframework.aop.framework.CglibAopProxy:788) - Method is declared on Advised interface: public abstract void org.springframework.aop.framework.Advised.removeAdvisor(int) throws org.springframework.aop.framework.AopConfigException
DEBUG (org.springframework.aop.framework.CglibAopProxy:788) - Method is declared on Advised interface: public abstract boolean org.springframework.aop.framework.Advised.removeAdvisor(org.springframework.aop.Advisor)
DEBUG (org.springframework.aop.framework.CglibAopProxy:788) - Method is declared on Advised interface: public abstract boolean org.springframework.aop.framework.Advised.replaceAdvisor(org.springframework.aop.Advisor,org.springframework.aop.Advisor) throws org.springframework.aop.framework.AopConfigException
DEBUG (org.springframework.aop.framework.CglibAopProxy:788) - Method is declared on Advised interface: public abstract boolean org.springframework.aop.framework.Advised.removeAdvice(org.aopalliance.aop.Advice)
DEBUG (org.springframework.aop.framework.CglibAopProxy:788) - Method is declared on Advised interface: public abstract org.springframework.aop.Advisor[] org.springframework.aop.framework.Advised.getAdvisors()
DEBUG (org.springframework.aop.framework.CglibAopProxy:788) - Method is declared on Advised interface: public abstract java.lang.Class org.springframework.aop.TargetClassAware.getTargetClass()
DEBUG (org.springframework.beans.factory.support.DefaultListableBeanFactory:478) - Finished creating instance of bean &apos;cleanService&apos;
DEBUG (org.springframework.beans.factory.annotation.AutowiredAnnotationBeanPostProcessor:461) - Autowiring by type from bean name &apos;cleanerController&apos; to bean named &apos;cleanService&apos;
DEBUG (org.springframework.beans.factory.support.DefaultListableBeanFactory:247) - Returning cached instance of singleton bean &apos;org.springframework.aop.support.DefaultBeanFactoryPointcutAdvisor#0&apos;
DEBUG (org.springframework.beans.factory.support.DefaultListableBeanFactory:247) - Returning cached instance of singleton bean &apos;org.springframework.cache.config.internalCacheAdvisor&apos;
DEBUG (org.springframework.beans.factory.support.DefaultListableBeanFactory:247) - Returning cached instance of singleton bean &apos;org.springframework.aop.support.DefaultBeanFactoryPointcutAdvisor#0&apos;
DEBUG (org.springframework.beans.factory.support.DefaultListableBeanFactory:247) - Returning cached instance of singleton bean &apos;org.springframework.cache.config.internalCacheAdvisor&apos;
DEBUG (org.springframework.aop.aspectj.annotation.AnnotationAwareAspectJAutoProxyCreator:503) - Creating implicit proxy for bean &apos;cleanerController&apos; with 0 common interceptors and 2 specific interceptors
DEBUG (org.springframework.aop.framework.CglibAopProxy:158) - Creating CGLIB proxy: target source is SingletonTargetSource for target object [com.jk.ndt.etl.controller.clean.CleanerController@2d9dff65]
DEBUG (org.springframework.aop.framework.CglibAopProxy:831) - Unable to apply any optimisations to advised method: public java.lang.Object com.jk.ndt.etl.controller.clean.CleanerController.clean(com.jk.ndt.etl.entity.rule.CleanerSheetPO,java.lang.Integer)
DEBUG (org.springframework.aop.framework.CglibAopProxy:831) - Unable to apply any optimisations to advised method: public java.util.List com.jk.ndt.etl.controller.clean.CleanerController.listCleaners()
DEBUG (org.springframework.aop.framework.CglibAopProxy:831) - Unable to apply any optimisations to advised method: public java.lang.Object com.jk.ndt.etl.controller.clean.CleanerController.operationTest(java.util.Map)
DEBUG (org.springframework.aop.framework.CglibAopProxy:782) - Found finalize() method - using NO_OVERRIDE
DEBUG (org.springframework.aop.framework.CglibAopProxy:794) - Found &apos;equals&apos; method: public boolean java.lang.Object.equals(java.lang.Object)
DEBUG (org.springframework.aop.framework.CglibAopProxy:831) - Unable to apply any optimisations to advised method: public java.lang.String java.lang.Object.toString()
DEBUG (org.springframework.aop.framework.CglibAopProxy:799) - Found &apos;hashCode&apos; method: public native int java.lang.Object.hashCode()
DEBUG (org.springframework.aop.framework.CglibAopProxy:831) - Unable to apply any optimisations to advised method: protected native java.lang.Object java.lang.Object.clone() throws java.lang.CloneNotSupportedException
DEBUG (org.springframework.aop.framework.CglibAopProxy:788) - Method is declared on Advised interface: public abstract int org.springframework.aop.framework.Advised.indexOf(org.aopalliance.aop.Advice)
DEBUG (org.springframework.aop.framework.CglibAopProxy:788) - Method is declared on Advised interface: public abstract int org.springframework.aop.framework.Advised.indexOf(org.springframework.aop.Advisor)
DEBUG (org.springframework.aop.framework.CglibAopProxy:788) - Method is declared on Advised interface: public abstract boolean org.springframework.aop.framework.Advised.isFrozen()
DEBUG (org.springframework.aop.framework.CglibAopProxy:788) - Method is declared on Advised interface: public abstract boolean org.springframework.aop.framework.Advised.isProxyTargetClass()
DEBUG (org.springframework.aop.framework.CglibAopProxy:788) - Method is declared on Advised interface: public abstract java.lang.Class[] org.springframework.aop.framework.Advised.getProxiedInterfaces()
DEBUG (org.springframework.aop.framework.CglibAopProxy:788) - Method is declared on Advised interface: public abstract boolean org.springframework.aop.framework.Advised.isInterfaceProxied(java.lang.Class)
DEBUG (org.springframework.aop.framework.CglibAopProxy:788) - Method is declared on Advised interface: public abstract java.lang.String org.springframework.aop.framework.Advised.toProxyConfigString()
DEBUG (org.springframework.aop.framework.CglibAopProxy:788) - Method is declared on Advised interface: public abstract void org.springframework.aop.framework.Advised.setTargetSource(org.springframework.aop.TargetSource)
DEBUG (org.springframework.aop.framework.CglibAopProxy:788) - Method is declared on Advised interface: public abstract org.springframework.aop.TargetSource org.springframework.aop.framework.Advised.getTargetSource()
DEBUG (org.springframework.aop.framework.CglibAopProxy:788) - Method is declared on Advised interface: public abstract void org.springframework.aop.framework.Advised.addAdvisor(int,org.springframework.aop.Advisor) throws org.springframework.aop.framework.AopConfigException
DEBUG (org.springframework.aop.framework.CglibAopProxy:788) - Method is declared on Advised interface: public abstract void org.springframework.aop.framework.Advised.addAdvisor(org.springframework.aop.Advisor) throws org.springframework.aop.framework.AopConfigException
DEBUG (org.springframework.aop.framework.CglibAopProxy:788) - Method is declared on Advised interface: public abstract void org.springframework.aop.framework.Advised.setPreFiltered(boolean)
DEBUG (org.springframework.aop.framework.CglibAopProxy:788) - Method is declared on Advised interface: public abstract void org.springframework.aop.framework.Advised.setExposeProxy(boolean)
DEBUG (org.springframework.aop.framework.CglibAopProxy:788) - Method is declared on Advised interface: public abstract boolean org.springframework.aop.framework.Advised.isExposeProxy()
DEBUG (org.springframework.aop.framework.CglibAopProxy:788) - Method is declared on Advised interface: public abstract void org.springframework.aop.framework.Advised.addAdvice(int,org.aopalliance.aop.Advice) throws org.springframework.aop.framework.AopConfigException
DEBUG (org.springframework.aop.framework.CglibAopProxy:788) - Method is declared on Advised interface: public abstract void org.springframework.aop.framework.Advised.addAdvice(org.aopalliance.aop.Advice) throws org.springframework.aop.framework.AopConfigException
DEBUG (org.springframework.aop.framework.CglibAopProxy:788) - Method is declared on Advised interface: public abstract boolean org.springframework.aop.framework.Advised.isPreFiltered()
DEBUG (org.springframework.aop.framework.CglibAopProxy:788) - Method is declared on Advised interface: public abstract void org.springframework.aop.framework.Advised.removeAdvisor(int) throws org.springframework.aop.framework.AopConfigException
DEBUG (org.springframework.aop.framework.CglibAopProxy:788) - Method is declared on Advised interface: public abstract boolean org.springframework.aop.framework.Advised.removeAdvisor(org.springframework.aop.Advisor)
DEBUG (org.springframework.aop.framework.CglibAopProxy:788) - Method is declared on Advised interface: public abstract boolean org.springframework.aop.framework.Advised.replaceAdvisor(org.springframework.aop.Advisor,org.springframework.aop.Advisor) throws org.springframework.aop.framework.AopConfigException
DEBUG (org.springframework.aop.framework.CglibAopProxy:788) - Method is declared on Advised interface: public abstract boolean org.springframework.aop.framework.Advised.removeAdvice(org.aopalliance.aop.Advice)
DEBUG (org.springframework.aop.framework.CglibAopProxy:788) - Method is declared on Advised interface: public abstract org.springframework.aop.Advisor[] org.springframework.aop.framework.Advised.getAdvisors()
DEBUG (org.springframework.aop.framework.CglibAopProxy:788) - Method is declared on Advised interface: public abstract java.lang.Class org.springframework.aop.TargetClassAware.getTargetClass()
DEBUG (org.springframework.beans.factory.support.DefaultListableBeanFactory:478) - Finished creating instance of bean &apos;cleanerController&apos;
DEBUG (org.springframework.beans.factory.support.DefaultListableBeanFactory:220) - Creating shared instance of singleton bean &apos;firstController&apos;
DEBUG (org.springframework.beans.factory.support.DefaultListableBeanFactory:450) - Creating instance of bean &apos;firstController&apos;
DEBUG (org.springframework.beans.factory.support.DefaultListableBeanFactory:247) - Returning cached instance of singleton bean &apos;org.springframework.aop.support.DefaultBeanFactoryPointcutAdvisor#0&apos;
DEBUG (org.springframework.beans.factory.support.DefaultListableBeanFactory:247) - Returning cached instance of singleton bean &apos;org.springframework.cache.config.internalCacheAdvisor&apos;
DEBUG (org.springframework.beans.factory.support.DefaultListableBeanFactory:524) - Eagerly caching bean &apos;firstController&apos; to allow for resolving potential circular references
DEBUG (org.springframework.beans.factory.support.DefaultListableBeanFactory:247) - Returning cached instance of singleton bean &apos;org.springframework.aop.support.DefaultBeanFactoryPointcutAdvisor#0&apos;
DEBUG (org.springframework.beans.factory.support.DefaultListableBeanFactory:247) - Returning cached instance of singleton bean &apos;org.springframework.cache.config.internalCacheAdvisor&apos;
DEBUG (org.springframework.beans.factory.support.DefaultListableBeanFactory:247) - Returning cached instance of singleton bean &apos;org.springframework.aop.support.DefaultBeanFactoryPointcutAdvisor#0&apos;
DEBUG (org.springframework.beans.factory.support.DefaultListableBeanFactory:247) - Returning cached instance of singleton bean &apos;org.springframework.cache.config.internalCacheAdvisor&apos;
DEBUG (org.springframework.beans.factory.support.DefaultListableBeanFactory:478) - Finished creating instance of bean &apos;firstController&apos;
DEBUG (org.springframework.beans.factory.support.DefaultListableBeanFactory:220) - Creating shared instance of singleton bean &apos;mirrorTableController&apos;
DEBUG (org.springframework.beans.factory.support.DefaultListableBeanFactory:450) - Creating instance of bean &apos;mirrorTableController&apos;
DEBUG (org.springframework.beans.factory.support.DefaultListableBeanFactory:247) - Returning cached instance of singleton bean &apos;org.springframework.aop.support.DefaultBeanFactoryPointcutAdvisor#0&apos;
DEBUG (org.springframework.beans.factory.support.DefaultListableBeanFactory:247) - Returning cached instance of singleton bean &apos;org.springframework.cache.config.internalCacheAdvisor&apos;
DEBUG (org.springframework.beans.factory.annotation.InjectionMetadata:71) - Registered injected element on class [com.jk.ndt.etl.controller.mirror.MirrorTableController]: AutowiredFieldElement for private com.jk.ndt.etl.service.mirror.MirrorTableService com.jk.ndt.etl.controller.mirror.MirrorTableController.mirrorTableService
DEBUG (org.springframework.beans.factory.annotation.InjectionMetadata:71) - Registered injected element on class [com.jk.ndt.etl.controller.mirror.MirrorTableController]: AutowiredFieldElement for private com.jk.ndt.etl.service.common.CommonService com.jk.ndt.etl.controller.mirror.MirrorTableController.commonService
DEBUG (org.springframework.beans.factory.support.DefaultListableBeanFactory:524) - Eagerly caching bean &apos;mirrorTableController&apos; to allow for resolving potential circular references
DEBUG (org.springframework.beans.factory.annotation.InjectionMetadata:85) - Processing injected method of bean &apos;mirrorTableController&apos;: AutowiredFieldElement for private com.jk.ndt.etl.service.mirror.MirrorTableService com.jk.ndt.etl.controller.mirror.MirrorTableController.mirrorTableService
DEBUG (org.springframework.beans.factory.support.DefaultListableBeanFactory:220) - Creating shared instance of singleton bean &apos;mirrorTableService&apos;
DEBUG (org.springframework.beans.factory.support.DefaultListableBeanFactory:450) - Creating instance of bean &apos;mirrorTableService&apos;
DEBUG (org.springframework.beans.factory.support.DefaultListableBeanFactory:247) - Returning cached instance of singleton bean &apos;org.springframework.aop.support.DefaultBeanFactoryPointcutAdvisor#0&apos;
DEBUG (org.springframework.beans.factory.support.DefaultListableBeanFactory:247) - Returning cached instance of singleton bean &apos;org.springframework.cache.config.internalCacheAdvisor&apos;
DEBUG (org.springframework.beans.factory.annotation.InjectionMetadata:71) - Registered injected element on class [com.jk.ndt.etl.service.mirror.impl.MirrorTableServiceImpl]: AutowiredFieldElement for private com.jk.ndt.etl.dao.mirror.MirrorTableDao com.jk.ndt.etl.service.mirror.impl.MirrorTableServiceImpl.mirrorTableDao
DEBUG (org.springframework.beans.factory.support.DefaultListableBeanFactory:524) - Eagerly caching bean &apos;mirrorTableService&apos; to allow for resolving potential circular references
DEBUG (org.springframework.beans.factory.annotation.InjectionMetadata:85) - Processing injected method of bean &apos;mirrorTableService&apos;: AutowiredFieldElement for private com.jk.ndt.etl.dao.mirror.MirrorTableDao com.jk.ndt.etl.service.mirror.impl.MirrorTableServiceImpl.mirrorTableDao
DEBUG (org.springframework.beans.factory.support.DefaultListableBeanFactory:247) - Returning cached instance of singleton bean &apos;mirrorTableDao&apos;
DEBUG (org.springframework.beans.factory.support.DefaultListableBeanFactory:247) - Returning cached instance of singleton bean &apos;org.springframework.aop.support.DefaultBeanFactoryPointcutAdvisor#0&apos;
DEBUG (org.springframework.beans.factory.support.DefaultListableBeanFactory:247) - Returning cached instance of singleton bean &apos;org.springframework.cache.config.internalCacheAdvisor&apos;
DEBUG (org.springframework.beans.factory.support.DefaultListableBeanFactory:247) - Returning cached instance of singleton bean &apos;org.springframework.aop.support.DefaultBeanFactoryPointcutAdvisor#0&apos;
DEBUG (org.springframework.beans.factory.support.DefaultListableBeanFactory:247) - Returning cached instance of singleton bean &apos;org.springframework.cache.config.internalCacheAdvisor&apos;
DEBUG (org.springframework.beans.factory.annotation.AutowiredAnnotationBeanPostProcessor:461) - Autowiring by type from bean name &apos;mirrorTableService&apos; to bean named &apos;mirrorTableDao&apos;
DEBUG (org.springframework.beans.factory.support.DefaultListableBeanFactory:247) - Returning cached instance of singleton bean &apos;org.springframework.aop.support.DefaultBeanFactoryPointcutAdvisor#0&apos;
DEBUG (org.springframework.beans.factory.support.DefaultListableBeanFactory:247) - Returning cached instance of singleton bean &apos;org.springframework.cache.config.internalCacheAdvisor&apos;
DEBUG (org.springframework.beans.factory.support.DefaultListableBeanFactory:247) - Returning cached instance of singleton bean &apos;org.springframework.aop.support.DefaultBeanFactoryPointcutAdvisor#0&apos;
DEBUG (org.springframework.beans.factory.support.DefaultListableBeanFactory:247) - Returning cached instance of singleton bean &apos;org.springframework.cache.config.internalCacheAdvisor&apos;
DEBUG (org.springframework.beans.factory.support.DefaultListableBeanFactory:478) - Finished creating instance of bean &apos;mirrorTableService&apos;
DEBUG (org.springframework.beans.factory.annotation.AutowiredAnnotationBeanPostProcessor:461) - Autowiring by type from bean name &apos;mirrorTableController&apos; to bean named &apos;mirrorTableService&apos;
DEBUG (org.springframework.beans.factory.annotation.InjectionMetadata:85) - Processing injected method of bean &apos;mirrorTableController&apos;: AutowiredFieldElement for private com.jk.ndt.etl.service.common.CommonService com.jk.ndt.etl.controller.mirror.MirrorTableController.commonService
DEBUG (org.springframework.beans.factory.support.DefaultListableBeanFactory:247) - Returning cached instance of singleton bean &apos;commonService&apos;
DEBUG (org.springframework.beans.factory.annotation.AutowiredAnnotationBeanPostProcessor:461) - Autowiring by type from bean name &apos;mirrorTableController&apos; to bean named &apos;commonService&apos;
DEBUG (org.springframework.beans.factory.support.DefaultListableBeanFactory:247) - Returning cached instance of singleton bean &apos;org.springframework.aop.support.DefaultBeanFactoryPointcutAdvisor#0&apos;
DEBUG (org.springframework.beans.factory.support.DefaultListableBeanFactory:247) - Returning cached instance of singleton bean &apos;org.springframework.cache.config.internalCacheAdvisor&apos;
DEBUG (org.springframework.beans.factory.support.DefaultListableBeanFactory:247) - Returning cached instance of singleton bean &apos;org.springframework.aop.support.DefaultBeanFactoryPointcutAdvisor#0&apos;
DEBUG (org.springframework.beans.factory.support.DefaultListableBeanFactory:247) - Returning cached instance of singleton bean &apos;org.springframework.cache.config.internalCacheAdvisor&apos;
DEBUG (org.springframework.beans.factory.support.DefaultListableBeanFactory:478) - Finished creating instance of bean &apos;mirrorTableController&apos;
DEBUG (org.springframework.beans.factory.support.DefaultListableBeanFactory:220) - Creating shared instance of singleton bean &apos;alarmRuleController&apos;
DEBUG (org.springframework.beans.factory.support.DefaultListableBeanFactory:450) - Creating instance of bean &apos;alarmRuleController&apos;
DEBUG (org.springframework.beans.factory.support.DefaultListableBeanFactory:247) - Returning cached instance of singleton bean &apos;org.springframework.aop.support.DefaultBeanFactoryPointcutAdvisor#0&apos;
DEBUG (org.springframework.beans.factory.support.DefaultListableBeanFactory:247) - Returning cached instance of singleton bean &apos;org.springframework.cache.config.internalCacheAdvisor&apos;
DEBUG (org.springframework.beans.factory.annotation.InjectionMetadata:71) - Registered injected element on class [com.jk.ndt.etl.controller.monitor.AlarmRuleController]: AutowiredFieldElement for com.jk.ndt.etl.service.monitor.AlarmRuleService com.jk.ndt.etl.controller.monitor.AlarmRuleController.alarmRuleService
DEBUG (org.springframework.beans.factory.support.DefaultListableBeanFactory:524) - Eagerly caching bean &apos;alarmRuleController&apos; to allow for resolving potential circular references
DEBUG (org.springframework.beans.factory.annotation.InjectionMetadata:85) - Processing injected method of bean &apos;alarmRuleController&apos;: AutowiredFieldElement for com.jk.ndt.etl.service.monitor.AlarmRuleService com.jk.ndt.etl.controller.monitor.AlarmRuleController.alarmRuleService
DEBUG (org.springframework.beans.factory.support.DefaultListableBeanFactory:220) - Creating shared instance of singleton bean &apos;alarmRuleService&apos;
DEBUG (org.springframework.beans.factory.support.DefaultListableBeanFactory:450) - Creating instance of bean &apos;alarmRuleService&apos;
DEBUG (org.springframework.beans.factory.support.DefaultListableBeanFactory:247) - Returning cached instance of singleton bean &apos;org.springframework.aop.support.DefaultBeanFactoryPointcutAdvisor#0&apos;
DEBUG (org.springframework.beans.factory.support.DefaultListableBeanFactory:247) - Returning cached instance of singleton bean &apos;org.springframework.cache.config.internalCacheAdvisor&apos;
DEBUG (org.springframework.beans.factory.annotation.InjectionMetadata:71) - Registered injected element on class [com.jk.ndt.etl.service.monitor.impl.AlarmRuleServiceImpl]: AutowiredFieldElement for com.jk.ndt.etl.dao.monitor.AlarmRuleDao com.jk.ndt.etl.service.monitor.impl.AlarmRuleServiceImpl.alarmRuleDao
DEBUG (org.springframework.beans.factory.annotation.InjectionMetadata:71) - Registered injected element on class [com.jk.ndt.etl.service.monitor.impl.AlarmRuleServiceImpl]: AutowiredFieldElement for com.jk.ndt.etl.service.monitor.ServerHostService com.jk.ndt.etl.service.monitor.impl.AlarmRuleServiceImpl.serverHostService
DEBUG (org.springframework.beans.factory.support.DefaultListableBeanFactory:524) - Eagerly caching bean &apos;alarmRuleService&apos; to allow for resolving potential circular references
DEBUG (org.springframework.beans.factory.annotation.InjectionMetadata:85) - Processing injected method of bean &apos;alarmRuleService&apos;: AutowiredFieldElement for com.jk.ndt.etl.dao.monitor.AlarmRuleDao com.jk.ndt.etl.service.monitor.impl.AlarmRuleServiceImpl.alarmRuleDao
DEBUG (org.springframework.beans.factory.support.DefaultListableBeanFactory:247) - Returning cached instance of singleton bean &apos;alarmRuleDao&apos;
DEBUG (org.springframework.beans.factory.support.DefaultListableBeanFactory:247) - Returning cached instance of singleton bean &apos;org.springframework.aop.support.DefaultBeanFactoryPointcutAdvisor#0&apos;
DEBUG (org.springframework.beans.factory.support.DefaultListableBeanFactory:247) - Returning cached instance of singleton bean &apos;org.springframework.cache.config.internalCacheAdvisor&apos;
DEBUG (org.springframework.beans.factory.support.DefaultListableBeanFactory:247) - Returning cached instance of singleton bean &apos;org.springframework.aop.support.DefaultBeanFactoryPointcutAdvisor#0&apos;
DEBUG (org.springframework.beans.factory.support.DefaultListableBeanFactory:247) - Returning cached instance of singleton bean &apos;org.springframework.cache.config.internalCacheAdvisor&apos;
DEBUG (org.springframework.beans.factory.annotation.AutowiredAnnotationBeanPostProcessor:461) - Autowiring by type from bean name &apos;alarmRuleService&apos; to bean named &apos;alarmRuleDao&apos;
DEBUG (org.springframework.beans.factory.annotation.InjectionMetadata:85) - Processing injected method of bean &apos;alarmRuleService&apos;: AutowiredFieldElement for com.jk.ndt.etl.service.monitor.ServerHostService com.jk.ndt.etl.service.monitor.impl.AlarmRuleServiceImpl.serverHostService
DEBUG (org.springframework.beans.factory.support.DefaultListableBeanFactory:220) - Creating shared instance of singleton bean &apos;serverHostService&apos;
DEBUG (org.springframework.beans.factory.support.DefaultListableBeanFactory:450) - Creating instance of bean &apos;serverHostService&apos;
DEBUG (org.springframework.beans.factory.support.DefaultListableBeanFactory:247) - Returning cached instance of singleton bean &apos;org.springframework.aop.support.DefaultBeanFactoryPointcutAdvisor#0&apos;
DEBUG (org.springframework.beans.factory.support.DefaultListableBeanFactory:247) - Returning cached instance of singleton bean &apos;org.springframework.cache.config.internalCacheAdvisor&apos;
DEBUG (org.springframework.beans.factory.annotation.InjectionMetadata:71) - Registered injected element on class [com.jk.ndt.etl.service.monitor.impl.ServerHostServiceImpl]: AutowiredFieldElement for com.jk.ndt.etl.dao.monitor.ServerHostDao com.jk.ndt.etl.service.monitor.impl.ServerHostServiceImpl.serverHostDao
DEBUG (org.springframework.beans.factory.support.DefaultListableBeanFactory:524) - Eagerly caching bean &apos;serverHostService&apos; to allow for resolving potential circular references
DEBUG (org.springframework.beans.factory.annotation.InjectionMetadata:85) - Processing injected method of bean &apos;serverHostService&apos;: AutowiredFieldElement for com.jk.ndt.etl.dao.monitor.ServerHostDao com.jk.ndt.etl.service.monitor.impl.ServerHostServiceImpl.serverHostDao
DEBUG (org.springframework.beans.factory.support.DefaultListableBeanFactory:247) - Returning cached instance of singleton bean &apos;serverHostDao&apos;
DEBUG (org.springframework.beans.factory.support.DefaultListableBeanFactory:247) - Returning cached instance of singleton bean &apos;org.springframework.aop.support.DefaultBeanFactoryPointcutAdvisor#0&apos;
DEBUG (org.springframework.beans.factory.support.DefaultListableBeanFactory:247) - Returning cached instance of singleton bean &apos;org.springframework.cache.config.internalCacheAdvisor&apos;
DEBUG (org.springframework.beans.factory.support.DefaultListableBeanFactory:247) - Returning cached instance of singleton bean &apos;org.springframework.aop.support.DefaultBeanFactoryPointcutAdvisor#0&apos;
DEBUG (org.springframework.beans.factory.support.DefaultListableBeanFactory:247) - Returning cached instance of singleton bean &apos;org.springframework.cache.config.internalCacheAdvisor&apos;
DEBUG (org.springframework.beans.factory.annotation.AutowiredAnnotationBeanPostProcessor:461) - Autowiring by type from bean name &apos;serverHostService&apos; to bean named &apos;serverHostDao&apos;
DEBUG (org.springframework.beans.factory.support.DefaultListableBeanFactory:247) - Returning cached instance of singleton bean &apos;org.springframework.aop.support.DefaultBeanFactoryPointcutAdvisor#0&apos;
DEBUG (org.springframework.beans.factory.support.DefaultListableBeanFactory:247) - Returning cached instance of singleton bean &apos;org.springframework.cache.config.internalCacheAdvisor&apos;
DEBUG (org.springframework.beans.factory.support.DefaultListableBeanFactory:247) - Returning cached instance of singleton bean &apos;org.springframework.aop.support.DefaultBeanFactoryPointcutAdvisor#0&apos;
DEBUG (org.springframework.beans.factory.support.DefaultListableBeanFactory:247) - Returning cached instance of singleton bean &apos;org.springframework.cache.config.internalCacheAdvisor&apos;
DEBUG (org.springframework.aop.aspectj.annotation.AnnotationAwareAspectJAutoProxyCreator:503) - Creating implicit proxy for bean &apos;serverHostService&apos; with 0 common interceptors and 2 specific interceptors
DEBUG (org.springframework.aop.framework.CglibAopProxy:158) - Creating CGLIB proxy: target source is SingletonTargetSource for target object [com.jk.ndt.etl.service.monitor.impl.ServerHostServiceImpl@277bf091]
DEBUG (org.springframework.aop.framework.CglibAopProxy:831) - Unable to apply any optimisations to advised method: public com.jk.ndt.etl.entity.monitor.ServerHost com.jk.ndt.etl.service.monitor.impl.ServerHostServiceImpl.getOneServerHost(java.lang.Integer)
DEBUG (org.springframework.aop.framework.CglibAopProxy:831) - Unable to apply any optimisations to advised method: public java.util.List com.jk.ndt.etl.service.monitor.impl.ServerHostServiceImpl.listServerhostInfo()
DEBUG (org.springframework.aop.framework.CglibAopProxy:831) - Unable to apply any optimisations to advised method: public com.jk.ndt.etl.entity.monitor.ServerHost com.jk.ndt.etl.service.monitor.impl.ServerHostServiceImpl.getOneServerhostInfo(java.lang.Integer)
DEBUG (org.springframework.aop.framework.CglibAopProxy:831) - Unable to apply any optimisations to advised method: public void com.jk.ndt.etl.service.monitor.impl.ServerHostServiceImpl.updateServerhostInfo(com.jk.ndt.etl.entity.monitor.ServerHost)
DEBUG (org.springframework.aop.framework.CglibAopProxy:831) - Unable to apply any optimisations to advised method: public void com.jk.ndt.etl.service.monitor.impl.ServerHostServiceImpl.saveServerhostInfo(com.jk.ndt.etl.entity.monitor.ServerHost)
DEBUG (org.springframework.aop.framework.CglibAopProxy:831) - Unable to apply any optimisations to advised method: public void com.jk.ndt.etl.service.monitor.impl.ServerHostServiceImpl.updateServerhostUserInfo(java.lang.Integer,java.lang.String,java.lang.String)
DEBUG (org.springframework.aop.framework.CglibAopProxy:831) - Unable to apply any optimisations to advised method: public com.jk.ndt.etl.entity.monitor.ServerHost com.jk.ndt.etl.service.monitor.impl.ServerHostServiceImpl.getServerHostListByIp(java.lang.String)
DEBUG (org.springframework.aop.framework.CglibAopProxy:782) - Found finalize() method - using NO_OVERRIDE
DEBUG (org.springframework.aop.framework.CglibAopProxy:794) - Found &apos;equals&apos; method: public boolean java.lang.Object.equals(java.lang.Object)
DEBUG (org.springframework.aop.framework.CglibAopProxy:831) - Unable to apply any optimisations to advised method: public java.lang.String java.lang.Object.toString()
DEBUG (org.springframework.aop.framework.CglibAopProxy:799) - Found &apos;hashCode&apos; method: public native int java.lang.Object.hashCode()
DEBUG (org.springframework.aop.framework.CglibAopProxy:831) - Unable to apply any optimisations to advised method: protected native java.lang.Object java.lang.Object.clone() throws java.lang.CloneNotSupportedException
DEBUG (org.springframework.aop.framework.CglibAopProxy:788) - Method is declared on Advised interface: public abstract int org.springframework.aop.framework.Advised.indexOf(org.aopalliance.aop.Advice)
DEBUG (org.springframework.aop.framework.CglibAopProxy:788) - Method is declared on Advised interface: public abstract int org.springframework.aop.framework.Advised.indexOf(org.springframework.aop.Advisor)
DEBUG (org.springframework.aop.framework.CglibAopProxy:788) - Method is declared on Advised interface: public abstract boolean org.springframework.aop.framework.Advised.isFrozen()
DEBUG (org.springframework.aop.framework.CglibAopProxy:788) - Method is declared on Advised interface: public abstract boolean org.springframework.aop.framework.Advised.isProxyTargetClass()
DEBUG (org.springframework.aop.framework.CglibAopProxy:788) - Method is declared on Advised interface: public abstract java.lang.Class[] org.springframework.aop.framework.Advised.getProxiedInterfaces()
DEBUG (org.springframework.aop.framework.CglibAopProxy:788) - Method is declared on Advised interface: public abstract boolean org.springframework.aop.framework.Advised.isInterfaceProxied(java.lang.Class)
DEBUG (org.springframework.aop.framework.CglibAopProxy:788) - Method is declared on Advised interface: public abstract java.lang.String org.springframework.aop.framework.Advised.toProxyConfigString()
DEBUG (org.springframework.aop.framework.CglibAopProxy:788) - Method is declared on Advised interface: public abstract void org.springframework.aop.framework.Advised.setTargetSource(org.springframework.aop.TargetSource)
DEBUG (org.springframework.aop.framework.CglibAopProxy:788) - Method is declared on Advised interface: public abstract org.springframework.aop.TargetSource org.springframework.aop.framework.Advised.getTargetSource()
DEBUG (org.springframework.aop.framework.CglibAopProxy:788) - Method is declared on Advised interface: public abstract void org.springframework.aop.framework.Advised.addAdvisor(int,org.springframework.aop.Advisor) throws org.springframework.aop.framework.AopConfigException
DEBUG (org.springframework.aop.framework.CglibAopProxy:788) - Method is declared on Advised interface: public abstract void org.springframework.aop.framework.Advised.addAdvisor(org.springframework.aop.Advisor) throws org.springframework.aop.framework.AopConfigException
DEBUG (org.springframework.aop.framework.CglibAopProxy:788) - Method is declared on Advised interface: public abstract void org.springframework.aop.framework.Advised.setPreFiltered(boolean)
DEBUG (org.springframework.aop.framework.CglibAopProxy:788) - Method is declared on Advised interface: public abstract void org.springframework.aop.framework.Advised.setExposeProxy(boolean)
DEBUG (org.springframework.aop.framework.CglibAopProxy:788) - Method is declared on Advised interface: public abstract boolean org.springframework.aop.framework.Advised.isExposeProxy()
DEBUG (org.springframework.aop.framework.CglibAopProxy:788) - Method is declared on Advised interface: public abstract void org.springframework.aop.framework.Advised.addAdvice(int,org.aopalliance.aop.Advice) throws org.springframework.aop.framework.AopConfigException
DEBUG (org.springframework.aop.framework.CglibAopProxy:788) - Method is declared on Advised interface: public abstract void org.springframework.aop.framework.Advised.addAdvice(org.aopalliance.aop.Advice) throws org.springframework.aop.framework.AopConfigException
DEBUG (org.springframework.aop.framework.CglibAopProxy:788) - Method is declared on Advised interface: public abstract boolean org.springframework.aop.framework.Advised.isPreFiltered()
DEBUG (org.springframework.aop.framework.CglibAopProxy:788) - Method is declared on Advised interface: public abstract void org.springframework.aop.framework.Advised.removeAdvisor(int) throws org.springframework.aop.framework.AopConfigException
DEBUG (org.springframework.aop.framework.CglibAopProxy:788) - Method is declared on Advised interface: public abstract boolean org.springframework.aop.framework.Advised.removeAdvisor(org.springframework.aop.Advisor)
DEBUG (org.springframework.aop.framework.CglibAopProxy:788) - Method is declared on Advised interface: public abstract boolean org.springframework.aop.framework.Advised.replaceAdvisor(org.springframework.aop.Advisor,org.springframework.aop.Advisor) throws org.springframework.aop.framework.AopConfigException
DEBUG (org.springframework.aop.framework.CglibAopProxy:788) - Method is declared on Advised interface: public abstract boolean org.springframework.aop.framework.Advised.removeAdvice(org.aopalliance.aop.Advice)
DEBUG (org.springframework.aop.framework.CglibAopProxy:788) - Method is declared on Advised interface: public abstract org.springframework.aop.Advisor[] org.springframework.aop.framework.Advised.getAdvisors()
DEBUG (org.springframework.aop.framework.CglibAopProxy:788) - Method is declared on Advised interface: public abstract java.lang.Class org.springframework.aop.TargetClassAware.getTargetClass()
DEBUG (org.springframework.beans.factory.support.DefaultListableBeanFactory:478) - Finished creating instance of bean &apos;serverHostService&apos;
DEBUG (org.springframework.beans.factory.annotation.AutowiredAnnotationBeanPostProcessor:461) - Autowiring by type from bean name &apos;alarmRuleService&apos; to bean named &apos;serverHostService&apos;
DEBUG (org.springframework.beans.factory.support.DefaultListableBeanFactory:247) - Returning cached instance of singleton bean &apos;org.springframework.aop.support.DefaultBeanFactoryPointcutAdvisor#0&apos;
DEBUG (org.springframework.beans.factory.support.DefaultListableBeanFactory:247) - Returning cached instance of singleton bean &apos;org.springframework.cache.config.internalCacheAdvisor&apos;
DEBUG (org.springframework.beans.factory.support.DefaultListableBeanFactory:247) - Returning cached instance of singleton bean &apos;org.springframework.aop.support.DefaultBeanFactoryPointcutAdvisor#0&apos;
DEBUG (org.springframework.beans.factory.support.DefaultListableBeanFactory:247) - Returning cached instance of singleton bean &apos;org.springframework.cache.config.internalCacheAdvisor&apos;
DEBUG (org.springframework.aop.aspectj.annotation.AnnotationAwareAspectJAutoProxyCreator:503) - Creating implicit proxy for bean &apos;alarmRuleService&apos; with 0 common interceptors and 2 specific interceptors
DEBUG (org.springframework.aop.framework.CglibAopProxy:158) - Creating CGLIB proxy: target source is SingletonTargetSource for target object [com.jk.ndt.etl.service.monitor.impl.AlarmRuleServiceImpl@65bdd558]
DEBUG (org.springframework.aop.framework.CglibAopProxy:831) - Unable to apply any optimisations to advised method: public void com.jk.ndt.etl.service.monitor.impl.AlarmRuleServiceImpl.saveOneAlarmRule(com.jk.ndt.etl.entity.monitor.AlarmRuleBean,java.lang.Integer[])
DEBUG (org.springframework.aop.framework.CglibAopProxy:831) - Unable to apply any optimisations to advised method: public void com.jk.ndt.etl.service.monitor.impl.AlarmRuleServiceImpl.deleteAlarmRule(java.lang.Integer)
DEBUG (org.springframework.aop.framework.CglibAopProxy:831) - Unable to apply any optimisations to advised method: public void com.jk.ndt.etl.service.monitor.impl.AlarmRuleServiceImpl.updateAlarmRule(com.jk.ndt.etl.entity.monitor.AlarmRuleBean)
DEBUG (org.springframework.aop.framework.CglibAopProxy:831) - Unable to apply any optimisations to advised method: public void com.jk.ndt.etl.service.monitor.impl.AlarmRuleServiceImpl.insertAlarmLogs(com.jk.ndt.etl.entity.monitor.AlarmLogs)
DEBUG (org.springframework.aop.framework.CglibAopProxy:831) - Unable to apply any optimisations to advised method: public void com.jk.ndt.etl.service.monitor.impl.AlarmRuleServiceImpl.updateAlarmLogs(com.jk.ndt.etl.entity.monitor.AlarmLogs)
DEBUG (org.springframework.aop.framework.CglibAopProxy:831) - Unable to apply any optimisations to advised method: public com.jk.ndt.etl.entity.monitor.AlarmRuleBean com.jk.ndt.etl.service.monitor.impl.AlarmRuleServiceImpl.getAlarmRuleById(java.lang.Integer)
DEBUG (org.springframework.aop.framework.CglibAopProxy:831) - Unable to apply any optimisations to advised method: public java.util.List com.jk.ndt.etl.service.monitor.impl.AlarmRuleServiceImpl.getAlarmRuleList(java.lang.Integer,java.lang.Integer,java.lang.Integer)
DEBUG (org.springframework.aop.framework.CglibAopProxy:831) - Unable to apply any optimisations to advised method: public void com.jk.ndt.etl.service.monitor.impl.AlarmRuleServiceImpl.updateOneAlarmRule(com.jk.ndt.etl.entity.monitor.AlarmRuleBean,java.lang.Integer[])
DEBUG (org.springframework.aop.framework.CglibAopProxy:831) - Unable to apply any optimisations to advised method: public com.jk.ndt.etl.entity.monitor.AlarmRuleBean com.jk.ndt.etl.service.monitor.impl.AlarmRuleServiceImpl.getAlarmRuleByModuleAndType(com.jk.ndt.etl.entity.monitor.AlarmRuleBean)
DEBUG (org.springframework.aop.framework.CglibAopProxy:831) - Unable to apply any optimisations to advised method: public com.jk.ndt.etl.entity.monitor.AlarmRuleBean com.jk.ndt.etl.service.monitor.impl.AlarmRuleServiceImpl.getAlarmRuleByContent(java.lang.String)
DEBUG (org.springframework.aop.framework.CglibAopProxy:831) - Unable to apply any optimisations to advised method: public java.util.List com.jk.ndt.etl.service.monitor.impl.AlarmRuleServiceImpl.listAlarmIdByServerId(java.lang.Integer)
DEBUG (org.springframework.aop.framework.CglibAopProxy:831) - Unable to apply any optimisations to advised method: public java.util.List com.jk.ndt.etl.service.monitor.impl.AlarmRuleServiceImpl.getRepeatSendAlarmMailList()
DEBUG (org.springframework.aop.framework.CglibAopProxy:782) - Found finalize() method - using NO_OVERRIDE
DEBUG (org.springframework.aop.framework.CglibAopProxy:794) - Found &apos;equals&apos; method: public boolean java.lang.Object.equals(java.lang.Object)
DEBUG (org.springframework.aop.framework.CglibAopProxy:831) - Unable to apply any optimisations to advised method: public java.lang.String java.lang.Object.toString()
DEBUG (org.springframework.aop.framework.CglibAopProxy:799) - Found &apos;hashCode&apos; method: public native int java.lang.Object.hashCode()
DEBUG (org.springframework.aop.framework.CglibAopProxy:831) - Unable to apply any optimisations to advised method: protected native java.lang.Object java.lang.Object.clone() throws java.lang.CloneNotSupportedException
DEBUG (org.springframework.aop.framework.CglibAopProxy:788) - Method is declared on Advised interface: public abstract int org.springframework.aop.framework.Advised.indexOf(org.aopalliance.aop.Advice)
DEBUG (org.springframework.aop.framework.CglibAopProxy:788) - Method is declared on Advised interface: public abstract int org.springframework.aop.framework.Advised.indexOf(org.springframework.aop.Advisor)
DEBUG (org.springframework.aop.framework.CglibAopProxy:788) - Method is declared on Advised interface: public abstract boolean org.springframework.aop.framework.Advised.isFrozen()
DEBUG (org.springframework.aop.framework.CglibAopProxy:788) - Method is declared on Advised interface: public abstract boolean org.springframework.aop.framework.Advised.isProxyTargetClass()
DEBUG (org.springframework.aop.framework.CglibAopProxy:788) - Method is declared on Advised interface: public abstract java.lang.Class[] org.springframework.aop.framework.Advised.getProxiedInterfaces()
DEBUG (org.springframework.aop.framework.CglibAopProxy:788) - Method is declared on Advised interface: public abstract boolean org.springframework.aop.framework.Advised.isInterfaceProxied(java.lang.Class)
DEBUG (org.springframework.aop.framework.CglibAopProxy:788) - Method is declared on Advised interface: public abstract java.lang.String org.springframework.aop.framework.Advised.toProxyConfigString()
DEBUG (org.springframework.aop.framework.CglibAopProxy:788) - Method is declared on Advised interface: public abstract void org.springframework.aop.framework.Advised.setTargetSource(org.springframework.aop.TargetSource)
DEBUG (org.springframework.aop.framework.CglibAopProxy:788) - Method is declared on Advised interface: public abstract org.springframework.aop.TargetSource org.springframework.aop.framework.Advised.getTargetSource()
DEBUG (org.springframework.aop.framework.CglibAopProxy:788) - Method is declared on Advised interface: public abstract void org.springframework.aop.framework.Advised.addAdvisor(int,org.springframework.aop.Advisor) throws org.springframework.aop.framework.AopConfigException
DEBUG (org.springframework.aop.framework.CglibAopProxy:788) - Method is declared on Advised interface: public abstract void org.springframework.aop.framework.Advised.addAdvisor(org.springframework.aop.Advisor) throws org.springframework.aop.framework.AopConfigException
DEBUG (org.springframework.aop.framework.CglibAopProxy:788) - Method is declared on Advised interface: public abstract void org.springframework.aop.framework.Advised.setPreFiltered(boolean)
DEBUG (org.springframework.aop.framework.CglibAopProxy:788) - Method is declared on Advised interface: public abstract void org.springframework.aop.framework.Advised.setExposeProxy(boolean)
DEBUG (org.springframework.aop.framework.CglibAopProxy:788) - Method is declared on Advised interface: public abstract boolean org.springframework.aop.framework.Advised.isExposeProxy()
DEBUG (org.springframework.aop.framework.CglibAopProxy:788) - Method is declared on Advised interface: public abstract void org.springframework.aop.framework.Advised.addAdvice(int,org.aopalliance.aop.Advice) throws org.springframework.aop.framework.AopConfigException
DEBUG (org.springframework.aop.framework.CglibAopProxy:788) - Method is declared on Advised interface: public abstract void org.springframework.aop.framework.Advised.addAdvice(org.aopalliance.aop.Advice) throws org.springframework.aop.framework.AopConfigException
DEBUG (org.springframework.aop.framework.CglibAopProxy:788) - Method is declared on Advised interface: public abstract boolean org.springframework.aop.framework.Advised.isPreFiltered()
DEBUG (org.springframework.aop.framework.CglibAopProxy:788) - Method is declared on Advised interface: public abstract void org.springframework.aop.framework.Advised.removeAdvisor(int) throws org.springframework.aop.framework.AopConfigException
DEBUG (org.springframework.aop.framework.CglibAopProxy:788) - Method is declared on Advised interface: public abstract boolean org.springframework.aop.framework.Advised.removeAdvisor(org.springframework.aop.Advisor)
DEBUG (org.springframework.aop.framework.CglibAopProxy:788) - Method is declared on Advised interface: public abstract boolean org.springframework.aop.framework.Advised.replaceAdvisor(org.springframework.aop.Advisor,org.springframework.aop.Advisor) throws org.springframework.aop.framework.AopConfigException
DEBUG (org.springframework.aop.framework.CglibAopProxy:788) - Method is declared on Advised interface: public abstract boolean org.springframework.aop.framework.Advised.removeAdvice(org.aopalliance.aop.Advice)
DEBUG (org.springframework.aop.framework.CglibAopProxy:788) - Method is declared on Advised interface: public abstract org.springframework.aop.Advisor[] org.springframework.aop.framework.Advised.getAdvisors()
DEBUG (org.springframework.aop.framework.CglibAopProxy:788) - Method is declared on Advised interface: public abstract java.lang.Class org.springframework.aop.TargetClassAware.getTargetClass()
DEBUG (org.springframework.beans.factory.support.DefaultListableBeanFactory:478) - Finished creating instance of bean &apos;alarmRuleService&apos;
DEBUG (org.springframework.beans.factory.annotation.AutowiredAnnotationBeanPostProcessor:461) - Autowiring by type from bean name &apos;alarmRuleController&apos; to bean named &apos;alarmRuleService&apos;
DEBUG (org.springframework.beans.factory.support.DefaultListableBeanFactory:247) - Returning cached instance of singleton bean &apos;org.springframework.aop.support.DefaultBeanFactoryPointcutAdvisor#0&apos;
DEBUG (org.springframework.beans.factory.support.DefaultListableBeanFactory:247) - Returning cached instance of singleton bean &apos;org.springframework.cache.config.internalCacheAdvisor&apos;
DEBUG (org.springframework.beans.factory.support.DefaultListableBeanFactory:247) - Returning cached instance of singleton bean &apos;org.springframework.aop.support.DefaultBeanFactoryPointcutAdvisor#0&apos;
DEBUG (org.springframework.beans.factory.support.DefaultListableBeanFactory:247) - Returning cached instance of singleton bean &apos;org.springframework.cache.config.internalCacheAdvisor&apos;
DEBUG (org.springframework.aop.aspectj.annotation.AnnotationAwareAspectJAutoProxyCreator:503) - Creating implicit proxy for bean &apos;alarmRuleController&apos; with 0 common interceptors and 2 specific interceptors
DEBUG (org.springframework.aop.framework.CglibAopProxy:158) - Creating CGLIB proxy: target source is SingletonTargetSource for target object [com.jk.ndt.etl.controller.monitor.AlarmRuleController@6b2e46af]
DEBUG (org.springframework.aop.framework.CglibAopProxy:831) - Unable to apply any optimisations to advised method: public java.lang.Object com.jk.ndt.etl.controller.monitor.AlarmRuleController.getAlarmRuleById(java.lang.Integer)
DEBUG (org.springframework.aop.framework.CglibAopProxy:831) - Unable to apply any optimisations to advised method: public java.lang.Object com.jk.ndt.etl.controller.monitor.AlarmRuleController.getAlarmRuleList(java.lang.Integer,java.lang.Integer,java.lang.Integer)
DEBUG (org.springframework.aop.framework.CglibAopProxy:831) - Unable to apply any optimisations to advised method: public java.lang.Object com.jk.ndt.etl.controller.monitor.AlarmRuleController.addOneAlarmRule(com.jk.ndt.etl.entity.monitor.AlarmRuleBean)
DEBUG (org.springframework.aop.framework.CglibAopProxy:831) - Unable to apply any optimisations to advised method: public java.lang.Object com.jk.ndt.etl.controller.monitor.AlarmRuleController.updateOneAlarmRule(com.jk.ndt.etl.entity.monitor.AlarmRuleBean)
DEBUG (org.springframework.aop.framework.CglibAopProxy:831) - Unable to apply any optimisations to advised method: public java.lang.Object com.jk.ndt.etl.controller.monitor.AlarmRuleController.deleteAlarmRuleById(java.lang.Integer)
DEBUG (org.springframework.aop.framework.CglibAopProxy:782) - Found finalize() method - using NO_OVERRIDE
DEBUG (org.springframework.aop.framework.CglibAopProxy:794) - Found &apos;equals&apos; method: public boolean java.lang.Object.equals(java.lang.Object)
DEBUG (org.springframework.aop.framework.CglibAopProxy:831) - Unable to apply any optimisations to advised method: public java.lang.String java.lang.Object.toString()
DEBUG (org.springframework.aop.framework.CglibAopProxy:799) - Found &apos;hashCode&apos; method: public native int java.lang.Object.hashCode()
DEBUG (org.springframework.aop.framework.CglibAopProxy:831) - Unable to apply any optimisations to advised method: protected native java.lang.Object java.lang.Object.clone() throws java.lang.CloneNotSupportedException
DEBUG (org.springframework.aop.framework.CglibAopProxy:788) - Method is declared on Advised interface: public abstract int org.springframework.aop.framework.Advised.indexOf(org.aopalliance.aop.Advice)
DEBUG (org.springframework.aop.framework.CglibAopProxy:788) - Method is declared on Advised interface: public abstract int org.springframework.aop.framework.Advised.indexOf(org.springframework.aop.Advisor)
DEBUG (org.springframework.aop.framework.CglibAopProxy:788) - Method is declared on Advised interface: public abstract boolean org.springframework.aop.framework.Advised.isFrozen()
DEBUG (org.springframework.aop.framework.CglibAopProxy:788) - Method is declared on Advised interface: public abstract boolean org.springframework.aop.framework.Advised.isProxyTargetClass()
DEBUG (org.springframework.aop.framework.CglibAopProxy:788) - Method is declared on Advised interface: public abstract java.lang.Class[] org.springframework.aop.framework.Advised.getProxiedInterfaces()
DEBUG (org.springframework.aop.framework.CglibAopProxy:788) - Method is declared on Advised interface: public abstract boolean org.springframework.aop.framework.Advised.isInterfaceProxied(java.lang.Class)
DEBUG (org.springframework.aop.framework.CglibAopProxy:788) - Method is declared on Advised interface: public abstract java.lang.String org.springframework.aop.framework.Advised.toProxyConfigString()
DEBUG (org.springframework.aop.framework.CglibAopProxy:788) - Method is declared on Advised interface: public abstract void org.springframework.aop.framework.Advised.setTargetSource(org.springframework.aop.TargetSource)
DEBUG (org.springframework.aop.framework.CglibAopProxy:788) - Method is declared on Advised interface: public abstract org.springframework.aop.TargetSource org.springframework.aop.framework.Advised.getTargetSource()
DEBUG (org.springframework.aop.framework.CglibAopProxy:788) - Method is declared on Advised interface: public abstract void org.springframework.aop.framework.Advised.addAdvisor(int,org.springframework.aop.Advisor) throws org.springframework.aop.framework.AopConfigException
DEBUG (org.springframework.aop.framework.CglibAopProxy:788) - Method is declared on Advised interface: public abstract void org.springframework.aop.framework.Advised.addAdvisor(org.springframework.aop.Advisor) throws org.springframework.aop.framework.AopConfigException
DEBUG (org.springframework.aop.framework.CglibAopProxy:788) - Method is declared on Advised interface: public abstract void org.springframework.aop.framework.Advised.setPreFiltered(boolean)
DEBUG (org.springframework.aop.framework.CglibAopProxy:788) - Method is declared on Advised interface: public abstract void org.springframework.aop.framework.Advised.setExposeProxy(boolean)
DEBUG (org.springframework.aop.framework.CglibAopProxy:788) - Method is declared on Advised interface: public abstract boolean org.springframework.aop.framework.Advised.isExposeProxy()
DEBUG (org.springframework.aop.framework.CglibAopProxy:788) - Method is declared on Advised interface: public abstract void org.springframework.aop.framework.Advised.addAdvice(int,org.aopalliance.aop.Advice) throws org.springframework.aop.framework.AopConfigException
DEBUG (org.springframework.aop.framework.CglibAopProxy:788) - Method is declared on Advised interface: public abstract void org.springframework.aop.framework.Advised.addAdvice(org.aopalliance.aop.Advice) throws org.springframework.aop.framework.AopConfigException
DEBUG (org.springframework.aop.framework.CglibAopProxy:788) - Method is declared on Advised interface: public abstract boolean org.springframework.aop.framework.Advised.isPreFiltered()
DEBUG (org.springframework.aop.framework.CglibAopProxy:788) - Method is declared on Advised interface: public abstract void org.springframework.aop.framework.Advised.removeAdvisor(int) throws org.springframework.aop.framework.AopConfigException
DEBUG (org.springframework.aop.framework.CglibAopProxy:788) - Method is declared on Advised interface: public abstract boolean org.springframework.aop.framework.Advised.removeAdvisor(org.springframework.aop.Advisor)
DEBUG (org.springframework.aop.framework.CglibAopProxy:788) - Method is declared on Advised interface: public abstract boolean org.springframework.aop.framework.Advised.replaceAdvisor(org.springframework.aop.Advisor,org.springframework.aop.Advisor) throws org.springframework.aop.framework.AopConfigException
DEBUG (org.springframework.aop.framework.CglibAopProxy:788) - Method is declared on Advised interface: public abstract boolean org.springframework.aop.framework.Advised.removeAdvice(org.aopalliance.aop.Advice)
DEBUG (org.springframework.aop.framework.CglibAopProxy:788) - Method is declared on Advised interface: public abstract org.springframework.aop.Advisor[] org.springframework.aop.framework.Advised.getAdvisors()
DEBUG (org.springframework.aop.framework.CglibAopProxy:788) - Method is declared on Advised interface: public abstract java.lang.Class org.springframework.aop.TargetClassAware.getTargetClass()
DEBUG (org.springframework.beans.factory.support.DefaultListableBeanFactory:478) - Finished creating instance of bean &apos;alarmRuleController&apos;
DEBUG (org.springframework.beans.factory.support.DefaultListableBeanFactory:220) - Creating shared instance of singleton bean &apos;monitorController&apos;
DEBUG (org.springframework.beans.factory.support.DefaultListableBeanFactory:450) - Creating instance of bean &apos;monitorController&apos;
DEBUG (org.springframework.beans.factory.support.DefaultListableBeanFactory:247) - Returning cached instance of singleton bean &apos;org.springframework.aop.support.DefaultBeanFactoryPointcutAdvisor#0&apos;
DEBUG (org.springframework.beans.factory.support.DefaultListableBeanFactory:247) - Returning cached instance of singleton bean &apos;org.springframework.cache.config.internalCacheAdvisor&apos;
DEBUG (org.springframework.beans.factory.annotation.InjectionMetadata:71) - Registered injected element on class [com.jk.ndt.etl.controller.monitor.MonitorController]: AutowiredFieldElement for com.jk.ndt.etl.service.monitor.MonitorService com.jk.ndt.etl.controller.monitor.MonitorController.monitorService
DEBUG (org.springframework.beans.factory.annotation.InjectionMetadata:71) - Registered injected element on class [com.jk.ndt.etl.controller.monitor.MonitorController]: AutowiredFieldElement for com.jk.ndt.etl.service.monitor.ServerHostService com.jk.ndt.etl.controller.monitor.MonitorController.serverHostService
DEBUG (org.springframework.beans.factory.support.DefaultListableBeanFactory:524) - Eagerly caching bean &apos;monitorController&apos; to allow for resolving potential circular references
DEBUG (org.springframework.beans.factory.annotation.InjectionMetadata:85) - Processing injected method of bean &apos;monitorController&apos;: AutowiredFieldElement for com.jk.ndt.etl.service.monitor.MonitorService com.jk.ndt.etl.controller.monitor.MonitorController.monitorService
DEBUG (org.springframework.beans.factory.support.DefaultListableBeanFactory:220) - Creating shared instance of singleton bean &apos;monitorService&apos;
DEBUG (org.springframework.beans.factory.support.DefaultListableBeanFactory:450) - Creating instance of bean &apos;monitorService&apos;
DEBUG (org.springframework.beans.factory.support.DefaultListableBeanFactory:247) - Returning cached instance of singleton bean &apos;org.springframework.aop.support.DefaultBeanFactoryPointcutAdvisor#0&apos;
DEBUG (org.springframework.beans.factory.support.DefaultListableBeanFactory:247) - Returning cached instance of singleton bean &apos;org.springframework.cache.config.internalCacheAdvisor&apos;
DEBUG (org.springframework.beans.factory.annotation.InjectionMetadata:71) - Registered injected element on class [com.jk.ndt.etl.service.monitor.impl.MonitorServiceimpl]: AutowiredFieldElement for com.jk.ndt.etl.service.monitor.ServerHostService com.jk.ndt.etl.service.monitor.impl.MonitorServiceimpl.serverHostService
DEBUG (org.springframework.beans.factory.annotation.InjectionMetadata:71) - Registered injected element on class [com.jk.ndt.etl.service.monitor.impl.MonitorServiceimpl]: AutowiredFieldElement for com.jk.ndt.etl.service.monitor.ServerInfoService com.jk.ndt.etl.service.monitor.impl.MonitorServiceimpl.serverInfoService
DEBUG (org.springframework.beans.factory.annotation.InjectionMetadata:71) - Registered injected element on class [com.jk.ndt.etl.service.monitor.impl.MonitorServiceimpl]: AutowiredFieldElement for com.jk.ndt.etl.dao.monitor.ServerInfoDao com.jk.ndt.etl.service.monitor.impl.MonitorServiceimpl.serverInfoDao
DEBUG (org.springframework.beans.factory.annotation.InjectionMetadata:71) - Registered injected element on class [com.jk.ndt.etl.service.monitor.impl.MonitorServiceimpl]: AutowiredFieldElement for com.jk.ndt.etl.service.monitor.AlarmRuleService com.jk.ndt.etl.service.monitor.impl.MonitorServiceimpl.alarmRuleService
DEBUG (org.springframework.beans.factory.annotation.InjectionMetadata:71) - Registered injected element on class [com.jk.ndt.etl.service.monitor.impl.MonitorServiceimpl]: AutowiredFieldElement for com.jk.ndt.etl.service.monitor.MailService com.jk.ndt.etl.service.monitor.impl.MonitorServiceimpl.mailService
DEBUG (org.springframework.beans.factory.support.DefaultListableBeanFactory:524) - Eagerly caching bean &apos;monitorService&apos; to allow for resolving potential circular references
DEBUG (org.springframework.beans.factory.annotation.InjectionMetadata:85) - Processing injected method of bean &apos;monitorService&apos;: AutowiredFieldElement for com.jk.ndt.etl.service.monitor.ServerHostService com.jk.ndt.etl.service.monitor.impl.MonitorServiceimpl.serverHostService
DEBUG (org.springframework.beans.factory.support.DefaultListableBeanFactory:247) - Returning cached instance of singleton bean &apos;serverHostService&apos;
DEBUG (org.springframework.beans.factory.annotation.AutowiredAnnotationBeanPostProcessor:461) - Autowiring by type from bean name &apos;monitorService&apos; to bean named &apos;serverHostService&apos;
DEBUG (org.springframework.beans.factory.annotation.InjectionMetadata:85) - Processing injected method of bean &apos;monitorService&apos;: AutowiredFieldElement for com.jk.ndt.etl.service.monitor.ServerInfoService com.jk.ndt.etl.service.monitor.impl.MonitorServiceimpl.serverInfoService
DEBUG (org.springframework.beans.factory.support.DefaultListableBeanFactory:220) - Creating shared instance of singleton bean &apos;serverInfoService&apos;
DEBUG (org.springframework.beans.factory.support.DefaultListableBeanFactory:450) - Creating instance of bean &apos;serverInfoService&apos;
DEBUG (org.springframework.beans.factory.support.DefaultListableBeanFactory:247) - Returning cached instance of singleton bean &apos;org.springframework.aop.support.DefaultBeanFactoryPointcutAdvisor#0&apos;
DEBUG (org.springframework.beans.factory.support.DefaultListableBeanFactory:247) - Returning cached instance of singleton bean &apos;org.springframework.cache.config.internalCacheAdvisor&apos;
DEBUG (org.springframework.beans.factory.annotation.InjectionMetadata:71) - Registered injected element on class [com.jk.ndt.etl.service.monitor.impl.ServerInfoServiceImpl]: AutowiredFieldElement for com.jk.ndt.etl.dao.monitor.ServerInfoDao com.jk.ndt.etl.service.monitor.impl.ServerInfoServiceImpl.serverInfoDao
DEBUG (org.springframework.beans.factory.support.DefaultListableBeanFactory:524) - Eagerly caching bean &apos;serverInfoService&apos; to allow for resolving potential circular references
DEBUG (org.springframework.beans.factory.annotation.InjectionMetadata:85) - Processing injected method of bean &apos;serverInfoService&apos;: AutowiredFieldElement for com.jk.ndt.etl.dao.monitor.ServerInfoDao com.jk.ndt.etl.service.monitor.impl.ServerInfoServiceImpl.serverInfoDao
DEBUG (org.springframework.beans.factory.support.DefaultListableBeanFactory:247) - Returning cached instance of singleton bean &apos;serverInfoDao&apos;
DEBUG (org.springframework.beans.factory.support.DefaultListableBeanFactory:247) - Returning cached instance of singleton bean &apos;org.springframework.aop.support.DefaultBeanFactoryPointcutAdvisor#0&apos;
DEBUG (org.springframework.beans.factory.support.DefaultListableBeanFactory:247) - Returning cached instance of singleton bean &apos;org.springframework.cache.config.internalCacheAdvisor&apos;
DEBUG (org.springframework.beans.factory.support.DefaultListableBeanFactory:247) - Returning cached instance of singleton bean &apos;org.springframework.aop.support.DefaultBeanFactoryPointcutAdvisor#0&apos;
DEBUG (org.springframework.beans.factory.support.DefaultListableBeanFactory:247) - Returning cached instance of singleton bean &apos;org.springframework.cache.config.internalCacheAdvisor&apos;
DEBUG (org.springframework.beans.factory.annotation.AutowiredAnnotationBeanPostProcessor:461) - Autowiring by type from bean name &apos;serverInfoService&apos; to bean named &apos;serverInfoDao&apos;
DEBUG (org.springframework.beans.factory.support.DefaultListableBeanFactory:247) - Returning cached instance of singleton bean &apos;org.springframework.aop.support.DefaultBeanFactoryPointcutAdvisor#0&apos;
DEBUG (org.springframework.beans.factory.support.DefaultListableBeanFactory:247) - Returning cached instance of singleton bean &apos;org.springframework.cache.config.internalCacheAdvisor&apos;
DEBUG (org.springframework.beans.factory.support.DefaultListableBeanFactory:247) - Returning cached instance of singleton bean &apos;org.springframework.aop.support.DefaultBeanFactoryPointcutAdvisor#0&apos;
DEBUG (org.springframework.beans.factory.support.DefaultListableBeanFactory:247) - Returning cached instance of singleton bean &apos;org.springframework.cache.config.internalCacheAdvisor&apos;
DEBUG (org.springframework.aop.aspectj.annotation.AnnotationAwareAspectJAutoProxyCreator:503) - Creating implicit proxy for bean &apos;serverInfoService&apos; with 0 common interceptors and 2 specific interceptors
DEBUG (org.springframework.aop.framework.CglibAopProxy:158) - Creating CGLIB proxy: target source is SingletonTargetSource for target object [com.jk.ndt.etl.service.monitor.impl.ServerInfoServiceImpl@48528634]
DEBUG (org.springframework.aop.framework.CglibAopProxy:831) - Unable to apply any optimisations to advised method: public void com.jk.ndt.etl.service.monitor.impl.ServerInfoServiceImpl.insertServerInfo(com.jk.ndt.etl.entity.monitor.ServerInfo)
DEBUG (org.springframework.aop.framework.CglibAopProxy:782) - Found finalize() method - using NO_OVERRIDE
DEBUG (org.springframework.aop.framework.CglibAopProxy:794) - Found &apos;equals&apos; method: public boolean java.lang.Object.equals(java.lang.Object)
DEBUG (org.springframework.aop.framework.CglibAopProxy:831) - Unable to apply any optimisations to advised method: public java.lang.String java.lang.Object.toString()
DEBUG (org.springframework.aop.framework.CglibAopProxy:799) - Found &apos;hashCode&apos; method: public native int java.lang.Object.hashCode()
DEBUG (org.springframework.aop.framework.CglibAopProxy:831) - Unable to apply any optimisations to advised method: protected native java.lang.Object java.lang.Object.clone() throws java.lang.CloneNotSupportedException
DEBUG (org.springframework.aop.framework.CglibAopProxy:788) - Method is declared on Advised interface: public abstract int org.springframework.aop.framework.Advised.indexOf(org.aopalliance.aop.Advice)
DEBUG (org.springframework.aop.framework.CglibAopProxy:788) - Method is declared on Advised interface: public abstract int org.springframework.aop.framework.Advised.indexOf(org.springframework.aop.Advisor)
DEBUG (org.springframework.aop.framework.CglibAopProxy:788) - Method is declared on Advised interface: public abstract boolean org.springframework.aop.framework.Advised.isFrozen()
DEBUG (org.springframework.aop.framework.CglibAopProxy:788) - Method is declared on Advised interface: public abstract boolean org.springframework.aop.framework.Advised.isProxyTargetClass()
DEBUG (org.springframework.aop.framework.CglibAopProxy:788) - Method is declared on Advised interface: public abstract java.lang.Class[] org.springframework.aop.framework.Advised.getProxiedInterfaces()
DEBUG (org.springframework.aop.framework.CglibAopProxy:788) - Method is declared on Advised interface: public abstract boolean org.springframework.aop.framework.Advised.isInterfaceProxied(java.lang.Class)
DEBUG (org.springframework.aop.framework.CglibAopProxy:788) - Method is declared on Advised interface: public abstract java.lang.String org.springframework.aop.framework.Advised.toProxyConfigString()
DEBUG (org.springframework.aop.framework.CglibAopProxy:788) - Method is declared on Advised interface: public abstract void org.springframework.aop.framework.Advised.setTargetSource(org.springframework.aop.TargetSource)
DEBUG (org.springframework.aop.framework.CglibAopProxy:788) - Method is declared on Advised interface: public abstract org.springframework.aop.TargetSource org.springframework.aop.framework.Advised.getTargetSource()
DEBUG (org.springframework.aop.framework.CglibAopProxy:788) - Method is declared on Advised interface: public abstract void org.springframework.aop.framework.Advised.addAdvisor(int,org.springframework.aop.Advisor) throws org.springframework.aop.framework.AopConfigException
DEBUG (org.springframework.aop.framework.CglibAopProxy:788) - Method is declared on Advised interface: public abstract void org.springframework.aop.framework.Advised.addAdvisor(org.springframework.aop.Advisor) throws org.springframework.aop.framework.AopConfigException
DEBUG (org.springframework.aop.framework.CglibAopProxy:788) - Method is declared on Advised interface: public abstract void org.springframework.aop.framework.Advised.setPreFiltered(boolean)
DEBUG (org.springframework.aop.framework.CglibAopProxy:788) - Method is declared on Advised interface: public abstract void org.springframework.aop.framework.Advised.setExposeProxy(boolean)
DEBUG (org.springframework.aop.framework.CglibAopProxy:788) - Method is declared on Advised interface: public abstract boolean org.springframework.aop.framework.Advised.isExposeProxy()
DEBUG (org.springframework.aop.framework.CglibAopProxy:788) - Method is declared on Advised interface: public abstract void org.springframework.aop.framework.Advised.addAdvice(int,org.aopalliance.aop.Advice) throws org.springframework.aop.framework.AopConfigException
DEBUG (org.springframework.aop.framework.CglibAopProxy:788) - Method is declared on Advised interface: public abstract void org.springframework.aop.framework.Advised.addAdvice(org.aopalliance.aop.Advice) throws org.springframework.aop.framework.AopConfigException
DEBUG (org.springframework.aop.framework.CglibAopProxy:788) - Method is declared on Advised interface: public abstract boolean org.springframework.aop.framework.Advised.isPreFiltered()
DEBUG (org.springframework.aop.framework.CglibAopProxy:788) - Method is declared on Advised interface: public abstract void org.springframework.aop.framework.Advised.removeAdvisor(int) throws org.springframework.aop.framework.AopConfigException
DEBUG (org.springframework.aop.framework.CglibAopProxy:788) - Method is declared on Advised interface: public abstract boolean org.springframework.aop.framework.Advised.removeAdvisor(org.springframework.aop.Advisor)
DEBUG (org.springframework.aop.framework.CglibAopProxy:788) - Method is declared on Advised interface: public abstract boolean org.springframework.aop.framework.Advised.replaceAdvisor(org.springframework.aop.Advisor,org.springframework.aop.Advisor) throws org.springframework.aop.framework.AopConfigException
DEBUG (org.springframework.aop.framework.CglibAopProxy:788) - Method is declared on Advised interface: public abstract boolean org.springframework.aop.framework.Advised.removeAdvice(org.aopalliance.aop.Advice)
DEBUG (org.springframework.aop.framework.CglibAopProxy:788) - Method is declared on Advised interface: public abstract org.springframework.aop.Advisor[] org.springframework.aop.framework.Advised.getAdvisors()
DEBUG (org.springframework.aop.framework.CglibAopProxy:788) - Method is declared on Advised interface: public abstract java.lang.Class org.springframework.aop.TargetClassAware.getTargetClass()
DEBUG (org.springframework.beans.factory.support.DefaultListableBeanFactory:478) - Finished creating instance of bean &apos;serverInfoService&apos;
DEBUG (org.springframework.beans.factory.annotation.AutowiredAnnotationBeanPostProcessor:461) - Autowiring by type from bean name &apos;monitorService&apos; to bean named &apos;serverInfoService&apos;
DEBUG (org.springframework.beans.factory.annotation.InjectionMetadata:85) - Processing injected method of bean &apos;monitorService&apos;: AutowiredFieldElement for com.jk.ndt.etl.dao.monitor.ServerInfoDao com.jk.ndt.etl.service.monitor.impl.MonitorServiceimpl.serverInfoDao
DEBUG (org.springframework.beans.factory.support.DefaultListableBeanFactory:247) - Returning cached instance of singleton bean &apos;serverInfoDao&apos;
DEBUG (org.springframework.beans.factory.annotation.AutowiredAnnotationBeanPostProcessor:461) - Autowiring by type from bean name &apos;monitorService&apos; to bean named &apos;serverInfoDao&apos;
DEBUG (org.springframework.beans.factory.annotation.InjectionMetadata:85) - Processing injected method of bean &apos;monitorService&apos;: AutowiredFieldElement for com.jk.ndt.etl.service.monitor.AlarmRuleService com.jk.ndt.etl.service.monitor.impl.MonitorServiceimpl.alarmRuleService
DEBUG (org.springframework.beans.factory.support.DefaultListableBeanFactory:247) - Returning cached instance of singleton bean &apos;alarmRuleService&apos;
DEBUG (org.springframework.beans.factory.annotation.AutowiredAnnotationBeanPostProcessor:461) - Autowiring by type from bean name &apos;monitorService&apos; to bean named &apos;alarmRuleService&apos;
DEBUG (org.springframework.beans.factory.annotation.InjectionMetadata:85) - Processing injected method of bean &apos;monitorService&apos;: AutowiredFieldElement for com.jk.ndt.etl.service.monitor.MailService com.jk.ndt.etl.service.monitor.impl.MonitorServiceimpl.mailService
DEBUG (org.springframework.beans.factory.support.DefaultListableBeanFactory:220) - Creating shared instance of singleton bean &apos;mailService&apos;
DEBUG (org.springframework.beans.factory.support.DefaultListableBeanFactory:450) - Creating instance of bean &apos;mailService&apos;
DEBUG (org.springframework.beans.factory.support.DefaultListableBeanFactory:247) - Returning cached instance of singleton bean &apos;org.springframework.aop.support.DefaultBeanFactoryPointcutAdvisor#0&apos;
DEBUG (org.springframework.beans.factory.support.DefaultListableBeanFactory:247) - Returning cached instance of singleton bean &apos;org.springframework.cache.config.internalCacheAdvisor&apos;
DEBUG (org.springframework.beans.factory.annotation.InjectionMetadata:71) - Registered injected element on class [com.jk.ndt.etl.service.monitor.impl.MailServiceImpl]: AutowiredFieldElement for com.jk.ndt.etl.dao.monitor.MailInfoDao com.jk.ndt.etl.service.monitor.impl.MailServiceImpl.mailInfoDao
DEBUG (org.springframework.beans.factory.support.DefaultListableBeanFactory:524) - Eagerly caching bean &apos;mailService&apos; to allow for resolving potential circular references
DEBUG (org.springframework.beans.factory.annotation.InjectionMetadata:85) - Processing injected method of bean &apos;mailService&apos;: AutowiredFieldElement for com.jk.ndt.etl.dao.monitor.MailInfoDao com.jk.ndt.etl.service.monitor.impl.MailServiceImpl.mailInfoDao
DEBUG (org.springframework.beans.factory.support.DefaultListableBeanFactory:247) - Returning cached instance of singleton bean &apos;mailInfoDao&apos;
DEBUG (org.springframework.beans.factory.support.DefaultListableBeanFactory:247) - Returning cached instance of singleton bean &apos;org.springframework.aop.support.DefaultBeanFactoryPointcutAdvisor#0&apos;
DEBUG (org.springframework.beans.factory.support.DefaultListableBeanFactory:247) - Returning cached instance of singleton bean &apos;org.springframework.cache.config.internalCacheAdvisor&apos;
DEBUG (org.springframework.beans.factory.support.DefaultListableBeanFactory:247) - Returning cached instance of singleton bean &apos;org.springframework.aop.support.DefaultBeanFactoryPointcutAdvisor#0&apos;
DEBUG (org.springframework.beans.factory.support.DefaultListableBeanFactory:247) - Returning cached instance of singleton bean &apos;org.springframework.cache.config.internalCacheAdvisor&apos;
DEBUG (org.springframework.beans.factory.annotation.AutowiredAnnotationBeanPostProcessor:461) - Autowiring by type from bean name &apos;mailService&apos; to bean named &apos;mailInfoDao&apos;
DEBUG (org.springframework.beans.factory.support.DefaultListableBeanFactory:247) - Returning cached instance of singleton bean &apos;org.springframework.aop.support.DefaultBeanFactoryPointcutAdvisor#0&apos;
DEBUG (org.springframework.beans.factory.support.DefaultListableBeanFactory:247) - Returning cached instance of singleton bean &apos;org.springframework.cache.config.internalCacheAdvisor&apos;
DEBUG (org.springframework.beans.factory.support.DefaultListableBeanFactory:247) - Returning cached instance of singleton bean &apos;org.springframework.aop.support.DefaultBeanFactoryPointcutAdvisor#0&apos;
DEBUG (org.springframework.beans.factory.support.DefaultListableBeanFactory:247) - Returning cached instance of singleton bean &apos;org.springframework.cache.config.internalCacheAdvisor&apos;
DEBUG (org.springframework.aop.aspectj.annotation.AnnotationAwareAspectJAutoProxyCreator:503) - Creating implicit proxy for bean &apos;mailService&apos; with 0 common interceptors and 2 specific interceptors
DEBUG (org.springframework.aop.framework.CglibAopProxy:158) - Creating CGLIB proxy: target source is SingletonTargetSource for target object [com.jk.ndt.etl.service.monitor.impl.MailServiceImpl@7f353d99]
DEBUG (org.springframework.aop.framework.CglibAopProxy:831) - Unable to apply any optimisations to advised method: public com.jk.ndt.etl.entity.monitor.Email com.jk.ndt.etl.service.monitor.impl.MailServiceImpl.getSendMailInfo()
DEBUG (org.springframework.aop.framework.CglibAopProxy:831) - Unable to apply any optimisations to advised method: public void com.jk.ndt.etl.service.monitor.impl.MailServiceImpl.SendAlarmMail(com.jk.ndt.etl.entity.monitor.Email) throws java.lang.Exception
DEBUG (org.springframework.aop.framework.CglibAopProxy:782) - Found finalize() method - using NO_OVERRIDE
DEBUG (org.springframework.aop.framework.CglibAopProxy:794) - Found &apos;equals&apos; method: public boolean java.lang.Object.equals(java.lang.Object)
DEBUG (org.springframework.aop.framework.CglibAopProxy:831) - Unable to apply any optimisations to advised method: public java.lang.String java.lang.Object.toString()
DEBUG (org.springframework.aop.framework.CglibAopProxy:799) - Found &apos;hashCode&apos; method: public native int java.lang.Object.hashCode()
DEBUG (org.springframework.aop.framework.CglibAopProxy:831) - Unable to apply any optimisations to advised method: protected native java.lang.Object java.lang.Object.clone() throws java.lang.CloneNotSupportedException
DEBUG (org.springframework.aop.framework.CglibAopProxy:788) - Method is declared on Advised interface: public abstract int org.springframework.aop.framework.Advised.indexOf(org.aopalliance.aop.Advice)
DEBUG (org.springframework.aop.framework.CglibAopProxy:788) - Method is declared on Advised interface: public abstract int org.springframework.aop.framework.Advised.indexOf(org.springframework.aop.Advisor)
DEBUG (org.springframework.aop.framework.CglibAopProxy:788) - Method is declared on Advised interface: public abstract boolean org.springframework.aop.framework.Advised.isFrozen()
DEBUG (org.springframework.aop.framework.CglibAopProxy:788) - Method is declared on Advised interface: public abstract boolean org.springframework.aop.framework.Advised.isProxyTargetClass()
DEBUG (org.springframework.aop.framework.CglibAopProxy:788) - Method is declared on Advised interface: public abstract java.lang.Class[] org.springframework.aop.framework.Advised.getProxiedInterfaces()
DEBUG (org.springframework.aop.framework.CglibAopProxy:788) - Method is declared on Advised interface: public abstract boolean org.springframework.aop.framework.Advised.isInterfaceProxied(java.lang.Class)
DEBUG (org.springframework.aop.framework.CglibAopProxy:788) - Method is declared on Advised interface: public abstract java.lang.String org.springframework.aop.framework.Advised.toProxyConfigString()
DEBUG (org.springframework.aop.framework.CglibAopProxy:788) - Method is declared on Advised interface: public abstract void org.springframework.aop.framework.Advised.setTargetSource(org.springframework.aop.TargetSource)
DEBUG (org.springframework.aop.framework.CglibAopProxy:788) - Method is declared on Advised interface: public abstract org.springframework.aop.TargetSource org.springframework.aop.framework.Advised.getTargetSource()
DEBUG (org.springframework.aop.framework.CglibAopProxy:788) - Method is declared on Advised interface: public abstract void org.springframework.aop.framework.Advised.addAdvisor(int,org.springframework.aop.Advisor) throws org.springframework.aop.framework.AopConfigException
DEBUG (org.springframework.aop.framework.CglibAopProxy:788) - Method is declared on Advised interface: public abstract void org.springframework.aop.framework.Advised.addAdvisor(org.springframework.aop.Advisor) throws org.springframework.aop.framework.AopConfigException
DEBUG (org.springframework.aop.framework.CglibAopProxy:788) - Method is declared on Advised interface: public abstract void org.springframework.aop.framework.Advised.setPreFiltered(boolean)
DEBUG (org.springframework.aop.framework.CglibAopProxy:788) - Method is declared on Advised interface: public abstract void org.springframework.aop.framework.Advised.setExposeProxy(boolean)
DEBUG (org.springframework.aop.framework.CglibAopProxy:788) - Method is declared on Advised interface: public abstract boolean org.springframework.aop.framework.Advised.isExposeProxy()
DEBUG (org.springframework.aop.framework.CglibAopProxy:788) - Method is declared on Advised interface: public abstract void org.springframework.aop.framework.Advised.addAdvice(int,org.aopalliance.aop.Advice) throws org.springframework.aop.framework.AopConfigException
DEBUG (org.springframework.aop.framework.CglibAopProxy:788) - Method is declared on Advised interface: public abstract void org.springframework.aop.framework.Advised.addAdvice(org.aopalliance.aop.Advice) throws org.springframework.aop.framework.AopConfigException
DEBUG (org.springframework.aop.framework.CglibAopProxy:788) - Method is declared on Advised interface: public abstract boolean org.springframework.aop.framework.Advised.isPreFiltered()
DEBUG (org.springframework.aop.framework.CglibAopProxy:788) - Method is declared on Advised interface: public abstract void org.springframework.aop.framework.Advised.removeAdvisor(int) throws org.springframework.aop.framework.AopConfigException
DEBUG (org.springframework.aop.framework.CglibAopProxy:788) - Method is declared on Advised interface: public abstract boolean org.springframework.aop.framework.Advised.removeAdvisor(org.springframework.aop.Advisor)
DEBUG (org.springframework.aop.framework.CglibAopProxy:788) - Method is declared on Advised interface: public abstract boolean org.springframework.aop.framework.Advised.replaceAdvisor(org.springframework.aop.Advisor,org.springframework.aop.Advisor) throws org.springframework.aop.framework.AopConfigException
DEBUG (org.springframework.aop.framework.CglibAopProxy:788) - Method is declared on Advised interface: public abstract boolean org.springframework.aop.framework.Advised.removeAdvice(org.aopalliance.aop.Advice)
DEBUG (org.springframework.aop.framework.CglibAopProxy:788) - Method is declared on Advised interface: public abstract org.springframework.aop.Advisor[] org.springframework.aop.framework.Advised.getAdvisors()
DEBUG (org.springframework.aop.framework.CglibAopProxy:788) - Method is declared on Advised interface: public abstract java.lang.Class org.springframework.aop.TargetClassAware.getTargetClass()
DEBUG (org.springframework.beans.factory.support.DefaultListableBeanFactory:478) - Finished creating instance of bean &apos;mailService&apos;
DEBUG (org.springframework.beans.factory.annotation.AutowiredAnnotationBeanPostProcessor:461) - Autowiring by type from bean name &apos;monitorService&apos; to bean named &apos;mailService&apos;
DEBUG (org.springframework.beans.factory.support.DefaultListableBeanFactory:247) - Returning cached instance of singleton bean &apos;org.springframework.aop.support.DefaultBeanFactoryPointcutAdvisor#0&apos;
DEBUG (org.springframework.beans.factory.support.DefaultListableBeanFactory:247) - Returning cached instance of singleton bean &apos;org.springframework.cache.config.internalCacheAdvisor&apos;
DEBUG (org.springframework.beans.factory.support.DefaultListableBeanFactory:247) - Returning cached instance of singleton bean &apos;org.springframework.aop.support.DefaultBeanFactoryPointcutAdvisor#0&apos;
DEBUG (org.springframework.beans.factory.support.DefaultListableBeanFactory:247) - Returning cached instance of singleton bean &apos;org.springframework.cache.config.internalCacheAdvisor&apos;
DEBUG (org.springframework.aop.aspectj.annotation.AnnotationAwareAspectJAutoProxyCreator:503) - Creating implicit proxy for bean &apos;monitorService&apos; with 0 common interceptors and 2 specific interceptors
DEBUG (org.springframework.aop.framework.CglibAopProxy:158) - Creating CGLIB proxy: target source is SingletonTargetSource for target object [com.jk.ndt.etl.service.monitor.impl.MonitorServiceimpl@6ede46f6]
DEBUG (org.springframework.aop.framework.CglibAopProxy:831) - Unable to apply any optimisations to advised method: public com.jk.ndt.etl.entity.monitor.MemoryClear com.jk.ndt.etl.service.monitor.impl.MonitorServiceimpl.clearMemoryInfo(com.jk.ndt.etl.entity.monitor.ServerHost)
DEBUG (org.springframework.aop.framework.CglibAopProxy:831) - Unable to apply any optimisations to advised method: public java.util.List com.jk.ndt.etl.service.monitor.impl.MonitorServiceimpl.getMonitorInfo(java.lang.String,java.lang.String,java.lang.String)
DEBUG (org.springframework.aop.framework.CglibAopProxy:831) - Unable to apply any optimisations to advised method: public void com.jk.ndt.etl.service.monitor.impl.MonitorServiceimpl.alarmRuleDisk(com.jk.ndt.etl.entity.monitor.ServerHost,java.lang.Integer,com.jk.ndt.etl.entity.monitor.AlarmRuleBean)
DEBUG (org.springframework.aop.framework.CglibAopProxy:831) - Unable to apply any optimisations to advised method: public void com.jk.ndt.etl.service.monitor.impl.MonitorServiceimpl.alarmRuleLogs(com.jk.ndt.etl.entity.monitor.ServerHost,com.jk.ndt.etl.entity.monitor.AlarmRuleBean)
DEBUG (org.springframework.aop.framework.CglibAopProxy:831) - Unable to apply any optimisations to advised method: public void com.jk.ndt.etl.service.monitor.impl.MonitorServiceimpl.alarmRuleMemory(com.jk.ndt.etl.entity.monitor.ServerHost,java.lang.Integer,com.jk.ndt.etl.entity.monitor.AlarmRuleBean)
DEBUG (org.springframework.aop.framework.CglibAopProxy:831) - Unable to apply any optimisations to advised method: public void com.jk.ndt.etl.service.monitor.impl.MonitorServiceimpl.simpleEmailAlarm(com.jk.ndt.etl.entity.monitor.ServerHost,com.jk.ndt.etl.entity.monitor.AlarmRuleBean,com.jk.ndt.etl.entity.monitor.Email,java.lang.String)
DEBUG (org.springframework.aop.framework.CglibAopProxy:831) - Unable to apply any optimisations to advised method: public void com.jk.ndt.etl.service.monitor.impl.MonitorServiceimpl.repeatEmailAlarm(com.jk.ndt.etl.entity.monitor.ServerHost,com.jk.ndt.etl.entity.monitor.AlarmRuleBean,com.jk.ndt.etl.entity.monitor.Email,java.lang.String)
DEBUG (org.springframework.aop.framework.CglibAopProxy:831) - Unable to apply any optimisations to advised method: public void com.jk.ndt.etl.service.monitor.impl.MonitorServiceimpl.alarmRuleCpu(com.jk.ndt.etl.entity.monitor.ServerHost,java.lang.Integer,com.jk.ndt.etl.entity.monitor.AlarmRuleBean)
DEBUG (org.springframework.aop.framework.CglibAopProxy:831) - Unable to apply any optimisations to advised method: public java.util.List com.jk.ndt.etl.service.monitor.impl.MonitorServiceimpl.getAllServerInfo(java.lang.String,java.lang.String)
DEBUG (org.springframework.aop.framework.CglibAopProxy:831) - Unable to apply any optimisations to advised method: public com.jk.ndt.etl.entity.monitor.ServerInfoQuery com.jk.ndt.etl.service.monitor.impl.MonitorServiceimpl.queryOneHour()
DEBUG (org.springframework.aop.framework.CglibAopProxy:831) - Unable to apply any optimisations to advised method: public com.jk.ndt.etl.entity.monitor.ServerInfoQuery com.jk.ndt.etl.service.monitor.impl.MonitorServiceimpl.queryOneDay()
DEBUG (org.springframework.aop.framework.CglibAopProxy:831) - Unable to apply any optimisations to advised method: public com.jk.ndt.etl.entity.monitor.ServerInfoQuery com.jk.ndt.etl.service.monitor.impl.MonitorServiceimpl.queryFifteenDay()
DEBUG (org.springframework.aop.framework.CglibAopProxy:831) - Unable to apply any optimisations to advised method: public com.jk.ndt.etl.entity.monitor.ServerInfoQuery com.jk.ndt.etl.service.monitor.impl.MonitorServiceimpl.querySevenDay()
DEBUG (org.springframework.aop.framework.CglibAopProxy:831) - Unable to apply any optimisations to advised method: public com.jk.ndt.etl.entity.monitor.ServerInfo com.jk.ndt.etl.service.monitor.impl.MonitorServiceimpl.getinfo(java.lang.String,java.lang.String,java.lang.String)
DEBUG (org.springframework.aop.framework.CglibAopProxy:831) - Unable to apply any optimisations to advised method: public com.jk.ndt.etl.entity.monitor.ServerInfo com.jk.ndt.etl.service.monitor.impl.MonitorServiceimpl.getLinuxinfo(java.lang.String,java.lang.String,java.lang.String)
DEBUG (org.springframework.aop.framework.CglibAopProxy:831) - Unable to apply any optimisations to advised method: public java.util.List com.jk.ndt.etl.service.monitor.impl.MonitorServiceimpl.getOneServerInfo(java.lang.String,java.lang.String,java.lang.Long)
DEBUG (org.springframework.aop.framework.CglibAopProxy:831) - Unable to apply any optimisations to advised method: public java.util.List com.jk.ndt.etl.service.monitor.impl.MonitorServiceimpl.getMonitorInfoTime(java.lang.String,java.lang.String,java.lang.String)
DEBUG (org.springframework.aop.framework.CglibAopProxy:831) - Unable to apply any optimisations to advised method: public long com.jk.ndt.etl.service.monitor.impl.MonitorServiceimpl.selectMonitorInfoCount(java.lang.String,java.lang.String,java.lang.String)
DEBUG (org.springframework.aop.framework.CglibAopProxy:831) - Unable to apply any optimisations to advised method: public java.lang.Long com.jk.ndt.etl.service.monitor.impl.MonitorServiceimpl.selectServerInfoCount(java.lang.String,java.lang.String)
DEBUG (org.springframework.aop.framework.CglibAopProxy:831) - Unable to apply any optimisations to advised method: public long com.jk.ndt.etl.service.monitor.impl.MonitorServiceimpl.selectOneServerInfoCount(java.lang.String,java.lang.String,java.lang.Long)
DEBUG (org.springframework.aop.framework.CglibAopProxy:782) - Found finalize() method - using NO_OVERRIDE
DEBUG (org.springframework.aop.framework.CglibAopProxy:794) - Found &apos;equals&apos; method: public boolean java.lang.Object.equals(java.lang.Object)
DEBUG (org.springframework.aop.framework.CglibAopProxy:831) - Unable to apply any optimisations to advised method: public java.lang.String java.lang.Object.toString()
DEBUG (org.springframework.aop.framework.CglibAopProxy:799) - Found &apos;hashCode&apos; method: public native int java.lang.Object.hashCode()
DEBUG (org.springframework.aop.framework.CglibAopProxy:831) - Unable to apply any optimisations to advised method: protected native java.lang.Object java.lang.Object.clone() throws java.lang.CloneNotSupportedException
DEBUG (org.springframework.aop.framework.CglibAopProxy:788) - Method is declared on Advised interface: public abstract int org.springframework.aop.framework.Advised.indexOf(org.aopalliance.aop.Advice)
DEBUG (org.springframework.aop.framework.CglibAopProxy:788) - Method is declared on Advised interface: public abstract int org.springframework.aop.framework.Advised.indexOf(org.springframework.aop.Advisor)
DEBUG (org.springframework.aop.framework.CglibAopProxy:788) - Method is declared on Advised interface: public abstract boolean org.springframework.aop.framework.Advised.isFrozen()
DEBUG (org.springframework.aop.framework.CglibAopProxy:788) - Method is declared on Advised interface: public abstract boolean org.springframework.aop.framework.Advised.isProxyTargetClass()
DEBUG (org.springframework.aop.framework.CglibAopProxy:788) - Method is declared on Advised interface: public abstract java.lang.Class[] org.springframework.aop.framework.Advised.getProxiedInterfaces()
DEBUG (org.springframework.aop.framework.CglibAopProxy:788) - Method is declared on Advised interface: public abstract boolean org.springframework.aop.framework.Advised.isInterfaceProxied(java.lang.Class)
DEBUG (org.springframework.aop.framework.CglibAopProxy:788) - Method is declared on Advised interface: public abstract java.lang.String org.springframework.aop.framework.Advised.toProxyConfigString()
DEBUG (org.springframework.aop.framework.CglibAopProxy:788) - Method is declared on Advised interface: public abstract void org.springframework.aop.framework.Advised.setTargetSource(org.springframework.aop.TargetSource)
DEBUG (org.springframework.aop.framework.CglibAopProxy:788) - Method is declared on Advised interface: public abstract org.springframework.aop.TargetSource org.springframework.aop.framework.Advised.getTargetSource()
DEBUG (org.springframework.aop.framework.CglibAopProxy:788) - Method is declared on Advised interface: public abstract void org.springframework.aop.framework.Advised.addAdvisor(int,org.springframework.aop.Advisor) throws org.springframework.aop.framework.AopConfigException
DEBUG (org.springframework.aop.framework.CglibAopProxy:788) - Method is declared on Advised interface: public abstract void org.springframework.aop.framework.Advised.addAdvisor(org.springframework.aop.Advisor) throws org.springframework.aop.framework.AopConfigException
DEBUG (org.springframework.aop.framework.CglibAopProxy:788) - Method is declared on Advised interface: public abstract void org.springframework.aop.framework.Advised.setPreFiltered(boolean)
DEBUG (org.springframework.aop.framework.CglibAopProxy:788) - Method is declared on Advised interface: public abstract void org.springframework.aop.framework.Advised.setExposeProxy(boolean)
DEBUG (org.springframework.aop.framework.CglibAopProxy:788) - Method is declared on Advised interface: public abstract boolean org.springframework.aop.framework.Advised.isExposeProxy()
DEBUG (org.springframework.aop.framework.CglibAopProxy:788) - Method is declared on Advised interface: public abstract void org.springframework.aop.framework.Advised.addAdvice(int,org.aopalliance.aop.Advice) throws org.springframework.aop.framework.AopConfigException
DEBUG (org.springframework.aop.framework.CglibAopProxy:788) - Method is declared on Advised interface: public abstract void org.springframework.aop.framework.Advised.addAdvice(org.aopalliance.aop.Advice) throws org.springframework.aop.framework.AopConfigException
DEBUG (org.springframework.aop.framework.CglibAopProxy:788) - Method is declared on Advised interface: public abstract boolean org.springframework.aop.framework.Advised.isPreFiltered()
DEBUG (org.springframework.aop.framework.CglibAopProxy:788) - Method is declared on Advised interface: public abstract void org.springframework.aop.framework.Advised.removeAdvisor(int) throws org.springframework.aop.framework.AopConfigException
DEBUG (org.springframework.aop.framework.CglibAopProxy:788) - Method is declared on Advised interface: public abstract boolean org.springframework.aop.framework.Advised.removeAdvisor(org.springframework.aop.Advisor)
DEBUG (org.springframework.aop.framework.CglibAopProxy:788) - Method is declared on Advised interface: public abstract boolean org.springframework.aop.framework.Advised.replaceAdvisor(org.springframework.aop.Advisor,org.springframework.aop.Advisor) throws org.springframework.aop.framework.AopConfigException
DEBUG (org.springframework.aop.framework.CglibAopProxy:788) - Method is declared on Advised interface: public abstract boolean org.springframework.aop.framework.Advised.removeAdvice(org.aopalliance.aop.Advice)
DEBUG (org.springframework.aop.framework.CglibAopProxy:788) - Method is declared on Advised interface: public abstract org.springframework.aop.Advisor[] org.springframework.aop.framework.Advised.getAdvisors()
DEBUG (org.springframework.aop.framework.CglibAopProxy:788) - Method is declared on Advised interface: public abstract java.lang.Class org.springframework.aop.TargetClassAware.getTargetClass()
DEBUG (org.springframework.beans.factory.support.DefaultListableBeanFactory:478) - Finished creating instance of bean &apos;monitorService&apos;
DEBUG (org.springframework.beans.factory.annotation.AutowiredAnnotationBeanPostProcessor:461) - Autowiring by type from bean name &apos;monitorController&apos; to bean named &apos;monitorService&apos;
DEBUG (org.springframework.beans.factory.annotation.InjectionMetadata:85) - Processing injected method of bean &apos;monitorController&apos;: AutowiredFieldElement for com.jk.ndt.etl.service.monitor.ServerHostService com.jk.ndt.etl.controller.monitor.MonitorController.serverHostService
DEBUG (org.springframework.beans.factory.support.DefaultListableBeanFactory:247) - Returning cached instance of singleton bean &apos;serverHostService&apos;
DEBUG (org.springframework.beans.factory.annotation.AutowiredAnnotationBeanPostProcessor:461) - Autowiring by type from bean name &apos;monitorController&apos; to bean named &apos;serverHostService&apos;
DEBUG (org.springframework.beans.factory.support.DefaultListableBeanFactory:247) - Returning cached instance of singleton bean &apos;org.springframework.aop.support.DefaultBeanFactoryPointcutAdvisor#0&apos;
DEBUG (org.springframework.beans.factory.support.DefaultListableBeanFactory:247) - Returning cached instance of singleton bean &apos;org.springframework.cache.config.internalCacheAdvisor&apos;
DEBUG (org.springframework.beans.factory.support.DefaultListableBeanFactory:247) - Returning cached instance of singleton bean &apos;org.springframework.aop.support.DefaultBeanFactoryPointcutAdvisor#0&apos;
DEBUG (org.springframework.beans.factory.support.DefaultListableBeanFactory:247) - Returning cached instance of singleton bean &apos;org.springframework.cache.config.internalCacheAdvisor&apos;
DEBUG (org.springframework.beans.factory.support.DefaultListableBeanFactory:478) - Finished creating instance of bean &apos;monitorController&apos;
DEBUG (org.springframework.beans.factory.support.DefaultListableBeanFactory:220) - Creating shared instance of singleton bean &apos;severHostController&apos;
DEBUG (org.springframework.beans.factory.support.DefaultListableBeanFactory:450) - Creating instance of bean &apos;severHostController&apos;
DEBUG (org.springframework.beans.factory.support.DefaultListableBeanFactory:247) - Returning cached instance of singleton bean &apos;org.springframework.aop.support.DefaultBeanFactoryPointcutAdvisor#0&apos;
DEBUG (org.springframework.beans.factory.support.DefaultListableBeanFactory:247) - Returning cached instance of singleton bean &apos;org.springframework.cache.config.internalCacheAdvisor&apos;
DEBUG (org.springframework.beans.factory.annotation.InjectionMetadata:71) - Registered injected element on class [com.jk.ndt.etl.controller.monitor.SeverHostController]: AutowiredFieldElement for com.jk.ndt.etl.service.monitor.ServerHostService com.jk.ndt.etl.controller.monitor.SeverHostController.serverHostService
DEBUG (org.springframework.beans.factory.support.DefaultListableBeanFactory:524) - Eagerly caching bean &apos;severHostController&apos; to allow for resolving potential circular references
DEBUG (org.springframework.beans.factory.annotation.InjectionMetadata:85) - Processing injected method of bean &apos;severHostController&apos;: AutowiredFieldElement for com.jk.ndt.etl.service.monitor.ServerHostService com.jk.ndt.etl.controller.monitor.SeverHostController.serverHostService
DEBUG (org.springframework.beans.factory.support.DefaultListableBeanFactory:247) - Returning cached instance of singleton bean &apos;serverHostService&apos;
DEBUG (org.springframework.beans.factory.annotation.AutowiredAnnotationBeanPostProcessor:461) - Autowiring by type from bean name &apos;severHostController&apos; to bean named &apos;serverHostService&apos;
DEBUG (org.springframework.beans.factory.support.DefaultListableBeanFactory:247) - Returning cached instance of singleton bean &apos;org.springframework.aop.support.DefaultBeanFactoryPointcutAdvisor#0&apos;
DEBUG (org.springframework.beans.factory.support.DefaultListableBeanFactory:247) - Returning cached instance of singleton bean &apos;org.springframework.cache.config.internalCacheAdvisor&apos;
DEBUG (org.springframework.beans.factory.support.DefaultListableBeanFactory:247) - Returning cached instance of singleton bean &apos;org.springframework.aop.support.DefaultBeanFactoryPointcutAdvisor#0&apos;
DEBUG (org.springframework.beans.factory.support.DefaultListableBeanFactory:247) - Returning cached instance of singleton bean &apos;org.springframework.cache.config.internalCacheAdvisor&apos;
DEBUG (org.springframework.aop.aspectj.annotation.AnnotationAwareAspectJAutoProxyCreator:503) - Creating implicit proxy for bean &apos;severHostController&apos; with 0 common interceptors and 2 specific interceptors
DEBUG (org.springframework.aop.framework.CglibAopProxy:158) - Creating CGLIB proxy: target source is SingletonTargetSource for target object [com.jk.ndt.etl.controller.monitor.SeverHostController@1229a2b7]
DEBUG (org.springframework.aop.framework.CglibAopProxy:831) - Unable to apply any optimisations to advised method: public java.lang.Object com.jk.ndt.etl.controller.monitor.SeverHostController.addServerHost(com.jk.ndt.etl.entity.monitor.ServerHost)
DEBUG (org.springframework.aop.framework.CglibAopProxy:831) - Unable to apply any optimisations to advised method: public java.lang.Object com.jk.ndt.etl.controller.monitor.SeverHostController.listServerHostInfo()
DEBUG (org.springframework.aop.framework.CglibAopProxy:831) - Unable to apply any optimisations to advised method: public java.lang.Object com.jk.ndt.etl.controller.monitor.SeverHostController.getOneServerHostInfo(java.lang.Integer)
DEBUG (org.springframework.aop.framework.CglibAopProxy:831) - Unable to apply any optimisations to advised method: public java.lang.Object com.jk.ndt.etl.controller.monitor.SeverHostController.updateServerHostInfo(com.jk.ndt.etl.entity.monitor.ServerHost)
DEBUG (org.springframework.aop.framework.CglibAopProxy:831) - Unable to apply any optimisations to advised method: public java.lang.Object com.jk.ndt.etl.controller.monitor.SeverHostController.updateServerHostPassword(java.lang.Integer,java.lang.String,java.lang.String)
DEBUG (org.springframework.aop.framework.CglibAopProxy:782) - Found finalize() method - using NO_OVERRIDE
DEBUG (org.springframework.aop.framework.CglibAopProxy:794) - Found &apos;equals&apos; method: public boolean java.lang.Object.equals(java.lang.Object)
DEBUG (org.springframework.aop.framework.CglibAopProxy:831) - Unable to apply any optimisations to advised method: public java.lang.String java.lang.Object.toString()
DEBUG (org.springframework.aop.framework.CglibAopProxy:799) - Found &apos;hashCode&apos; method: public native int java.lang.Object.hashCode()
DEBUG (org.springframework.aop.framework.CglibAopProxy:831) - Unable to apply any optimisations to advised method: protected native java.lang.Object java.lang.Object.clone() throws java.lang.CloneNotSupportedException
DEBUG (org.springframework.aop.framework.CglibAopProxy:788) - Method is declared on Advised interface: public abstract int org.springframework.aop.framework.Advised.indexOf(org.aopalliance.aop.Advice)
DEBUG (org.springframework.aop.framework.CglibAopProxy:788) - Method is declared on Advised interface: public abstract int org.springframework.aop.framework.Advised.indexOf(org.springframework.aop.Advisor)
DEBUG (org.springframework.aop.framework.CglibAopProxy:788) - Method is declared on Advised interface: public abstract boolean org.springframework.aop.framework.Advised.isFrozen()
DEBUG (org.springframework.aop.framework.CglibAopProxy:788) - Method is declared on Advised interface: public abstract boolean org.springframework.aop.framework.Advised.isProxyTargetClass()
DEBUG (org.springframework.aop.framework.CglibAopProxy:788) - Method is declared on Advised interface: public abstract java.lang.Class[] org.springframework.aop.framework.Advised.getProxiedInterfaces()
DEBUG (org.springframework.aop.framework.CglibAopProxy:788) - Method is declared on Advised interface: public abstract boolean org.springframework.aop.framework.Advised.isInterfaceProxied(java.lang.Class)
DEBUG (org.springframework.aop.framework.CglibAopProxy:788) - Method is declared on Advised interface: public abstract java.lang.String org.springframework.aop.framework.Advised.toProxyConfigString()
DEBUG (org.springframework.aop.framework.CglibAopProxy:788) - Method is declared on Advised interface: public abstract void org.springframework.aop.framework.Advised.setTargetSource(org.springframework.aop.TargetSource)
DEBUG (org.springframework.aop.framework.CglibAopProxy:788) - Method is declared on Advised interface: public abstract org.springframework.aop.TargetSource org.springframework.aop.framework.Advised.getTargetSource()
DEBUG (org.springframework.aop.framework.CglibAopProxy:788) - Method is declared on Advised interface: public abstract void org.springframework.aop.framework.Advised.addAdvisor(int,org.springframework.aop.Advisor) throws org.springframework.aop.framework.AopConfigException
DEBUG (org.springframework.aop.framework.CglibAopProxy:788) - Method is declared on Advised interface: public abstract void org.springframework.aop.framework.Advised.addAdvisor(org.springframework.aop.Advisor) throws org.springframework.aop.framework.AopConfigException
DEBUG (org.springframework.aop.framework.CglibAopProxy:788) - Method is declared on Advised interface: public abstract void org.springframework.aop.framework.Advised.setPreFiltered(boolean)
DEBUG (org.springframework.aop.framework.CglibAopProxy:788) - Method is declared on Advised interface: public abstract void org.springframework.aop.framework.Advised.setExposeProxy(boolean)
DEBUG (org.springframework.aop.framework.CglibAopProxy:788) - Method is declared on Advised interface: public abstract boolean org.springframework.aop.framework.Advised.isExposeProxy()
DEBUG (org.springframework.aop.framework.CglibAopProxy:788) - Method is declared on Advised interface: public abstract void org.springframework.aop.framework.Advised.addAdvice(int,org.aopalliance.aop.Advice) throws org.springframework.aop.framework.AopConfigException
DEBUG (org.springframework.aop.framework.CglibAopProxy:788) - Method is declared on Advised interface: public abstract void org.springframework.aop.framework.Advised.addAdvice(org.aopalliance.aop.Advice) throws org.springframework.aop.framework.AopConfigException
DEBUG (org.springframework.aop.framework.CglibAopProxy:788) - Method is declared on Advised interface: public abstract boolean org.springframework.aop.framework.Advised.isPreFiltered()
DEBUG (org.springframework.aop.framework.CglibAopProxy:788) - Method is declared on Advised interface: public abstract void org.springframework.aop.framework.Advised.removeAdvisor(int) throws org.springframework.aop.framework.AopConfigException
DEBUG (org.springframework.aop.framework.CglibAopProxy:788) - Method is declared on Advised interface: public abstract boolean org.springframework.aop.framework.Advised.removeAdvisor(org.springframework.aop.Advisor)
DEBUG (org.springframework.aop.framework.CglibAopProxy:788) - Method is declared on Advised interface: public abstract boolean org.springframework.aop.framework.Advised.replaceAdvisor(org.springframework.aop.Advisor,org.springframework.aop.Advisor) throws org.springframework.aop.framework.AopConfigException
DEBUG (org.springframework.aop.framework.CglibAopProxy:788) - Method is declared on Advised interface: public abstract boolean org.springframework.aop.framework.Advised.removeAdvice(org.aopalliance.aop.Advice)
DEBUG (org.springframework.aop.framework.CglibAopProxy:788) - Method is declared on Advised interface: public abstract org.springframework.aop.Advisor[] org.springframework.aop.framework.Advised.getAdvisors()
DEBUG (org.springframework.aop.framework.CglibAopProxy:788) - Method is declared on Advised interface: public abstract java.lang.Class org.springframework.aop.TargetClassAware.getTargetClass()
DEBUG (org.springframework.beans.factory.support.DefaultListableBeanFactory:478) - Finished creating instance of bean &apos;severHostController&apos;
DEBUG (org.springframework.beans.factory.support.DefaultListableBeanFactory:220) - Creating shared instance of singleton bean &apos;preSystemController&apos;
DEBUG (org.springframework.beans.factory.support.DefaultListableBeanFactory:450) - Creating instance of bean &apos;preSystemController&apos;
DEBUG (org.springframework.beans.factory.support.DefaultListableBeanFactory:247) - Returning cached instance of singleton bean &apos;org.springframework.aop.support.DefaultBeanFactoryPointcutAdvisor#0&apos;
DEBUG (org.springframework.beans.factory.support.DefaultListableBeanFactory:247) - Returning cached instance of singleton bean &apos;org.springframework.cache.config.internalCacheAdvisor&apos;
DEBUG (org.springframework.beans.factory.annotation.InjectionMetadata:71) - Registered injected element on class [com.jk.ndt.etl.controller.presystem.PreSystemController]: AutowiredFieldElement for com.jk.ndt.etl.service.presystem.PreSystemService com.jk.ndt.etl.controller.presystem.PreSystemController.preSystemService
DEBUG (org.springframework.beans.factory.support.DefaultListableBeanFactory:524) - Eagerly caching bean &apos;preSystemController&apos; to allow for resolving potential circular references
DEBUG (org.springframework.beans.factory.annotation.InjectionMetadata:85) - Processing injected method of bean &apos;preSystemController&apos;: AutowiredFieldElement for com.jk.ndt.etl.service.presystem.PreSystemService com.jk.ndt.etl.controller.presystem.PreSystemController.preSystemService
DEBUG (org.springframework.beans.factory.support.DefaultListableBeanFactory:220) - Creating shared instance of singleton bean &apos;preSystemService&apos;
DEBUG (org.springframework.beans.factory.support.DefaultListableBeanFactory:450) - Creating instance of bean &apos;preSystemService&apos;
DEBUG (org.springframework.beans.factory.support.DefaultListableBeanFactory:247) - Returning cached instance of singleton bean &apos;org.springframework.aop.support.DefaultBeanFactoryPointcutAdvisor#0&apos;
DEBUG (org.springframework.beans.factory.support.DefaultListableBeanFactory:247) - Returning cached instance of singleton bean &apos;org.springframework.cache.config.internalCacheAdvisor&apos;
DEBUG (org.springframework.beans.factory.annotation.InjectionMetadata:71) - Registered injected element on class [com.jk.ndt.etl.service.presystem.impl.PreSystemServiceImpl]: AutowiredFieldElement for com.jk.ndt.etl.dao.presystem.MBusinessProcessSyncDao com.jk.ndt.etl.service.presystem.impl.PreSystemServiceImpl.mBusinessProcessSyncDao
DEBUG (org.springframework.beans.factory.support.DefaultListableBeanFactory:524) - Eagerly caching bean &apos;preSystemService&apos; to allow for resolving potential circular references
DEBUG (org.springframework.beans.factory.annotation.InjectionMetadata:85) - Processing injected method of bean &apos;preSystemService&apos;: AutowiredFieldElement for com.jk.ndt.etl.dao.presystem.MBusinessProcessSyncDao com.jk.ndt.etl.service.presystem.impl.PreSystemServiceImpl.mBusinessProcessSyncDao
DEBUG (org.springframework.beans.factory.support.DefaultListableBeanFactory:247) - Returning cached instance of singleton bean &apos;MBusinessProcessSyncDao&apos;
DEBUG (org.springframework.beans.factory.support.DefaultListableBeanFactory:247) - Returning cached instance of singleton bean &apos;org.springframework.aop.support.DefaultBeanFactoryPointcutAdvisor#0&apos;
DEBUG (org.springframework.beans.factory.support.DefaultListableBeanFactory:247) - Returning cached instance of singleton bean &apos;org.springframework.cache.config.internalCacheAdvisor&apos;
DEBUG (org.springframework.beans.factory.support.DefaultListableBeanFactory:247) - Returning cached instance of singleton bean &apos;org.springframework.aop.support.DefaultBeanFactoryPointcutAdvisor#0&apos;
DEBUG (org.springframework.beans.factory.support.DefaultListableBeanFactory:247) - Returning cached instance of singleton bean &apos;org.springframework.cache.config.internalCacheAdvisor&apos;
DEBUG (org.springframework.beans.factory.annotation.AutowiredAnnotationBeanPostProcessor:461) - Autowiring by type from bean name &apos;preSystemService&apos; to bean named &apos;MBusinessProcessSyncDao&apos;
DEBUG (org.springframework.beans.factory.support.DefaultListableBeanFactory:247) - Returning cached instance of singleton bean &apos;org.springframework.aop.support.DefaultBeanFactoryPointcutAdvisor#0&apos;
DEBUG (org.springframework.beans.factory.support.DefaultListableBeanFactory:247) - Returning cached instance of singleton bean &apos;org.springframework.cache.config.internalCacheAdvisor&apos;
DEBUG (org.springframework.beans.factory.support.DefaultListableBeanFactory:247) - Returning cached instance of singleton bean &apos;org.springframework.aop.support.DefaultBeanFactoryPointcutAdvisor#0&apos;
DEBUG (org.springframework.beans.factory.support.DefaultListableBeanFactory:247) - Returning cached instance of singleton bean &apos;org.springframework.cache.config.internalCacheAdvisor&apos;
DEBUG (org.springframework.aop.aspectj.annotation.AnnotationAwareAspectJAutoProxyCreator:503) - Creating implicit proxy for bean &apos;preSystemService&apos; with 0 common interceptors and 2 specific interceptors
DEBUG (org.springframework.aop.framework.CglibAopProxy:158) - Creating CGLIB proxy: target source is SingletonTargetSource for target object [com.jk.ndt.etl.service.presystem.impl.PreSystemServiceImpl@31ee2fdb]
DEBUG (org.springframework.aop.framework.CglibAopProxy:831) - Unable to apply any optimisations to advised method: public com.jk.ndt.etl.entity.presystem.MBusinessProcessSync com.jk.ndt.etl.service.presystem.impl.PreSystemServiceImpl.getTopOneUnProcessedM()
DEBUG (org.springframework.aop.framework.CglibAopProxy:831) - Unable to apply any optimisations to advised method: public void com.jk.ndt.etl.service.presystem.impl.PreSystemServiceImpl.saveOneMBusinessProcessSync(com.jk.ndt.etl.entity.presystem.MBusinessProcessSync)
DEBUG (org.springframework.aop.framework.CglibAopProxy:782) - Found finalize() method - using NO_OVERRIDE
DEBUG (org.springframework.aop.framework.CglibAopProxy:794) - Found &apos;equals&apos; method: public boolean java.lang.Object.equals(java.lang.Object)
DEBUG (org.springframework.aop.framework.CglibAopProxy:831) - Unable to apply any optimisations to advised method: public java.lang.String java.lang.Object.toString()
DEBUG (org.springframework.aop.framework.CglibAopProxy:799) - Found &apos;hashCode&apos; method: public native int java.lang.Object.hashCode()
DEBUG (org.springframework.aop.framework.CglibAopProxy:831) - Unable to apply any optimisations to advised method: protected native java.lang.Object java.lang.Object.clone() throws java.lang.CloneNotSupportedException
DEBUG (org.springframework.aop.framework.CglibAopProxy:788) - Method is declared on Advised interface: public abstract int org.springframework.aop.framework.Advised.indexOf(org.aopalliance.aop.Advice)
DEBUG (org.springframework.aop.framework.CglibAopProxy:788) - Method is declared on Advised interface: public abstract int org.springframework.aop.framework.Advised.indexOf(org.springframework.aop.Advisor)
DEBUG (org.springframework.aop.framework.CglibAopProxy:788) - Method is declared on Advised interface: public abstract boolean org.springframework.aop.framework.Advised.isFrozen()
DEBUG (org.springframework.aop.framework.CglibAopProxy:788) - Method is declared on Advised interface: public abstract boolean org.springframework.aop.framework.Advised.isProxyTargetClass()
DEBUG (org.springframework.aop.framework.CglibAopProxy:788) - Method is declared on Advised interface: public abstract java.lang.Class[] org.springframework.aop.framework.Advised.getProxiedInterfaces()
DEBUG (org.springframework.aop.framework.CglibAopProxy:788) - Method is declared on Advised interface: public abstract boolean org.springframework.aop.framework.Advised.isInterfaceProxied(java.lang.Class)
DEBUG (org.springframework.aop.framework.CglibAopProxy:788) - Method is declared on Advised interface: public abstract java.lang.String org.springframework.aop.framework.Advised.toProxyConfigString()
DEBUG (org.springframework.aop.framework.CglibAopProxy:788) - Method is declared on Advised interface: public abstract void org.springframework.aop.framework.Advised.setTargetSource(org.springframework.aop.TargetSource)
DEBUG (org.springframework.aop.framework.CglibAopProxy:788) - Method is declared on Advised interface: public abstract org.springframework.aop.TargetSource org.springframework.aop.framework.Advised.getTargetSource()
DEBUG (org.springframework.aop.framework.CglibAopProxy:788) - Method is declared on Advised interface: public abstract void org.springframework.aop.framework.Advised.addAdvisor(int,org.springframework.aop.Advisor) throws org.springframework.aop.framework.AopConfigException
DEBUG (org.springframework.aop.framework.CglibAopProxy:788) - Method is declared on Advised interface: public abstract void org.springframework.aop.framework.Advised.addAdvisor(org.springframework.aop.Advisor) throws org.springframework.aop.framework.AopConfigException
DEBUG (org.springframework.aop.framework.CglibAopProxy:788) - Method is declared on Advised interface: public abstract void org.springframework.aop.framework.Advised.setPreFiltered(boolean)
DEBUG (org.springframework.aop.framework.CglibAopProxy:788) - Method is declared on Advised interface: public abstract void org.springframework.aop.framework.Advised.setExposeProxy(boolean)
DEBUG (org.springframework.aop.framework.CglibAopProxy:788) - Method is declared on Advised interface: public abstract boolean org.springframework.aop.framework.Advised.isExposeProxy()
DEBUG (org.springframework.aop.framework.CglibAopProxy:788) - Method is declared on Advised interface: public abstract void org.springframework.aop.framework.Advised.addAdvice(int,org.aopalliance.aop.Advice) throws org.springframework.aop.framework.AopConfigException
DEBUG (org.springframework.aop.framework.CglibAopProxy:788) - Method is declared on Advised interface: public abstract void org.springframework.aop.framework.Advised.addAdvice(org.aopalliance.aop.Advice) throws org.springframework.aop.framework.AopConfigException
DEBUG (org.springframework.aop.framework.CglibAopProxy:788) - Method is declared on Advised interface: public abstract boolean org.springframework.aop.framework.Advised.isPreFiltered()
DEBUG (org.springframework.aop.framework.CglibAopProxy:788) - Method is declared on Advised interface: public abstract void org.springframework.aop.framework.Advised.removeAdvisor(int) throws org.springframework.aop.framework.AopConfigException
DEBUG (org.springframework.aop.framework.CglibAopProxy:788) - Method is declared on Advised interface: public abstract boolean org.springframework.aop.framework.Advised.removeAdvisor(org.springframework.aop.Advisor)
DEBUG (org.springframework.aop.framework.CglibAopProxy:788) - Method is declared on Advised interface: public abstract boolean org.springframework.aop.framework.Advised.replaceAdvisor(org.springframework.aop.Advisor,org.springframework.aop.Advisor) throws org.springframework.aop.framework.AopConfigException
DEBUG (org.springframework.aop.framework.CglibAopProxy:788) - Method is declared on Advised interface: public abstract boolean org.springframework.aop.framework.Advised.removeAdvice(org.aopalliance.aop.Advice)
DEBUG (org.springframework.aop.framework.CglibAopProxy:788) - Method is declared on Advised interface: public abstract org.springframework.aop.Advisor[] org.springframework.aop.framework.Advised.getAdvisors()
DEBUG (org.springframework.aop.framework.CglibAopProxy:788) - Method is declared on Advised interface: public abstract java.lang.Class org.springframework.aop.TargetClassAware.getTargetClass()
DEBUG (org.springframework.beans.factory.support.DefaultListableBeanFactory:478) - Finished creating instance of bean &apos;preSystemService&apos;
DEBUG (org.springframework.beans.factory.annotation.AutowiredAnnotationBeanPostProcessor:461) - Autowiring by type from bean name &apos;preSystemController&apos; to bean named &apos;preSystemService&apos;
DEBUG (org.springframework.beans.factory.support.DefaultListableBeanFactory:247) - Returning cached instance of singleton bean &apos;org.springframework.aop.support.DefaultBeanFactoryPointcutAdvisor#0&apos;
DEBUG (org.springframework.beans.factory.support.DefaultListableBeanFactory:247) - Returning cached instance of singleton bean &apos;org.springframework.cache.config.internalCacheAdvisor&apos;
DEBUG (org.springframework.beans.factory.support.DefaultListableBeanFactory:247) - Returning cached instance of singleton bean &apos;org.springframework.aop.support.DefaultBeanFactoryPointcutAdvisor#0&apos;
DEBUG (org.springframework.beans.factory.support.DefaultListableBeanFactory:247) - Returning cached instance of singleton bean &apos;org.springframework.cache.config.internalCacheAdvisor&apos;
DEBUG (org.springframework.aop.aspectj.annotation.AnnotationAwareAspectJAutoProxyCreator:503) - Creating implicit proxy for bean &apos;preSystemController&apos; with 0 common interceptors and 2 specific interceptors
DEBUG (org.springframework.aop.framework.CglibAopProxy:158) - Creating CGLIB proxy: target source is SingletonTargetSource for target object [com.jk.ndt.etl.controller.presystem.PreSystemController@6920614]
DEBUG (org.springframework.aop.framework.CglibAopProxy:831) - Unable to apply any optimisations to advised method: public java.lang.String com.jk.ndt.etl.controller.presystem.PreSystemController.insert(com.jk.ndt.etl.entity.vo.ApplyCreditVo,org.springframework.ui.Model)
DEBUG (org.springframework.aop.framework.CglibAopProxy:831) - Unable to apply any optimisations to advised method: public void com.jk.ndt.etl.controller.presystem.PreSystemController.uploadProduct(javax.servlet.http.HttpServletRequest,javax.servlet.http.HttpServletResponse)
DEBUG (org.springframework.aop.framework.CglibAopProxy:831) - Unable to apply any optimisations to advised method: public java.lang.String com.jk.ndt.etl.controller.presystem.PreSystemController.applyCreditInit()
DEBUG (org.springframework.aop.framework.CglibAopProxy:831) - Unable to apply any optimisations to advised method: public java.lang.String com.jk.ndt.etl.controller.presystem.PreSystemController.home()
DEBUG (org.springframework.aop.framework.CglibAopProxy:782) - Found finalize() method - using NO_OVERRIDE
DEBUG (org.springframework.aop.framework.CglibAopProxy:794) - Found &apos;equals&apos; method: public boolean java.lang.Object.equals(java.lang.Object)
DEBUG (org.springframework.aop.framework.CglibAopProxy:831) - Unable to apply any optimisations to advised method: public java.lang.String java.lang.Object.toString()
DEBUG (org.springframework.aop.framework.CglibAopProxy:799) - Found &apos;hashCode&apos; method: public native int java.lang.Object.hashCode()
DEBUG (org.springframework.aop.framework.CglibAopProxy:831) - Unable to apply any optimisations to advised method: protected native java.lang.Object java.lang.Object.clone() throws java.lang.CloneNotSupportedException
DEBUG (org.springframework.aop.framework.CglibAopProxy:788) - Method is declared on Advised interface: public abstract int org.springframework.aop.framework.Advised.indexOf(org.aopalliance.aop.Advice)
DEBUG (org.springframework.aop.framework.CglibAopProxy:788) - Method is declared on Advised interface: public abstract int org.springframework.aop.framework.Advised.indexOf(org.springframework.aop.Advisor)
DEBUG (org.springframework.aop.framework.CglibAopProxy:788) - Method is declared on Advised interface: public abstract boolean org.springframework.aop.framework.Advised.isFrozen()
DEBUG (org.springframework.aop.framework.CglibAopProxy:788) - Method is declared on Advised interface: public abstract boolean org.springframework.aop.framework.Advised.isProxyTargetClass()
DEBUG (org.springframework.aop.framework.CglibAopProxy:788) - Method is declared on Advised interface: public abstract java.lang.Class[] org.springframework.aop.framework.Advised.getProxiedInterfaces()
DEBUG (org.springframework.aop.framework.CglibAopProxy:788) - Method is declared on Advised interface: public abstract boolean org.springframework.aop.framework.Advised.isInterfaceProxied(java.lang.Class)
DEBUG (org.springframework.aop.framework.CglibAopProxy:788) - Method is declared on Advised interface: public abstract java.lang.String org.springframework.aop.framework.Advised.toProxyConfigString()
DEBUG (org.springframework.aop.framework.CglibAopProxy:788) - Method is declared on Advised interface: public abstract void org.springframework.aop.framework.Advised.setTargetSource(org.springframework.aop.TargetSource)
DEBUG (org.springframework.aop.framework.CglibAopProxy:788) - Method is declared on Advised interface: public abstract org.springframework.aop.TargetSource org.springframework.aop.framework.Advised.getTargetSource()
DEBUG (org.springframework.aop.framework.CglibAopProxy:788) - Method is declared on Advised interface: public abstract void org.springframework.aop.framework.Advised.addAdvisor(int,org.springframework.aop.Advisor) throws org.springframework.aop.framework.AopConfigException
DEBUG (org.springframework.aop.framework.CglibAopProxy:788) - Method is declared on Advised interface: public abstract void org.springframework.aop.framework.Advised.addAdvisor(org.springframework.aop.Advisor) throws org.springframework.aop.framework.AopConfigException
DEBUG (org.springframework.aop.framework.CglibAopProxy:788) - Method is declared on Advised interface: public abstract void org.springframework.aop.framework.Advised.setPreFiltered(boolean)
DEBUG (org.springframework.aop.framework.CglibAopProxy:788) - Method is declared on Advised interface: public abstract void org.springframework.aop.framework.Advised.setExposeProxy(boolean)
DEBUG (org.springframework.aop.framework.CglibAopProxy:788) - Method is declared on Advised interface: public abstract boolean org.springframework.aop.framework.Advised.isExposeProxy()
DEBUG (org.springframework.aop.framework.CglibAopProxy:788) - Method is declared on Advised interface: public abstract void org.springframework.aop.framework.Advised.addAdvice(int,org.aopalliance.aop.Advice) throws org.springframework.aop.framework.AopConfigException
DEBUG (org.springframework.aop.framework.CglibAopProxy:788) - Method is declared on Advised interface: public abstract void org.springframework.aop.framework.Advised.addAdvice(org.aopalliance.aop.Advice) throws org.springframework.aop.framework.AopConfigException
DEBUG (org.springframework.aop.framework.CglibAopProxy:788) - Method is declared on Advised interface: public abstract boolean org.springframework.aop.framework.Advised.isPreFiltered()
DEBUG (org.springframework.aop.framework.CglibAopProxy:788) - Method is declared on Advised interface: public abstract void org.springframework.aop.framework.Advised.removeAdvisor(int) throws org.springframework.aop.framework.AopConfigException
DEBUG (org.springframework.aop.framework.CglibAopProxy:788) - Method is declared on Advised interface: public abstract boolean org.springframework.aop.framework.Advised.removeAdvisor(org.springframework.aop.Advisor)
DEBUG (org.springframework.aop.framework.CglibAopProxy:788) - Method is declared on Advised interface: public abstract boolean org.springframework.aop.framework.Advised.replaceAdvisor(org.springframework.aop.Advisor,org.springframework.aop.Advisor) throws org.springframework.aop.framework.AopConfigException
DEBUG (org.springframework.aop.framework.CglibAopProxy:788) - Method is declared on Advised interface: public abstract boolean org.springframework.aop.framework.Advised.removeAdvice(org.aopalliance.aop.Advice)
DEBUG (org.springframework.aop.framework.CglibAopProxy:788) - Method is declared on Advised interface: public abstract org.springframework.aop.Advisor[] org.springframework.aop.framework.Advised.getAdvisors()
DEBUG (org.springframework.aop.framework.CglibAopProxy:788) - Method is declared on Advised interface: public abstract java.lang.Class org.springframework.aop.TargetClassAware.getTargetClass()
DEBUG (org.springframework.beans.factory.support.DefaultListableBeanFactory:478) - Finished creating instance of bean &apos;preSystemController&apos;
DEBUG (org.springframework.beans.factory.support.DefaultListableBeanFactory:220) - Creating shared instance of singleton bean &apos;adminController&apos;
DEBUG (org.springframework.beans.factory.support.DefaultListableBeanFactory:450) - Creating instance of bean &apos;adminController&apos;
DEBUG (org.springframework.beans.factory.support.DefaultListableBeanFactory:247) - Returning cached instance of singleton bean &apos;org.springframework.aop.support.DefaultBeanFactoryPointcutAdvisor#0&apos;
DEBUG (org.springframework.beans.factory.support.DefaultListableBeanFactory:247) - Returning cached instance of singleton bean &apos;org.springframework.cache.config.internalCacheAdvisor&apos;
DEBUG (org.springframework.beans.factory.annotation.InjectionMetadata:71) - Registered injected element on class [com.jk.ndt.etl.controller.system.AdminController]: AutowiredFieldElement for private com.jk.ndt.etl.service.system.AdminService com.jk.ndt.etl.controller.system.AdminController.adminService
DEBUG (org.springframework.beans.factory.support.DefaultListableBeanFactory:524) - Eagerly caching bean &apos;adminController&apos; to allow for resolving potential circular references
DEBUG (org.springframework.beans.factory.annotation.InjectionMetadata:85) - Processing injected method of bean &apos;adminController&apos;: AutowiredFieldElement for private com.jk.ndt.etl.service.system.AdminService com.jk.ndt.etl.controller.system.AdminController.adminService
DEBUG (org.springframework.beans.factory.support.DefaultListableBeanFactory:247) - Returning cached instance of singleton bean &apos;adminService&apos;
DEBUG (org.springframework.beans.factory.annotation.AutowiredAnnotationBeanPostProcessor:461) - Autowiring by type from bean name &apos;adminController&apos; to bean named &apos;adminService&apos;
DEBUG (org.springframework.beans.factory.support.DefaultListableBeanFactory:247) - Returning cached instance of singleton bean &apos;org.springframework.aop.support.DefaultBeanFactoryPointcutAdvisor#0&apos;
DEBUG (org.springframework.beans.factory.support.DefaultListableBeanFactory:247) - Returning cached instance of singleton bean &apos;org.springframework.cache.config.internalCacheAdvisor&apos;
DEBUG (org.springframework.beans.factory.support.DefaultListableBeanFactory:247) - Returning cached instance of singleton bean &apos;org.springframework.aop.support.DefaultBeanFactoryPointcutAdvisor#0&apos;
DEBUG (org.springframework.beans.factory.support.DefaultListableBeanFactory:247) - Returning cached instance of singleton bean &apos;org.springframework.cache.config.internalCacheAdvisor&apos;
DEBUG (org.springframework.aop.aspectj.annotation.AnnotationAwareAspectJAutoProxyCreator:503) - Creating implicit proxy for bean &apos;adminController&apos; with 0 common interceptors and 2 specific interceptors
DEBUG (org.springframework.aop.framework.CglibAopProxy:158) - Creating CGLIB proxy: target source is SingletonTargetSource for target object [com.jk.ndt.etl.controller.system.AdminController@558756be]
DEBUG (org.springframework.aop.framework.CglibAopProxy:831) - Unable to apply any optimisations to advised method: public java.lang.Object com.jk.ndt.etl.controller.system.AdminController.listAdmin(com.jk.ndt.etl.entity.system.Admin,com.jk.ndt.etl.entity.Page,javax.servlet.http.HttpServletRequest,javax.servlet.http.HttpServletResponse)
DEBUG (org.springframework.aop.framework.CglibAopProxy:831) - Unable to apply any optimisations to advised method: public java.lang.Object com.jk.ndt.etl.controller.system.AdminController.updateAdmin(javax.servlet.http.HttpServletResponse,javax.servlet.http.HttpServletRequest,java.math.BigDecimal,com.jk.ndt.etl.entity.system.Admin,org.springframework.validation.BindingResult)
DEBUG (org.springframework.aop.framework.CglibAopProxy:831) - Unable to apply any optimisations to advised method: public java.lang.Object com.jk.ndt.etl.controller.system.AdminController.deleteAdmin(java.math.BigDecimal)
DEBUG (org.springframework.aop.framework.CglibAopProxy:831) - Unable to apply any optimisations to advised method: public java.lang.Object com.jk.ndt.etl.controller.system.AdminController.saveAdmin(javax.servlet.http.HttpServletResponse,javax.servlet.http.HttpServletRequest,com.jk.ndt.etl.entity.system.Admin,org.springframework.validation.BindingResult)
DEBUG (org.springframework.aop.framework.CglibAopProxy:831) - Unable to apply any optimisations to advised method: public java.lang.Object com.jk.ndt.etl.controller.system.AdminController.getAdmin(java.math.BigDecimal,javax.servlet.http.HttpServletResponse)
DEBUG (org.springframework.aop.framework.CglibAopProxy:831) - Unable to apply any optimisations to advised method: public java.lang.Object com.jk.ndt.etl.controller.system.AdminController.login(javax.servlet.http.HttpServletResponse,javax.servlet.http.HttpServletRequest,com.jk.ndt.etl.entity.system.Admin)
DEBUG (org.springframework.aop.framework.CglibAopProxy:831) - Unable to apply any optimisations to advised method: public java.lang.Object com.jk.ndt.etl.controller.system.AdminController.logout(javax.servlet.http.HttpServletResponse,javax.servlet.http.HttpServletRequest)
DEBUG (org.springframework.aop.framework.CglibAopProxy:782) - Found finalize() method - using NO_OVERRIDE
DEBUG (org.springframework.aop.framework.CglibAopProxy:794) - Found &apos;equals&apos; method: public boolean java.lang.Object.equals(java.lang.Object)
DEBUG (org.springframework.aop.framework.CglibAopProxy:831) - Unable to apply any optimisations to advised method: public java.lang.String java.lang.Object.toString()
DEBUG (org.springframework.aop.framework.CglibAopProxy:799) - Found &apos;hashCode&apos; method: public native int java.lang.Object.hashCode()
DEBUG (org.springframework.aop.framework.CglibAopProxy:831) - Unable to apply any optimisations to advised method: protected native java.lang.Object java.lang.Object.clone() throws java.lang.CloneNotSupportedException
DEBUG (org.springframework.aop.framework.CglibAopProxy:788) - Method is declared on Advised interface: public abstract int org.springframework.aop.framework.Advised.indexOf(org.aopalliance.aop.Advice)
DEBUG (org.springframework.aop.framework.CglibAopProxy:788) - Method is declared on Advised interface: public abstract int org.springframework.aop.framework.Advised.indexOf(org.springframework.aop.Advisor)
DEBUG (org.springframework.aop.framework.CglibAopProxy:788) - Method is declared on Advised interface: public abstract boolean org.springframework.aop.framework.Advised.isFrozen()
DEBUG (org.springframework.aop.framework.CglibAopProxy:788) - Method is declared on Advised interface: public abstract boolean org.springframework.aop.framework.Advised.isProxyTargetClass()
DEBUG (org.springframework.aop.framework.CglibAopProxy:788) - Method is declared on Advised interface: public abstract java.lang.Class[] org.springframework.aop.framework.Advised.getProxiedInterfaces()
DEBUG (org.springframework.aop.framework.CglibAopProxy:788) - Method is declared on Advised interface: public abstract boolean org.springframework.aop.framework.Advised.isInterfaceProxied(java.lang.Class)
DEBUG (org.springframework.aop.framework.CglibAopProxy:788) - Method is declared on Advised interface: public abstract java.lang.String org.springframework.aop.framework.Advised.toProxyConfigString()
DEBUG (org.springframework.aop.framework.CglibAopProxy:788) - Method is declared on Advised interface: public abstract void org.springframework.aop.framework.Advised.setTargetSource(org.springframework.aop.TargetSource)
DEBUG (org.springframework.aop.framework.CglibAopProxy:788) - Method is declared on Advised interface: public abstract org.springframework.aop.TargetSource org.springframework.aop.framework.Advised.getTargetSource()
DEBUG (org.springframework.aop.framework.CglibAopProxy:788) - Method is declared on Advised interface: public abstract void org.springframework.aop.framework.Advised.addAdvisor(int,org.springframework.aop.Advisor) throws org.springframework.aop.framework.AopConfigException
DEBUG (org.springframework.aop.framework.CglibAopProxy:788) - Method is declared on Advised interface: public abstract void org.springframework.aop.framework.Advised.addAdvisor(org.springframework.aop.Advisor) throws org.springframework.aop.framework.AopConfigException
DEBUG (org.springframework.aop.framework.CglibAopProxy:788) - Method is declared on Advised interface: public abstract void org.springframework.aop.framework.Advised.setPreFiltered(boolean)
DEBUG (org.springframework.aop.framework.CglibAopProxy:788) - Method is declared on Advised interface: public abstract void org.springframework.aop.framework.Advised.setExposeProxy(boolean)
DEBUG (org.springframework.aop.framework.CglibAopProxy:788) - Method is declared on Advised interface: public abstract boolean org.springframework.aop.framework.Advised.isExposeProxy()
DEBUG (org.springframework.aop.framework.CglibAopProxy:788) - Method is declared on Advised interface: public abstract void org.springframework.aop.framework.Advised.addAdvice(int,org.aopalliance.aop.Advice) throws org.springframework.aop.framework.AopConfigException
DEBUG (org.springframework.aop.framework.CglibAopProxy:788) - Method is declared on Advised interface: public abstract void org.springframework.aop.framework.Advised.addAdvice(org.aopalliance.aop.Advice) throws org.springframework.aop.framework.AopConfigException
DEBUG (org.springframework.aop.framework.CglibAopProxy:788) - Method is declared on Advised interface: public abstract boolean org.springframework.aop.framework.Advised.isPreFiltered()
DEBUG (org.springframework.aop.framework.CglibAopProxy:788) - Method is declared on Advised interface: public abstract void org.springframework.aop.framework.Advised.removeAdvisor(int) throws org.springframework.aop.framework.AopConfigException
DEBUG (org.springframework.aop.framework.CglibAopProxy:788) - Method is declared on Advised interface: public abstract boolean org.springframework.aop.framework.Advised.removeAdvisor(org.springframework.aop.Advisor)
DEBUG (org.springframework.aop.framework.CglibAopProxy:788) - Method is declared on Advised interface: public abstract boolean org.springframework.aop.framework.Advised.replaceAdvisor(org.springframework.aop.Advisor,org.springframework.aop.Advisor) throws org.springframework.aop.framework.AopConfigException
DEBUG (org.springframework.aop.framework.CglibAopProxy:788) - Method is declared on Advised interface: public abstract boolean org.springframework.aop.framework.Advised.removeAdvice(org.aopalliance.aop.Advice)
DEBUG (org.springframework.aop.framework.CglibAopProxy:788) - Method is declared on Advised interface: public abstract org.springframework.aop.Advisor[] org.springframework.aop.framework.Advised.getAdvisors()
DEBUG (org.springframework.aop.framework.CglibAopProxy:788) - Method is declared on Advised interface: public abstract java.lang.Class org.springframework.aop.TargetClassAware.getTargetClass()
DEBUG (org.springframework.beans.factory.support.DefaultListableBeanFactory:478) - Finished creating instance of bean &apos;adminController&apos;
DEBUG (org.springframework.beans.factory.support.DefaultListableBeanFactory:220) - Creating shared instance of singleton bean &apos;resourceController&apos;
DEBUG (org.springframework.beans.factory.support.DefaultListableBeanFactory:450) - Creating instance of bean &apos;resourceController&apos;
DEBUG (org.springframework.beans.factory.support.DefaultListableBeanFactory:247) - Returning cached instance of singleton bean &apos;org.springframework.aop.support.DefaultBeanFactoryPointcutAdvisor#0&apos;
DEBUG (org.springframework.beans.factory.support.DefaultListableBeanFactory:247) - Returning cached instance of singleton bean &apos;org.springframework.cache.config.internalCacheAdvisor&apos;
DEBUG (org.springframework.beans.factory.annotation.InjectionMetadata:71) - Registered injected element on class [com.jk.ndt.etl.controller.system.ResourceController]: AutowiredFieldElement for private com.jk.ndt.etl.service.system.ResourceService com.jk.ndt.etl.controller.system.ResourceController.resourceService
DEBUG (org.springframework.beans.factory.support.DefaultListableBeanFactory:524) - Eagerly caching bean &apos;resourceController&apos; to allow for resolving potential circular references
DEBUG (org.springframework.beans.factory.annotation.InjectionMetadata:85) - Processing injected method of bean &apos;resourceController&apos;: AutowiredFieldElement for private com.jk.ndt.etl.service.system.ResourceService com.jk.ndt.etl.controller.system.ResourceController.resourceService
DEBUG (org.springframework.beans.factory.support.DefaultListableBeanFactory:220) - Creating shared instance of singleton bean &apos;resourceService&apos;
DEBUG (org.springframework.beans.factory.support.DefaultListableBeanFactory:450) - Creating instance of bean &apos;resourceService&apos;
DEBUG (org.springframework.beans.factory.support.DefaultListableBeanFactory:247) - Returning cached instance of singleton bean &apos;org.springframework.aop.support.DefaultBeanFactoryPointcutAdvisor#0&apos;
DEBUG (org.springframework.beans.factory.support.DefaultListableBeanFactory:247) - Returning cached instance of singleton bean &apos;org.springframework.cache.config.internalCacheAdvisor&apos;
DEBUG (org.springframework.beans.factory.annotation.InjectionMetadata:71) - Registered injected element on class [com.jk.ndt.etl.service.system.impl.ResourceServiceImpl]: AutowiredFieldElement for private com.jk.ndt.etl.dao.system.ResourceDao com.jk.ndt.etl.service.system.impl.ResourceServiceImpl.resourceDao
DEBUG (org.springframework.beans.factory.support.DefaultListableBeanFactory:524) - Eagerly caching bean &apos;resourceService&apos; to allow for resolving potential circular references
DEBUG (org.springframework.beans.factory.annotation.InjectionMetadata:85) - Processing injected method of bean &apos;resourceService&apos;: AutowiredFieldElement for private com.jk.ndt.etl.dao.system.ResourceDao com.jk.ndt.etl.service.system.impl.ResourceServiceImpl.resourceDao
DEBUG (org.springframework.beans.factory.support.DefaultListableBeanFactory:247) - Returning cached instance of singleton bean &apos;resourceDao&apos;
DEBUG (org.springframework.beans.factory.support.DefaultListableBeanFactory:247) - Returning cached instance of singleton bean &apos;org.springframework.aop.support.DefaultBeanFactoryPointcutAdvisor#0&apos;
DEBUG (org.springframework.beans.factory.support.DefaultListableBeanFactory:247) - Returning cached instance of singleton bean &apos;org.springframework.cache.config.internalCacheAdvisor&apos;
DEBUG (org.springframework.beans.factory.support.DefaultListableBeanFactory:247) - Returning cached instance of singleton bean &apos;org.springframework.aop.support.DefaultBeanFactoryPointcutAdvisor#0&apos;
DEBUG (org.springframework.beans.factory.support.DefaultListableBeanFactory:247) - Returning cached instance of singleton bean &apos;org.springframework.cache.config.internalCacheAdvisor&apos;
DEBUG (org.springframework.beans.factory.annotation.AutowiredAnnotationBeanPostProcessor:461) - Autowiring by type from bean name &apos;resourceService&apos; to bean named &apos;resourceDao&apos;
DEBUG (org.springframework.beans.factory.support.DefaultListableBeanFactory:247) - Returning cached instance of singleton bean &apos;org.springframework.aop.support.DefaultBeanFactoryPointcutAdvisor#0&apos;
DEBUG (org.springframework.beans.factory.support.DefaultListableBeanFactory:247) - Returning cached instance of singleton bean &apos;org.springframework.cache.config.internalCacheAdvisor&apos;
DEBUG (org.springframework.beans.factory.support.DefaultListableBeanFactory:247) - Returning cached instance of singleton bean &apos;org.springframework.aop.support.DefaultBeanFactoryPointcutAdvisor#0&apos;
DEBUG (org.springframework.beans.factory.support.DefaultListableBeanFactory:247) - Returning cached instance of singleton bean &apos;org.springframework.cache.config.internalCacheAdvisor&apos;
DEBUG (org.springframework.aop.aspectj.annotation.AnnotationAwareAspectJAutoProxyCreator:503) - Creating implicit proxy for bean &apos;resourceService&apos; with 0 common interceptors and 2 specific interceptors
DEBUG (org.springframework.aop.framework.CglibAopProxy:158) - Creating CGLIB proxy: target source is SingletonTargetSource for target object [com.jk.ndt.etl.service.system.impl.ResourceServiceImpl@6403e24c]
DEBUG (org.springframework.aop.framework.CglibAopProxy:831) - Unable to apply any optimisations to advised method: public com.jk.ndt.etl.entity.system.Resource com.jk.ndt.etl.service.system.impl.ResourceServiceImpl.getResource(java.math.BigDecimal)
DEBUG (org.springframework.aop.framework.CglibAopProxy:831) - Unable to apply any optimisations to advised method: public java.util.List com.jk.ndt.etl.service.system.impl.ResourceServiceImpl.listResource(com.jk.ndt.etl.entity.system.Resource,com.jk.ndt.etl.entity.Page)
DEBUG (org.springframework.aop.framework.CglibAopProxy:831) - Unable to apply any optimisations to advised method: public int com.jk.ndt.etl.service.system.impl.ResourceServiceImpl.saveResource(com.jk.ndt.etl.entity.system.Resource)
DEBUG (org.springframework.aop.framework.CglibAopProxy:831) - Unable to apply any optimisations to advised method: public int com.jk.ndt.etl.service.system.impl.ResourceServiceImpl.getResourceByKey(com.jk.ndt.etl.entity.system.Resource)
DEBUG (org.springframework.aop.framework.CglibAopProxy:831) - Unable to apply any optimisations to advised method: public int com.jk.ndt.etl.service.system.impl.ResourceServiceImpl.updateResource(com.jk.ndt.etl.entity.system.Resource)
DEBUG (org.springframework.aop.framework.CglibAopProxy:831) - Unable to apply any optimisations to advised method: public int com.jk.ndt.etl.service.system.impl.ResourceServiceImpl.deleteResource(java.math.BigDecimal)
DEBUG (org.springframework.aop.framework.CglibAopProxy:831) - Unable to apply any optimisations to advised method: public com.jk.ndt.etl.entity.system.Resource com.jk.ndt.etl.service.system.impl.ResourceServiceImpl.getResourceByNameOrId(com.jk.ndt.etl.entity.system.Resource)
DEBUG (org.springframework.aop.framework.CglibAopProxy:831) - Unable to apply any optimisations to advised method: public java.math.BigDecimal com.jk.ndt.etl.service.system.impl.ResourceServiceImpl.getResourceSequence()
DEBUG (org.springframework.aop.framework.CglibAopProxy:782) - Found finalize() method - using NO_OVERRIDE
DEBUG (org.springframework.aop.framework.CglibAopProxy:794) - Found &apos;equals&apos; method: public boolean java.lang.Object.equals(java.lang.Object)
DEBUG (org.springframework.aop.framework.CglibAopProxy:831) - Unable to apply any optimisations to advised method: public java.lang.String java.lang.Object.toString()
DEBUG (org.springframework.aop.framework.CglibAopProxy:799) - Found &apos;hashCode&apos; method: public native int java.lang.Object.hashCode()
DEBUG (org.springframework.aop.framework.CglibAopProxy:831) - Unable to apply any optimisations to advised method: protected native java.lang.Object java.lang.Object.clone() throws java.lang.CloneNotSupportedException
DEBUG (org.springframework.aop.framework.CglibAopProxy:788) - Method is declared on Advised interface: public abstract int org.springframework.aop.framework.Advised.indexOf(org.aopalliance.aop.Advice)
DEBUG (org.springframework.aop.framework.CglibAopProxy:788) - Method is declared on Advised interface: public abstract int org.springframework.aop.framework.Advised.indexOf(org.springframework.aop.Advisor)
DEBUG (org.springframework.aop.framework.CglibAopProxy:788) - Method is declared on Advised interface: public abstract boolean org.springframework.aop.framework.Advised.isFrozen()
DEBUG (org.springframework.aop.framework.CglibAopProxy:788) - Method is declared on Advised interface: public abstract boolean org.springframework.aop.framework.Advised.isProxyTargetClass()
DEBUG (org.springframework.aop.framework.CglibAopProxy:788) - Method is declared on Advised interface: public abstract java.lang.Class[] org.springframework.aop.framework.Advised.getProxiedInterfaces()
DEBUG (org.springframework.aop.framework.CglibAopProxy:788) - Method is declared on Advised interface: public abstract boolean org.springframework.aop.framework.Advised.isInterfaceProxied(java.lang.Class)
DEBUG (org.springframework.aop.framework.CglibAopProxy:788) - Method is declared on Advised interface: public abstract java.lang.String org.springframework.aop.framework.Advised.toProxyConfigString()
DEBUG (org.springframework.aop.framework.CglibAopProxy:788) - Method is declared on Advised interface: public abstract void org.springframework.aop.framework.Advised.setTargetSource(org.springframework.aop.TargetSource)
DEBUG (org.springframework.aop.framework.CglibAopProxy:788) - Method is declared on Advised interface: public abstract org.springframework.aop.TargetSource org.springframework.aop.framework.Advised.getTargetSource()
DEBUG (org.springframework.aop.framework.CglibAopProxy:788) - Method is declared on Advised interface: public abstract void org.springframework.aop.framework.Advised.addAdvisor(int,org.springframework.aop.Advisor) throws org.springframework.aop.framework.AopConfigException
DEBUG (org.springframework.aop.framework.CglibAopProxy:788) - Method is declared on Advised interface: public abstract void org.springframework.aop.framework.Advised.addAdvisor(org.springframework.aop.Advisor) throws org.springframework.aop.framework.AopConfigException
DEBUG (org.springframework.aop.framework.CglibAopProxy:788) - Method is declared on Advised interface: public abstract void org.springframework.aop.framework.Advised.setPreFiltered(boolean)
DEBUG (org.springframework.aop.framework.CglibAopProxy:788) - Method is declared on Advised interface: public abstract void org.springframework.aop.framework.Advised.setExposeProxy(boolean)
DEBUG (org.springframework.aop.framework.CglibAopProxy:788) - Method is declared on Advised interface: public abstract boolean org.springframework.aop.framework.Advised.isExposeProxy()
DEBUG (org.springframework.aop.framework.CglibAopProxy:788) - Method is declared on Advised interface: public abstract void org.springframework.aop.framework.Advised.addAdvice(int,org.aopalliance.aop.Advice) throws org.springframework.aop.framework.AopConfigException
DEBUG (org.springframework.aop.framework.CglibAopProxy:788) - Method is declared on Advised interface: public abstract void org.springframework.aop.framework.Advised.addAdvice(org.aopalliance.aop.Advice) throws org.springframework.aop.framework.AopConfigException
DEBUG (org.springframework.aop.framework.CglibAopProxy:788) - Method is declared on Advised interface: public abstract boolean org.springframework.aop.framework.Advised.isPreFiltered()
DEBUG (org.springframework.aop.framework.CglibAopProxy:788) - Method is declared on Advised interface: public abstract void org.springframework.aop.framework.Advised.removeAdvisor(int) throws org.springframework.aop.framework.AopConfigException
DEBUG (org.springframework.aop.framework.CglibAopProxy:788) - Method is declared on Advised interface: public abstract boolean org.springframework.aop.framework.Advised.removeAdvisor(org.springframework.aop.Advisor)
DEBUG (org.springframework.aop.framework.CglibAopProxy:788) - Method is declared on Advised interface: public abstract boolean org.springframework.aop.framework.Advised.replaceAdvisor(org.springframework.aop.Advisor,org.springframework.aop.Advisor) throws org.springframework.aop.framework.AopConfigException
DEBUG (org.springframework.aop.framework.CglibAopProxy:788) - Method is declared on Advised interface: public abstract boolean org.springframework.aop.framework.Advised.removeAdvice(org.aopalliance.aop.Advice)
DEBUG (org.springframework.aop.framework.CglibAopProxy:788) - Method is declared on Advised interface: public abstract org.springframework.aop.Advisor[] org.springframework.aop.framework.Advised.getAdvisors()
DEBUG (org.springframework.aop.framework.CglibAopProxy:788) - Method is declared on Advised interface: public abstract java.lang.Class org.springframework.aop.TargetClassAware.getTargetClass()
DEBUG (org.springframework.beans.factory.support.DefaultListableBeanFactory:478) - Finished creating instance of bean &apos;resourceService&apos;
DEBUG (org.springframework.beans.factory.annotation.AutowiredAnnotationBeanPostProcessor:461) - Autowiring by type from bean name &apos;resourceController&apos; to bean named &apos;resourceService&apos;
DEBUG (org.springframework.beans.factory.support.DefaultListableBeanFactory:247) - Returning cached instance of singleton bean &apos;org.springframework.aop.support.DefaultBeanFactoryPointcutAdvisor#0&apos;
DEBUG (org.springframework.beans.factory.support.DefaultListableBeanFactory:247) - Returning cached instance of singleton bean &apos;org.springframework.cache.config.internalCacheAdvisor&apos;
DEBUG (org.springframework.beans.factory.support.DefaultListableBeanFactory:247) - Returning cached instance of singleton bean &apos;org.springframework.aop.support.DefaultBeanFactoryPointcutAdvisor#0&apos;
DEBUG (org.springframework.beans.factory.support.DefaultListableBeanFactory:247) - Returning cached instance of singleton bean &apos;org.springframework.cache.config.internalCacheAdvisor&apos;
DEBUG (org.springframework.aop.aspectj.annotation.AnnotationAwareAspectJAutoProxyCreator:503) - Creating implicit proxy for bean &apos;resourceController&apos; with 0 common interceptors and 2 specific interceptors
DEBUG (org.springframework.aop.framework.CglibAopProxy:158) - Creating CGLIB proxy: target source is SingletonTargetSource for target object [com.jk.ndt.etl.controller.system.ResourceController@767a014e]
DEBUG (org.springframework.aop.framework.CglibAopProxy:831) - Unable to apply any optimisations to advised method: public java.lang.Object com.jk.ndt.etl.controller.system.ResourceController.getResource(java.math.BigDecimal)
DEBUG (org.springframework.aop.framework.CglibAopProxy:831) - Unable to apply any optimisations to advised method: public java.lang.Object com.jk.ndt.etl.controller.system.ResourceController.listResource(com.jk.ndt.etl.entity.system.Resource,com.jk.ndt.etl.entity.Page)
DEBUG (org.springframework.aop.framework.CglibAopProxy:831) - Unable to apply any optimisations to advised method: public java.lang.Object com.jk.ndt.etl.controller.system.ResourceController.deleteUser(java.math.BigDecimal)
DEBUG (org.springframework.aop.framework.CglibAopProxy:831) - Unable to apply any optimisations to advised method: public java.lang.Object com.jk.ndt.etl.controller.system.ResourceController.saveResource(javax.servlet.http.HttpServletResponse,javax.servlet.http.HttpServletRequest,com.jk.ndt.etl.entity.system.Resource,org.springframework.validation.BindingResult)
DEBUG (org.springframework.aop.framework.CglibAopProxy:831) - Unable to apply any optimisations to advised method: public java.lang.Object com.jk.ndt.etl.controller.system.ResourceController.updateUser(javax.servlet.http.HttpServletRequest,javax.servlet.http.HttpServletResponse,java.math.BigDecimal,com.jk.ndt.etl.entity.system.Resource,org.springframework.validation.BindingResult)
DEBUG (org.springframework.aop.framework.CglibAopProxy:782) - Found finalize() method - using NO_OVERRIDE
DEBUG (org.springframework.aop.framework.CglibAopProxy:794) - Found &apos;equals&apos; method: public boolean java.lang.Object.equals(java.lang.Object)
DEBUG (org.springframework.aop.framework.CglibAopProxy:831) - Unable to apply any optimisations to advised method: public java.lang.String java.lang.Object.toString()
DEBUG (org.springframework.aop.framework.CglibAopProxy:799) - Found &apos;hashCode&apos; method: public native int java.lang.Object.hashCode()
DEBUG (org.springframework.aop.framework.CglibAopProxy:831) - Unable to apply any optimisations to advised method: protected native java.lang.Object java.lang.Object.clone() throws java.lang.CloneNotSupportedException
DEBUG (org.springframework.aop.framework.CglibAopProxy:788) - Method is declared on Advised interface: public abstract int org.springframework.aop.framework.Advised.indexOf(org.aopalliance.aop.Advice)
DEBUG (org.springframework.aop.framework.CglibAopProxy:788) - Method is declared on Advised interface: public abstract int org.springframework.aop.framework.Advised.indexOf(org.springframework.aop.Advisor)
DEBUG (org.springframework.aop.framework.CglibAopProxy:788) - Method is declared on Advised interface: public abstract boolean org.springframework.aop.framework.Advised.isFrozen()
DEBUG (org.springframework.aop.framework.CglibAopProxy:788) - Method is declared on Advised interface: public abstract boolean org.springframework.aop.framework.Advised.isProxyTargetClass()
DEBUG (org.springframework.aop.framework.CglibAopProxy:788) - Method is declared on Advised interface: public abstract java.lang.Class[] org.springframework.aop.framework.Advised.getProxiedInterfaces()
DEBUG (org.springframework.aop.framework.CglibAopProxy:788) - Method is declared on Advised interface: public abstract boolean org.springframework.aop.framework.Advised.isInterfaceProxied(java.lang.Class)
DEBUG (org.springframework.aop.framework.CglibAopProxy:788) - Method is declared on Advised interface: public abstract java.lang.String org.springframework.aop.framework.Advised.toProxyConfigString()
DEBUG (org.springframework.aop.framework.CglibAopProxy:788) - Method is declared on Advised interface: public abstract void org.springframework.aop.framework.Advised.setTargetSource(org.springframework.aop.TargetSource)
DEBUG (org.springframework.aop.framework.CglibAopProxy:788) - Method is declared on Advised interface: public abstract org.springframework.aop.TargetSource org.springframework.aop.framework.Advised.getTargetSource()
DEBUG (org.springframework.aop.framework.CglibAopProxy:788) - Method is declared on Advised interface: public abstract void org.springframework.aop.framework.Advised.addAdvisor(int,org.springframework.aop.Advisor) throws org.springframework.aop.framework.AopConfigException
DEBUG (org.springframework.aop.framework.CglibAopProxy:788) - Method is declared on Advised interface: public abstract void org.springframework.aop.framework.Advised.addAdvisor(org.springframework.aop.Advisor) throws org.springframework.aop.framework.AopConfigException
DEBUG (org.springframework.aop.framework.CglibAopProxy:788) - Method is declared on Advised interface: public abstract void org.springframework.aop.framework.Advised.setPreFiltered(boolean)
DEBUG (org.springframework.aop.framework.CglibAopProxy:788) - Method is declared on Advised interface: public abstract void org.springframework.aop.framework.Advised.setExposeProxy(boolean)
DEBUG (org.springframework.aop.framework.CglibAopProxy:788) - Method is declared on Advised interface: public abstract boolean org.springframework.aop.framework.Advised.isExposeProxy()
DEBUG (org.springframework.aop.framework.CglibAopProxy:788) - Method is declared on Advised interface: public abstract void org.springframework.aop.framework.Advised.addAdvice(int,org.aopalliance.aop.Advice) throws org.springframework.aop.framework.AopConfigException
DEBUG (org.springframework.aop.framework.CglibAopProxy:788) - Method is declared on Advised interface: public abstract void org.springframework.aop.framework.Advised.addAdvice(org.aopalliance.aop.Advice) throws org.springframework.aop.framework.AopConfigException
DEBUG (org.springframework.aop.framework.CglibAopProxy:788) - Method is declared on Advised interface: public abstract boolean org.springframework.aop.framework.Advised.isPreFiltered()
DEBUG (org.springframework.aop.framework.CglibAopProxy:788) - Method is declared on Advised interface: public abstract void org.springframework.aop.framework.Advised.removeAdvisor(int) throws org.springframework.aop.framework.AopConfigException
DEBUG (org.springframework.aop.framework.CglibAopProxy:788) - Method is declared on Advised interface: public abstract boolean org.springframework.aop.framework.Advised.removeAdvisor(org.springframework.aop.Advisor)
DEBUG (org.springframework.aop.framework.CglibAopProxy:788) - Method is declared on Advised interface: public abstract boolean org.springframework.aop.framework.Advised.replaceAdvisor(org.springframework.aop.Advisor,org.springframework.aop.Advisor) throws org.springframework.aop.framework.AopConfigException
DEBUG (org.springframework.aop.framework.CglibAopProxy:788) - Method is declared on Advised interface: public abstract boolean org.springframework.aop.framework.Advised.removeAdvice(org.aopalliance.aop.Advice)
DEBUG (org.springframework.aop.framework.CglibAopProxy:788) - Method is declared on Advised interface: public abstract org.springframework.aop.Advisor[] org.springframework.aop.framework.Advised.getAdvisors()
DEBUG (org.springframework.aop.framework.CglibAopProxy:788) - Method is declared on Advised interface: public abstract java.lang.Class org.springframework.aop.TargetClassAware.getTargetClass()
DEBUG (org.springframework.beans.factory.support.DefaultListableBeanFactory:478) - Finished creating instance of bean &apos;resourceController&apos;
DEBUG (org.springframework.beans.factory.support.DefaultListableBeanFactory:220) - Creating shared instance of singleton bean &apos;roleController&apos;
DEBUG (org.springframework.beans.factory.support.DefaultListableBeanFactory:450) - Creating instance of bean &apos;roleController&apos;
DEBUG (org.springframework.beans.factory.support.DefaultListableBeanFactory:247) - Returning cached instance of singleton bean &apos;org.springframework.aop.support.DefaultBeanFactoryPointcutAdvisor#0&apos;
DEBUG (org.springframework.beans.factory.support.DefaultListableBeanFactory:247) - Returning cached instance of singleton bean &apos;org.springframework.cache.config.internalCacheAdvisor&apos;
DEBUG (org.springframework.beans.factory.annotation.InjectionMetadata:71) - Registered injected element on class [com.jk.ndt.etl.controller.system.RoleController]: AutowiredFieldElement for private com.jk.ndt.etl.service.system.RoleService com.jk.ndt.etl.controller.system.RoleController.roleService
DEBUG (org.springframework.beans.factory.annotation.InjectionMetadata:71) - Registered injected element on class [com.jk.ndt.etl.controller.system.RoleController]: AutowiredFieldElement for private com.jk.ndt.etl.service.system.AdminService com.jk.ndt.etl.controller.system.RoleController.adminService
DEBUG (org.springframework.beans.factory.support.DefaultListableBeanFactory:524) - Eagerly caching bean &apos;roleController&apos; to allow for resolving potential circular references
DEBUG (org.springframework.beans.factory.annotation.InjectionMetadata:85) - Processing injected method of bean &apos;roleController&apos;: AutowiredFieldElement for private com.jk.ndt.etl.service.system.RoleService com.jk.ndt.etl.controller.system.RoleController.roleService
DEBUG (org.springframework.beans.factory.support.DefaultListableBeanFactory:220) - Creating shared instance of singleton bean &apos;roleService&apos;
DEBUG (org.springframework.beans.factory.support.DefaultListableBeanFactory:450) - Creating instance of bean &apos;roleService&apos;
DEBUG (org.springframework.beans.factory.support.DefaultListableBeanFactory:247) - Returning cached instance of singleton bean &apos;org.springframework.aop.support.DefaultBeanFactoryPointcutAdvisor#0&apos;
DEBUG (org.springframework.beans.factory.support.DefaultListableBeanFactory:247) - Returning cached instance of singleton bean &apos;org.springframework.cache.config.internalCacheAdvisor&apos;
DEBUG (org.springframework.beans.factory.annotation.InjectionMetadata:71) - Registered injected element on class [com.jk.ndt.etl.service.system.impl.RoleServiceImpl]: AutowiredFieldElement for private com.jk.ndt.etl.dao.system.RoleDao com.jk.ndt.etl.service.system.impl.RoleServiceImpl.roleDao
DEBUG (org.springframework.beans.factory.support.DefaultListableBeanFactory:524) - Eagerly caching bean &apos;roleService&apos; to allow for resolving potential circular references
DEBUG (org.springframework.beans.factory.annotation.InjectionMetadata:85) - Processing injected method of bean &apos;roleService&apos;: AutowiredFieldElement for private com.jk.ndt.etl.dao.system.RoleDao com.jk.ndt.etl.service.system.impl.RoleServiceImpl.roleDao
DEBUG (org.springframework.beans.factory.support.DefaultListableBeanFactory:247) - Returning cached instance of singleton bean &apos;roleDao&apos;
DEBUG (org.springframework.beans.factory.support.DefaultListableBeanFactory:247) - Returning cached instance of singleton bean &apos;org.springframework.aop.support.DefaultBeanFactoryPointcutAdvisor#0&apos;
DEBUG (org.springframework.beans.factory.support.DefaultListableBeanFactory:247) - Returning cached instance of singleton bean &apos;org.springframework.cache.config.internalCacheAdvisor&apos;
DEBUG (org.springframework.beans.factory.support.DefaultListableBeanFactory:247) - Returning cached instance of singleton bean &apos;org.springframework.aop.support.DefaultBeanFactoryPointcutAdvisor#0&apos;
DEBUG (org.springframework.beans.factory.support.DefaultListableBeanFactory:247) - Returning cached instance of singleton bean &apos;org.springframework.cache.config.internalCacheAdvisor&apos;
DEBUG (org.springframework.beans.factory.annotation.AutowiredAnnotationBeanPostProcessor:461) - Autowiring by type from bean name &apos;roleService&apos; to bean named &apos;roleDao&apos;
DEBUG (org.springframework.beans.factory.support.DefaultListableBeanFactory:247) - Returning cached instance of singleton bean &apos;org.springframework.aop.support.DefaultBeanFactoryPointcutAdvisor#0&apos;
DEBUG (org.springframework.beans.factory.support.DefaultListableBeanFactory:247) - Returning cached instance of singleton bean &apos;org.springframework.cache.config.internalCacheAdvisor&apos;
DEBUG (org.springframework.beans.factory.support.DefaultListableBeanFactory:247) - Returning cached instance of singleton bean &apos;org.springframework.aop.support.DefaultBeanFactoryPointcutAdvisor#0&apos;
DEBUG (org.springframework.beans.factory.support.DefaultListableBeanFactory:247) - Returning cached instance of singleton bean &apos;org.springframework.cache.config.internalCacheAdvisor&apos;
DEBUG (org.springframework.aop.aspectj.annotation.AnnotationAwareAspectJAutoProxyCreator:503) - Creating implicit proxy for bean &apos;roleService&apos; with 0 common interceptors and 2 specific interceptors
DEBUG (org.springframework.aop.framework.CglibAopProxy:158) - Creating CGLIB proxy: target source is SingletonTargetSource for target object [com.jk.ndt.etl.service.system.impl.RoleServiceImpl@9596ce8]
DEBUG (org.springframework.aop.framework.CglibAopProxy:831) - Unable to apply any optimisations to advised method: public com.jk.ndt.etl.entity.system.Role com.jk.ndt.etl.service.system.impl.RoleServiceImpl.getRole(java.math.BigDecimal)
DEBUG (org.springframework.aop.framework.CglibAopProxy:831) - Unable to apply any optimisations to advised method: public java.util.List com.jk.ndt.etl.service.system.impl.RoleServiceImpl.listRole(com.jk.ndt.etl.entity.system.Role,com.jk.ndt.etl.entity.Page)
DEBUG (org.springframework.aop.framework.CglibAopProxy:831) - Unable to apply any optimisations to advised method: public int com.jk.ndt.etl.service.system.impl.RoleServiceImpl.saveRole(com.jk.ndt.etl.entity.system.Role)
DEBUG (org.springframework.aop.framework.CglibAopProxy:831) - Unable to apply any optimisations to advised method: public int com.jk.ndt.etl.service.system.impl.RoleServiceImpl.updateRole(com.jk.ndt.etl.entity.system.Role)
DEBUG (org.springframework.aop.framework.CglibAopProxy:831) - Unable to apply any optimisations to advised method: public int com.jk.ndt.etl.service.system.impl.RoleServiceImpl.deleteRole(java.math.BigDecimal)
DEBUG (org.springframework.aop.framework.CglibAopProxy:831) - Unable to apply any optimisations to advised method: public java.math.BigDecimal com.jk.ndt.etl.service.system.impl.RoleServiceImpl.getRoleSequence()
DEBUG (org.springframework.aop.framework.CglibAopProxy:831) - Unable to apply any optimisations to advised method: public com.jk.ndt.etl.entity.system.Role com.jk.ndt.etl.service.system.impl.RoleServiceImpl.getRoleByNameOrId(com.jk.ndt.etl.entity.system.Role)
DEBUG (org.springframework.aop.framework.CglibAopProxy:831) - Unable to apply any optimisations to advised method: public int com.jk.ndt.etl.service.system.impl.RoleServiceImpl.getAdminRolesCount(java.math.BigDecimal)
DEBUG (org.springframework.aop.framework.CglibAopProxy:782) - Found finalize() method - using NO_OVERRIDE
DEBUG (org.springframework.aop.framework.CglibAopProxy:794) - Found &apos;equals&apos; method: public boolean java.lang.Object.equals(java.lang.Object)
DEBUG (org.springframework.aop.framework.CglibAopProxy:831) - Unable to apply any optimisations to advised method: public java.lang.String java.lang.Object.toString()
DEBUG (org.springframework.aop.framework.CglibAopProxy:799) - Found &apos;hashCode&apos; method: public native int java.lang.Object.hashCode()
DEBUG (org.springframework.aop.framework.CglibAopProxy:831) - Unable to apply any optimisations to advised method: protected native java.lang.Object java.lang.Object.clone() throws java.lang.CloneNotSupportedException
DEBUG (org.springframework.aop.framework.CglibAopProxy:788) - Method is declared on Advised interface: public abstract int org.springframework.aop.framework.Advised.indexOf(org.aopalliance.aop.Advice)
DEBUG (org.springframework.aop.framework.CglibAopProxy:788) - Method is declared on Advised interface: public abstract int org.springframework.aop.framework.Advised.indexOf(org.springframework.aop.Advisor)
DEBUG (org.springframework.aop.framework.CglibAopProxy:788) - Method is declared on Advised interface: public abstract boolean org.springframework.aop.framework.Advised.isFrozen()
DEBUG (org.springframework.aop.framework.CglibAopProxy:788) - Method is declared on Advised interface: public abstract boolean org.springframework.aop.framework.Advised.isProxyTargetClass()
DEBUG (org.springframework.aop.framework.CglibAopProxy:788) - Method is declared on Advised interface: public abstract java.lang.Class[] org.springframework.aop.framework.Advised.getProxiedInterfaces()
DEBUG (org.springframework.aop.framework.CglibAopProxy:788) - Method is declared on Advised interface: public abstract boolean org.springframework.aop.framework.Advised.isInterfaceProxied(java.lang.Class)
DEBUG (org.springframework.aop.framework.CglibAopProxy:788) - Method is declared on Advised interface: public abstract java.lang.String org.springframework.aop.framework.Advised.toProxyConfigString()
DEBUG (org.springframework.aop.framework.CglibAopProxy:788) - Method is declared on Advised interface: public abstract void org.springframework.aop.framework.Advised.setTargetSource(org.springframework.aop.TargetSource)
DEBUG (org.springframework.aop.framework.CglibAopProxy:788) - Method is declared on Advised interface: public abstract org.springframework.aop.TargetSource org.springframework.aop.framework.Advised.getTargetSource()
DEBUG (org.springframework.aop.framework.CglibAopProxy:788) - Method is declared on Advised interface: public abstract void org.springframework.aop.framework.Advised.addAdvisor(int,org.springframework.aop.Advisor) throws org.springframework.aop.framework.AopConfigException
DEBUG (org.springframework.aop.framework.CglibAopProxy:788) - Method is declared on Advised interface: public abstract void org.springframework.aop.framework.Advised.addAdvisor(org.springframework.aop.Advisor) throws org.springframework.aop.framework.AopConfigException
DEBUG (org.springframework.aop.framework.CglibAopProxy:788) - Method is declared on Advised interface: public abstract void org.springframework.aop.framework.Advised.setPreFiltered(boolean)
DEBUG (org.springframework.aop.framework.CglibAopProxy:788) - Method is declared on Advised interface: public abstract void org.springframework.aop.framework.Advised.setExposeProxy(boolean)
DEBUG (org.springframework.aop.framework.CglibAopProxy:788) - Method is declared on Advised interface: public abstract boolean org.springframework.aop.framework.Advised.isExposeProxy()
DEBUG (org.springframework.aop.framework.CglibAopProxy:788) - Method is declared on Advised interface: public abstract void org.springframework.aop.framework.Advised.addAdvice(int,org.aopalliance.aop.Advice) throws org.springframework.aop.framework.AopConfigException
DEBUG (org.springframework.aop.framework.CglibAopProxy:788) - Method is declared on Advised interface: public abstract void org.springframework.aop.framework.Advised.addAdvice(org.aopalliance.aop.Advice) throws org.springframework.aop.framework.AopConfigException
DEBUG (org.springframework.aop.framework.CglibAopProxy:788) - Method is declared on Advised interface: public abstract boolean org.springframework.aop.framework.Advised.isPreFiltered()
DEBUG (org.springframework.aop.framework.CglibAopProxy:788) - Method is declared on Advised interface: public abstract void org.springframework.aop.framework.Advised.removeAdvisor(int) throws org.springframework.aop.framework.AopConfigException
DEBUG (org.springframework.aop.framework.CglibAopProxy:788) - Method is declared on Advised interface: public abstract boolean org.springframework.aop.framework.Advised.removeAdvisor(org.springframework.aop.Advisor)
DEBUG (org.springframework.aop.framework.CglibAopProxy:788) - Method is declared on Advised interface: public abstract boolean org.springframework.aop.framework.Advised.replaceAdvisor(org.springframework.aop.Advisor,org.springframework.aop.Advisor) throws org.springframework.aop.framework.AopConfigException
DEBUG (org.springframework.aop.framework.CglibAopProxy:788) - Method is declared on Advised interface: public abstract boolean org.springframework.aop.framework.Advised.removeAdvice(org.aopalliance.aop.Advice)
DEBUG (org.springframework.aop.framework.CglibAopProxy:788) - Method is declared on Advised interface: public abstract org.springframework.aop.Advisor[] org.springframework.aop.framework.Advised.getAdvisors()
DEBUG (org.springframework.aop.framework.CglibAopProxy:788) - Method is declared on Advised interface: public abstract java.lang.Class org.springframework.aop.TargetClassAware.getTargetClass()
DEBUG (org.springframework.beans.factory.support.DefaultListableBeanFactory:478) - Finished creating instance of bean &apos;roleService&apos;
DEBUG (org.springframework.beans.factory.annotation.AutowiredAnnotationBeanPostProcessor:461) - Autowiring by type from bean name &apos;roleController&apos; to bean named &apos;roleService&apos;
DEBUG (org.springframework.beans.factory.annotation.InjectionMetadata:85) - Processing injected method of bean &apos;roleController&apos;: AutowiredFieldElement for private com.jk.ndt.etl.service.system.AdminService com.jk.ndt.etl.controller.system.RoleController.adminService
DEBUG (org.springframework.beans.factory.support.DefaultListableBeanFactory:247) - Returning cached instance of singleton bean &apos;adminService&apos;
DEBUG (org.springframework.beans.factory.annotation.AutowiredAnnotationBeanPostProcessor:461) - Autowiring by type from bean name &apos;roleController&apos; to bean named &apos;adminService&apos;
DEBUG (org.springframework.beans.factory.support.DefaultListableBeanFactory:247) - Returning cached instance of singleton bean &apos;org.springframework.aop.support.DefaultBeanFactoryPointcutAdvisor#0&apos;
DEBUG (org.springframework.beans.factory.support.DefaultListableBeanFactory:247) - Returning cached instance of singleton bean &apos;org.springframework.cache.config.internalCacheAdvisor&apos;
DEBUG (org.springframework.beans.factory.support.DefaultListableBeanFactory:247) - Returning cached instance of singleton bean &apos;org.springframework.aop.support.DefaultBeanFactoryPointcutAdvisor#0&apos;
DEBUG (org.springframework.beans.factory.support.DefaultListableBeanFactory:247) - Returning cached instance of singleton bean &apos;org.springframework.cache.config.internalCacheAdvisor&apos;
DEBUG (org.springframework.aop.aspectj.annotation.AnnotationAwareAspectJAutoProxyCreator:503) - Creating implicit proxy for bean &apos;roleController&apos; with 0 common interceptors and 2 specific interceptors
DEBUG (org.springframework.aop.framework.CglibAopProxy:158) - Creating CGLIB proxy: target source is SingletonTargetSource for target object [com.jk.ndt.etl.controller.system.RoleController@63c12e52]
DEBUG (org.springframework.aop.framework.CglibAopProxy:831) - Unable to apply any optimisations to advised method: public java.lang.Object com.jk.ndt.etl.controller.system.RoleController.getRole(java.math.BigDecimal)
DEBUG (org.springframework.aop.framework.CglibAopProxy:831) - Unable to apply any optimisations to advised method: public java.lang.Object com.jk.ndt.etl.controller.system.RoleController.listRole(com.jk.ndt.etl.entity.system.Role,com.jk.ndt.etl.entity.Page,javax.servlet.http.HttpServletRequest)
DEBUG (org.springframework.aop.framework.CglibAopProxy:831) - Unable to apply any optimisations to advised method: public java.lang.Object com.jk.ndt.etl.controller.system.RoleController.saveRole(javax.servlet.http.HttpServletResponse,javax.servlet.http.HttpServletRequest,com.jk.ndt.etl.entity.system.Role,org.springframework.validation.BindingResult) throws java.io.IOException
DEBUG (org.springframework.aop.framework.CglibAopProxy:831) - Unable to apply any optimisations to advised method: public java.lang.Object com.jk.ndt.etl.controller.system.RoleController.updateRole(javax.servlet.http.HttpServletRequest,javax.servlet.http.HttpServletResponse,java.math.BigDecimal,com.jk.ndt.etl.entity.system.Role,org.springframework.validation.BindingResult)
DEBUG (org.springframework.aop.framework.CglibAopProxy:831) - Unable to apply any optimisations to advised method: public java.lang.Object com.jk.ndt.etl.controller.system.RoleController.deleteRole(java.math.BigDecimal)
DEBUG (org.springframework.aop.framework.CglibAopProxy:831) - Unable to apply any optimisations to advised method: public com.jk.ndt.etl.entity.system.Role com.jk.ndt.etl.controller.system.RoleController.handleMapToString(javax.servlet.http.HttpServletRequest,com.jk.ndt.etl.entity.system.Role)
DEBUG (org.springframework.aop.framework.CglibAopProxy:782) - Found finalize() method - using NO_OVERRIDE
DEBUG (org.springframework.aop.framework.CglibAopProxy:794) - Found &apos;equals&apos; method: public boolean java.lang.Object.equals(java.lang.Object)
DEBUG (org.springframework.aop.framework.CglibAopProxy:831) - Unable to apply any optimisations to advised method: public java.lang.String java.lang.Object.toString()
DEBUG (org.springframework.aop.framework.CglibAopProxy:799) - Found &apos;hashCode&apos; method: public native int java.lang.Object.hashCode()
DEBUG (org.springframework.aop.framework.CglibAopProxy:831) - Unable to apply any optimisations to advised method: protected native java.lang.Object java.lang.Object.clone() throws java.lang.CloneNotSupportedException
DEBUG (org.springframework.aop.framework.CglibAopProxy:788) - Method is declared on Advised interface: public abstract int org.springframework.aop.framework.Advised.indexOf(org.aopalliance.aop.Advice)
DEBUG (org.springframework.aop.framework.CglibAopProxy:788) - Method is declared on Advised interface: public abstract int org.springframework.aop.framework.Advised.indexOf(org.springframework.aop.Advisor)
DEBUG (org.springframework.aop.framework.CglibAopProxy:788) - Method is declared on Advised interface: public abstract boolean org.springframework.aop.framework.Advised.isFrozen()
DEBUG (org.springframework.aop.framework.CglibAopProxy:788) - Method is declared on Advised interface: public abstract boolean org.springframework.aop.framework.Advised.isProxyTargetClass()
DEBUG (org.springframework.aop.framework.CglibAopProxy:788) - Method is declared on Advised interface: public abstract java.lang.Class[] org.springframework.aop.framework.Advised.getProxiedInterfaces()
DEBUG (org.springframework.aop.framework.CglibAopProxy:788) - Method is declared on Advised interface: public abstract boolean org.springframework.aop.framework.Advised.isInterfaceProxied(java.lang.Class)
DEBUG (org.springframework.aop.framework.CglibAopProxy:788) - Method is declared on Advised interface: public abstract java.lang.String org.springframework.aop.framework.Advised.toProxyConfigString()
DEBUG (org.springframework.aop.framework.CglibAopProxy:788) - Method is declared on Advised interface: public abstract void org.springframework.aop.framework.Advised.setTargetSource(org.springframework.aop.TargetSource)
DEBUG (org.springframework.aop.framework.CglibAopProxy:788) - Method is declared on Advised interface: public abstract org.springframework.aop.TargetSource org.springframework.aop.framework.Advised.getTargetSource()
DEBUG (org.springframework.aop.framework.CglibAopProxy:788) - Method is declared on Advised interface: public abstract void org.springframework.aop.framework.Advised.addAdvisor(int,org.springframework.aop.Advisor) throws org.springframework.aop.framework.AopConfigException
DEBUG (org.springframework.aop.framework.CglibAopProxy:788) - Method is declared on Advised interface: public abstract void org.springframework.aop.framework.Advised.addAdvisor(org.springframework.aop.Advisor) throws org.springframework.aop.framework.AopConfigException
DEBUG (org.springframework.aop.framework.CglibAopProxy:788) - Method is declared on Advised interface: public abstract void org.springframework.aop.framework.Advised.setPreFiltered(boolean)
DEBUG (org.springframework.aop.framework.CglibAopProxy:788) - Method is declared on Advised interface: public abstract void org.springframework.aop.framework.Advised.setExposeProxy(boolean)
DEBUG (org.springframework.aop.framework.CglibAopProxy:788) - Method is declared on Advised interface: public abstract boolean org.springframework.aop.framework.Advised.isExposeProxy()
DEBUG (org.springframework.aop.framework.CglibAopProxy:788) - Method is declared on Advised interface: public abstract void org.springframework.aop.framework.Advised.addAdvice(int,org.aopalliance.aop.Advice) throws org.springframework.aop.framework.AopConfigException
DEBUG (org.springframework.aop.framework.CglibAopProxy:788) - Method is declared on Advised interface: public abstract void org.springframework.aop.framework.Advised.addAdvice(org.aopalliance.aop.Advice) throws org.springframework.aop.framework.AopConfigException
DEBUG (org.springframework.aop.framework.CglibAopProxy:788) - Method is declared on Advised interface: public abstract boolean org.springframework.aop.framework.Advised.isPreFiltered()
DEBUG (org.springframework.aop.framework.CglibAopProxy:788) - Method is declared on Advised interface: public abstract void org.springframework.aop.framework.Advised.removeAdvisor(int) throws org.springframework.aop.framework.AopConfigException
DEBUG (org.springframework.aop.framework.CglibAopProxy:788) - Method is declared on Advised interface: public abstract boolean org.springframework.aop.framework.Advised.removeAdvisor(org.springframework.aop.Advisor)
DEBUG (org.springframework.aop.framework.CglibAopProxy:788) - Method is declared on Advised interface: public abstract boolean org.springframework.aop.framework.Advised.replaceAdvisor(org.springframework.aop.Advisor,org.springframework.aop.Advisor) throws org.springframework.aop.framework.AopConfigException
DEBUG (org.springframework.aop.framework.CglibAopProxy:788) - Method is declared on Advised interface: public abstract boolean org.springframework.aop.framework.Advised.removeAdvice(org.aopalliance.aop.Advice)
DEBUG (org.springframework.aop.framework.CglibAopProxy:788) - Method is declared on Advised interface: public abstract org.springframework.aop.Advisor[] org.springframework.aop.framework.Advised.getAdvisors()
DEBUG (org.springframework.aop.framework.CglibAopProxy:788) - Method is declared on Advised interface: public abstract java.lang.Class org.springframework.aop.TargetClassAware.getTargetClass()
DEBUG (org.springframework.beans.factory.support.DefaultListableBeanFactory:478) - Finished creating instance of bean &apos;roleController&apos;
DEBUG (org.springframework.beans.factory.support.DefaultListableBeanFactory:220) - Creating shared instance of singleton bean &apos;userController&apos;
DEBUG (org.springframework.beans.factory.support.DefaultListableBeanFactory:450) - Creating instance of bean &apos;userController&apos;
DEBUG (org.springframework.beans.factory.support.DefaultListableBeanFactory:247) - Returning cached instance of singleton bean &apos;org.springframework.aop.support.DefaultBeanFactoryPointcutAdvisor#0&apos;
DEBUG (org.springframework.beans.factory.support.DefaultListableBeanFactory:247) - Returning cached instance of singleton bean &apos;org.springframework.cache.config.internalCacheAdvisor&apos;
DEBUG (org.springframework.beans.factory.annotation.InjectionMetadata:71) - Registered injected element on class [com.jk.ndt.etl.controller.system.UserController]: AutowiredFieldElement for private com.jk.ndt.etl.service.system.UserService com.jk.ndt.etl.controller.system.UserController.userService
DEBUG (org.springframework.beans.factory.support.DefaultListableBeanFactory:524) - Eagerly caching bean &apos;userController&apos; to allow for resolving potential circular references
DEBUG (org.springframework.beans.factory.annotation.InjectionMetadata:85) - Processing injected method of bean &apos;userController&apos;: AutowiredFieldElement for private com.jk.ndt.etl.service.system.UserService com.jk.ndt.etl.controller.system.UserController.userService
DEBUG (org.springframework.beans.factory.support.DefaultListableBeanFactory:247) - Returning cached instance of singleton bean &apos;userService&apos;
DEBUG (org.springframework.beans.factory.annotation.AutowiredAnnotationBeanPostProcessor:461) - Autowiring by type from bean name &apos;userController&apos; to bean named &apos;userService&apos;
DEBUG (org.springframework.beans.factory.support.DefaultListableBeanFactory:247) - Returning cached instance of singleton bean &apos;org.springframework.aop.support.DefaultBeanFactoryPointcutAdvisor#0&apos;
DEBUG (org.springframework.beans.factory.support.DefaultListableBeanFactory:247) - Returning cached instance of singleton bean &apos;org.springframework.cache.config.internalCacheAdvisor&apos;
DEBUG (org.springframework.beans.factory.support.DefaultListableBeanFactory:247) - Returning cached instance of singleton bean &apos;org.springframework.aop.support.DefaultBeanFactoryPointcutAdvisor#0&apos;
DEBUG (org.springframework.beans.factory.support.DefaultListableBeanFactory:247) - Returning cached instance of singleton bean &apos;org.springframework.cache.config.internalCacheAdvisor&apos;
DEBUG (org.springframework.aop.aspectj.annotation.AnnotationAwareAspectJAutoProxyCreator:503) - Creating implicit proxy for bean &apos;userController&apos; with 0 common interceptors and 2 specific interceptors
DEBUG (org.springframework.aop.framework.CglibAopProxy:158) - Creating CGLIB proxy: target source is SingletonTargetSource for target object [com.jk.ndt.etl.controller.system.UserController@421056e5]
DEBUG (org.springframework.aop.framework.CglibAopProxy:831) - Unable to apply any optimisations to advised method: public java.lang.Object com.jk.ndt.etl.controller.system.UserController.login(com.jk.ndt.etl.entity.system.User,javax.servlet.http.HttpServletResponse,javax.servlet.http.HttpServletRequest)
DEBUG (org.springframework.aop.framework.CglibAopProxy:831) - Unable to apply any optimisations to advised method: public java.lang.Object com.jk.ndt.etl.controller.system.UserController.logout(javax.servlet.http.HttpServletResponse,javax.servlet.http.HttpServletRequest)
DEBUG (org.springframework.aop.framework.CglibAopProxy:831) - Unable to apply any optimisations to advised method: public java.lang.Object com.jk.ndt.etl.controller.system.UserController.deleteUser(java.math.BigDecimal)
DEBUG (org.springframework.aop.framework.CglibAopProxy:831) - Unable to apply any optimisations to advised method: public java.lang.Object com.jk.ndt.etl.controller.system.UserController.updateUser(javax.servlet.http.HttpServletRequest,javax.servlet.http.HttpServletResponse,java.math.BigDecimal,com.jk.ndt.etl.entity.system.User,org.springframework.validation.BindingResult)
DEBUG (org.springframework.aop.framework.CglibAopProxy:831) - Unable to apply any optimisations to advised method: public java.lang.Object com.jk.ndt.etl.controller.system.UserController.listUsers(com.jk.ndt.etl.entity.system.User,com.jk.ndt.etl.entity.Page)
DEBUG (org.springframework.aop.framework.CglibAopProxy:831) - Unable to apply any optimisations to advised method: public java.lang.Object com.jk.ndt.etl.controller.system.UserController.saveUser(javax.servlet.http.HttpServletResponse,javax.servlet.http.HttpServletRequest,com.jk.ndt.etl.entity.system.User,org.springframework.validation.BindingResult)
DEBUG (org.springframework.aop.framework.CglibAopProxy:831) - Unable to apply any optimisations to advised method: public java.lang.Object com.jk.ndt.etl.controller.system.UserController.getUser(java.math.BigDecimal)
DEBUG (org.springframework.aop.framework.CglibAopProxy:782) - Found finalize() method - using NO_OVERRIDE
DEBUG (org.springframework.aop.framework.CglibAopProxy:794) - Found &apos;equals&apos; method: public boolean java.lang.Object.equals(java.lang.Object)
DEBUG (org.springframework.aop.framework.CglibAopProxy:831) - Unable to apply any optimisations to advised method: public java.lang.String java.lang.Object.toString()
DEBUG (org.springframework.aop.framework.CglibAopProxy:799) - Found &apos;hashCode&apos; method: public native int java.lang.Object.hashCode()
DEBUG (org.springframework.aop.framework.CglibAopProxy:831) - Unable to apply any optimisations to advised method: protected native java.lang.Object java.lang.Object.clone() throws java.lang.CloneNotSupportedException
DEBUG (org.springframework.aop.framework.CglibAopProxy:788) - Method is declared on Advised interface: public abstract int org.springframework.aop.framework.Advised.indexOf(org.aopalliance.aop.Advice)
DEBUG (org.springframework.aop.framework.CglibAopProxy:788) - Method is declared on Advised interface: public abstract int org.springframework.aop.framework.Advised.indexOf(org.springframework.aop.Advisor)
DEBUG (org.springframework.aop.framework.CglibAopProxy:788) - Method is declared on Advised interface: public abstract boolean org.springframework.aop.framework.Advised.isFrozen()
DEBUG (org.springframework.aop.framework.CglibAopProxy:788) - Method is declared on Advised interface: public abstract boolean org.springframework.aop.framework.Advised.isProxyTargetClass()
DEBUG (org.springframework.aop.framework.CglibAopProxy:788) - Method is declared on Advised interface: public abstract java.lang.Class[] org.springframework.aop.framework.Advised.getProxiedInterfaces()
DEBUG (org.springframework.aop.framework.CglibAopProxy:788) - Method is declared on Advised interface: public abstract boolean org.springframework.aop.framework.Advised.isInterfaceProxied(java.lang.Class)
DEBUG (org.springframework.aop.framework.CglibAopProxy:788) - Method is declared on Advised interface: public abstract java.lang.String org.springframework.aop.framework.Advised.toProxyConfigString()
DEBUG (org.springframework.aop.framework.CglibAopProxy:788) - Method is declared on Advised interface: public abstract void org.springframework.aop.framework.Advised.setTargetSource(org.springframework.aop.TargetSource)
DEBUG (org.springframework.aop.framework.CglibAopProxy:788) - Method is declared on Advised interface: public abstract org.springframework.aop.TargetSource org.springframework.aop.framework.Advised.getTargetSource()
DEBUG (org.springframework.aop.framework.CglibAopProxy:788) - Method is declared on Advised interface: public abstract void org.springframework.aop.framework.Advised.addAdvisor(int,org.springframework.aop.Advisor) throws org.springframework.aop.framework.AopConfigException
DEBUG (org.springframework.aop.framework.CglibAopProxy:788) - Method is declared on Advised interface: public abstract void org.springframework.aop.framework.Advised.addAdvisor(org.springframework.aop.Advisor) throws org.springframework.aop.framework.AopConfigException
DEBUG (org.springframework.aop.framework.CglibAopProxy:788) - Method is declared on Advised interface: public abstract void org.springframework.aop.framework.Advised.setPreFiltered(boolean)
DEBUG (org.springframework.aop.framework.CglibAopProxy:788) - Method is declared on Advised interface: public abstract void org.springframework.aop.framework.Advised.setExposeProxy(boolean)
DEBUG (org.springframework.aop.framework.CglibAopProxy:788) - Method is declared on Advised interface: public abstract boolean org.springframework.aop.framework.Advised.isExposeProxy()
DEBUG (org.springframework.aop.framework.CglibAopProxy:788) - Method is declared on Advised interface: public abstract void org.springframework.aop.framework.Advised.addAdvice(int,org.aopalliance.aop.Advice) throws org.springframework.aop.framework.AopConfigException
DEBUG (org.springframework.aop.framework.CglibAopProxy:788) - Method is declared on Advised interface: public abstract void org.springframework.aop.framework.Advised.addAdvice(org.aopalliance.aop.Advice) throws org.springframework.aop.framework.AopConfigException
DEBUG (org.springframework.aop.framework.CglibAopProxy:788) - Method is declared on Advised interface: public abstract boolean org.springframework.aop.framework.Advised.isPreFiltered()
DEBUG (org.springframework.aop.framework.CglibAopProxy:788) - Method is declared on Advised interface: public abstract void org.springframework.aop.framework.Advised.removeAdvisor(int) throws org.springframework.aop.framework.AopConfigException
DEBUG (org.springframework.aop.framework.CglibAopProxy:788) - Method is declared on Advised interface: public abstract boolean org.springframework.aop.framework.Advised.removeAdvisor(org.springframework.aop.Advisor)
DEBUG (org.springframework.aop.framework.CglibAopProxy:788) - Method is declared on Advised interface: public abstract boolean org.springframework.aop.framework.Advised.replaceAdvisor(org.springframework.aop.Advisor,org.springframework.aop.Advisor) throws org.springframework.aop.framework.AopConfigException
DEBUG (org.springframework.aop.framework.CglibAopProxy:788) - Method is declared on Advised interface: public abstract boolean org.springframework.aop.framework.Advised.removeAdvice(org.aopalliance.aop.Advice)
DEBUG (org.springframework.aop.framework.CglibAopProxy:788) - Method is declared on Advised interface: public abstract org.springframework.aop.Advisor[] org.springframework.aop.framework.Advised.getAdvisors()
DEBUG (org.springframework.aop.framework.CglibAopProxy:788) - Method is declared on Advised interface: public abstract java.lang.Class org.springframework.aop.TargetClassAware.getTargetClass()
DEBUG (org.springframework.beans.factory.support.DefaultListableBeanFactory:478) - Finished creating instance of bean &apos;userController&apos;
DEBUG (org.springframework.beans.factory.support.DefaultListableBeanFactory:220) - Creating shared instance of singleton bean &apos;transformController&apos;
DEBUG (org.springframework.beans.factory.support.DefaultListableBeanFactory:450) - Creating instance of bean &apos;transformController&apos;
DEBUG (org.springframework.beans.factory.support.DefaultListableBeanFactory:247) - Returning cached instance of singleton bean &apos;org.springframework.aop.support.DefaultBeanFactoryPointcutAdvisor#0&apos;
DEBUG (org.springframework.beans.factory.support.DefaultListableBeanFactory:247) - Returning cached instance of singleton bean &apos;org.springframework.cache.config.internalCacheAdvisor&apos;
DEBUG (org.springframework.beans.factory.annotation.InjectionMetadata:71) - Registered injected element on class [com.jk.ndt.etl.controller.transform.TransformController]: AutowiredFieldElement for private com.jk.ndt.etl.service.rule.TransformService com.jk.ndt.etl.controller.transform.TransformController.transformService
DEBUG (org.springframework.beans.factory.support.DefaultListableBeanFactory:524) - Eagerly caching bean &apos;transformController&apos; to allow for resolving potential circular references
DEBUG (org.springframework.beans.factory.annotation.InjectionMetadata:85) - Processing injected method of bean &apos;transformController&apos;: AutowiredFieldElement for private com.jk.ndt.etl.service.rule.TransformService com.jk.ndt.etl.controller.transform.TransformController.transformService
DEBUG (org.springframework.beans.factory.support.DefaultListableBeanFactory:220) - Creating shared instance of singleton bean &apos;transformService&apos;
DEBUG (org.springframework.beans.factory.support.DefaultListableBeanFactory:450) - Creating instance of bean &apos;transformService&apos;
DEBUG (org.springframework.beans.factory.support.DefaultListableBeanFactory:247) - Returning cached instance of singleton bean &apos;org.springframework.aop.support.DefaultBeanFactoryPointcutAdvisor#0&apos;
DEBUG (org.springframework.beans.factory.support.DefaultListableBeanFactory:247) - Returning cached instance of singleton bean &apos;org.springframework.cache.config.internalCacheAdvisor&apos;
DEBUG (org.springframework.beans.factory.annotation.InjectionMetadata:71) - Registered injected element on class [com.jk.ndt.etl.service.rule.impl.TransformServiceImpl]: AutowiredFieldElement for private com.jk.ndt.etl.dao.transform.TransformDao com.jk.ndt.etl.service.rule.impl.TransformServiceImpl.transformDao
DEBUG (org.springframework.beans.factory.annotation.InjectionMetadata:71) - Registered injected element on class [com.jk.ndt.etl.service.rule.impl.TransformServiceImpl]: AutowiredFieldElement for private com.jk.ndt.etl.dao.access.SheetInfoDao com.jk.ndt.etl.service.rule.impl.TransformServiceImpl.sheetInfoDao
DEBUG (org.springframework.beans.factory.annotation.InjectionMetadata:71) - Registered injected element on class [com.jk.ndt.etl.service.rule.impl.TransformServiceImpl]: AutowiredFieldElement for private com.jk.ndt.etl.dao.common.CommonDao com.jk.ndt.etl.service.rule.impl.TransformServiceImpl.commonDao
DEBUG (org.springframework.beans.factory.annotation.InjectionMetadata:71) - Registered injected element on class [com.jk.ndt.etl.service.rule.impl.TransformServiceImpl]: AutowiredFieldElement for private com.jk.ndt.etl.dao.logs.SheetLogDao com.jk.ndt.etl.service.rule.impl.TransformServiceImpl.sheetLogDao
DEBUG (org.springframework.beans.factory.support.DefaultListableBeanFactory:524) - Eagerly caching bean &apos;transformService&apos; to allow for resolving potential circular references
DEBUG (org.springframework.beans.factory.annotation.InjectionMetadata:85) - Processing injected method of bean &apos;transformService&apos;: AutowiredFieldElement for private com.jk.ndt.etl.dao.transform.TransformDao com.jk.ndt.etl.service.rule.impl.TransformServiceImpl.transformDao
DEBUG (org.springframework.beans.factory.support.DefaultListableBeanFactory:247) - Returning cached instance of singleton bean &apos;transformDao&apos;
DEBUG (org.springframework.beans.factory.support.DefaultListableBeanFactory:247) - Returning cached instance of singleton bean &apos;org.springframework.aop.support.DefaultBeanFactoryPointcutAdvisor#0&apos;
DEBUG (org.springframework.beans.factory.support.DefaultListableBeanFactory:247) - Returning cached instance of singleton bean &apos;org.springframework.cache.config.internalCacheAdvisor&apos;
DEBUG (org.springframework.beans.factory.support.DefaultListableBeanFactory:247) - Returning cached instance of singleton bean &apos;org.springframework.aop.support.DefaultBeanFactoryPointcutAdvisor#0&apos;
DEBUG (org.springframework.beans.factory.support.DefaultListableBeanFactory:247) - Returning cached instance of singleton bean &apos;org.springframework.cache.config.internalCacheAdvisor&apos;
DEBUG (org.springframework.beans.factory.annotation.AutowiredAnnotationBeanPostProcessor:461) - Autowiring by type from bean name &apos;transformService&apos; to bean named &apos;transformDao&apos;
DEBUG (org.springframework.beans.factory.annotation.InjectionMetadata:85) - Processing injected method of bean &apos;transformService&apos;: AutowiredFieldElement for private com.jk.ndt.etl.dao.access.SheetInfoDao com.jk.ndt.etl.service.rule.impl.TransformServiceImpl.sheetInfoDao
DEBUG (org.springframework.beans.factory.support.DefaultListableBeanFactory:247) - Returning cached instance of singleton bean &apos;sheetInfoDao&apos;
DEBUG (org.springframework.beans.factory.annotation.AutowiredAnnotationBeanPostProcessor:461) - Autowiring by type from bean name &apos;transformService&apos; to bean named &apos;sheetInfoDao&apos;
DEBUG (org.springframework.beans.factory.annotation.InjectionMetadata:85) - Processing injected method of bean &apos;transformService&apos;: AutowiredFieldElement for private com.jk.ndt.etl.dao.common.CommonDao com.jk.ndt.etl.service.rule.impl.TransformServiceImpl.commonDao
DEBUG (org.springframework.beans.factory.support.DefaultListableBeanFactory:247) - Returning cached instance of singleton bean &apos;commonDao&apos;
DEBUG (org.springframework.beans.factory.annotation.AutowiredAnnotationBeanPostProcessor:461) - Autowiring by type from bean name &apos;transformService&apos; to bean named &apos;commonDao&apos;
DEBUG (org.springframework.beans.factory.annotation.InjectionMetadata:85) - Processing injected method of bean &apos;transformService&apos;: AutowiredFieldElement for private com.jk.ndt.etl.dao.logs.SheetLogDao com.jk.ndt.etl.service.rule.impl.TransformServiceImpl.sheetLogDao
DEBUG (org.springframework.beans.factory.support.DefaultListableBeanFactory:247) - Returning cached instance of singleton bean &apos;sheetLogDao&apos;
DEBUG (org.springframework.beans.factory.annotation.AutowiredAnnotationBeanPostProcessor:461) - Autowiring by type from bean name &apos;transformService&apos; to bean named &apos;sheetLogDao&apos;
DEBUG (org.springframework.beans.factory.support.DefaultListableBeanFactory:247) - Returning cached instance of singleton bean &apos;org.springframework.aop.support.DefaultBeanFactoryPointcutAdvisor#0&apos;
DEBUG (org.springframework.beans.factory.support.DefaultListableBeanFactory:247) - Returning cached instance of singleton bean &apos;org.springframework.cache.config.internalCacheAdvisor&apos;
DEBUG (org.springframework.beans.factory.support.DefaultListableBeanFactory:247) - Returning cached instance of singleton bean &apos;org.springframework.aop.support.DefaultBeanFactoryPointcutAdvisor#0&apos;
DEBUG (org.springframework.beans.factory.support.DefaultListableBeanFactory:247) - Returning cached instance of singleton bean &apos;org.springframework.cache.config.internalCacheAdvisor&apos;
DEBUG (org.springframework.aop.aspectj.annotation.AnnotationAwareAspectJAutoProxyCreator:503) - Creating implicit proxy for bean &apos;transformService&apos; with 0 common interceptors and 2 specific interceptors
DEBUG (org.springframework.aop.framework.CglibAopProxy:158) - Creating CGLIB proxy: target source is SingletonTargetSource for target object [com.jk.ndt.etl.service.rule.impl.TransformServiceImpl@476fe690]
DEBUG (org.springframework.aop.framework.CglibAopProxy:831) - Unable to apply any optimisations to advised method: public com.jk.ndt.etl.entity.rule.TransformResult com.jk.ndt.etl.service.rule.impl.TransformServiceImpl.transform(com.jk.ndt.etl.entity.rule.TransformSheetPO)
DEBUG (org.springframework.aop.framework.CglibAopProxy:782) - Found finalize() method - using NO_OVERRIDE
DEBUG (org.springframework.aop.framework.CglibAopProxy:794) - Found &apos;equals&apos; method: public boolean java.lang.Object.equals(java.lang.Object)
DEBUG (org.springframework.aop.framework.CglibAopProxy:831) - Unable to apply any optimisations to advised method: public java.lang.String java.lang.Object.toString()
DEBUG (org.springframework.aop.framework.CglibAopProxy:799) - Found &apos;hashCode&apos; method: public native int java.lang.Object.hashCode()
DEBUG (org.springframework.aop.framework.CglibAopProxy:831) - Unable to apply any optimisations to advised method: protected native java.lang.Object java.lang.Object.clone() throws java.lang.CloneNotSupportedException
DEBUG (org.springframework.aop.framework.CglibAopProxy:788) - Method is declared on Advised interface: public abstract int org.springframework.aop.framework.Advised.indexOf(org.aopalliance.aop.Advice)
DEBUG (org.springframework.aop.framework.CglibAopProxy:788) - Method is declared on Advised interface: public abstract int org.springframework.aop.framework.Advised.indexOf(org.springframework.aop.Advisor)
DEBUG (org.springframework.aop.framework.CglibAopProxy:788) - Method is declared on Advised interface: public abstract boolean org.springframework.aop.framework.Advised.isFrozen()
DEBUG (org.springframework.aop.framework.CglibAopProxy:788) - Method is declared on Advised interface: public abstract boolean org.springframework.aop.framework.Advised.isProxyTargetClass()
DEBUG (org.springframework.aop.framework.CglibAopProxy:788) - Method is declared on Advised interface: public abstract java.lang.Class[] org.springframework.aop.framework.Advised.getProxiedInterfaces()
DEBUG (org.springframework.aop.framework.CglibAopProxy:788) - Method is declared on Advised interface: public abstract boolean org.springframework.aop.framework.Advised.isInterfaceProxied(java.lang.Class)
DEBUG (org.springframework.aop.framework.CglibAopProxy:788) - Method is declared on Advised interface: public abstract java.lang.String org.springframework.aop.framework.Advised.toProxyConfigString()
DEBUG (org.springframework.aop.framework.CglibAopProxy:788) - Method is declared on Advised interface: public abstract void org.springframework.aop.framework.Advised.setTargetSource(org.springframework.aop.TargetSource)
DEBUG (org.springframework.aop.framework.CglibAopProxy:788) - Method is declared on Advised interface: public abstract org.springframework.aop.TargetSource org.springframework.aop.framework.Advised.getTargetSource()
DEBUG (org.springframework.aop.framework.CglibAopProxy:788) - Method is declared on Advised interface: public abstract void org.springframework.aop.framework.Advised.addAdvisor(int,org.springframework.aop.Advisor) throws org.springframework.aop.framework.AopConfigException
DEBUG (org.springframework.aop.framework.CglibAopProxy:788) - Method is declared on Advised interface: public abstract void org.springframework.aop.framework.Advised.addAdvisor(org.springframework.aop.Advisor) throws org.springframework.aop.framework.AopConfigException
DEBUG (org.springframework.aop.framework.CglibAopProxy:788) - Method is declared on Advised interface: public abstract void org.springframework.aop.framework.Advised.setPreFiltered(boolean)
DEBUG (org.springframework.aop.framework.CglibAopProxy:788) - Method is declared on Advised interface: public abstract void org.springframework.aop.framework.Advised.setExposeProxy(boolean)
DEBUG (org.springframework.aop.framework.CglibAopProxy:788) - Method is declared on Advised interface: public abstract boolean org.springframework.aop.framework.Advised.isExposeProxy()
DEBUG (org.springframework.aop.framework.CglibAopProxy:788) - Method is declared on Advised interface: public abstract void org.springframework.aop.framework.Advised.addAdvice(int,org.aopalliance.aop.Advice) throws org.springframework.aop.framework.AopConfigException
DEBUG (org.springframework.aop.framework.CglibAopProxy:788) - Method is declared on Advised interface: public abstract void org.springframework.aop.framework.Advised.addAdvice(org.aopalliance.aop.Advice) throws org.springframework.aop.framework.AopConfigException
DEBUG (org.springframework.aop.framework.CglibAopProxy:788) - Method is declared on Advised interface: public abstract boolean org.springframework.aop.framework.Advised.isPreFiltered()
DEBUG (org.springframework.aop.framework.CglibAopProxy:788) - Method is declared on Advised interface: public abstract void org.springframework.aop.framework.Advised.removeAdvisor(int) throws org.springframework.aop.framework.AopConfigException
DEBUG (org.springframework.aop.framework.CglibAopProxy:788) - Method is declared on Advised interface: public abstract boolean org.springframework.aop.framework.Advised.removeAdvisor(org.springframework.aop.Advisor)
DEBUG (org.springframework.aop.framework.CglibAopProxy:788) - Method is declared on Advised interface: public abstract boolean org.springframework.aop.framework.Advised.replaceAdvisor(org.springframework.aop.Advisor,org.springframework.aop.Advisor) throws org.springframework.aop.framework.AopConfigException
DEBUG (org.springframework.aop.framework.CglibAopProxy:788) - Method is declared on Advised interface: public abstract boolean org.springframework.aop.framework.Advised.removeAdvice(org.aopalliance.aop.Advice)
DEBUG (org.springframework.aop.framework.CglibAopProxy:788) - Method is declared on Advised interface: public abstract org.springframework.aop.Advisor[] org.springframework.aop.framework.Advised.getAdvisors()
DEBUG (org.springframework.aop.framework.CglibAopProxy:788) - Method is declared on Advised interface: public abstract java.lang.Class org.springframework.aop.TargetClassAware.getTargetClass()
DEBUG (org.springframework.beans.factory.support.DefaultListableBeanFactory:478) - Finished creating instance of bean &apos;transformService&apos;
DEBUG (org.springframework.beans.factory.annotation.AutowiredAnnotationBeanPostProcessor:461) - Autowiring by type from bean name &apos;transformController&apos; to bean named &apos;transformService&apos;
DEBUG (org.springframework.beans.factory.support.DefaultListableBeanFactory:247) - Returning cached instance of singleton bean &apos;org.springframework.aop.support.DefaultBeanFactoryPointcutAdvisor#0&apos;
DEBUG (org.springframework.beans.factory.support.DefaultListableBeanFactory:247) - Returning cached instance of singleton bean &apos;org.springframework.cache.config.internalCacheAdvisor&apos;
DEBUG (org.springframework.beans.factory.support.DefaultListableBeanFactory:247) - Returning cached instance of singleton bean &apos;org.springframework.aop.support.DefaultBeanFactoryPointcutAdvisor#0&apos;
DEBUG (org.springframework.beans.factory.support.DefaultListableBeanFactory:247) - Returning cached instance of singleton bean &apos;org.springframework.cache.config.internalCacheAdvisor&apos;
DEBUG (org.springframework.beans.factory.support.DefaultListableBeanFactory:478) - Finished creating instance of bean &apos;transformController&apos;
DEBUG (org.springframework.beans.factory.support.DefaultListableBeanFactory:220) - Creating shared instance of singleton bean &apos;validateController&apos;
DEBUG (org.springframework.beans.factory.support.DefaultListableBeanFactory:450) - Creating instance of bean &apos;validateController&apos;
DEBUG (org.springframework.beans.factory.support.DefaultListableBeanFactory:247) - Returning cached instance of singleton bean &apos;org.springframework.aop.support.DefaultBeanFactoryPointcutAdvisor#0&apos;
DEBUG (org.springframework.beans.factory.support.DefaultListableBeanFactory:247) - Returning cached instance of singleton bean &apos;org.springframework.cache.config.internalCacheAdvisor&apos;
DEBUG (org.springframework.beans.factory.annotation.InjectionMetadata:71) - Registered injected element on class [com.jk.ndt.etl.controller.validate.ValidateController]: AutowiredFieldElement for private com.jk.ndt.etl.service.rule.ValidateService com.jk.ndt.etl.controller.validate.ValidateController.validateService
DEBUG (org.springframework.beans.factory.support.DefaultListableBeanFactory:524) - Eagerly caching bean &apos;validateController&apos; to allow for resolving potential circular references
DEBUG (org.springframework.beans.factory.annotation.InjectionMetadata:85) - Processing injected method of bean &apos;validateController&apos;: AutowiredFieldElement for private com.jk.ndt.etl.service.rule.ValidateService com.jk.ndt.etl.controller.validate.ValidateController.validateService
DEBUG (org.springframework.beans.factory.support.DefaultListableBeanFactory:220) - Creating shared instance of singleton bean &apos;validateService&apos;
DEBUG (org.springframework.beans.factory.support.DefaultListableBeanFactory:450) - Creating instance of bean &apos;validateService&apos;
DEBUG (org.springframework.beans.factory.support.DefaultListableBeanFactory:247) - Returning cached instance of singleton bean &apos;org.springframework.aop.support.DefaultBeanFactoryPointcutAdvisor#0&apos;
DEBUG (org.springframework.beans.factory.support.DefaultListableBeanFactory:247) - Returning cached instance of singleton bean &apos;org.springframework.cache.config.internalCacheAdvisor&apos;
DEBUG (org.springframework.beans.factory.annotation.InjectionMetadata:71) - Registered injected element on class [com.jk.ndt.etl.service.rule.impl.ValidateServiceImpl]: AutowiredFieldElement for private com.jk.ndt.etl.dao.common.CommonDao com.jk.ndt.etl.service.rule.impl.ValidateServiceImpl.commonDao
DEBUG (org.springframework.beans.factory.annotation.InjectionMetadata:71) - Registered injected element on class [com.jk.ndt.etl.service.rule.impl.ValidateServiceImpl]: AutowiredFieldElement for private com.jk.ndt.etl.dao.access.SheetInfoDao com.jk.ndt.etl.service.rule.impl.ValidateServiceImpl.sheetInfoDao
DEBUG (org.springframework.beans.factory.annotation.InjectionMetadata:71) - Registered injected element on class [com.jk.ndt.etl.service.rule.impl.ValidateServiceImpl]: AutowiredFieldElement for private com.jk.ndt.etl.dao.logs.SheetLogDao com.jk.ndt.etl.service.rule.impl.ValidateServiceImpl.sheetLogDao
DEBUG (org.springframework.beans.factory.support.DefaultListableBeanFactory:524) - Eagerly caching bean &apos;validateService&apos; to allow for resolving potential circular references
DEBUG (org.springframework.beans.factory.annotation.InjectionMetadata:85) - Processing injected method of bean &apos;validateService&apos;: AutowiredFieldElement for private com.jk.ndt.etl.dao.common.CommonDao com.jk.ndt.etl.service.rule.impl.ValidateServiceImpl.commonDao
DEBUG (org.springframework.beans.factory.support.DefaultListableBeanFactory:247) - Returning cached instance of singleton bean &apos;commonDao&apos;
DEBUG (org.springframework.beans.factory.annotation.AutowiredAnnotationBeanPostProcessor:461) - Autowiring by type from bean name &apos;validateService&apos; to bean named &apos;commonDao&apos;
DEBUG (org.springframework.beans.factory.annotation.InjectionMetadata:85) - Processing injected method of bean &apos;validateService&apos;: AutowiredFieldElement for private com.jk.ndt.etl.dao.access.SheetInfoDao com.jk.ndt.etl.service.rule.impl.ValidateServiceImpl.sheetInfoDao
DEBUG (org.springframework.beans.factory.support.DefaultListableBeanFactory:247) - Returning cached instance of singleton bean &apos;sheetInfoDao&apos;
DEBUG (org.springframework.beans.factory.annotation.AutowiredAnnotationBeanPostProcessor:461) - Autowiring by type from bean name &apos;validateService&apos; to bean named &apos;sheetInfoDao&apos;
DEBUG (org.springframework.beans.factory.annotation.InjectionMetadata:85) - Processing injected method of bean &apos;validateService&apos;: AutowiredFieldElement for private com.jk.ndt.etl.dao.logs.SheetLogDao com.jk.ndt.etl.service.rule.impl.ValidateServiceImpl.sheetLogDao
DEBUG (org.springframework.beans.factory.support.DefaultListableBeanFactory:247) - Returning cached instance of singleton bean &apos;sheetLogDao&apos;
DEBUG (org.springframework.beans.factory.annotation.AutowiredAnnotationBeanPostProcessor:461) - Autowiring by type from bean name &apos;validateService&apos; to bean named &apos;sheetLogDao&apos;
DEBUG (org.springframework.beans.factory.support.DefaultListableBeanFactory:247) - Returning cached instance of singleton bean &apos;org.springframework.aop.support.DefaultBeanFactoryPointcutAdvisor#0&apos;
DEBUG (org.springframework.beans.factory.support.DefaultListableBeanFactory:247) - Returning cached instance of singleton bean &apos;org.springframework.cache.config.internalCacheAdvisor&apos;
DEBUG (org.springframework.beans.factory.support.DefaultListableBeanFactory:247) - Returning cached instance of singleton bean &apos;org.springframework.aop.support.DefaultBeanFactoryPointcutAdvisor#0&apos;
DEBUG (org.springframework.beans.factory.support.DefaultListableBeanFactory:247) - Returning cached instance of singleton bean &apos;org.springframework.cache.config.internalCacheAdvisor&apos;
DEBUG (org.springframework.aop.aspectj.annotation.AnnotationAwareAspectJAutoProxyCreator:503) - Creating implicit proxy for bean &apos;validateService&apos; with 0 common interceptors and 2 specific interceptors
DEBUG (org.springframework.aop.framework.CglibAopProxy:158) - Creating CGLIB proxy: target source is SingletonTargetSource for target object [com.jk.ndt.etl.service.rule.impl.ValidateServiceImpl@3c5dbdf8]
DEBUG (org.springframework.aop.framework.CglibAopProxy:831) - Unable to apply any optimisations to advised method: public com.jk.ndt.etl.entity.rule.ValidateResult com.jk.ndt.etl.service.rule.impl.ValidateServiceImpl.validate(com.jk.ndt.etl.entity.rule.ValidateSheetPO)
DEBUG (org.springframework.aop.framework.CglibAopProxy:782) - Found finalize() method - using NO_OVERRIDE
DEBUG (org.springframework.aop.framework.CglibAopProxy:794) - Found &apos;equals&apos; method: public boolean java.lang.Object.equals(java.lang.Object)
DEBUG (org.springframework.aop.framework.CglibAopProxy:831) - Unable to apply any optimisations to advised method: public java.lang.String java.lang.Object.toString()
DEBUG (org.springframework.aop.framework.CglibAopProxy:799) - Found &apos;hashCode&apos; method: public native int java.lang.Object.hashCode()
DEBUG (org.springframework.aop.framework.CglibAopProxy:831) - Unable to apply any optimisations to advised method: protected native java.lang.Object java.lang.Object.clone() throws java.lang.CloneNotSupportedException
DEBUG (org.springframework.aop.framework.CglibAopProxy:788) - Method is declared on Advised interface: public abstract int org.springframework.aop.framework.Advised.indexOf(org.aopalliance.aop.Advice)
DEBUG (org.springframework.aop.framework.CglibAopProxy:788) - Method is declared on Advised interface: public abstract int org.springframework.aop.framework.Advised.indexOf(org.springframework.aop.Advisor)
DEBUG (org.springframework.aop.framework.CglibAopProxy:788) - Method is declared on Advised interface: public abstract boolean org.springframework.aop.framework.Advised.isFrozen()
DEBUG (org.springframework.aop.framework.CglibAopProxy:788) - Method is declared on Advised interface: public abstract boolean org.springframework.aop.framework.Advised.isProxyTargetClass()
DEBUG (org.springframework.aop.framework.CglibAopProxy:788) - Method is declared on Advised interface: public abstract java.lang.Class[] org.springframework.aop.framework.Advised.getProxiedInterfaces()
DEBUG (org.springframework.aop.framework.CglibAopProxy:788) - Method is declared on Advised interface: public abstract boolean org.springframework.aop.framework.Advised.isInterfaceProxied(java.lang.Class)
DEBUG (org.springframework.aop.framework.CglibAopProxy:788) - Method is declared on Advised interface: public abstract java.lang.String org.springframework.aop.framework.Advised.toProxyConfigString()
DEBUG (org.springframework.aop.framework.CglibAopProxy:788) - Method is declared on Advised interface: public abstract void org.springframework.aop.framework.Advised.setTargetSource(org.springframework.aop.TargetSource)
DEBUG (org.springframework.aop.framework.CglibAopProxy:788) - Method is declared on Advised interface: public abstract org.springframework.aop.TargetSource org.springframework.aop.framework.Advised.getTargetSource()
DEBUG (org.springframework.aop.framework.CglibAopProxy:788) - Method is declared on Advised interface: public abstract void org.springframework.aop.framework.Advised.addAdvisor(int,org.springframework.aop.Advisor) throws org.springframework.aop.framework.AopConfigException
DEBUG (org.springframework.aop.framework.CglibAopProxy:788) - Method is declared on Advised interface: public abstract void org.springframework.aop.framework.Advised.addAdvisor(org.springframework.aop.Advisor) throws org.springframework.aop.framework.AopConfigException
DEBUG (org.springframework.aop.framework.CglibAopProxy:788) - Method is declared on Advised interface: public abstract void org.springframework.aop.framework.Advised.setPreFiltered(boolean)
DEBUG (org.springframework.aop.framework.CglibAopProxy:788) - Method is declared on Advised interface: public abstract void org.springframework.aop.framework.Advised.setExposeProxy(boolean)
DEBUG (org.springframework.aop.framework.CglibAopProxy:788) - Method is declared on Advised interface: public abstract boolean org.springframework.aop.framework.Advised.isExposeProxy()
DEBUG (org.springframework.aop.framework.CglibAopProxy:788) - Method is declared on Advised interface: public abstract void org.springframework.aop.framework.Advised.addAdvice(int,org.aopalliance.aop.Advice) throws org.springframework.aop.framework.AopConfigException
DEBUG (org.springframework.aop.framework.CglibAopProxy:788) - Method is declared on Advised interface: public abstract void org.springframework.aop.framework.Advised.addAdvice(org.aopalliance.aop.Advice) throws org.springframework.aop.framework.AopConfigException
DEBUG (org.springframework.aop.framework.CglibAopProxy:788) - Method is declared on Advised interface: public abstract boolean org.springframework.aop.framework.Advised.isPreFiltered()
DEBUG (org.springframework.aop.framework.CglibAopProxy:788) - Method is declared on Advised interface: public abstract void org.springframework.aop.framework.Advised.removeAdvisor(int) throws org.springframework.aop.framework.AopConfigException
DEBUG (org.springframework.aop.framework.CglibAopProxy:788) - Method is declared on Advised interface: public abstract boolean org.springframework.aop.framework.Advised.removeAdvisor(org.springframework.aop.Advisor)
DEBUG (org.springframework.aop.framework.CglibAopProxy:788) - Method is declared on Advised interface: public abstract boolean org.springframework.aop.framework.Advised.replaceAdvisor(org.springframework.aop.Advisor,org.springframework.aop.Advisor) throws org.springframework.aop.framework.AopConfigException
DEBUG (org.springframework.aop.framework.CglibAopProxy:788) - Method is declared on Advised interface: public abstract boolean org.springframework.aop.framework.Advised.removeAdvice(org.aopalliance.aop.Advice)
DEBUG (org.springframework.aop.framework.CglibAopProxy:788) - Method is declared on Advised interface: public abstract org.springframework.aop.Advisor[] org.springframework.aop.framework.Advised.getAdvisors()
DEBUG (org.springframework.aop.framework.CglibAopProxy:788) - Method is declared on Advised interface: public abstract java.lang.Class org.springframework.aop.TargetClassAware.getTargetClass()
DEBUG (org.springframework.beans.factory.support.DefaultListableBeanFactory:478) - Finished creating instance of bean &apos;validateService&apos;
DEBUG (org.springframework.beans.factory.annotation.AutowiredAnnotationBeanPostProcessor:461) - Autowiring by type from bean name &apos;validateController&apos; to bean named &apos;validateService&apos;
DEBUG (org.springframework.beans.factory.support.DefaultListableBeanFactory:247) - Returning cached instance of singleton bean &apos;org.springframework.aop.support.DefaultBeanFactoryPointcutAdvisor#0&apos;
DEBUG (org.springframework.beans.factory.support.DefaultListableBeanFactory:247) - Returning cached instance of singleton bean &apos;org.springframework.cache.config.internalCacheAdvisor&apos;
DEBUG (org.springframework.beans.factory.support.DefaultListableBeanFactory:247) - Returning cached instance of singleton bean &apos;org.springframework.aop.support.DefaultBeanFactoryPointcutAdvisor#0&apos;
DEBUG (org.springframework.beans.factory.support.DefaultListableBeanFactory:247) - Returning cached instance of singleton bean &apos;org.springframework.cache.config.internalCacheAdvisor&apos;
DEBUG (org.springframework.beans.factory.support.DefaultListableBeanFactory:478) - Finished creating instance of bean &apos;validateController&apos;
DEBUG (org.springframework.beans.factory.support.DefaultListableBeanFactory:220) - Creating shared instance of singleton bean &apos;validateDemoController&apos;
DEBUG (org.springframework.beans.factory.support.DefaultListableBeanFactory:450) - Creating instance of bean &apos;validateDemoController&apos;
DEBUG (org.springframework.beans.factory.support.DefaultListableBeanFactory:247) - Returning cached instance of singleton bean &apos;org.springframework.aop.support.DefaultBeanFactoryPointcutAdvisor#0&apos;
DEBUG (org.springframework.beans.factory.support.DefaultListableBeanFactory:247) - Returning cached instance of singleton bean &apos;org.springframework.cache.config.internalCacheAdvisor&apos;
DEBUG (org.springframework.beans.factory.support.DefaultListableBeanFactory:524) - Eagerly caching bean &apos;validateDemoController&apos; to allow for resolving potential circular references
DEBUG (org.springframework.beans.factory.support.DefaultListableBeanFactory:247) - Returning cached instance of singleton bean &apos;org.springframework.aop.support.DefaultBeanFactoryPointcutAdvisor#0&apos;
DEBUG (org.springframework.beans.factory.support.DefaultListableBeanFactory:247) - Returning cached instance of singleton bean &apos;org.springframework.cache.config.internalCacheAdvisor&apos;
DEBUG (org.springframework.beans.factory.support.DefaultListableBeanFactory:247) - Returning cached instance of singleton bean &apos;org.springframework.aop.support.DefaultBeanFactoryPointcutAdvisor#0&apos;
DEBUG (org.springframework.beans.factory.support.DefaultListableBeanFactory:247) - Returning cached instance of singleton bean &apos;org.springframework.cache.config.internalCacheAdvisor&apos;
DEBUG (org.springframework.aop.aspectj.annotation.AnnotationAwareAspectJAutoProxyCreator:503) - Creating implicit proxy for bean &apos;validateDemoController&apos; with 0 common interceptors and 2 specific interceptors
DEBUG (org.springframework.aop.framework.CglibAopProxy:158) - Creating CGLIB proxy: target source is SingletonTargetSource for target object [com.jk.ndt.etl.controller.ValidateDemoController@a66e580]
DEBUG (org.springframework.aop.framework.CglibAopProxy:831) - Unable to apply any optimisations to advised method: public java.lang.Object com.jk.ndt.etl.controller.ValidateDemoController.validate(com.jk.ndt.etl.entity.ValidateDemo,org.springframework.validation.BindingResult)
DEBUG (org.springframework.aop.framework.CglibAopProxy:831) - Unable to apply any optimisations to advised method: public org.springframework.web.servlet.ModelAndView com.jk.ndt.etl.controller.ValidateDemoController.validatePage()
DEBUG (org.springframework.aop.framework.CglibAopProxy:782) - Found finalize() method - using NO_OVERRIDE
DEBUG (org.springframework.aop.framework.CglibAopProxy:794) - Found &apos;equals&apos; method: public boolean java.lang.Object.equals(java.lang.Object)
DEBUG (org.springframework.aop.framework.CglibAopProxy:831) - Unable to apply any optimisations to advised method: public java.lang.String java.lang.Object.toString()
DEBUG (org.springframework.aop.framework.CglibAopProxy:799) - Found &apos;hashCode&apos; method: public native int java.lang.Object.hashCode()
DEBUG (org.springframework.aop.framework.CglibAopProxy:831) - Unable to apply any optimisations to advised method: protected native java.lang.Object java.lang.Object.clone() throws java.lang.CloneNotSupportedException
DEBUG (org.springframework.aop.framework.CglibAopProxy:788) - Method is declared on Advised interface: public abstract int org.springframework.aop.framework.Advised.indexOf(org.aopalliance.aop.Advice)
DEBUG (org.springframework.aop.framework.CglibAopProxy:788) - Method is declared on Advised interface: public abstract int org.springframework.aop.framework.Advised.indexOf(org.springframework.aop.Advisor)
DEBUG (org.springframework.aop.framework.CglibAopProxy:788) - Method is declared on Advised interface: public abstract boolean org.springframework.aop.framework.Advised.isFrozen()
DEBUG (org.springframework.aop.framework.CglibAopProxy:788) - Method is declared on Advised interface: public abstract boolean org.springframework.aop.framework.Advised.isProxyTargetClass()
DEBUG (org.springframework.aop.framework.CglibAopProxy:788) - Method is declared on Advised interface: public abstract java.lang.Class[] org.springframework.aop.framework.Advised.getProxiedInterfaces()
DEBUG (org.springframework.aop.framework.CglibAopProxy:788) - Method is declared on Advised interface: public abstract boolean org.springframework.aop.framework.Advised.isInterfaceProxied(java.lang.Class)
DEBUG (org.springframework.aop.framework.CglibAopProxy:788) - Method is declared on Advised interface: public abstract java.lang.String org.springframework.aop.framework.Advised.toProxyConfigString()
DEBUG (org.springframework.aop.framework.CglibAopProxy:788) - Method is declared on Advised interface: public abstract void org.springframework.aop.framework.Advised.setTargetSource(org.springframework.aop.TargetSource)
DEBUG (org.springframework.aop.framework.CglibAopProxy:788) - Method is declared on Advised interface: public abstract org.springframework.aop.TargetSource org.springframework.aop.framework.Advised.getTargetSource()
DEBUG (org.springframework.aop.framework.CglibAopProxy:788) - Method is declared on Advised interface: public abstract void org.springframework.aop.framework.Advised.addAdvisor(int,org.springframework.aop.Advisor) throws org.springframework.aop.framework.AopConfigException
DEBUG (org.springframework.aop.framework.CglibAopProxy:788) - Method is declared on Advised interface: public abstract void org.springframework.aop.framework.Advised.addAdvisor(org.springframework.aop.Advisor) throws org.springframework.aop.framework.AopConfigException
DEBUG (org.springframework.aop.framework.CglibAopProxy:788) - Method is declared on Advised interface: public abstract void org.springframework.aop.framework.Advised.setPreFiltered(boolean)
DEBUG (org.springframework.aop.framework.CglibAopProxy:788) - Method is declared on Advised interface: public abstract void org.springframework.aop.framework.Advised.setExposeProxy(boolean)
DEBUG (org.springframework.aop.framework.CglibAopProxy:788) - Method is declared on Advised interface: public abstract boolean org.springframework.aop.framework.Advised.isExposeProxy()
DEBUG (org.springframework.aop.framework.CglibAopProxy:788) - Method is declared on Advised interface: public abstract void org.springframework.aop.framework.Advised.addAdvice(int,org.aopalliance.aop.Advice) throws org.springframework.aop.framework.AopConfigException
DEBUG (org.springframework.aop.framework.CglibAopProxy:788) - Method is declared on Advised interface: public abstract void org.springframework.aop.framework.Advised.addAdvice(org.aopalliance.aop.Advice) throws org.springframework.aop.framework.AopConfigException
DEBUG (org.springframework.aop.framework.CglibAopProxy:788) - Method is declared on Advised interface: public abstract boolean org.springframework.aop.framework.Advised.isPreFiltered()
DEBUG (org.springframework.aop.framework.CglibAopProxy:788) - Method is declared on Advised interface: public abstract void org.springframework.aop.framework.Advised.removeAdvisor(int) throws org.springframework.aop.framework.AopConfigException
DEBUG (org.springframework.aop.framework.CglibAopProxy:788) - Method is declared on Advised interface: public abstract boolean org.springframework.aop.framework.Advised.removeAdvisor(org.springframework.aop.Advisor)
DEBUG (org.springframework.aop.framework.CglibAopProxy:788) - Method is declared on Advised interface: public abstract boolean org.springframework.aop.framework.Advised.replaceAdvisor(org.springframework.aop.Advisor,org.springframework.aop.Advisor) throws org.springframework.aop.framework.AopConfigException
DEBUG (org.springframework.aop.framework.CglibAopProxy:788) - Method is declared on Advised interface: public abstract boolean org.springframework.aop.framework.Advised.removeAdvice(org.aopalliance.aop.Advice)
DEBUG (org.springframework.aop.framework.CglibAopProxy:788) - Method is declared on Advised interface: public abstract org.springframework.aop.Advisor[] org.springframework.aop.framework.Advised.getAdvisors()
DEBUG (org.springframework.aop.framework.CglibAopProxy:788) - Method is declared on Advised interface: public abstract java.lang.Class org.springframework.aop.TargetClassAware.getTargetClass()
DEBUG (org.springframework.beans.factory.support.DefaultListableBeanFactory:478) - Finished creating instance of bean &apos;validateDemoController&apos;
DEBUG (org.springframework.beans.factory.support.DefaultListableBeanFactory:220) - Creating shared instance of singleton bean &apos;verifyController&apos;
DEBUG (org.springframework.beans.factory.support.DefaultListableBeanFactory:450) - Creating instance of bean &apos;verifyController&apos;
DEBUG (org.springframework.beans.factory.support.DefaultListableBeanFactory:247) - Returning cached instance of singleton bean &apos;org.springframework.aop.support.DefaultBeanFactoryPointcutAdvisor#0&apos;
DEBUG (org.springframework.beans.factory.support.DefaultListableBeanFactory:247) - Returning cached instance of singleton bean &apos;org.springframework.cache.config.internalCacheAdvisor&apos;
DEBUG (org.springframework.beans.factory.annotation.InjectionMetadata:71) - Registered injected element on class [com.jk.ndt.etl.controller.verify.VerifyController]: AutowiredFieldElement for private com.jk.ndt.etl.service.access.SheetInfoService com.jk.ndt.etl.controller.verify.VerifyController.sheetInfoService
DEBUG (org.springframework.beans.factory.support.DefaultListableBeanFactory:524) - Eagerly caching bean &apos;verifyController&apos; to allow for resolving potential circular references
DEBUG (org.springframework.beans.factory.annotation.InjectionMetadata:85) - Processing injected method of bean &apos;verifyController&apos;: AutowiredFieldElement for private com.jk.ndt.etl.service.access.SheetInfoService com.jk.ndt.etl.controller.verify.VerifyController.sheetInfoService
DEBUG (org.springframework.beans.factory.support.DefaultListableBeanFactory:247) - Returning cached instance of singleton bean &apos;sheetInfoService&apos;
DEBUG (org.springframework.beans.factory.annotation.AutowiredAnnotationBeanPostProcessor:461) - Autowiring by type from bean name &apos;verifyController&apos; to bean named &apos;sheetInfoService&apos;
DEBUG (org.springframework.beans.factory.support.DefaultListableBeanFactory:247) - Returning cached instance of singleton bean &apos;org.springframework.aop.support.DefaultBeanFactoryPointcutAdvisor#0&apos;
DEBUG (org.springframework.beans.factory.support.DefaultListableBeanFactory:247) - Returning cached instance of singleton bean &apos;org.springframework.cache.config.internalCacheAdvisor&apos;
DEBUG (org.springframework.beans.factory.support.DefaultListableBeanFactory:247) - Returning cached instance of singleton bean &apos;org.springframework.aop.support.DefaultBeanFactoryPointcutAdvisor#0&apos;
DEBUG (org.springframework.beans.factory.support.DefaultListableBeanFactory:247) - Returning cached instance of singleton bean &apos;org.springframework.cache.config.internalCacheAdvisor&apos;
DEBUG (org.springframework.beans.factory.support.DefaultListableBeanFactory:478) - Finished creating instance of bean &apos;verifyController&apos;
DEBUG (org.springframework.beans.factory.support.DefaultListableBeanFactory:247) - Returning cached instance of singleton bean &apos;org.springframework.context.annotation.internalConfigurationAnnotationProcessor&apos;
DEBUG (org.springframework.beans.factory.support.DefaultListableBeanFactory:247) - Returning cached instance of singleton bean &apos;org.springframework.context.annotation.internalAutowiredAnnotationProcessor&apos;
DEBUG (org.springframework.beans.factory.support.DefaultListableBeanFactory:247) - Returning cached instance of singleton bean &apos;org.springframework.context.annotation.internalRequiredAnnotationProcessor&apos;
DEBUG (org.springframework.beans.factory.support.DefaultListableBeanFactory:247) - Returning cached instance of singleton bean &apos;org.springframework.context.annotation.internalCommonAnnotationProcessor&apos;
DEBUG (org.springframework.beans.factory.support.DefaultListableBeanFactory:247) - Returning cached instance of singleton bean &apos;org.springframework.aop.config.internalAutoProxyCreator&apos;
DEBUG (org.springframework.beans.factory.support.DefaultListableBeanFactory:220) - Creating shared instance of singleton bean &apos;viewResolver&apos;
DEBUG (org.springframework.beans.factory.support.DefaultListableBeanFactory:450) - Creating instance of bean &apos;viewResolver&apos;
DEBUG (org.springframework.beans.factory.support.DefaultListableBeanFactory:247) - Returning cached instance of singleton bean &apos;org.springframework.aop.support.DefaultBeanFactoryPointcutAdvisor#0&apos;
DEBUG (org.springframework.beans.factory.support.DefaultListableBeanFactory:247) - Returning cached instance of singleton bean &apos;org.springframework.cache.config.internalCacheAdvisor&apos;
DEBUG (org.springframework.beans.factory.support.DefaultListableBeanFactory:524) - Eagerly caching bean &apos;viewResolver&apos; to allow for resolving potential circular references
DEBUG (org.springframework.beans.factory.support.DefaultListableBeanFactory:247) - Returning cached instance of singleton bean &apos;org.springframework.aop.support.DefaultBeanFactoryPointcutAdvisor#0&apos;
DEBUG (org.springframework.beans.factory.support.DefaultListableBeanFactory:247) - Returning cached instance of singleton bean &apos;org.springframework.cache.config.internalCacheAdvisor&apos;
DEBUG (org.springframework.beans.factory.support.DefaultListableBeanFactory:247) - Returning cached instance of singleton bean &apos;org.springframework.aop.support.DefaultBeanFactoryPointcutAdvisor#0&apos;
DEBUG (org.springframework.beans.factory.support.DefaultListableBeanFactory:247) - Returning cached instance of singleton bean &apos;org.springframework.cache.config.internalCacheAdvisor&apos;
DEBUG (org.springframework.beans.factory.support.DefaultListableBeanFactory:478) - Finished creating instance of bean &apos;viewResolver&apos;
DEBUG (org.springframework.beans.factory.support.DefaultListableBeanFactory:247) - Returning cached instance of singleton bean &apos;org.springframework.beans.factory.annotation.AutowiredAnnotationBeanPostProcessor#0&apos;
DEBUG (org.springframework.beans.factory.support.DefaultListableBeanFactory:220) - Creating shared instance of singleton bean &apos;mvcResourceUrlProvider&apos;
DEBUG (org.springframework.beans.factory.support.DefaultListableBeanFactory:450) - Creating instance of bean &apos;mvcResourceUrlProvider&apos;
DEBUG (org.springframework.beans.factory.support.DefaultListableBeanFactory:247) - Returning cached instance of singleton bean &apos;org.springframework.aop.support.DefaultBeanFactoryPointcutAdvisor#0&apos;
DEBUG (org.springframework.beans.factory.support.DefaultListableBeanFactory:247) - Returning cached instance of singleton bean &apos;org.springframework.cache.config.internalCacheAdvisor&apos;
DEBUG (org.springframework.beans.factory.support.DefaultListableBeanFactory:524) - Eagerly caching bean &apos;mvcResourceUrlProvider&apos; to allow for resolving potential circular references
DEBUG (org.springframework.beans.factory.support.DefaultListableBeanFactory:247) - Returning cached instance of singleton bean &apos;org.springframework.aop.support.DefaultBeanFactoryPointcutAdvisor#0&apos;
DEBUG (org.springframework.beans.factory.support.DefaultListableBeanFactory:247) - Returning cached instance of singleton bean &apos;org.springframework.cache.config.internalCacheAdvisor&apos;
DEBUG (org.springframework.beans.factory.support.DefaultListableBeanFactory:247) - Returning cached instance of singleton bean &apos;org.springframework.aop.support.DefaultBeanFactoryPointcutAdvisor#0&apos;
DEBUG (org.springframework.beans.factory.support.DefaultListableBeanFactory:247) - Returning cached instance of singleton bean &apos;org.springframework.cache.config.internalCacheAdvisor&apos;
DEBUG (org.springframework.beans.factory.support.DefaultListableBeanFactory:478) - Finished creating instance of bean &apos;mvcResourceUrlProvider&apos;
DEBUG (org.springframework.beans.factory.support.DefaultListableBeanFactory:247) - Returning cached instance of singleton bean &apos;org.springframework.web.servlet.handler.MappedInterceptor#1&apos;
DEBUG (org.springframework.beans.factory.support.DefaultListableBeanFactory:220) - Creating shared instance of singleton bean &apos;org.springframework.web.servlet.resource.ResourceHttpRequestHandler#0&apos;
DEBUG (org.springframework.beans.factory.support.DefaultListableBeanFactory:450) - Creating instance of bean &apos;org.springframework.web.servlet.resource.ResourceHttpRequestHandler#0&apos;
DEBUG (org.springframework.beans.factory.support.DefaultListableBeanFactory:247) - Returning cached instance of singleton bean &apos;org.springframework.aop.support.DefaultBeanFactoryPointcutAdvisor#0&apos;
DEBUG (org.springframework.beans.factory.support.DefaultListableBeanFactory:247) - Returning cached instance of singleton bean &apos;org.springframework.cache.config.internalCacheAdvisor&apos;
DEBUG (org.springframework.beans.factory.support.DefaultListableBeanFactory:524) - Eagerly caching bean &apos;org.springframework.web.servlet.resource.ResourceHttpRequestHandler#0&apos; to allow for resolving potential circular references
DEBUG (org.springframework.beans.factory.support.DefaultListableBeanFactory:1610) - Invoking afterPropertiesSet() on bean with name &apos;org.springframework.web.servlet.resource.ResourceHttpRequestHandler#0&apos;
DEBUG (org.springframework.beans.factory.support.DefaultListableBeanFactory:247) - Returning cached instance of singleton bean &apos;org.springframework.aop.support.DefaultBeanFactoryPointcutAdvisor#0&apos;
DEBUG (org.springframework.beans.factory.support.DefaultListableBeanFactory:247) - Returning cached instance of singleton bean &apos;org.springframework.cache.config.internalCacheAdvisor&apos;
DEBUG (org.springframework.beans.factory.support.DefaultListableBeanFactory:247) - Returning cached instance of singleton bean &apos;org.springframework.aop.support.DefaultBeanFactoryPointcutAdvisor#0&apos;
DEBUG (org.springframework.beans.factory.support.DefaultListableBeanFactory:247) - Returning cached instance of singleton bean &apos;org.springframework.cache.config.internalCacheAdvisor&apos;
DEBUG (org.springframework.beans.factory.support.DefaultListableBeanFactory:478) - Finished creating instance of bean &apos;org.springframework.web.servlet.resource.ResourceHttpRequestHandler#0&apos;
DEBUG (org.springframework.beans.factory.support.DefaultListableBeanFactory:220) - Creating shared instance of singleton bean &apos;mvcPathMatcher&apos;
DEBUG (org.springframework.beans.factory.support.DefaultListableBeanFactory:450) - Creating instance of bean &apos;mvcPathMatcher&apos;
DEBUG (org.springframework.beans.factory.support.DefaultListableBeanFactory:247) - Returning cached instance of singleton bean &apos;org.springframework.aop.support.DefaultBeanFactoryPointcutAdvisor#0&apos;
DEBUG (org.springframework.beans.factory.support.DefaultListableBeanFactory:247) - Returning cached instance of singleton bean &apos;org.springframework.cache.config.internalCacheAdvisor&apos;
DEBUG (org.springframework.beans.factory.support.DefaultListableBeanFactory:524) - Eagerly caching bean &apos;mvcPathMatcher&apos; to allow for resolving potential circular references
DEBUG (org.springframework.beans.factory.support.DefaultListableBeanFactory:247) - Returning cached instance of singleton bean &apos;org.springframework.aop.support.DefaultBeanFactoryPointcutAdvisor#0&apos;
DEBUG (org.springframework.beans.factory.support.DefaultListableBeanFactory:247) - Returning cached instance of singleton bean &apos;org.springframework.cache.config.internalCacheAdvisor&apos;
DEBUG (org.springframework.beans.factory.support.DefaultListableBeanFactory:247) - Returning cached instance of singleton bean &apos;org.springframework.aop.support.DefaultBeanFactoryPointcutAdvisor#0&apos;
DEBUG (org.springframework.beans.factory.support.DefaultListableBeanFactory:247) - Returning cached instance of singleton bean &apos;org.springframework.cache.config.internalCacheAdvisor&apos;
DEBUG (org.springframework.beans.factory.support.DefaultListableBeanFactory:478) - Finished creating instance of bean &apos;mvcPathMatcher&apos;
DEBUG (org.springframework.beans.factory.support.DefaultListableBeanFactory:220) - Creating shared instance of singleton bean &apos;mvcUrlPathHelper&apos;
DEBUG (org.springframework.beans.factory.support.DefaultListableBeanFactory:450) - Creating instance of bean &apos;mvcUrlPathHelper&apos;
DEBUG (org.springframework.beans.factory.support.DefaultListableBeanFactory:247) - Returning cached instance of singleton bean &apos;org.springframework.aop.support.DefaultBeanFactoryPointcutAdvisor#0&apos;
DEBUG (org.springframework.beans.factory.support.DefaultListableBeanFactory:247) - Returning cached instance of singleton bean &apos;org.springframework.cache.config.internalCacheAdvisor&apos;
DEBUG (org.springframework.beans.factory.support.DefaultListableBeanFactory:524) - Eagerly caching bean &apos;mvcUrlPathHelper&apos; to allow for resolving potential circular references
DEBUG (org.springframework.beans.factory.support.DefaultListableBeanFactory:247) - Returning cached instance of singleton bean &apos;org.springframework.aop.support.DefaultBeanFactoryPointcutAdvisor#0&apos;
DEBUG (org.springframework.beans.factory.support.DefaultListableBeanFactory:247) - Returning cached instance of singleton bean &apos;org.springframework.cache.config.internalCacheAdvisor&apos;
DEBUG (org.springframework.beans.factory.support.DefaultListableBeanFactory:247) - Returning cached instance of singleton bean &apos;org.springframework.aop.support.DefaultBeanFactoryPointcutAdvisor#0&apos;
DEBUG (org.springframework.beans.factory.support.DefaultListableBeanFactory:247) - Returning cached instance of singleton bean &apos;org.springframework.cache.config.internalCacheAdvisor&apos;
DEBUG (org.springframework.beans.factory.support.DefaultListableBeanFactory:478) - Finished creating instance of bean &apos;mvcUrlPathHelper&apos;
DEBUG (org.springframework.beans.factory.support.DefaultListableBeanFactory:220) - Creating shared instance of singleton bean &apos;org.springframework.web.servlet.handler.SimpleUrlHandlerMapping#0&apos;
DEBUG (org.springframework.beans.factory.support.DefaultListableBeanFactory:450) - Creating instance of bean &apos;org.springframework.web.servlet.handler.SimpleUrlHandlerMapping#0&apos;
DEBUG (org.springframework.beans.factory.support.DefaultListableBeanFactory:247) - Returning cached instance of singleton bean &apos;org.springframework.aop.support.DefaultBeanFactoryPointcutAdvisor#0&apos;
DEBUG (org.springframework.beans.factory.support.DefaultListableBeanFactory:247) - Returning cached instance of singleton bean &apos;org.springframework.cache.config.internalCacheAdvisor&apos;
DEBUG (org.springframework.beans.factory.support.DefaultListableBeanFactory:524) - Eagerly caching bean &apos;org.springframework.web.servlet.handler.SimpleUrlHandlerMapping#0&apos; to allow for resolving potential circular references
DEBUG (org.springframework.beans.factory.support.DefaultListableBeanFactory:247) - Returning cached instance of singleton bean &apos;mvcPathMatcher&apos;
DEBUG (org.springframework.beans.factory.support.DefaultListableBeanFactory:247) - Returning cached instance of singleton bean &apos;mvcUrlPathHelper&apos;
DEBUG (org.springframework.beans.factory.support.DefaultListableBeanFactory:247) - Returning cached instance of singleton bean &apos;org.springframework.web.servlet.handler.MappedInterceptor#0&apos;
DEBUG (org.springframework.beans.factory.support.DefaultListableBeanFactory:247) - Returning cached instance of singleton bean &apos;org.springframework.web.servlet.handler.MappedInterceptor#1&apos;
DEBUG (org.springframework.beans.factory.support.DefaultListableBeanFactory:247) - Returning cached instance of singleton bean &apos;org.springframework.web.servlet.resource.ResourceHttpRequestHandler#0&apos;
 INFO (org.springframework.web.servlet.handler.SimpleUrlHandlerMapping:315) - Mapped URL path [/resources/**] onto handler &apos;org.springframework.web.servlet.resource.ResourceHttpRequestHandler#0&apos;
DEBUG (org.springframework.beans.factory.support.DefaultListableBeanFactory:247) - Returning cached instance of singleton bean &apos;org.springframework.aop.support.DefaultBeanFactoryPointcutAdvisor#0&apos;
DEBUG (org.springframework.beans.factory.support.DefaultListableBeanFactory:247) - Returning cached instance of singleton bean &apos;org.springframework.cache.config.internalCacheAdvisor&apos;
DEBUG (org.springframework.beans.factory.support.DefaultListableBeanFactory:247) - Returning cached instance of singleton bean &apos;org.springframework.aop.support.DefaultBeanFactoryPointcutAdvisor#0&apos;
DEBUG (org.springframework.beans.factory.support.DefaultListableBeanFactory:247) - Returning cached instance of singleton bean &apos;org.springframework.cache.config.internalCacheAdvisor&apos;
DEBUG (org.springframework.beans.factory.support.DefaultListableBeanFactory:478) - Finished creating instance of bean &apos;org.springframework.web.servlet.handler.SimpleUrlHandlerMapping#0&apos;
DEBUG (org.springframework.beans.factory.support.DefaultListableBeanFactory:220) - Creating shared instance of singleton bean &apos;org.springframework.web.servlet.resource.DefaultServletHttpRequestHandler#0&apos;
DEBUG (org.springframework.beans.factory.support.DefaultListableBeanFactory:450) - Creating instance of bean &apos;org.springframework.web.servlet.resource.DefaultServletHttpRequestHandler#0&apos;
DEBUG (org.springframework.beans.factory.support.DefaultListableBeanFactory:247) - Returning cached instance of singleton bean &apos;org.springframework.aop.support.DefaultBeanFactoryPointcutAdvisor#0&apos;
DEBUG (org.springframework.beans.factory.support.DefaultListableBeanFactory:247) - Returning cached instance of singleton bean &apos;org.springframework.cache.config.internalCacheAdvisor&apos;
DEBUG (org.springframework.beans.factory.support.DefaultListableBeanFactory:524) - Eagerly caching bean &apos;org.springframework.web.servlet.resource.DefaultServletHttpRequestHandler#0&apos; to allow for resolving potential circular references
DEBUG (org.springframework.beans.factory.support.DefaultListableBeanFactory:247) - Returning cached instance of singleton bean &apos;org.springframework.aop.support.DefaultBeanFactoryPointcutAdvisor#0&apos;
DEBUG (org.springframework.beans.factory.support.DefaultListableBeanFactory:247) - Returning cached instance of singleton bean &apos;org.springframework.cache.config.internalCacheAdvisor&apos;
DEBUG (org.springframework.beans.factory.support.DefaultListableBeanFactory:247) - Returning cached instance of singleton bean &apos;org.springframework.aop.support.DefaultBeanFactoryPointcutAdvisor#0&apos;
DEBUG (org.springframework.beans.factory.support.DefaultListableBeanFactory:247) - Returning cached instance of singleton bean &apos;org.springframework.cache.config.internalCacheAdvisor&apos;
DEBUG (org.springframework.beans.factory.support.DefaultListableBeanFactory:478) - Finished creating instance of bean &apos;org.springframework.web.servlet.resource.DefaultServletHttpRequestHandler#0&apos;
DEBUG (org.springframework.beans.factory.support.DefaultListableBeanFactory:220) - Creating shared instance of singleton bean &apos;org.springframework.web.servlet.handler.SimpleUrlHandlerMapping#1&apos;
DEBUG (org.springframework.beans.factory.support.DefaultListableBeanFactory:450) - Creating instance of bean &apos;org.springframework.web.servlet.handler.SimpleUrlHandlerMapping#1&apos;
DEBUG (org.springframework.beans.factory.support.DefaultListableBeanFactory:247) - Returning cached instance of singleton bean &apos;org.springframework.aop.support.DefaultBeanFactoryPointcutAdvisor#0&apos;
DEBUG (org.springframework.beans.factory.support.DefaultListableBeanFactory:247) - Returning cached instance of singleton bean &apos;org.springframework.cache.config.internalCacheAdvisor&apos;
DEBUG (org.springframework.beans.factory.support.DefaultListableBeanFactory:524) - Eagerly caching bean &apos;org.springframework.web.servlet.handler.SimpleUrlHandlerMapping#1&apos; to allow for resolving potential circular references
DEBUG (org.springframework.beans.factory.support.DefaultListableBeanFactory:247) - Returning cached instance of singleton bean &apos;org.springframework.web.servlet.handler.MappedInterceptor#0&apos;
DEBUG (org.springframework.beans.factory.support.DefaultListableBeanFactory:247) - Returning cached instance of singleton bean &apos;org.springframework.web.servlet.handler.MappedInterceptor#1&apos;
DEBUG (org.springframework.beans.factory.support.DefaultListableBeanFactory:247) - Returning cached instance of singleton bean &apos;org.springframework.web.servlet.resource.DefaultServletHttpRequestHandler#0&apos;
 INFO (org.springframework.web.servlet.handler.SimpleUrlHandlerMapping:315) - Mapped URL path [/**] onto handler &apos;org.springframework.web.servlet.resource.DefaultServletHttpRequestHandler#0&apos;
DEBUG (org.springframework.beans.factory.support.DefaultListableBeanFactory:247) - Returning cached instance of singleton bean &apos;org.springframework.aop.support.DefaultBeanFactoryPointcutAdvisor#0&apos;
DEBUG (org.springframework.beans.factory.support.DefaultListableBeanFactory:247) - Returning cached instance of singleton bean &apos;org.springframework.cache.config.internalCacheAdvisor&apos;
DEBUG (org.springframework.beans.factory.support.DefaultListableBeanFactory:247) - Returning cached instance of singleton bean &apos;org.springframework.aop.support.DefaultBeanFactoryPointcutAdvisor#0&apos;
DEBUG (org.springframework.beans.factory.support.DefaultListableBeanFactory:247) - Returning cached instance of singleton bean &apos;org.springframework.cache.config.internalCacheAdvisor&apos;
DEBUG (org.springframework.beans.factory.support.DefaultListableBeanFactory:478) - Finished creating instance of bean &apos;org.springframework.web.servlet.handler.SimpleUrlHandlerMapping#1&apos;
DEBUG (org.springframework.beans.factory.support.DefaultListableBeanFactory:220) - Creating shared instance of singleton bean &apos;multipartResolver&apos;
DEBUG (org.springframework.beans.factory.support.DefaultListableBeanFactory:450) - Creating instance of bean &apos;multipartResolver&apos;
DEBUG (org.springframework.beans.factory.support.DefaultListableBeanFactory:247) - Returning cached instance of singleton bean &apos;org.springframework.aop.support.DefaultBeanFactoryPointcutAdvisor#0&apos;
DEBUG (org.springframework.beans.factory.support.DefaultListableBeanFactory:247) - Returning cached instance of singleton bean &apos;org.springframework.cache.config.internalCacheAdvisor&apos;
DEBUG (org.springframework.beans.factory.support.DefaultListableBeanFactory:524) - Eagerly caching bean &apos;multipartResolver&apos; to allow for resolving potential circular references
DEBUG (org.springframework.beans.factory.support.DefaultListableBeanFactory:247) - Returning cached instance of singleton bean &apos;org.springframework.aop.support.DefaultBeanFactoryPointcutAdvisor#0&apos;
DEBUG (org.springframework.beans.factory.support.DefaultListableBeanFactory:247) - Returning cached instance of singleton bean &apos;org.springframework.cache.config.internalCacheAdvisor&apos;
DEBUG (org.springframework.beans.factory.support.DefaultListableBeanFactory:247) - Returning cached instance of singleton bean &apos;org.springframework.aop.support.DefaultBeanFactoryPointcutAdvisor#0&apos;
DEBUG (org.springframework.beans.factory.support.DefaultListableBeanFactory:247) - Returning cached instance of singleton bean &apos;org.springframework.cache.config.internalCacheAdvisor&apos;
DEBUG (org.springframework.beans.factory.support.DefaultListableBeanFactory:478) - Finished creating instance of bean &apos;multipartResolver&apos;
DEBUG (org.springframework.beans.factory.support.DefaultListableBeanFactory:247) - Returning cached instance of singleton bean &apos;CSVFileConverter&apos;
DEBUG (org.springframework.beans.factory.support.DefaultListableBeanFactory:247) - Returning cached instance of singleton bean &apos;excelConverter&apos;
DEBUG (org.springframework.beans.factory.support.DefaultListableBeanFactory:220) - Creating shared instance of singleton bean &apos;controllerValidatorInterceptor&apos;
DEBUG (org.springframework.beans.factory.support.DefaultListableBeanFactory:450) - Creating instance of bean &apos;controllerValidatorInterceptor&apos;
DEBUG (org.springframework.beans.factory.support.DefaultListableBeanFactory:524) - Eagerly caching bean &apos;controllerValidatorInterceptor&apos; to allow for resolving potential circular references
DEBUG (org.springframework.beans.factory.support.DefaultListableBeanFactory:478) - Finished creating instance of bean &apos;controllerValidatorInterceptor&apos;
DEBUG (org.springframework.beans.factory.support.DefaultListableBeanFactory:220) - Creating shared instance of singleton bean &apos;defaultValidator&apos;
DEBUG (org.springframework.beans.factory.support.DefaultListableBeanFactory:450) - Creating instance of bean &apos;defaultValidator&apos;
DEBUG (org.springframework.beans.factory.support.DefaultListableBeanFactory:247) - Returning cached instance of singleton bean &apos;org.springframework.aop.support.DefaultBeanFactoryPointcutAdvisor#0&apos;
DEBUG (org.springframework.beans.factory.support.DefaultListableBeanFactory:247) - Returning cached instance of singleton bean &apos;org.springframework.cache.config.internalCacheAdvisor&apos;
DEBUG (org.springframework.beans.factory.support.DefaultListableBeanFactory:524) - Eagerly caching bean &apos;defaultValidator&apos; to allow for resolving potential circular references
DEBUG (org.springframework.beans.factory.support.DefaultListableBeanFactory:247) - Returning cached instance of singleton bean &apos;org.springframework.aop.support.DefaultBeanFactoryPointcutAdvisor#0&apos;
DEBUG (org.springframework.beans.factory.support.DefaultListableBeanFactory:247) - Returning cached instance of singleton bean &apos;org.springframework.cache.config.internalCacheAdvisor&apos;
DEBUG (org.springframework.beans.factory.support.DefaultListableBeanFactory:247) - Returning cached instance of singleton bean &apos;org.springframework.aop.support.DefaultBeanFactoryPointcutAdvisor#0&apos;
DEBUG (org.springframework.beans.factory.support.DefaultListableBeanFactory:247) - Returning cached instance of singleton bean &apos;org.springframework.cache.config.internalCacheAdvisor&apos;
DEBUG (org.springframework.beans.factory.support.DefaultListableBeanFactory:478) - Finished creating instance of bean &apos;defaultValidator&apos;
DEBUG (org.springframework.beans.factory.support.DefaultListableBeanFactory:220) - Creating shared instance of singleton bean &apos;insertStringOperation&apos;
DEBUG (org.springframework.beans.factory.support.DefaultListableBeanFactory:450) - Creating instance of bean &apos;insertStringOperation&apos;
DEBUG (org.springframework.beans.factory.support.DefaultListableBeanFactory:247) - Returning cached instance of singleton bean &apos;org.springframework.aop.support.DefaultBeanFactoryPointcutAdvisor#0&apos;
DEBUG (org.springframework.beans.factory.support.DefaultListableBeanFactory:247) - Returning cached instance of singleton bean &apos;org.springframework.cache.config.internalCacheAdvisor&apos;
DEBUG (org.springframework.beans.factory.support.DefaultListableBeanFactory:524) - Eagerly caching bean &apos;insertStringOperation&apos; to allow for resolving potential circular references
DEBUG (org.springframework.beans.factory.support.DefaultListableBeanFactory:247) - Returning cached instance of singleton bean &apos;org.springframework.aop.support.DefaultBeanFactoryPointcutAdvisor#0&apos;
DEBUG (org.springframework.beans.factory.support.DefaultListableBeanFactory:247) - Returning cached instance of singleton bean &apos;org.springframework.cache.config.internalCacheAdvisor&apos;
DEBUG (org.springframework.beans.factory.support.DefaultListableBeanFactory:247) - Returning cached instance of singleton bean &apos;org.springframework.aop.support.DefaultBeanFactoryPointcutAdvisor#0&apos;
DEBUG (org.springframework.beans.factory.support.DefaultListableBeanFactory:247) - Returning cached instance of singleton bean &apos;org.springframework.cache.config.internalCacheAdvisor&apos;
DEBUG (org.springframework.beans.factory.support.DefaultListableBeanFactory:478) - Finished creating instance of bean &apos;insertStringOperation&apos;
DEBUG (org.springframework.beans.factory.support.DefaultListableBeanFactory:220) - Creating shared instance of singleton bean &apos;regexValidator&apos;
DEBUG (org.springframework.beans.factory.support.DefaultListableBeanFactory:450) - Creating instance of bean &apos;regexValidator&apos;
DEBUG (org.springframework.beans.factory.support.DefaultListableBeanFactory:247) - Returning cached instance of singleton bean &apos;org.springframework.aop.support.DefaultBeanFactoryPointcutAdvisor#0&apos;
DEBUG (org.springframework.beans.factory.support.DefaultListableBeanFactory:247) - Returning cached instance of singleton bean &apos;org.springframework.cache.config.internalCacheAdvisor&apos;
DEBUG (org.springframework.beans.factory.support.DefaultListableBeanFactory:524) - Eagerly caching bean &apos;regexValidator&apos; to allow for resolving potential circular references
DEBUG (org.springframework.beans.factory.support.DefaultListableBeanFactory:247) - Returning cached instance of singleton bean &apos;org.springframework.aop.support.DefaultBeanFactoryPointcutAdvisor#0&apos;
DEBUG (org.springframework.beans.factory.support.DefaultListableBeanFactory:247) - Returning cached instance of singleton bean &apos;org.springframework.cache.config.internalCacheAdvisor&apos;
DEBUG (org.springframework.beans.factory.support.DefaultListableBeanFactory:247) - Returning cached instance of singleton bean &apos;org.springframework.aop.support.DefaultBeanFactoryPointcutAdvisor#0&apos;
DEBUG (org.springframework.beans.factory.support.DefaultListableBeanFactory:247) - Returning cached instance of singleton bean &apos;org.springframework.cache.config.internalCacheAdvisor&apos;
DEBUG (org.springframework.beans.factory.support.DefaultListableBeanFactory:478) - Finished creating instance of bean &apos;regexValidator&apos;
DEBUG (org.springframework.beans.factory.support.DefaultListableBeanFactory:220) - Creating shared instance of singleton bean &apos;replaceStringOperation&apos;
DEBUG (org.springframework.beans.factory.support.DefaultListableBeanFactory:450) - Creating instance of bean &apos;replaceStringOperation&apos;
DEBUG (org.springframework.beans.factory.support.DefaultListableBeanFactory:247) - Returning cached instance of singleton bean &apos;org.springframework.aop.support.DefaultBeanFactoryPointcutAdvisor#0&apos;
DEBUG (org.springframework.beans.factory.support.DefaultListableBeanFactory:247) - Returning cached instance of singleton bean &apos;org.springframework.cache.config.internalCacheAdvisor&apos;
DEBUG (org.springframework.beans.factory.support.DefaultListableBeanFactory:524) - Eagerly caching bean &apos;replaceStringOperation&apos; to allow for resolving potential circular references
DEBUG (org.springframework.beans.factory.support.DefaultListableBeanFactory:247) - Returning cached instance of singleton bean &apos;org.springframework.aop.support.DefaultBeanFactoryPointcutAdvisor#0&apos;
DEBUG (org.springframework.beans.factory.support.DefaultListableBeanFactory:247) - Returning cached instance of singleton bean &apos;org.springframework.cache.config.internalCacheAdvisor&apos;
DEBUG (org.springframework.beans.factory.support.DefaultListableBeanFactory:247) - Returning cached instance of singleton bean &apos;org.springframework.aop.support.DefaultBeanFactoryPointcutAdvisor#0&apos;
DEBUG (org.springframework.beans.factory.support.DefaultListableBeanFactory:247) - Returning cached instance of singleton bean &apos;org.springframework.cache.config.internalCacheAdvisor&apos;
DEBUG (org.springframework.beans.factory.support.DefaultListableBeanFactory:478) - Finished creating instance of bean &apos;replaceStringOperation&apos;
DEBUG (org.springframework.beans.factory.support.DefaultListableBeanFactory:220) - Creating shared instance of singleton bean &apos;analysisService&apos;
DEBUG (org.springframework.beans.factory.support.DefaultListableBeanFactory:450) - Creating instance of bean &apos;analysisService&apos;
DEBUG (org.springframework.beans.factory.support.DefaultListableBeanFactory:247) - Returning cached instance of singleton bean &apos;org.springframework.aop.support.DefaultBeanFactoryPointcutAdvisor#0&apos;
DEBUG (org.springframework.beans.factory.support.DefaultListableBeanFactory:247) - Returning cached instance of singleton bean &apos;org.springframework.cache.config.internalCacheAdvisor&apos;
DEBUG (org.springframework.beans.factory.annotation.InjectionMetadata:71) - Registered injected element on class [com.jk.ndt.etl.service.access.impl.AnalysisServiceImpl]: AutowiredFieldElement for private com.jk.ndt.etl.dao.common.CommonDao com.jk.ndt.etl.service.access.impl.AnalysisServiceImpl.commonDao
DEBUG (org.springframework.beans.factory.annotation.InjectionMetadata:71) - Registered injected element on class [com.jk.ndt.etl.service.access.impl.AnalysisServiceImpl]: AutowiredFieldElement for private com.jk.ndt.etl.dao.access.SheetInfoDao com.jk.ndt.etl.service.access.impl.AnalysisServiceImpl.sheetInfoDao
DEBUG (org.springframework.beans.factory.support.DefaultListableBeanFactory:524) - Eagerly caching bean &apos;analysisService&apos; to allow for resolving potential circular references
DEBUG (org.springframework.beans.factory.annotation.InjectionMetadata:85) - Processing injected method of bean &apos;analysisService&apos;: AutowiredFieldElement for private com.jk.ndt.etl.dao.common.CommonDao com.jk.ndt.etl.service.access.impl.AnalysisServiceImpl.commonDao
DEBUG (org.springframework.beans.factory.support.DefaultListableBeanFactory:247) - Returning cached instance of singleton bean &apos;commonDao&apos;
DEBUG (org.springframework.beans.factory.annotation.AutowiredAnnotationBeanPostProcessor:461) - Autowiring by type from bean name &apos;analysisService&apos; to bean named &apos;commonDao&apos;
DEBUG (org.springframework.beans.factory.annotation.InjectionMetadata:85) - Processing injected method of bean &apos;analysisService&apos;: AutowiredFieldElement for private com.jk.ndt.etl.dao.access.SheetInfoDao com.jk.ndt.etl.service.access.impl.AnalysisServiceImpl.sheetInfoDao
DEBUG (org.springframework.beans.factory.support.DefaultListableBeanFactory:247) - Returning cached instance of singleton bean &apos;sheetInfoDao&apos;
DEBUG (org.springframework.beans.factory.annotation.AutowiredAnnotationBeanPostProcessor:461) - Autowiring by type from bean name &apos;analysisService&apos; to bean named &apos;sheetInfoDao&apos;
DEBUG (org.springframework.beans.factory.support.DefaultListableBeanFactory:247) - Returning cached instance of singleton bean &apos;org.springframework.aop.support.DefaultBeanFactoryPointcutAdvisor#0&apos;
DEBUG (org.springframework.beans.factory.support.DefaultListableBeanFactory:247) - Returning cached instance of singleton bean &apos;org.springframework.cache.config.internalCacheAdvisor&apos;
DEBUG (org.springframework.beans.factory.support.DefaultListableBeanFactory:247) - Returning cached instance of singleton bean &apos;org.springframework.aop.support.DefaultBeanFactoryPointcutAdvisor#0&apos;
DEBUG (org.springframework.beans.factory.support.DefaultListableBeanFactory:247) - Returning cached instance of singleton bean &apos;org.springframework.cache.config.internalCacheAdvisor&apos;
DEBUG (org.springframework.aop.aspectj.annotation.AnnotationAwareAspectJAutoProxyCreator:503) - Creating implicit proxy for bean &apos;analysisService&apos; with 0 common interceptors and 2 specific interceptors
DEBUG (org.springframework.aop.framework.CglibAopProxy:158) - Creating CGLIB proxy: target source is SingletonTargetSource for target object [com.jk.ndt.etl.service.access.impl.AnalysisServiceImpl@2e66bc32]
DEBUG (org.springframework.aop.framework.CglibAopProxy:831) - Unable to apply any optimisations to advised method: public void com.jk.ndt.etl.service.access.impl.AnalysisServiceImpl.save(com.jk.ndt.etl.entity.access.SheetInfo,com.jk.ndt.etl.converter.model.DataTable)
DEBUG (org.springframework.aop.framework.CglibAopProxy:782) - Found finalize() method - using NO_OVERRIDE
DEBUG (org.springframework.aop.framework.CglibAopProxy:794) - Found &apos;equals&apos; method: public boolean java.lang.Object.equals(java.lang.Object)
DEBUG (org.springframework.aop.framework.CglibAopProxy:831) - Unable to apply any optimisations to advised method: public java.lang.String java.lang.Object.toString()
DEBUG (org.springframework.aop.framework.CglibAopProxy:799) - Found &apos;hashCode&apos; method: public native int java.lang.Object.hashCode()
DEBUG (org.springframework.aop.framework.CglibAopProxy:831) - Unable to apply any optimisations to advised method: protected native java.lang.Object java.lang.Object.clone() throws java.lang.CloneNotSupportedException
DEBUG (org.springframework.aop.framework.CglibAopProxy:788) - Method is declared on Advised interface: public abstract int org.springframework.aop.framework.Advised.indexOf(org.aopalliance.aop.Advice)
DEBUG (org.springframework.aop.framework.CglibAopProxy:788) - Method is declared on Advised interface: public abstract int org.springframework.aop.framework.Advised.indexOf(org.springframework.aop.Advisor)
DEBUG (org.springframework.aop.framework.CglibAopProxy:788) - Method is declared on Advised interface: public abstract boolean org.springframework.aop.framework.Advised.isFrozen()
DEBUG (org.springframework.aop.framework.CglibAopProxy:788) - Method is declared on Advised interface: public abstract boolean org.springframework.aop.framework.Advised.isProxyTargetClass()
DEBUG (org.springframework.aop.framework.CglibAopProxy:788) - Method is declared on Advised interface: public abstract java.lang.Class[] org.springframework.aop.framework.Advised.getProxiedInterfaces()
DEBUG (org.springframework.aop.framework.CglibAopProxy:788) - Method is declared on Advised interface: public abstract boolean org.springframework.aop.framework.Advised.isInterfaceProxied(java.lang.Class)
DEBUG (org.springframework.aop.framework.CglibAopProxy:788) - Method is declared on Advised interface: public abstract java.lang.String org.springframework.aop.framework.Advised.toProxyConfigString()
DEBUG (org.springframework.aop.framework.CglibAopProxy:788) - Method is declared on Advised interface: public abstract void org.springframework.aop.framework.Advised.setTargetSource(org.springframework.aop.TargetSource)
DEBUG (org.springframework.aop.framework.CglibAopProxy:788) - Method is declared on Advised interface: public abstract org.springframework.aop.TargetSource org.springframework.aop.framework.Advised.getTargetSource()
DEBUG (org.springframework.aop.framework.CglibAopProxy:788) - Method is declared on Advised interface: public abstract void org.springframework.aop.framework.Advised.addAdvisor(int,org.springframework.aop.Advisor) throws org.springframework.aop.framework.AopConfigException
DEBUG (org.springframework.aop.framework.CglibAopProxy:788) - Method is declared on Advised interface: public abstract void org.springframework.aop.framework.Advised.addAdvisor(org.springframework.aop.Advisor) throws org.springframework.aop.framework.AopConfigException
DEBUG (org.springframework.aop.framework.CglibAopProxy:788) - Method is declared on Advised interface: public abstract void org.springframework.aop.framework.Advised.setPreFiltered(boolean)
DEBUG (org.springframework.aop.framework.CglibAopProxy:788) - Method is declared on Advised interface: public abstract void org.springframework.aop.framework.Advised.setExposeProxy(boolean)
DEBUG (org.springframework.aop.framework.CglibAopProxy:788) - Method is declared on Advised interface: public abstract boolean org.springframework.aop.framework.Advised.isExposeProxy()
DEBUG (org.springframework.aop.framework.CglibAopProxy:788) - Method is declared on Advised interface: public abstract void org.springframework.aop.framework.Advised.addAdvice(int,org.aopalliance.aop.Advice) throws org.springframework.aop.framework.AopConfigException
DEBUG (org.springframework.aop.framework.CglibAopProxy:788) - Method is declared on Advised interface: public abstract void org.springframework.aop.framework.Advised.addAdvice(org.aopalliance.aop.Advice) throws org.springframework.aop.framework.AopConfigException
DEBUG (org.springframework.aop.framework.CglibAopProxy:788) - Method is declared on Advised interface: public abstract boolean org.springframework.aop.framework.Advised.isPreFiltered()
DEBUG (org.springframework.aop.framework.CglibAopProxy:788) - Method is declared on Advised interface: public abstract void org.springframework.aop.framework.Advised.removeAdvisor(int) throws org.springframework.aop.framework.AopConfigException
DEBUG (org.springframework.aop.framework.CglibAopProxy:788) - Method is declared on Advised interface: public abstract boolean org.springframework.aop.framework.Advised.removeAdvisor(org.springframework.aop.Advisor)
DEBUG (org.springframework.aop.framework.CglibAopProxy:788) - Method is declared on Advised interface: public abstract boolean org.springframework.aop.framework.Advised.replaceAdvisor(org.springframework.aop.Advisor,org.springframework.aop.Advisor) throws org.springframework.aop.framework.AopConfigException
DEBUG (org.springframework.aop.framework.CglibAopProxy:788) - Method is declared on Advised interface: public abstract boolean org.springframework.aop.framework.Advised.removeAdvice(org.aopalliance.aop.Advice)
DEBUG (org.springframework.aop.framework.CglibAopProxy:788) - Method is declared on Advised interface: public abstract org.springframework.aop.Advisor[] org.springframework.aop.framework.Advised.getAdvisors()
DEBUG (org.springframework.aop.framework.CglibAopProxy:788) - Method is declared on Advised interface: public abstract java.lang.Class org.springframework.aop.TargetClassAware.getTargetClass()
DEBUG (org.springframework.beans.factory.support.DefaultListableBeanFactory:478) - Finished creating instance of bean &apos;analysisService&apos;
DEBUG (org.springframework.beans.factory.support.DefaultListableBeanFactory:247) - Returning cached instance of singleton bean &apos;sheetInfoService&apos;
DEBUG (org.springframework.beans.factory.support.DefaultListableBeanFactory:247) - Returning cached instance of singleton bean &apos;uploadInfoService&apos;
DEBUG (org.springframework.beans.factory.support.DefaultListableBeanFactory:247) - Returning cached instance of singleton bean &apos;commonService&apos;
DEBUG (org.springframework.beans.factory.support.DefaultListableBeanFactory:247) - Returning cached instance of singleton bean &apos;sheetLogService&apos;
DEBUG (org.springframework.beans.factory.support.DefaultListableBeanFactory:247) - Returning cached instance of singleton bean &apos;mirrorTableService&apos;
DEBUG (org.springframework.beans.factory.support.DefaultListableBeanFactory:247) - Returning cached instance of singleton bean &apos;alarmRuleService&apos;
DEBUG (org.springframework.beans.factory.support.DefaultListableBeanFactory:247) - Returning cached instance of singleton bean &apos;mailService&apos;
DEBUG (org.springframework.beans.factory.support.DefaultListableBeanFactory:247) - Returning cached instance of singleton bean &apos;monitorService&apos;
DEBUG (org.springframework.beans.factory.support.DefaultListableBeanFactory:247) - Returning cached instance of singleton bean &apos;serverHostService&apos;
DEBUG (org.springframework.beans.factory.support.DefaultListableBeanFactory:247) - Returning cached instance of singleton bean &apos;serverInfoService&apos;
DEBUG (org.springframework.beans.factory.support.DefaultListableBeanFactory:247) - Returning cached instance of singleton bean &apos;preSystemService&apos;
DEBUG (org.springframework.beans.factory.support.DefaultListableBeanFactory:247) - Returning cached instance of singleton bean &apos;cleanService&apos;
DEBUG (org.springframework.beans.factory.support.DefaultListableBeanFactory:247) - Returning cached instance of singleton bean &apos;transformService&apos;
DEBUG (org.springframework.beans.factory.support.DefaultListableBeanFactory:247) - Returning cached instance of singleton bean &apos;validateService&apos;
DEBUG (org.springframework.beans.factory.support.DefaultListableBeanFactory:247) - Returning cached instance of singleton bean &apos;adminService&apos;
DEBUG (org.springframework.beans.factory.support.DefaultListableBeanFactory:247) - Returning cached instance of singleton bean &apos;resourceService&apos;
DEBUG (org.springframework.beans.factory.support.DefaultListableBeanFactory:247) - Returning cached instance of singleton bean &apos;roleService&apos;
DEBUG (org.springframework.beans.factory.support.DefaultListableBeanFactory:247) - Returning cached instance of singleton bean &apos;userService&apos;
DEBUG (org.springframework.beans.factory.support.DefaultListableBeanFactory:220) - Creating shared instance of singleton bean &apos;springContextHolder&apos;
DEBUG (org.springframework.beans.factory.support.DefaultListableBeanFactory:450) - Creating instance of bean &apos;springContextHolder&apos;
DEBUG (org.springframework.beans.factory.support.DefaultListableBeanFactory:247) - Returning cached instance of singleton bean &apos;org.springframework.aop.support.DefaultBeanFactoryPointcutAdvisor#0&apos;
DEBUG (org.springframework.beans.factory.support.DefaultListableBeanFactory:247) - Returning cached instance of singleton bean &apos;org.springframework.cache.config.internalCacheAdvisor&apos;
DEBUG (org.springframework.beans.factory.support.DefaultListableBeanFactory:524) - Eagerly caching bean &apos;springContextHolder&apos; to allow for resolving potential circular references
DEBUG (org.springframework.beans.factory.support.DefaultListableBeanFactory:247) - Returning cached instance of singleton bean &apos;org.springframework.aop.support.DefaultBeanFactoryPointcutAdvisor#0&apos;
DEBUG (org.springframework.beans.factory.support.DefaultListableBeanFactory:247) - Returning cached instance of singleton bean &apos;org.springframework.cache.config.internalCacheAdvisor&apos;
DEBUG (org.springframework.beans.factory.support.DefaultListableBeanFactory:247) - Returning cached instance of singleton bean &apos;org.springframework.aop.support.DefaultBeanFactoryPointcutAdvisor#0&apos;
DEBUG (org.springframework.beans.factory.support.DefaultListableBeanFactory:247) - Returning cached instance of singleton bean &apos;org.springframework.cache.config.internalCacheAdvisor&apos;
DEBUG (org.springframework.beans.factory.support.DefaultListableBeanFactory:478) - Finished creating instance of bean &apos;springContextHolder&apos;
DEBUG (org.springframework.beans.factory.support.DefaultListableBeanFactory:247) - Returning cached instance of singleton bean &apos;prop&apos;
DEBUG (org.springframework.beans.factory.support.DefaultListableBeanFactory:247) - Returning cached instance of singleton bean &apos;propertyConfigurer&apos;
DEBUG (org.springframework.beans.factory.support.DefaultListableBeanFactory:247) - Returning cached instance of singleton bean &apos;dataSource&apos;
DEBUG (org.springframework.beans.factory.support.DefaultListableBeanFactory:247) - Returning cached instance of singleton bean &apos;sqlSessionFactory&apos;
DEBUG (org.springframework.beans.factory.support.DefaultListableBeanFactory:247) - Returning cached instance of singleton bean &apos;org.mybatis.spring.mapper.MapperScannerConfigurer#0&apos;
DEBUG (org.springframework.beans.factory.support.DefaultListableBeanFactory:247) - Returning cached instance of singleton bean &apos;transactionManager&apos;
DEBUG (org.springframework.beans.factory.support.DefaultListableBeanFactory:247) - Returning cached instance of singleton bean &apos;txAdvice&apos;
DEBUG (org.springframework.beans.factory.support.DefaultListableBeanFactory:247) - Returning cached instance of singleton bean &apos;org.springframework.aop.support.DefaultBeanFactoryPointcutAdvisor#0&apos;
DEBUG (org.springframework.beans.factory.support.DefaultListableBeanFactory:247) - Returning cached instance of singleton bean &apos;org.springframework.context.annotation.internalAsyncAnnotationProcessor&apos;
DEBUG (org.springframework.beans.factory.support.DefaultListableBeanFactory:247) - Returning cached instance of singleton bean &apos;org.springframework.context.annotation.internalScheduledAnnotationProcessor&apos;
DEBUG (org.springframework.beans.factory.support.DefaultListableBeanFactory:247) - Returning cached instance of singleton bean &apos;qbScheduler&apos;
DEBUG (org.springframework.beans.factory.support.DefaultListableBeanFactory:247) - Returning cached instance of singleton bean &apos;simplePermFilter&apos;
DEBUG (org.springframework.beans.factory.support.DefaultListableBeanFactory:247) - Returning cached instance of singleton bean &apos;shiroFilter&apos;
DEBUG (org.springframework.beans.factory.support.DefaultListableBeanFactory:247) - Returning cached instance of singleton bean &apos;myRealm&apos;
DEBUG (org.springframework.beans.factory.support.DefaultListableBeanFactory:247) - Returning cached instance of singleton bean &apos;securityManager&apos;
DEBUG (org.springframework.beans.factory.support.DefaultListableBeanFactory:247) - Returning cached instance of singleton bean &apos;lifecycleBeanPostProcessor&apos;
DEBUG (org.springframework.beans.factory.support.DefaultListableBeanFactory:247) - Returning cached instance of singleton bean &apos;org.springframework.cache.annotation.AnnotationCacheOperationSource#0&apos;
DEBUG (org.springframework.beans.factory.support.DefaultListableBeanFactory:220) - Creating shared instance of singleton bean &apos;org.springframework.cache.interceptor.CacheInterceptor#0&apos;
DEBUG (org.springframework.beans.factory.support.DefaultListableBeanFactory:450) - Creating instance of bean &apos;org.springframework.cache.interceptor.CacheInterceptor#0&apos;
DEBUG (org.springframework.beans.factory.support.DefaultListableBeanFactory:524) - Eagerly caching bean &apos;org.springframework.cache.interceptor.CacheInterceptor#0&apos; to allow for resolving potential circular references
DEBUG (org.springframework.beans.factory.support.DefaultListableBeanFactory:220) - Creating shared instance of singleton bean &apos;cacheManager&apos;
DEBUG (org.springframework.beans.factory.support.DefaultListableBeanFactory:450) - Creating instance of bean &apos;cacheManager&apos;
DEBUG (org.springframework.beans.factory.support.DefaultListableBeanFactory:247) - Returning cached instance of singleton bean &apos;org.springframework.aop.support.DefaultBeanFactoryPointcutAdvisor#0&apos;
DEBUG (org.springframework.beans.factory.support.DefaultListableBeanFactory:247) - Returning cached instance of singleton bean &apos;org.springframework.cache.config.internalCacheAdvisor&apos;
DEBUG (org.springframework.beans.factory.support.DefaultListableBeanFactory:524) - Eagerly caching bean &apos;cacheManager&apos; to allow for resolving potential circular references
DEBUG (org.springframework.beans.factory.support.DefaultListableBeanFactory:220) - Creating shared instance of singleton bean &apos;cacheManagerFactory&apos;
DEBUG (org.springframework.beans.factory.support.DefaultListableBeanFactory:450) - Creating instance of bean &apos;cacheManagerFactory&apos;
DEBUG (org.springframework.beans.factory.support.DefaultListableBeanFactory:247) - Returning cached instance of singleton bean &apos;org.springframework.aop.support.DefaultBeanFactoryPointcutAdvisor#0&apos;
DEBUG (org.springframework.beans.factory.support.DefaultListableBeanFactory:247) - Returning cached instance of singleton bean &apos;org.springframework.cache.config.internalCacheAdvisor&apos;
DEBUG (org.springframework.beans.factory.support.DefaultListableBeanFactory:524) - Eagerly caching bean &apos;cacheManagerFactory&apos; to allow for resolving potential circular references
DEBUG (org.springframework.beans.factory.support.DefaultListableBeanFactory:1610) - Invoking afterPropertiesSet() on bean with name &apos;cacheManagerFactory&apos;
 INFO (org.springframework.cache.ehcache.EhCacheManagerFactoryBean:129) - Initializing EhCache CacheManager
DEBUG (org.springframework.beans.factory.support.DefaultListableBeanFactory:247) - Returning cached instance of singleton bean &apos;org.springframework.aop.support.DefaultBeanFactoryPointcutAdvisor#0&apos;
DEBUG (org.springframework.beans.factory.support.DefaultListableBeanFactory:247) - Returning cached instance of singleton bean &apos;org.springframework.cache.config.internalCacheAdvisor&apos;
DEBUG (org.springframework.beans.factory.support.DefaultListableBeanFactory:247) - Returning cached instance of singleton bean &apos;org.springframework.aop.support.DefaultBeanFactoryPointcutAdvisor#0&apos;
DEBUG (org.springframework.beans.factory.support.DefaultListableBeanFactory:247) - Returning cached instance of singleton bean &apos;org.springframework.cache.config.internalCacheAdvisor&apos;
DEBUG (org.springframework.beans.factory.support.DefaultListableBeanFactory:478) - Finished creating instance of bean &apos;cacheManagerFactory&apos;
DEBUG (org.springframework.beans.factory.support.DefaultListableBeanFactory:247) - Returning cached instance of singleton bean &apos;org.springframework.aop.support.DefaultBeanFactoryPointcutAdvisor#0&apos;
DEBUG (org.springframework.beans.factory.support.DefaultListableBeanFactory:247) - Returning cached instance of singleton bean &apos;org.springframework.cache.config.internalCacheAdvisor&apos;
DEBUG (org.springframework.beans.factory.support.DefaultListableBeanFactory:247) - Returning cached instance of singleton bean &apos;org.springframework.aop.support.DefaultBeanFactoryPointcutAdvisor#0&apos;
DEBUG (org.springframework.beans.factory.support.DefaultListableBeanFactory:247) - Returning cached instance of singleton bean &apos;org.springframework.cache.config.internalCacheAdvisor&apos;
DEBUG (org.springframework.beans.factory.support.DefaultListableBeanFactory:1610) - Invoking afterPropertiesSet() on bean with name &apos;cacheManager&apos;
DEBUG (org.springframework.beans.factory.support.DefaultListableBeanFactory:247) - Returning cached instance of singleton bean &apos;org.springframework.aop.support.DefaultBeanFactoryPointcutAdvisor#0&apos;
DEBUG (org.springframework.beans.factory.support.DefaultListableBeanFactory:247) - Returning cached instance of singleton bean &apos;org.springframework.cache.config.internalCacheAdvisor&apos;
DEBUG (org.springframework.beans.factory.support.DefaultListableBeanFactory:247) - Returning cached instance of singleton bean &apos;org.springframework.aop.support.DefaultBeanFactoryPointcutAdvisor#0&apos;
DEBUG (org.springframework.beans.factory.support.DefaultListableBeanFactory:247) - Returning cached instance of singleton bean &apos;org.springframework.cache.config.internalCacheAdvisor&apos;
DEBUG (org.springframework.beans.factory.support.DefaultListableBeanFactory:478) - Finished creating instance of bean &apos;cacheManager&apos;
DEBUG (org.springframework.beans.factory.support.DefaultListableBeanFactory:247) - Returning cached instance of singleton bean &apos;org.springframework.cache.annotation.AnnotationCacheOperationSource#0&apos;
DEBUG (org.springframework.beans.factory.support.DefaultListableBeanFactory:1610) - Invoking afterPropertiesSet() on bean with name &apos;org.springframework.cache.interceptor.CacheInterceptor#0&apos;
DEBUG (org.springframework.beans.factory.support.DefaultListableBeanFactory:478) - Finished creating instance of bean &apos;org.springframework.cache.interceptor.CacheInterceptor#0&apos;
DEBUG (org.springframework.beans.factory.support.DefaultListableBeanFactory:247) - Returning cached instance of singleton bean &apos;org.springframework.cache.config.internalCacheAdvisor&apos;
DEBUG (org.springframework.beans.factory.support.DefaultListableBeanFactory:247) - Returning cached instance of singleton bean &apos;cacheManagerFactory&apos;
DEBUG (org.springframework.beans.factory.support.DefaultListableBeanFactory:247) - Returning cached instance of singleton bean &apos;cacheManager&apos;
DEBUG (org.springframework.beans.factory.support.DefaultListableBeanFactory:247) - Returning cached instance of singleton bean &apos;org.springframework.context.annotation.ConfigurationClassPostProcessor.importAwareProcessor&apos;
DEBUG (org.springframework.beans.factory.support.DefaultListableBeanFactory:247) - Returning cached instance of singleton bean &apos;org.springframework.context.annotation.ConfigurationClassPostProcessor.enhancedConfigurationProcessor&apos;
DEBUG (org.springframework.beans.factory.support.DefaultListableBeanFactory:247) - Returning cached instance of singleton bean &apos;sheetInfoDao&apos;
DEBUG (org.springframework.beans.factory.support.DefaultListableBeanFactory:247) - Returning cached instance of singleton bean &apos;uploadInfoDao&apos;
DEBUG (org.springframework.beans.factory.support.DefaultListableBeanFactory:247) - Returning cached instance of singleton bean &apos;baseDao&apos;
DEBUG (org.springframework.beans.factory.support.DefaultListableBeanFactory:247) - Returning cached instance of singleton bean &apos;commonDao&apos;
DEBUG (org.springframework.beans.factory.support.DefaultListableBeanFactory:247) - Returning cached instance of singleton bean &apos;sheetLogDao&apos;
DEBUG (org.springframework.beans.factory.support.DefaultListableBeanFactory:247) - Returning cached instance of singleton bean &apos;mirrorTableDao&apos;
DEBUG (org.springframework.beans.factory.support.DefaultListableBeanFactory:247) - Returning cached instance of singleton bean &apos;alarmRuleDao&apos;
DEBUG (org.springframework.beans.factory.support.DefaultListableBeanFactory:247) - Returning cached instance of singleton bean &apos;mailInfoDao&apos;
DEBUG (org.springframework.beans.factory.support.DefaultListableBeanFactory:247) - Returning cached instance of singleton bean &apos;serverHostDao&apos;
DEBUG (org.springframework.beans.factory.support.DefaultListableBeanFactory:247) - Returning cached instance of singleton bean &apos;serverInfoDao&apos;
DEBUG (org.springframework.beans.factory.support.DefaultListableBeanFactory:247) - Returning cached instance of singleton bean &apos;MBusinessProcessSyncDao&apos;
DEBUG (org.springframework.beans.factory.support.DefaultListableBeanFactory:247) - Returning cached instance of singleton bean &apos;adminDao&apos;
DEBUG (org.springframework.beans.factory.support.DefaultListableBeanFactory:247) - Returning cached instance of singleton bean &apos;resourceDao&apos;
DEBUG (org.springframework.beans.factory.support.DefaultListableBeanFactory:247) - Returning cached instance of singleton bean &apos;roleDao&apos;
DEBUG (org.springframework.beans.factory.support.DefaultListableBeanFactory:247) - Returning cached instance of singleton bean &apos;userDao&apos;
DEBUG (org.springframework.beans.factory.support.DefaultListableBeanFactory:247) - Returning cached instance of singleton bean &apos;transformDao&apos;
DEBUG (org.springframework.context.support.GenericApplicationContext:697) - Unable to locate LifecycleProcessor with name &apos;lifecycleProcessor&apos;: using default [org.springframework.context.support.DefaultLifecycleProcessor@31dfc6f5]
DEBUG (org.springframework.beans.factory.support.DefaultListableBeanFactory:247) - Returning cached instance of singleton bean &apos;lifecycleProcessor&apos;
DEBUG (org.springframework.beans.factory.support.DefaultListableBeanFactory:247) - Returning cached instance of singleton bean &apos;mvcResourceUrlProvider&apos;
DEBUG (org.springframework.beans.factory.support.DefaultListableBeanFactory:247) - Returning cached instance of singleton bean &apos;sqlSessionFactory&apos;
DEBUG (org.springframework.web.servlet.resource.ResourceUrlProvider:139) - Looking for resource handler mappings
DEBUG (org.springframework.beans.factory.support.DefaultListableBeanFactory:247) - Returning cached instance of singleton bean &apos;org.springframework.web.servlet.handler.SimpleUrlHandlerMapping#0&apos;
DEBUG (org.springframework.beans.factory.support.DefaultListableBeanFactory:247) - Returning cached instance of singleton bean &apos;org.springframework.web.servlet.handler.SimpleUrlHandlerMapping#1&apos;
DEBUG (org.springframework.web.servlet.resource.ResourceUrlProvider:151) - Found resource handler mapping: URL pattern=&quot;/resources/**&quot;, locations=[class path resource [resources/]], resolvers=[org.springframework.web.servlet.resource.PathResourceResolver@188ac8a3]
DEBUG (org.springframework.web.servlet.resource.ResourceUrlProvider:139) - Looking for resource handler mappings
DEBUG (org.springframework.beans.factory.support.DefaultListableBeanFactory:247) - Returning cached instance of singleton bean &apos;org.springframework.web.servlet.handler.SimpleUrlHandlerMapping#0&apos;
DEBUG (org.springframework.beans.factory.support.DefaultListableBeanFactory:247) - Returning cached instance of singleton bean &apos;org.springframework.web.servlet.handler.SimpleUrlHandlerMapping#1&apos;
DEBUG (org.springframework.web.servlet.resource.ResourceUrlProvider:151) - Found resource handler mapping: URL pattern=&quot;/resources/**&quot;, locations=[class path resource [resources/]], resolvers=[org.springframework.web.servlet.resource.PathResourceResolver@188ac8a3]
DEBUG (org.springframework.core.env.PropertySourcesPropertyResolver:81) - Searching for key &apos;spring.liveBeansView.mbeanDomain&apos; in [systemProperties]
DEBUG (org.springframework.core.env.PropertySourcesPropertyResolver:81) - Searching for key &apos;spring.liveBeansView.mbeanDomain&apos; in [systemEnvironment]
DEBUG (org.springframework.core.env.PropertySourcesPropertyResolver:103) - Could not find key &apos;spring.liveBeansView.mbeanDomain&apos; in any property source. Returning [null]
DEBUG (org.springframework.test.context.DefaultCacheAwareContextLoaderDelegate:85) - Storing ApplicationContext in cache under key [[MergedContextConfiguration@6ddf90b0 testClass = AdminTest, locations = &apos;{classpath*:spring*.xml}&apos;, classes = &apos;{}&apos;, contextInitializerClasses = &apos;[]&apos;, activeProfiles = &apos;{}&apos;, propertySourceLocations = &apos;{}&apos;, propertySourceProperties = &apos;{}&apos;, contextLoader = &apos;org.springframework.test.context.support.DelegatingSmartContextLoader&apos;, parent = [null]]].
DEBUG (org.springframework.beans.factory.annotation.InjectionMetadata:85) - Processing injected method of bean &apos;com.jk.ndt.etl.controller.AdminTest&apos;: AutowiredFieldElement for private com.jk.ndt.etl.service.system.AdminService com.jk.ndt.etl.controller.AdminTest.adminService
DEBUG (org.springframework.beans.factory.support.DefaultListableBeanFactory:247) - Returning cached instance of singleton bean &apos;adminService&apos;
DEBUG (org.springframework.beans.factory.annotation.AutowiredAnnotationBeanPostProcessor:461) - Autowiring by type from bean name &apos;com.jk.ndt.etl.controller.AdminTest&apos; to bean named &apos;adminService&apos;
DEBUG (org.springframework.beans.factory.annotation.InjectionMetadata:85) - Processing injected method of bean &apos;com.jk.ndt.etl.controller.AdminTest&apos;: AutowiredFieldElement for private com.jk.ndt.etl.service.system.AdminService com.jk.ndt.etl.controller.AdminTest.adminService
DEBUG (org.springframework.beans.factory.support.DefaultListableBeanFactory:247) - Returning cached instance of singleton bean &apos;adminService&apos;
DEBUG (org.springframework.beans.factory.annotation.AutowiredAnnotationBeanPostProcessor:461) - Autowiring by type from bean name &apos;com.jk.ndt.etl.controller.AdminTest&apos; to bean named &apos;adminService&apos;
DEBUG (org.springframework.beans.factory.support.DefaultListableBeanFactory:247) - Returning cached instance of singleton bean &apos;org.springframework.aop.support.DefaultBeanFactoryPointcutAdvisor#0&apos;
DEBUG (org.springframework.beans.factory.support.DefaultListableBeanFactory:247) - Returning cached instance of singleton bean &apos;org.springframework.cache.config.internalCacheAdvisor&apos;
DEBUG (org.springframework.beans.factory.support.DefaultListableBeanFactory:247) - Returning cached instance of singleton bean &apos;org.springframework.aop.support.DefaultBeanFactoryPointcutAdvisor#0&apos;
DEBUG (org.springframework.beans.factory.support.DefaultListableBeanFactory:247) - Returning cached instance of singleton bean &apos;org.springframework.cache.config.internalCacheAdvisor&apos;
DEBUG (org.springframework.jdbc.datasource.DataSourceTransactionManager:367) - Creating new transaction with name [com.jk.ndt.etl.service.system.impl.AdminServiceImpl.getByName]: PROPAGATION_REQUIRED,ISOLATION_DEFAULT,readOnly
DEBUG (org.springframework.jdbc.datasource.DataSourceTransactionManager:206) - Acquired Connection [oracle.jdbc.driver.T4CConnection@412c995d] for JDBC transaction
DEBUG (org.springframework.jdbc.datasource.DataSourceUtils:153) - Setting JDBC Connection [oracle.jdbc.driver.T4CConnection@412c995d] read-only
DEBUG (org.springframework.jdbc.datasource.DataSourceTransactionManager:223) - Switching JDBC Connection [oracle.jdbc.driver.T4CConnection@412c995d] to manual commit
Creating a new SqlSession
Registering transaction synchronization for SqlSession [org.apache.ibatis.session.defaults.DefaultSqlSession@862f408]
JDBC Connection [oracle.jdbc.driver.T4CConnection@412c995d] will be managed by Spring
==&gt;  Preparing: SELECT a.id,a.name,a.password,a.is_active,r.id role_id,r.name role_name,r.permissions from etl_admin a LEFT JOIN etl_roles r ON r.id IN ( SELECT role_id FROM etl_admin_role where admin_id=a.id ) where a.name=? AND r.is_active=1 
==&gt; Parameters: admin(String)
DEBUG (com.alibaba.druid.pool.PreparedStatementPool:160) - stmt exit cache
Releasing transactional SqlSession [org.apache.ibatis.session.defaults.DefaultSqlSession@862f408]
DEBUG (org.springframework.core.env.StandardEnvironment:111) - Adding [systemProperties] PropertySource with lowest search precedence
DEBUG (org.springframework.core.env.StandardEnvironment:111) - Adding [systemEnvironment] PropertySource with lowest search precedence
DEBUG (org.springframework.core.env.StandardEnvironment:126) - Initialized StandardEnvironment with PropertySources [systemProperties,systemEnvironment]
 INFO (org.springframework.beans.factory.xml.XmlBeanDefinitionReader:316) - Loading XML bean definitions from class path resource [org/springframework/jdbc/support/sql-error-codes.xml]
DEBUG (org.springframework.beans.factory.xml.DefaultDocumentLoader:73) - Using JAXP provider [com.sun.org.apache.xerces.internal.jaxp.DocumentBuilderFactoryImpl]
DEBUG (org.springframework.beans.factory.xml.BeansDtdResolver:74) - Found beans DTD [http://www.springframework.org/dtd/spring-beans-2.0.dtd] in classpath: spring-beans-2.0.dtd
DEBUG (org.springframework.beans.factory.xml.DefaultBeanDefinitionDocumentReader:108) - Loading bean definitions
DEBUG (org.springframework.beans.factory.support.DefaultListableBeanFactory:220) - Creating shared instance of singleton bean &apos;DB2&apos;
DEBUG (org.springframework.beans.factory.support.DefaultListableBeanFactory:450) - Creating instance of bean &apos;DB2&apos;
DEBUG (org.springframework.beans.factory.support.DefaultListableBeanFactory:524) - Eagerly caching bean &apos;DB2&apos; to allow for resolving potential circular references
DEBUG (org.springframework.beans.factory.support.DefaultListableBeanFactory:478) - Finished creating instance of bean &apos;DB2&apos;
DEBUG (org.springframework.beans.factory.support.DefaultListableBeanFactory:220) - Creating shared instance of singleton bean &apos;Derby&apos;
DEBUG (org.springframework.beans.factory.support.DefaultListableBeanFactory:450) - Creating instance of bean &apos;Derby&apos;
DEBUG (org.springframework.beans.factory.support.DefaultListableBeanFactory:524) - Eagerly caching bean &apos;Derby&apos; to allow for resolving potential circular references
DEBUG (org.springframework.beans.factory.support.DefaultListableBeanFactory:478) - Finished creating instance of bean &apos;Derby&apos;
DEBUG (org.springframework.beans.factory.support.DefaultListableBeanFactory:220) - Creating shared instance of singleton bean &apos;H2&apos;
DEBUG (org.springframework.beans.factory.support.DefaultListableBeanFactory:450) - Creating instance of bean &apos;H2&apos;
DEBUG (org.springframework.beans.factory.support.DefaultListableBeanFactory:524) - Eagerly caching bean &apos;H2&apos; to allow for resolving potential circular references
DEBUG (org.springframework.beans.factory.support.DefaultListableBeanFactory:478) - Finished creating instance of bean &apos;H2&apos;
DEBUG (org.springframework.beans.factory.support.DefaultListableBeanFactory:220) - Creating shared instance of singleton bean &apos;HSQL&apos;
DEBUG (org.springframework.beans.factory.support.DefaultListableBeanFactory:450) - Creating instance of bean &apos;HSQL&apos;
DEBUG (org.springframework.beans.factory.support.DefaultListableBeanFactory:524) - Eagerly caching bean &apos;HSQL&apos; to allow for resolving potential circular references
DEBUG (org.springframework.beans.factory.support.DefaultListableBeanFactory:478) - Finished creating instance of bean &apos;HSQL&apos;
DEBUG (org.springframework.beans.factory.support.DefaultListableBeanFactory:220) - Creating shared instance of singleton bean &apos;Informix&apos;
DEBUG (org.springframework.beans.factory.support.DefaultListableBeanFactory:450) - Creating instance of bean &apos;Informix&apos;
DEBUG (org.springframework.beans.factory.support.DefaultListableBeanFactory:524) - Eagerly caching bean &apos;Informix&apos; to allow for resolving potential circular references
DEBUG (org.springframework.beans.factory.support.DefaultListableBeanFactory:478) - Finished creating instance of bean &apos;Informix&apos;
DEBUG (org.springframework.beans.factory.support.DefaultListableBeanFactory:220) - Creating shared instance of singleton bean &apos;MS-SQL&apos;
DEBUG (org.springframework.beans.factory.support.DefaultListableBeanFactory:450) - Creating instance of bean &apos;MS-SQL&apos;
DEBUG (org.springframework.beans.factory.support.DefaultListableBeanFactory:524) - Eagerly caching bean &apos;MS-SQL&apos; to allow for resolving potential circular references
DEBUG (org.springframework.beans.factory.support.DefaultListableBeanFactory:478) - Finished creating instance of bean &apos;MS-SQL&apos;
DEBUG (org.springframework.beans.factory.support.DefaultListableBeanFactory:220) - Creating shared instance of singleton bean &apos;MySQL&apos;
DEBUG (org.springframework.beans.factory.support.DefaultListableBeanFactory:450) - Creating instance of bean &apos;MySQL&apos;
DEBUG (org.springframework.beans.factory.support.DefaultListableBeanFactory:524) - Eagerly caching bean &apos;MySQL&apos; to allow for resolving potential circular references
DEBUG (org.springframework.beans.factory.support.DefaultListableBeanFactory:478) - Finished creating instance of bean &apos;MySQL&apos;
DEBUG (org.springframework.beans.factory.support.DefaultListableBeanFactory:220) - Creating shared instance of singleton bean &apos;Oracle&apos;
DEBUG (org.springframework.beans.factory.support.DefaultListableBeanFactory:450) - Creating instance of bean &apos;Oracle&apos;
DEBUG (org.springframework.beans.factory.support.DefaultListableBeanFactory:524) - Eagerly caching bean &apos;Oracle&apos; to allow for resolving potential circular references
DEBUG (org.springframework.beans.factory.support.DefaultListableBeanFactory:478) - Finished creating instance of bean &apos;Oracle&apos;
DEBUG (org.springframework.beans.factory.support.DefaultListableBeanFactory:220) - Creating shared instance of singleton bean &apos;PostgreSQL&apos;
DEBUG (org.springframework.beans.factory.support.DefaultListableBeanFactory:450) - Creating instance of bean &apos;PostgreSQL&apos;
DEBUG (org.springframework.beans.factory.support.DefaultListableBeanFactory:524) - Eagerly caching bean &apos;PostgreSQL&apos; to allow for resolving potential circular references
DEBUG (org.springframework.beans.factory.support.DefaultListableBeanFactory:478) - Finished creating instance of bean &apos;PostgreSQL&apos;
DEBUG (org.springframework.beans.factory.support.DefaultListableBeanFactory:220) - Creating shared instance of singleton bean &apos;Sybase&apos;
DEBUG (org.springframework.beans.factory.support.DefaultListableBeanFactory:450) - Creating instance of bean &apos;Sybase&apos;
DEBUG (org.springframework.beans.factory.support.DefaultListableBeanFactory:524) - Eagerly caching bean &apos;Sybase&apos; to allow for resolving potential circular references
DEBUG (org.springframework.beans.factory.support.DefaultListableBeanFactory:478) - Finished creating instance of bean &apos;Sybase&apos;
DEBUG (org.springframework.beans.factory.support.DefaultListableBeanFactory:220) - Creating shared instance of singleton bean &apos;Hana&apos;
DEBUG (org.springframework.beans.factory.support.DefaultListableBeanFactory:450) - Creating instance of bean &apos;Hana&apos;
DEBUG (org.springframework.beans.factory.support.DefaultListableBeanFactory:524) - Eagerly caching bean &apos;Hana&apos; to allow for resolving potential circular references
DEBUG (org.springframework.beans.factory.support.DefaultListableBeanFactory:478) - Finished creating instance of bean &apos;Hana&apos;
 INFO (org.springframework.jdbc.support.SQLErrorCodesFactory:126) - SQLErrorCodes loaded: [DB2, Derby, H2, HSQL, Informix, MS-SQL, MySQL, Oracle, PostgreSQL, Sybase, Hana]
DEBUG (org.springframework.jdbc.support.SQLErrorCodesFactory:199) - Looking up default SQLErrorCodes for DataSource [{
	CreateTime:&quot;2017-06-07 11:10:27&quot;,
	ActiveCount:1,
	PoolingCount:2,
	CreateCount:3,
	DestroyCount:0,
	CloseCount:0,
	ConnectCount:1,
	Connections:[
		{ID:1816468636, ConnectTime:&quot;2017-06-07 11:10:28&quot;, UseCount:0, LastActiveTime:&quot;2017-06-07 11:10:28&quot;},
		{ID:817490653, ConnectTime:&quot;2017-06-07 11:10:28&quot;, UseCount:0, LastActiveTime:&quot;2017-06-07 11:10:28&quot;}
	]
}

[
	{
	ID:1816468636, 
	poolStatements:[
		]
	},
	{
	ID:817490653, 
	poolStatements:[
		]
	}
]]
DEBUG (org.springframework.jdbc.support.SQLErrorCodesFactory:217) - Database product name cached for DataSource [com.alibaba.druid.pool.DruidDataSource@3249a1ce]: name is &apos;Oracle&apos;
DEBUG (org.springframework.jdbc.support.SQLErrorCodesFactory:175) - SQL error codes for &apos;Oracle&apos; found
DEBUG (org.springframework.jdbc.support.SQLErrorCodeSQLExceptionTranslator:397) - Translating SQLException with SQL state &apos;42000&apos;, error code &apos;942&apos;, message [ORA-00942: �����ͼ������
]; SQL was [] for task [
### Error querying database.  Cause: java.sql.SQLSyntaxErrorException: ORA-00942: �����ͼ������

### The error may exist in com/jk/ndt/etl/dao/system/AdminDao.xml
### The error may involve com.jk.ndt.etl.dao.system.AdminDao.getByName-Inline
### The error occurred while setting parameters
### SQL: SELECT  a.id,a.name,a.password,a.is_active,r.id role_id,r.name role_name,r.permissions from etl_admin a            LEFT JOIN  etl_roles r ON  r.id IN (             SELECT role_id FROM  etl_admin_role where admin_id=a.id            )            where a.name=? AND r.is_active=1
### Cause: java.sql.SQLSyntaxErrorException: ORA-00942: �����ͼ������

]
Transaction synchronization deregistering SqlSession [org.apache.ibatis.session.defaults.DefaultSqlSession@862f408]
Transaction synchronization closing SqlSession [org.apache.ibatis.session.defaults.DefaultSqlSession@862f408]
DEBUG (org.springframework.jdbc.datasource.DataSourceTransactionManager:847) - Initiating transaction rollback
DEBUG (org.springframework.jdbc.datasource.DataSourceTransactionManager:281) - Rolling back JDBC transaction on Connection [oracle.jdbc.driver.T4CConnection@412c995d]
DEBUG (org.springframework.jdbc.datasource.DataSourceUtils:222) - Resetting read-only flag of JDBC Connection [oracle.jdbc.driver.T4CConnection@412c995d]
DEBUG (org.springframework.jdbc.datasource.DataSourceTransactionManager:324) - Releasing JDBC Connection [oracle.jdbc.driver.T4CConnection@412c995d] after transaction
DEBUG (org.springframework.jdbc.datasource.DataSourceUtils:327) - Returning JDBC Connection to DataSource
DEBUG (org.springframework.test.context.support.DirtiesContextTestExecutionListener:85) - After test method: context [DefaultTestContext@eec5a4a testClass = AdminTest, testInstance = com.jk.ndt.etl.controller.AdminTest@2b2948e2, testMethod = getName@AdminTest, testException = org.springframework.jdbc.BadSqlGrammarException: 
### Error querying database.  Cause: java.sql.SQLSyntaxErrorException: ORA-00942: �����ͼ������

### The error may exist in com/jk/ndt/etl/dao/system/AdminDao.xml
### The error may involve com.jk.ndt.etl.dao.system.AdminDao.getByName-Inline
### The error occurred while setting parameters
### SQL: SELECT  a.id,a.name,a.password,a.is_active,r.id role_id,r.name role_name,r.permissions from etl_admin a            LEFT JOIN  etl_roles r ON  r.id IN (             SELECT role_id FROM  etl_admin_role where admin_id=a.id            )            where a.name=? AND r.is_active=1
### Cause: java.sql.SQLSyntaxErrorException: ORA-00942: �����ͼ������

; bad SQL grammar []; nested exception is java.sql.SQLSyntaxErrorException: ORA-00942: �����ͼ������
, mergedContextConfiguration = [MergedContextConfiguration@6ddf90b0 testClass = AdminTest, locations = &apos;{classpath*:spring*.xml}&apos;, classes = &apos;{}&apos;, contextInitializerClasses = &apos;[]&apos;, activeProfiles = &apos;{}&apos;, propertySourceLocations = &apos;{}&apos;, propertySourceProperties = &apos;{}&apos;, contextLoader = &apos;org.springframework.test.context.support.DelegatingSmartContextLoader&apos;, parent = [null]]], class dirties context [false], class mode [null], method dirties context [false].
</system-out>
    <system-err>���� 07, 2017 11:10:26 ���� java.util.prefs.WindowsPreferences &lt;init&gt;
WARNING: Could not open/create prefs root node Software\JavaSoft\Prefs at root 0x80000002. Windows RegCreateKeyEx(...) returned error code 5.
���� 07, 2017 11:10:26 ���� java.util.prefs.WindowsPreferences WindowsRegOpenKey1
WARNING: Trying to recreate Windows registry node Software\JavaSoft\Prefs at root 0x80000002.
���� 07, 2017 11:10:26 ���� java.util.prefs.WindowsPreferences openKey
WARNING: Could not open windows registry node Software\JavaSoft\Prefs at root 0x80000002. Windows RegOpenKey(...) returned error code 2.
���� 07, 2017 11:10:26 ���� java.util.prefs.WindowsPreferences WindowsRegOpenKey1
WARNING: Trying to recreate Windows registry node Software\JavaSoft\Prefs at root 0x80000002.
���� 07, 2017 11:10:26 ���� java.util.prefs.WindowsPreferences openKey
WARNING: Could not open windows registry node Software\JavaSoft\Prefs at root 0x80000002. Windows RegOpenKey(...) returned error code 2.
���� 07, 2017 11:10:26 ���� java.util.prefs.WindowsPreferences WindowsRegOpenKey1
WARNING: Trying to recreate Windows registry node Software\JavaSoft\Prefs at root 0x80000002.
���� 07, 2017 11:10:26 ���� java.util.prefs.WindowsPreferences openKey
WARNING: Could not open windows registry node Software\JavaSoft\Prefs at root 0x80000002. Windows RegOpenKey(...) returned error code 2.
���� 07, 2017 11:10:26 ���� java.util.prefs.WindowsPreferences WindowsRegOpenKey1
WARNING: Trying to recreate Windows registry node Software\JavaSoft\Prefs at root 0x80000002.
���� 07, 2017 11:10:26 ���� java.util.prefs.WindowsPreferences openKey
WARNING: Could not open windows registry node Software\JavaSoft\Prefs at root 0x80000002. Windows RegOpenKey(...) returned error code 2.
���� 07, 2017 11:10:26 ���� java.util.prefs.WindowsPreferences WindowsRegOpenKey1
WARNING: Trying to recreate Windows registry node Software\JavaSoft\Prefs at root 0x80000002.
���� 07, 2017 11:10:26 ���� java.util.prefs.WindowsPreferences openKey
WARNING: Could not open windows registry node Software\JavaSoft\Prefs at root 0x80000002. Windows RegOpenKey(...) returned error code 2.
���� 07, 2017 11:10:26 ���� java.util.prefs.WindowsPreferences WindowsRegOpenKey1
WARNING: Trying to recreate Windows registry node Software\JavaSoft\Prefs at root 0x80000002.
���� 07, 2017 11:10:26 ���� java.util.prefs.WindowsPreferences openKey
WARNING: Could not open windows registry node Software\JavaSoft\Prefs at root 0x80000002. Windows RegOpenKey(...) returned error code 2.
���� 07, 2017 11:10:26 ���� java.util.prefs.WindowsPreferences WindowsRegOpenKey1
WARNING: Trying to recreate Windows registry node Software\JavaSoft\Prefs at root 0x80000002.
���� 07, 2017 11:10:26 ���� java.util.prefs.WindowsPreferences openKey
WARNING: Could not open windows registry node Software\JavaSoft\Prefs at root 0x80000002. Windows RegOpenKey(...) returned error code 2.
���� 07, 2017 11:10:26 ���� java.util.prefs.WindowsPreferences WindowsRegOpenKey1
WARNING: Trying to recreate Windows registry node Software\JavaSoft\Prefs at root 0x80000002.
���� 07, 2017 11:10:26 ���� java.util.prefs.WindowsPreferences openKey
WARNING: Could not open windows registry node Software\JavaSoft\Prefs at root 0x80000002. Windows RegOpenKey(...) returned error code 2.
���� 07, 2017 11:10:26 ���� java.util.prefs.WindowsPreferences WindowsRegOpenKey1
WARNING: Trying to recreate Windows registry node Software\JavaSoft\Prefs at root 0x80000002.
���� 07, 2017 11:10:26 ���� java.util.prefs.WindowsPreferences openKey
WARNING: Could not open windows registry node Software\JavaSoft\Prefs at root 0x80000002. Windows RegOpenKey(...) returned error code 2.
���� 07, 2017 11:10:26 ���� java.util.prefs.WindowsPreferences WindowsRegOpenKey1
WARNING: Trying to recreate Windows registry node Software\JavaSoft\Prefs at root 0x80000002.
���� 07, 2017 11:10:26 ���� java.util.prefs.WindowsPreferences openKey
WARNING: Could not open windows registry node Software\JavaSoft\Prefs at root 0x80000002. Windows RegOpenKey(...) returned error code 2.
���� 07, 2017 11:10:26 ���� java.util.prefs.WindowsPreferences WindowsRegOpenKey1
WARNING: Trying to recreate Windows registry node Software\JavaSoft\Prefs at root 0x80000002.
���� 07, 2017 11:10:26 ���� java.util.prefs.WindowsPreferences openKey
WARNING: Could not open windows registry node Software\JavaSoft\Prefs at root 0x80000002. Windows RegOpenKey(...) returned error code 2.
���� 07, 2017 11:10:26 ���� java.util.prefs.WindowsPreferences WindowsRegOpenKey1
WARNING: Trying to recreate Windows registry node Software\JavaSoft\Prefs at root 0x80000002.
���� 07, 2017 11:10:26 ���� java.util.prefs.WindowsPreferences openKey
WARNING: Could not open windows registry node Software\JavaSoft\Prefs at root 0x80000002. Windows RegOpenKey(...) returned error code 2.
���� 07, 2017 11:10:26 ���� java.util.prefs.WindowsPreferences WindowsRegOpenKey1
WARNING: Trying to recreate Windows registry node Software\JavaSoft\Prefs at root 0x80000002.
���� 07, 2017 11:10:26 ���� java.util.prefs.WindowsPreferences openKey
WARNING: Could not open windows registry node Software\JavaSoft\Prefs at root 0x80000002. Windows RegOpenKey(...) returned error code 2.
���� 07, 2017 11:10:26 ���� java.util.prefs.WindowsPreferences WindowsRegOpenKey1
WARNING: Trying to recreate Windows registry node Software\JavaSoft\Prefs at root 0x80000002.
���� 07, 2017 11:10:26 ���� java.util.prefs.WindowsPreferences openKey
WARNING: Could not open windows registry node Software\JavaSoft\Prefs at root 0x80000002. Windows RegOpenKey(...) returned error code 2.
</system-err>
  </testcase>
  <testcase classname="com.jk.ndt.etl.controller.AdminTest" name="listResource" time="0.003">
    <error message="
### Error querying database.  Cause: java.sql.SQLSyntaxErrorException: ORA-00942: 表或视图不存在

### The error may exist in com/jk/ndt/etl/dao/system/AdminDao.xml
### The error may involve defaultParameterMap
### The error occurred while setting parameters
### SQL: SELECT  * FROM  etl_resource
### Cause: java.sql.SQLSyntaxErrorException: ORA-00942: 表或视图不存在

; bad SQL grammar []; nested exception is java.sql.SQLSyntaxErrorException: ORA-00942: 表或视图不存在
" type="org.springframework.jdbc.BadSqlGrammarException">org.springframework.jdbc.BadSqlGrammarException: 
### Error querying database.  Cause: java.sql.SQLSyntaxErrorException: ORA-00942: 表或视图不存在

### The error may exist in com/jk/ndt/etl/dao/system/AdminDao.xml
### The error may involve defaultParameterMap
### The error occurred while setting parameters
### SQL: SELECT  * FROM  etl_resource
### Cause: java.sql.SQLSyntaxErrorException: ORA-00942: 表或视图不存在

; bad SQL grammar []; nested exception is java.sql.SQLSyntaxErrorException: ORA-00942: 表或视图不存在

	at org.springframework.jdbc.support.SQLErrorCodeSQLExceptionTranslator.doTranslate(SQLErrorCodeSQLExceptionTranslator.java:231)
	at org.springframework.jdbc.support.AbstractFallbackSQLExceptionTranslator.translate(AbstractFallbackSQLExceptionTranslator.java:73)
	at org.mybatis.spring.MyBatisExceptionTranslator.translateExceptionIfPossible(MyBatisExceptionTranslator.java:73)
	at org.mybatis.spring.SqlSessionTemplate$SqlSessionInterceptor.invoke(SqlSessionTemplate.java:371)
	at com.sun.proxy.$Proxy25.selectList(Unknown Source)
	at org.mybatis.spring.SqlSessionTemplate.selectList(SqlSessionTemplate.java:198)
	at org.apache.ibatis.binding.MapperMethod.executeForMany(MapperMethod.java:119)
	at org.apache.ibatis.binding.MapperMethod.execute(MapperMethod.java:63)
	at org.apache.ibatis.binding.MapperProxy.invoke(MapperProxy.java:52)
	at com.sun.proxy.$Proxy27.listResource(Unknown Source)
	at com.jk.ndt.etl.service.system.impl.AdminServiceImpl.listResource(AdminServiceImpl.java:74)
	at com.jk.ndt.etl.service.system.impl.AdminServiceImpl$$FastClassBySpringCGLIB$$a811f92f.invoke(&lt;generated&gt;)
	at org.springframework.cglib.proxy.MethodProxy.invoke(MethodProxy.java:204)
	at org.springframework.aop.framework.CglibAopProxy$CglibMethodInvocation.invokeJoinpoint(CglibAopProxy.java:717)
	at org.springframework.aop.framework.ReflectiveMethodInvocation.proceed(ReflectiveMethodInvocation.java:157)
	at org.springframework.transaction.interceptor.TransactionInterceptor$1.proceedWithInvocation(TransactionInterceptor.java:98)
	at org.springframework.transaction.interceptor.TransactionAspectSupport.invokeWithinTransaction(TransactionAspectSupport.java:266)
	at org.springframework.transaction.interceptor.TransactionInterceptor.invoke(TransactionInterceptor.java:95)
	at org.springframework.aop.framework.ReflectiveMethodInvocation.proceed(ReflectiveMethodInvocation.java:179)
	at org.springframework.aop.interceptor.ExposeInvocationInterceptor.invoke(ExposeInvocationInterceptor.java:92)
	at org.springframework.aop.framework.ReflectiveMethodInvocation.proceed(ReflectiveMethodInvocation.java:179)
	at org.springframework.aop.framework.CglibAopProxy$DynamicAdvisedInterceptor.intercept(CglibAopProxy.java:653)
	at com.jk.ndt.etl.service.system.impl.AdminServiceImpl$$EnhancerBySpringCGLIB$$b5c848ca.listResource(&lt;generated&gt;)
	at com.jk.ndt.etl.controller.AdminTest.listResource(AdminTest.java:24)
	at sun.reflect.NativeMethodAccessorImpl.invoke0(Native Method)
	at sun.reflect.NativeMethodAccessorImpl.invoke(NativeMethodAccessorImpl.java:62)
	at sun.reflect.DelegatingMethodAccessorImpl.invoke(DelegatingMethodAccessorImpl.java:43)
	at java.lang.reflect.Method.invoke(Method.java:498)
	at org.junit.runners.model.FrameworkMethod$1.runReflectiveCall(FrameworkMethod.java:50)
	at org.junit.internal.runners.model.ReflectiveCallable.run(ReflectiveCallable.java:12)
	at org.junit.runners.model.FrameworkMethod.invokeExplosively(FrameworkMethod.java:47)
	at org.junit.internal.runners.statements.InvokeMethod.evaluate(InvokeMethod.java:17)
	at org.springframework.test.context.junit4.statements.RunBeforeTestMethodCallbacks.evaluate(RunBeforeTestMethodCallbacks.java:72)
	at org.springframework.test.context.junit4.statements.RunAfterTestMethodCallbacks.evaluate(RunAfterTestMethodCallbacks.java:81)
	at org.springframework.test.context.junit4.statements.SpringRepeat.evaluate(SpringRepeat.java:72)
	at org.junit.runners.ParentRunner.runLeaf(ParentRunner.java:325)
	at org.springframework.test.context.junit4.SpringJUnit4ClassRunner.runChild(SpringJUnit4ClassRunner.java:216)
	at org.springframework.test.context.junit4.SpringJUnit4ClassRunner.runChild(SpringJUnit4ClassRunner.java:82)
	at org.junit.runners.ParentRunner$3.run(ParentRunner.java:290)
	at org.junit.runners.ParentRunner$1.schedule(ParentRunner.java:71)
	at org.junit.runners.ParentRunner.runChildren(ParentRunner.java:288)
	at org.junit.runners.ParentRunner.access$000(ParentRunner.java:58)
	at org.junit.runners.ParentRunner$2.evaluate(ParentRunner.java:268)
	at org.springframework.test.context.junit4.statements.RunBeforeTestClassCallbacks.evaluate(RunBeforeTestClassCallbacks.java:60)
	at org.springframework.test.context.junit4.statements.RunAfterTestClassCallbacks.evaluate(RunAfterTestClassCallbacks.java:67)
	at org.junit.runners.ParentRunner.run(ParentRunner.java:363)
	at org.springframework.test.context.junit4.SpringJUnit4ClassRunner.run(SpringJUnit4ClassRunner.java:162)
	at org.apache.maven.surefire.junit4.JUnit4Provider.execute(JUnit4Provider.java:252)
	at org.apache.maven.surefire.junit4.JUnit4Provider.executeTestSet(JUnit4Provider.java:141)
	at org.apache.maven.surefire.junit4.JUnit4Provider.invoke(JUnit4Provider.java:112)
	at sun.reflect.NativeMethodAccessorImpl.invoke0(Native Method)
	at sun.reflect.NativeMethodAccessorImpl.invoke(NativeMethodAccessorImpl.java:62)
	at sun.reflect.DelegatingMethodAccessorImpl.invoke(DelegatingMethodAccessorImpl.java:43)
	at java.lang.reflect.Method.invoke(Method.java:498)
	at org.apache.maven.surefire.util.ReflectionUtils.invokeMethodWithArray(ReflectionUtils.java:189)
	at org.apache.maven.surefire.booter.ProviderFactory$ProviderProxy.invoke(ProviderFactory.java:165)
	at org.apache.maven.surefire.booter.ProviderFactory.invokeProvider(ProviderFactory.java:85)
	at org.apache.maven.surefire.booter.ForkedBooter.runSuitesInProcess(ForkedBooter.java:115)
	at org.apache.maven.surefire.booter.ForkedBooter.main(ForkedBooter.java:75)
Caused by: java.sql.SQLSyntaxErrorException: ORA-00942: 表或视图不存在

	at oracle.jdbc.driver.T4CTTIoer.processError(T4CTTIoer.java:450)
	at oracle.jdbc.driver.T4CTTIoer.processError(T4CTTIoer.java:399)
	at oracle.jdbc.driver.T4C8Oall.processError(T4C8Oall.java:1059)
	at oracle.jdbc.driver.T4CTTIfun.receive(T4CTTIfun.java:522)
	at oracle.jdbc.driver.T4CTTIfun.doRPC(T4CTTIfun.java:257)
	at oracle.jdbc.driver.T4C8Oall.doOALL(T4C8Oall.java:587)
	at oracle.jdbc.driver.T4CPreparedStatement.doOall8(T4CPreparedStatement.java:225)
	at oracle.jdbc.driver.T4CPreparedStatement.doOall8(T4CPreparedStatement.java:53)
	at oracle.jdbc.driver.T4CPreparedStatement.executeForDescribe(T4CPreparedStatement.java:774)
	at oracle.jdbc.driver.OracleStatement.executeMaybeDescribe(OracleStatement.java:925)
	at oracle.jdbc.driver.OracleStatement.doExecuteWithTimeout(OracleStatement.java:1111)
	at oracle.jdbc.driver.OraclePreparedStatement.executeInternal(OraclePreparedStatement.java:4798)
	at oracle.jdbc.driver.OraclePreparedStatement.execute(OraclePreparedStatement.java:4901)
	at oracle.jdbc.driver.OraclePreparedStatementWrapper.execute(OraclePreparedStatementWrapper.java:1385)
	at com.alibaba.druid.pool.DruidPooledPreparedStatement.execute(DruidPooledPreparedStatement.java:493)
	at sun.reflect.NativeMethodAccessorImpl.invoke0(Native Method)
	at sun.reflect.NativeMethodAccessorImpl.invoke(NativeMethodAccessorImpl.java:62)
	at sun.reflect.DelegatingMethodAccessorImpl.invoke(DelegatingMethodAccessorImpl.java:43)
	at java.lang.reflect.Method.invoke(Method.java:498)
	at org.apache.ibatis.logging.jdbc.PreparedStatementLogger.invoke(PreparedStatementLogger.java:62)
	at com.sun.proxy.$Proxy51.execute(Unknown Source)
	at org.apache.ibatis.executor.statement.PreparedStatementHandler.query(PreparedStatementHandler.java:59)
	at org.apache.ibatis.executor.statement.RoutingStatementHandler.query(RoutingStatementHandler.java:73)
	at org.apache.ibatis.executor.SimpleExecutor.doQuery(SimpleExecutor.java:60)
	at org.apache.ibatis.executor.BaseExecutor.queryFromDatabase(BaseExecutor.java:267)
	at org.apache.ibatis.executor.BaseExecutor.query(BaseExecutor.java:137)
	at org.apache.ibatis.executor.CachingExecutor.query(CachingExecutor.java:96)
	at org.apache.ibatis.executor.CachingExecutor.query(CachingExecutor.java:77)
	at sun.reflect.NativeMethodAccessorImpl.invoke0(Native Method)
	at sun.reflect.NativeMethodAccessorImpl.invoke(NativeMethodAccessorImpl.java:62)
	at sun.reflect.DelegatingMethodAccessorImpl.invoke(DelegatingMethodAccessorImpl.java:43)
	at java.lang.reflect.Method.invoke(Method.java:498)
	at org.apache.ibatis.plugin.Invocation.proceed(Invocation.java:49)
	at com.github.pagehelper.PageHelper.intercept(PageHelper.java:135)
	at org.apache.ibatis.plugin.Plugin.invoke(Plugin.java:60)
	at com.sun.proxy.$Proxy49.query(Unknown Source)
	at org.apache.ibatis.session.defaults.DefaultSqlSession.selectList(DefaultSqlSession.java:108)
	at org.apache.ibatis.session.defaults.DefaultSqlSession.selectList(DefaultSqlSession.java:102)
	at sun.reflect.NativeMethodAccessorImpl.invoke0(Native Method)
	at sun.reflect.NativeMethodAccessorImpl.invoke(NativeMethodAccessorImpl.java:62)
	at sun.reflect.DelegatingMethodAccessorImpl.invoke(DelegatingMethodAccessorImpl.java:43)
	at java.lang.reflect.Method.invoke(Method.java:498)
	at org.mybatis.spring.SqlSessionTemplate$SqlSessionInterceptor.invoke(SqlSessionTemplate.java:358)
	... 55 more
</error>
    <system-out>DEBUG (org.springframework.test.annotation.ProfileValueUtils:70) - Retrieved @ProfileValueSourceConfiguration [null] for test class [com.jk.ndt.etl.controller.AdminTest]
DEBUG (org.springframework.test.annotation.ProfileValueUtils:82) - Retrieved ProfileValueSource type [class org.springframework.test.annotation.SystemProfileValueSource] for class [com.jk.ndt.etl.controller.AdminTest]
DEBUG (org.springframework.test.context.support.DependencyInjectionTestExecutionListener:80) - Performing dependency injection for test context [[DefaultTestContext@eec5a4a testClass = AdminTest, testInstance = com.jk.ndt.etl.controller.AdminTest@5f95f1e1, testMethod = [null], testException = [null], mergedContextConfiguration = [MergedContextConfiguration@6ddf90b0 testClass = AdminTest, locations = &apos;{classpath*:spring*.xml}&apos;, classes = &apos;{}&apos;, contextInitializerClasses = &apos;[]&apos;, activeProfiles = &apos;{}&apos;, propertySourceLocations = &apos;{}&apos;, propertySourceProperties = &apos;{}&apos;, contextLoader = &apos;org.springframework.test.context.support.DelegatingSmartContextLoader&apos;, parent = [null]]]].
DEBUG (org.springframework.test.context.DefaultCacheAwareContextLoaderDelegate:96) - Retrieved ApplicationContext from cache with key [[MergedContextConfiguration@6ddf90b0 testClass = AdminTest, locations = &apos;{classpath*:spring*.xml}&apos;, classes = &apos;{}&apos;, contextInitializerClasses = &apos;[]&apos;, activeProfiles = &apos;{}&apos;, propertySourceLocations = &apos;{}&apos;, propertySourceProperties = &apos;{}&apos;, contextLoader = &apos;org.springframework.test.context.support.DelegatingSmartContextLoader&apos;, parent = [null]]].
DEBUG (org.springframework.beans.factory.annotation.InjectionMetadata:85) - Processing injected method of bean &apos;com.jk.ndt.etl.controller.AdminTest&apos;: AutowiredFieldElement for private com.jk.ndt.etl.service.system.AdminService com.jk.ndt.etl.controller.AdminTest.adminService
DEBUG (org.springframework.beans.factory.support.DefaultListableBeanFactory:247) - Returning cached instance of singleton bean &apos;adminService&apos;
DEBUG (org.springframework.beans.factory.annotation.InjectionMetadata:85) - Processing injected method of bean &apos;com.jk.ndt.etl.controller.AdminTest&apos;: AutowiredFieldElement for private com.jk.ndt.etl.service.system.AdminService com.jk.ndt.etl.controller.AdminTest.adminService
DEBUG (org.springframework.beans.factory.support.DefaultListableBeanFactory:247) - Returning cached instance of singleton bean &apos;adminService&apos;
DEBUG (org.springframework.jdbc.datasource.DataSourceTransactionManager:367) - Creating new transaction with name [com.jk.ndt.etl.service.system.impl.AdminServiceImpl.listResource]: PROPAGATION_REQUIRED,ISOLATION_DEFAULT,readOnly
DEBUG (org.springframework.jdbc.datasource.DataSourceTransactionManager:206) - Acquired Connection [oracle.jdbc.driver.T4CConnection@412c995d] for JDBC transaction
DEBUG (org.springframework.jdbc.datasource.DataSourceUtils:153) - Setting JDBC Connection [oracle.jdbc.driver.T4CConnection@412c995d] read-only
DEBUG (org.springframework.jdbc.datasource.DataSourceTransactionManager:223) - Switching JDBC Connection [oracle.jdbc.driver.T4CConnection@412c995d] to manual commit
Creating a new SqlSession
Registering transaction synchronization for SqlSession [org.apache.ibatis.session.defaults.DefaultSqlSession@672a1c62]
JDBC Connection [oracle.jdbc.driver.T4CConnection@412c995d] will be managed by Spring
==&gt;  Preparing: SELECT * FROM etl_resource 
==&gt; Parameters: 
DEBUG (com.alibaba.druid.pool.PreparedStatementPool:160) - stmt exit cache
Releasing transactional SqlSession [org.apache.ibatis.session.defaults.DefaultSqlSession@672a1c62]
DEBUG (org.springframework.jdbc.support.SQLErrorCodeSQLExceptionTranslator:397) - Translating SQLException with SQL state &apos;42000&apos;, error code &apos;942&apos;, message [ORA-00942: �����ͼ������
]; SQL was [] for task [
### Error querying database.  Cause: java.sql.SQLSyntaxErrorException: ORA-00942: �����ͼ������

### The error may exist in com/jk/ndt/etl/dao/system/AdminDao.xml
### The error may involve defaultParameterMap
### The error occurred while setting parameters
### SQL: SELECT  * FROM  etl_resource
### Cause: java.sql.SQLSyntaxErrorException: ORA-00942: �����ͼ������

]
Transaction synchronization deregistering SqlSession [org.apache.ibatis.session.defaults.DefaultSqlSession@672a1c62]
Transaction synchronization closing SqlSession [org.apache.ibatis.session.defaults.DefaultSqlSession@672a1c62]
DEBUG (org.springframework.jdbc.datasource.DataSourceTransactionManager:847) - Initiating transaction rollback
DEBUG (org.springframework.jdbc.datasource.DataSourceTransactionManager:281) - Rolling back JDBC transaction on Connection [oracle.jdbc.driver.T4CConnection@412c995d]
DEBUG (org.springframework.jdbc.datasource.DataSourceUtils:222) - Resetting read-only flag of JDBC Connection [oracle.jdbc.driver.T4CConnection@412c995d]
DEBUG (org.springframework.jdbc.datasource.DataSourceTransactionManager:324) - Releasing JDBC Connection [oracle.jdbc.driver.T4CConnection@412c995d] after transaction
DEBUG (org.springframework.jdbc.datasource.DataSourceUtils:327) - Returning JDBC Connection to DataSource
DEBUG (org.springframework.test.context.support.DirtiesContextTestExecutionListener:85) - After test method: context [DefaultTestContext@eec5a4a testClass = AdminTest, testInstance = com.jk.ndt.etl.controller.AdminTest@5f95f1e1, testMethod = listResource@AdminTest, testException = org.springframework.jdbc.BadSqlGrammarException: 
### Error querying database.  Cause: java.sql.SQLSyntaxErrorException: ORA-00942: �����ͼ������

### The error may exist in com/jk/ndt/etl/dao/system/AdminDao.xml
### The error may involve defaultParameterMap
### The error occurred while setting parameters
### SQL: SELECT  * FROM  etl_resource
### Cause: java.sql.SQLSyntaxErrorException: ORA-00942: �����ͼ������

; bad SQL grammar []; nested exception is java.sql.SQLSyntaxErrorException: ORA-00942: �����ͼ������
, mergedContextConfiguration = [MergedContextConfiguration@6ddf90b0 testClass = AdminTest, locations = &apos;{classpath*:spring*.xml}&apos;, classes = &apos;{}&apos;, contextInitializerClasses = &apos;[]&apos;, activeProfiles = &apos;{}&apos;, propertySourceLocations = &apos;{}&apos;, propertySourceProperties = &apos;{}&apos;, contextLoader = &apos;org.springframework.test.context.support.DelegatingSmartContextLoader&apos;, parent = [null]]], class dirties context [false], class mode [null], method dirties context [false].
</system-out>
  </testcase>
</testsuite>